ARM GAS  C:\Users\teo8d\AppData\Local\Temp\ccjPVVyY.s 			page 1


   1              		.syntax unified
   2              		.cpu cortex-m3
   3              		.fpu softvfp
   4              		.eabi_attribute 20, 1
   5              		.eabi_attribute 21, 1
   6              		.eabi_attribute 23, 3
   7              		.eabi_attribute 24, 1
   8              		.eabi_attribute 25, 1
   9              		.eabi_attribute 26, 1
  10              		.eabi_attribute 30, 1
  11              		.eabi_attribute 34, 1
  12              		.eabi_attribute 18, 4
  13              		.thumb
  14              		.syntax unified
  15              		.file	"cymetadata.c"
  16              		.text
  17              	.Ltext0:
  18              		.cfi_sections	.debug_frame
  19              		.global	cy_metadata
  20              		.global	cy_meta_flashprotect
  21              		.global	cy_meta_wonvl
  22              		.global	cy_meta_custnvl
  23              		.global	cy_meta_configecc
  24              		.section	.cyconfigecc,"a",%progbits
  25              		.align	2
  26              		.type	cy_meta_configecc, %object
  27              		.size	cy_meta_configecc, 1328
  28              	cy_meta_configecc:
  29 0000 02       		.byte	2
  30 0001 52       		.byte	82
  31 0002 00       		.byte	0
  32 0003 40       		.byte	64
  33 0004 01       		.byte	1
  34 0005 5A       		.byte	90
  35 0006 00       		.byte	0
  36 0007 40       		.byte	64
  37 0008 01       		.byte	1
  38 0009 64       		.byte	100
  39 000a 00       		.byte	0
  40 000b 40       		.byte	64
  41 000c 02       		.byte	2
  42 000d 65       		.byte	101
  43 000e 00       		.byte	0
  44 000f 40       		.byte	64
  45 0010 02       		.byte	2
  46 0011 03       		.byte	3
  47 0012 01       		.byte	1
  48 0013 40       		.byte	64
  49 0014 02       		.byte	2
  50 0015 05       		.byte	5
  51 0016 01       		.byte	1
  52 0017 40       		.byte	64
  53 0018 03       		.byte	3
  54 0019 07       		.byte	7
  55 001a 01       		.byte	1
  56 001b 40       		.byte	64
  57 001c 36       		.byte	54
ARM GAS  C:\Users\teo8d\AppData\Local\Temp\ccjPVVyY.s 			page 2


  58 001d 08       		.byte	8
  59 001e 01       		.byte	1
  60 001f 40       		.byte	64
  61 0020 28       		.byte	40
  62 0021 09       		.byte	9
  63 0022 01       		.byte	1
  64 0023 40       		.byte	64
  65 0024 01       		.byte	1
  66 0025 0B       		.byte	11
  67 0026 01       		.byte	1
  68 0027 40       		.byte	64
  69 0028 3A       		.byte	58
  70 0029 14       		.byte	20
  71 002a 01       		.byte	1
  72 002b 40       		.byte	64
  73 002c 19       		.byte	25
  74 002d 15       		.byte	21
  75 002e 01       		.byte	1
  76 002f 40       		.byte	64
  77 0030 04       		.byte	4
  78 0031 16       		.byte	22
  79 0032 01       		.byte	1
  80 0033 40       		.byte	64
  81 0034 03       		.byte	3
  82 0035 17       		.byte	23
  83 0036 01       		.byte	1
  84 0037 40       		.byte	64
  85 0038 63       		.byte	99
  86 0039 18       		.byte	24
  87 003a 01       		.byte	1
  88 003b 40       		.byte	64
  89 003c 44       		.byte	68
  90 003d 19       		.byte	25
  91 003e 01       		.byte	1
  92 003f 40       		.byte	64
  93 0040 4E       		.byte	78
  94 0041 1A       		.byte	26
  95 0042 01       		.byte	1
  96 0043 40       		.byte	64
  97 0044 48       		.byte	72
  98 0045 1B       		.byte	27
  99 0046 01       		.byte	1
 100 0047 40       		.byte	64
 101 0048 09       		.byte	9
 102 0049 40       		.byte	64
 103 004a 01       		.byte	1
 104 004b 40       		.byte	64
 105 004c 05       		.byte	5
 106 004d 41       		.byte	65
 107 004e 01       		.byte	1
 108 004f 40       		.byte	64
 109 0050 05       		.byte	5
 110 0051 42       		.byte	66
 111 0052 01       		.byte	1
 112 0053 40       		.byte	64
 113 0054 06       		.byte	6
 114 0055 43       		.byte	67
ARM GAS  C:\Users\teo8d\AppData\Local\Temp\ccjPVVyY.s 			page 3


 115 0056 01       		.byte	1
 116 0057 40       		.byte	64
 117 0058 02       		.byte	2
 118 0059 44       		.byte	68
 119 005a 01       		.byte	1
 120 005b 40       		.byte	64
 121 005c 01       		.byte	1
 122 005d 45       		.byte	69
 123 005e 01       		.byte	1
 124 005f 40       		.byte	64
 125 0060 04       		.byte	4
 126 0061 46       		.byte	70
 127 0062 01       		.byte	1
 128 0063 40       		.byte	64
 129 0064 05       		.byte	5
 130 0065 47       		.byte	71
 131 0066 01       		.byte	1
 132 0067 40       		.byte	64
 133 0068 07       		.byte	7
 134 0069 48       		.byte	72
 135 006a 01       		.byte	1
 136 006b 40       		.byte	64
 137 006c 05       		.byte	5
 138 006d 49       		.byte	73
 139 006e 01       		.byte	1
 140 006f 40       		.byte	64
 141 0070 07       		.byte	7
 142 0071 4D       		.byte	77
 143 0072 01       		.byte	1
 144 0073 40       		.byte	64
 145 0074 05       		.byte	5
 146 0075 50       		.byte	80
 147 0076 01       		.byte	1
 148 0077 40       		.byte	64
 149 0078 02       		.byte	2
 150 0079 51       		.byte	81
 151 007a 01       		.byte	1
 152 007b 40       		.byte	64
 153 007c 61       		.byte	97
 154 007d 80       		.byte	-128
 155 007e 64       		.byte	100
 156 007f 40       		.byte	64
 157 0080 9F       		.byte	-97
 158 0081 01       		.byte	1
 159 0082 89       		.byte	-119
 160 0083 72       		.byte	114
 161 0084 89       		.byte	-119
 162 0085 38       		.byte	56
 163 0086 8B       		.byte	-117
 164 0087 0F       		.byte	15
 165 0088 8D       		.byte	-115
 166 0089 01       		.byte	1
 167 008a E6       		.byte	-26
 168 008b 40       		.byte	64
 169 008c 9D       		.byte	-99
 170 008d 01       		.byte	1
 171 008e E0       		.byte	-32
ARM GAS  C:\Users\teo8d\AppData\Local\Temp\ccjPVVyY.s 			page 4


 172 008f 02       		.byte	2
 173 0090 86       		.byte	-122
 174 0091 10       		.byte	16
 175 0092 9D       		.byte	-99
 176 0093 01       		.byte	1
 177 0094 E4       		.byte	-28
 178 0095 09       		.byte	9
 179 0096 24       		.byte	36
 180 0097 01       		.byte	1
 181 0098 28       		.byte	40
 182 0099 01       		.byte	1
 183 009a 2C       		.byte	44
 184 009b 01       		.byte	1
 185 009c 30       		.byte	48
 186 009d 01       		.byte	1
 187 009e 3A       		.byte	58
 188 009f 20       		.byte	32
 189 00a0 58       		.byte	88
 190 00a1 04       		.byte	4
 191 00a2 5C       		.byte	92
 192 00a3 03       		.byte	3
 193 00a4 5F       		.byte	95
 194 00a5 01       		.byte	1
 195 00a6 80       		.byte	-128
 196 00a7 01       		.byte	1
 197 00a8 81       		.byte	-127
 198 00a9 10       		.byte	16
 199 00aa 84       		.byte	-124
 200 00ab 1F       		.byte	31
 201 00ac 85       		.byte	-123
 202 00ad 18       		.byte	24
 203 00ae 88       		.byte	-120
 204 00af 13       		.byte	19
 205 00b0 89       		.byte	-119
 206 00b1 08       		.byte	8
 207 00b2 8A       		.byte	-118
 208 00b3 0C       		.byte	12
 209 00b4 8E       		.byte	-114
 210 00b5 03       		.byte	3
 211 00b6 8F       		.byte	-113
 212 00b7 40       		.byte	64
 213 00b8 90       		.byte	-112
 214 00b9 02       		.byte	2
 215 00ba 91       		.byte	-111
 216 00bb 3C       		.byte	60
 217 00bc 93       		.byte	-109
 218 00bd 82       		.byte	-126
 219 00be 94       		.byte	-108
 220 00bf 03       		.byte	3
 221 00c0 97       		.byte	-105
 222 00c1 04       		.byte	4
 223 00c2 98       		.byte	-104
 224 00c3 1F       		.byte	31
 225 00c4 99       		.byte	-103
 226 00c5 A7       		.byte	-89
 227 00c6 9B       		.byte	-101
 228 00c7 18       		.byte	24
ARM GAS  C:\Users\teo8d\AppData\Local\Temp\ccjPVVyY.s 			page 5


 229 00c8 9F       		.byte	-97
 230 00c9 40       		.byte	64
 231 00ca A0       		.byte	-96
 232 00cb 08       		.byte	8
 233 00cc A1       		.byte	-95
 234 00cd 04       		.byte	4
 235 00ce A4       		.byte	-92
 236 00cf 04       		.byte	4
 237 00d0 A5       		.byte	-91
 238 00d1 1C       		.byte	28
 239 00d2 A7       		.byte	-89
 240 00d3 A1       		.byte	-95
 241 00d4 A8       		.byte	-88
 242 00d5 0C       		.byte	12
 243 00d6 A9       		.byte	-87
 244 00d7 BF       		.byte	-65
 245 00d8 AC       		.byte	-84
 246 00d9 1C       		.byte	28
 247 00da AE       		.byte	-82
 248 00db 03       		.byte	3
 249 00dc AF       		.byte	-81
 250 00dd A3       		.byte	-93
 251 00de B0       		.byte	-80
 252 00df 10       		.byte	16
 253 00e0 B1       		.byte	-79
 254 00e1 38       		.byte	56
 255 00e2 B2       		.byte	-78
 256 00e3 0F       		.byte	15
 257 00e4 B3       		.byte	-77
 258 00e5 1F       		.byte	31
 259 00e6 B5       		.byte	-75
 260 00e7 98       		.byte	-104
 261 00e8 B7       		.byte	-73
 262 00e9 40       		.byte	64
 263 00ea BA       		.byte	-70
 264 00eb 08       		.byte	8
 265 00ec BB       		.byte	-69
 266 00ed 28       		.byte	40
 267 00ee BE       		.byte	-66
 268 00ef 01       		.byte	1
 269 00f0 BF       		.byte	-65
 270 00f1 40       		.byte	64
 271 00f2 D6       		.byte	-42
 272 00f3 02       		.byte	2
 273 00f4 D7       		.byte	-41
 274 00f5 13       		.byte	19
 275 00f6 D8       		.byte	-40
 276 00f7 04       		.byte	4
 277 00f8 D9       		.byte	-39
 278 00f9 04       		.byte	4
 279 00fa DB       		.byte	-37
 280 00fb 04       		.byte	4
 281 00fc DC       		.byte	-36
 282 00fd 33       		.byte	51
 283 00fe DD       		.byte	-35
 284 00ff 30       		.byte	48
 285 0100 DF       		.byte	-33
ARM GAS  C:\Users\teo8d\AppData\Local\Temp\ccjPVVyY.s 			page 6


 286 0101 01       		.byte	1
 287 0102 00       		.byte	0
 288 0103 1A       		.byte	26
 289 0104 03       		.byte	3
 290 0105 02       		.byte	2
 291 0106 08       		.byte	8
 292 0107 10       		.byte	16
 293 0108 09       		.byte	9
 294 0109 01       		.byte	1
 295 010a 0A       		.byte	10
 296 010b 20       		.byte	32
 297 010c 0B       		.byte	11
 298 010d 04       		.byte	4
 299 010e 11       		.byte	17
 300 010f 01       		.byte	1
 301 0110 12       		.byte	18
 302 0111 02       		.byte	2
 303 0112 13       		.byte	19
 304 0113 2A       		.byte	42
 305 0114 15       		.byte	21
 306 0115 80       		.byte	-128
 307 0116 17       		.byte	23
 308 0117 14       		.byte	20
 309 0118 18       		.byte	24
 310 0119 10       		.byte	16
 311 011a 19       		.byte	25
 312 011b 01       		.byte	1
 313 011c 1C       		.byte	28
 314 011d 08       		.byte	8
 315 011e 1D       		.byte	29
 316 011f 10       		.byte	16
 317 0120 1F       		.byte	31
 318 0121 02       		.byte	2
 319 0122 21       		.byte	33
 320 0123 08       		.byte	8
 321 0124 23       		.byte	35
 322 0125 45       		.byte	69
 323 0126 28       		.byte	40
 324 0127 10       		.byte	16
 325 0128 29       		.byte	41
 326 0129 10       		.byte	16
 327 012a 2A       		.byte	42
 328 012b 02       		.byte	2
 329 012c 2B       		.byte	43
 330 012d 02       		.byte	2
 331 012e 32       		.byte	50
 332 012f 26       		.byte	38
 333 0130 33       		.byte	51
 334 0131 80       		.byte	-128
 335 0132 38       		.byte	56
 336 0133 28       		.byte	40
 337 0134 39       		.byte	57
 338 0135 01       		.byte	1
 339 0136 3B       		.byte	59
 340 0137 40       		.byte	64
 341 0138 59       		.byte	89
 342 0139 01       		.byte	1
ARM GAS  C:\Users\teo8d\AppData\Local\Temp\ccjPVVyY.s 			page 7


 343 013a 69       		.byte	105
 344 013b 94       		.byte	-108
 345 013c 6B       		.byte	107
 346 013d 14       		.byte	20
 347 013e 70       		.byte	112
 348 013f 14       		.byte	20
 349 0140 73       		.byte	115
 350 0141 2A       		.byte	42
 351 0142 C0       		.byte	-64
 352 0143 0F       		.byte	15
 353 0144 C2       		.byte	-62
 354 0145 0E       		.byte	14
 355 0146 C4       		.byte	-60
 356 0147 EF       		.byte	-17
 357 0148 CA       		.byte	-54
 358 0149 0F       		.byte	15
 359 014a CC       		.byte	-52
 360 014b 0F       		.byte	15
 361 014c CE       		.byte	-50
 362 014d 0F       		.byte	15
 363 014e D6       		.byte	-42
 364 014f 01       		.byte	1
 365 0150 E4       		.byte	-28
 366 0151 09       		.byte	9
 367 0152 E0       		.byte	-32
 368 0153 02       		.byte	2
 369 0154 40       		.byte	64
 370 0155 50       		.byte	80
 371 0156 41       		.byte	65
 372 0157 01       		.byte	1
 373 0158 49       		.byte	73
 374 0159 FF       		.byte	-1
 375 015a 4A       		.byte	74
 376 015b FF       		.byte	-1
 377 015c 4B       		.byte	75
 378 015d FF       		.byte	-1
 379 015e 4D       		.byte	77
 380 015f A0       		.byte	-96
 381 0160 4F       		.byte	79
 382 0161 04       		.byte	4
 383 0162 50       		.byte	80
 384 0163 18       		.byte	24
 385 0164 5A       		.byte	90
 386 0165 04       		.byte	4
 387 0166 5D       		.byte	93
 388 0167 01       		.byte	1
 389 0168 5F       		.byte	95
 390 0169 01       		.byte	1
 391 016a 60       		.byte	96
 392 016b 40       		.byte	64
 393 016c 62       		.byte	98
 394 016d C0       		.byte	-64
 395 016e 64       		.byte	100
 396 016f 40       		.byte	64
 397 0170 65       		.byte	101
 398 0171 40       		.byte	64
 399 0172 66       		.byte	102
ARM GAS  C:\Users\teo8d\AppData\Local\Temp\ccjPVVyY.s 			page 8


 400 0173 C0       		.byte	-64
 401 0174 68       		.byte	104
 402 0175 C0       		.byte	-64
 403 0176 6A       		.byte	106
 404 0177 C0       		.byte	-64
 405 0178 6C       		.byte	108
 406 0179 C0       		.byte	-64
 407 017a 6E       		.byte	110
 408 017b C0       		.byte	-64
 409 017c 80       		.byte	-128
 410 017d 04       		.byte	4
 411 017e 93       		.byte	-109
 412 017f 01       		.byte	1
 413 0180 9E       		.byte	-98
 414 0181 02       		.byte	2
 415 0182 A6       		.byte	-90
 416 0183 01       		.byte	1
 417 0184 AE       		.byte	-82
 418 0185 03       		.byte	3
 419 0186 B0       		.byte	-80
 420 0187 03       		.byte	3
 421 0188 B1       		.byte	-79
 422 0189 01       		.byte	1
 423 018a B4       		.byte	-76
 424 018b 04       		.byte	4
 425 018c BE       		.byte	-66
 426 018d 10       		.byte	16
 427 018e C0       		.byte	-64
 428 018f 10       		.byte	16
 429 0190 C1       		.byte	-63
 430 0191 05       		.byte	5
 431 0192 C5       		.byte	-59
 432 0193 10       		.byte	16
 433 0194 C6       		.byte	-58
 434 0195 02       		.byte	2
 435 0196 C8       		.byte	-56
 436 0197 0E       		.byte	14
 437 0198 C9       		.byte	-55
 438 0199 FF       		.byte	-1
 439 019a CA       		.byte	-54
 440 019b FF       		.byte	-1
 441 019c CB       		.byte	-53
 442 019d FF       		.byte	-1
 443 019e CD       		.byte	-51
 444 019f AF       		.byte	-81
 445 01a0 CE       		.byte	-50
 446 01a1 0F       		.byte	15
 447 01a2 CF       		.byte	-49
 448 01a3 04       		.byte	4
 449 01a4 D0       		.byte	-48
 450 01a5 18       		.byte	24
 451 01a6 D2       		.byte	-46
 452 01a7 80       		.byte	-128
 453 01a8 D8       		.byte	-40
 454 01a9 04       		.byte	4
 455 01aa D9       		.byte	-39
 456 01ab 04       		.byte	4
ARM GAS  C:\Users\teo8d\AppData\Local\Temp\ccjPVVyY.s 			page 9


 457 01ac DA       		.byte	-38
 458 01ad 04       		.byte	4
 459 01ae DB       		.byte	-37
 460 01af 04       		.byte	4
 461 01b0 DC       		.byte	-36
 462 01b1 11       		.byte	17
 463 01b2 DD       		.byte	-35
 464 01b3 11       		.byte	17
 465 01b4 DF       		.byte	-33
 466 01b5 01       		.byte	1
 467 01b6 E0       		.byte	-32
 468 01b7 40       		.byte	64
 469 01b8 E2       		.byte	-30
 470 01b9 C0       		.byte	-64
 471 01ba E4       		.byte	-28
 472 01bb 40       		.byte	64
 473 01bc E5       		.byte	-27
 474 01bd 40       		.byte	64
 475 01be E6       		.byte	-26
 476 01bf C0       		.byte	-64
 477 01c0 E8       		.byte	-24
 478 01c1 C0       		.byte	-64
 479 01c2 EA       		.byte	-22
 480 01c3 C0       		.byte	-64
 481 01c4 EC       		.byte	-20
 482 01c5 C0       		.byte	-64
 483 01c6 EE       		.byte	-18
 484 01c7 C0       		.byte	-64
 485 01c8 05       		.byte	5
 486 01c9 01       		.byte	1
 487 01ca 0F       		.byte	15
 488 01cb 02       		.byte	2
 489 01cc 16       		.byte	22
 490 01cd 10       		.byte	16
 491 01ce 17       		.byte	23
 492 01cf 40       		.byte	64
 493 01d0 1D       		.byte	29
 494 01d1 21       		.byte	33
 495 01d2 26       		.byte	38
 496 01d3 01       		.byte	1
 497 01d4 27       		.byte	39
 498 01d5 40       		.byte	64
 499 01d6 35       		.byte	53
 500 01d7 02       		.byte	2
 501 01d8 41       		.byte	65
 502 01d9 80       		.byte	-128
 503 01da 47       		.byte	71
 504 01db 40       		.byte	64
 505 01dc 4A       		.byte	74
 506 01dd 01       		.byte	1
 507 01de 4F       		.byte	79
 508 01df 82       		.byte	-126
 509 01e0 55       		.byte	85
 510 01e1 80       		.byte	-128
 511 01e2 56       		.byte	86
 512 01e3 10       		.byte	16
 513 01e4 57       		.byte	87
ARM GAS  C:\Users\teo8d\AppData\Local\Temp\ccjPVVyY.s 			page 10


 514 01e5 40       		.byte	64
 515 01e6 75       		.byte	117
 516 01e7 02       		.byte	2
 517 01e8 8D       		.byte	-115
 518 01e9 20       		.byte	32
 519 01ea 9D       		.byte	-99
 520 01eb 01       		.byte	1
 521 01ec C0       		.byte	-64
 522 01ed 10       		.byte	16
 523 01ee C2       		.byte	-62
 524 01ef 80       		.byte	-128
 525 01f0 C4       		.byte	-60
 526 01f1 A0       		.byte	-96
 527 01f2 CC       		.byte	-52
 528 01f3 80       		.byte	-128
 529 01f4 D0       		.byte	-48
 530 01f5 18       		.byte	24
 531 01f6 D2       		.byte	-46
 532 01f7 18       		.byte	24
 533 01f8 E6       		.byte	-26
 534 01f9 42       		.byte	66
 535 01fa 39       		.byte	57
 536 01fb 20       		.byte	32
 537 01fc 3F       		.byte	63
 538 01fd 10       		.byte	16
 539 01fe 59       		.byte	89
 540 01ff 04       		.byte	4
 541 0200 5F       		.byte	95
 542 0201 01       		.byte	1
 543 0202 26       		.byte	38
 544 0203 10       		.byte	16
 545 0204 9D       		.byte	-99
 546 0205 01       		.byte	1
 547 0206 A6       		.byte	-90
 548 0207 10       		.byte	16
 549 0208 07       		.byte	7
 550 0209 01       		.byte	1
 551 020a 0C       		.byte	12
 552 020b 0A       		.byte	10
 553 020c 0E       		.byte	14
 554 020d 14       		.byte	20
 555 020e 15       		.byte	21
 556 020f 03       		.byte	3
 557 0210 18       		.byte	24
 558 0211 20       		.byte	32
 559 0212 1A       		.byte	26
 560 0213 05       		.byte	5
 561 0214 1C       		.byte	28
 562 0215 03       		.byte	3
 563 0216 1E       		.byte	30
 564 0217 04       		.byte	4
 565 0218 24       		.byte	36
 566 0219 13       		.byte	19
 567 021a 25       		.byte	37
 568 021b 03       		.byte	3
 569 021c 26       		.byte	38
 570 021d 04       		.byte	4
ARM GAS  C:\Users\teo8d\AppData\Local\Temp\ccjPVVyY.s 			page 11


 571 021e 28       		.byte	40
 572 021f 13       		.byte	19
 573 0220 2A       		.byte	42
 574 0221 0C       		.byte	12
 575 0222 2D       		.byte	45
 576 0223 02       		.byte	2
 577 0224 2E       		.byte	46
 578 0225 08       		.byte	8
 579 0226 31       		.byte	49
 580 0227 03       		.byte	3
 581 0228 34       		.byte	52
 582 0229 0F       		.byte	15
 583 022a 36       		.byte	54
 584 022b 30       		.byte	48
 585 022c 38       		.byte	56
 586 022d 80       		.byte	-128
 587 022e 39       		.byte	57
 588 022f 02       		.byte	2
 589 0230 3A       		.byte	58
 590 0231 20       		.byte	32
 591 0232 3F       		.byte	63
 592 0233 01       		.byte	1
 593 0234 40       		.byte	64
 594 0235 01       		.byte	1
 595 0236 47       		.byte	71
 596 0237 04       		.byte	4
 597 0238 49       		.byte	73
 598 0239 FF       		.byte	-1
 599 023a 4A       		.byte	74
 600 023b 07       		.byte	7
 601 023c 4B       		.byte	75
 602 023d FF       		.byte	-1
 603 023e 4C       		.byte	76
 604 023f 40       		.byte	64
 605 0240 4D       		.byte	77
 606 0241 20       		.byte	32
 607 0242 4E       		.byte	78
 608 0243 F0       		.byte	-16
 609 0244 4F       		.byte	79
 610 0245 05       		.byte	5
 611 0246 50       		.byte	80
 612 0247 08       		.byte	8
 613 0248 58       		.byte	88
 614 0249 04       		.byte	4
 615 024a 59       		.byte	89
 616 024b 04       		.byte	4
 617 024c 5A       		.byte	90
 618 024d 04       		.byte	4
 619 024e 5C       		.byte	92
 620 024f 03       		.byte	3
 621 0250 5D       		.byte	93
 622 0251 03       		.byte	3
 623 0252 5F       		.byte	95
 624 0253 01       		.byte	1
 625 0254 60       		.byte	96
 626 0255 40       		.byte	64
 627 0256 61       		.byte	97
ARM GAS  C:\Users\teo8d\AppData\Local\Temp\ccjPVVyY.s 			page 12


 628 0257 A8       		.byte	-88
 629 0258 62       		.byte	98
 630 0259 40       		.byte	64
 631 025a 63       		.byte	99
 632 025b 20       		.byte	32
 633 025c 80       		.byte	-128
 634 025d 11       		.byte	17
 635 025e 82       		.byte	-126
 636 025f 88       		.byte	-120
 637 0260 84       		.byte	-124
 638 0261 03       		.byte	3
 639 0262 87       		.byte	-121
 640 0263 01       		.byte	1
 641 0264 89       		.byte	-119
 642 0265 01       		.byte	1
 643 0266 8A       		.byte	-118
 644 0267 03       		.byte	3
 645 0268 8E       		.byte	-114
 646 0269 03       		.byte	3
 647 026a 92       		.byte	-110
 648 026b 03       		.byte	3
 649 026c 94       		.byte	-108
 650 026d 0B       		.byte	11
 651 026e 96       		.byte	-106
 652 026f 70       		.byte	112
 653 0270 97       		.byte	-105
 654 0271 01       		.byte	1
 655 0272 98       		.byte	-104
 656 0273 03       		.byte	3
 657 0274 9E       		.byte	-98
 658 0275 04       		.byte	4
 659 0276 A0       		.byte	-96
 660 0277 22       		.byte	34
 661 0278 A2       		.byte	-94
 662 0279 88       		.byte	-120
 663 027a A4       		.byte	-92
 664 027b 38       		.byte	56
 665 027c A8       		.byte	-88
 666 027d 38       		.byte	56
 667 027e A9       		.byte	-87
 668 027f 01       		.byte	1
 669 0280 AE       		.byte	-82
 670 0281 04       		.byte	4
 671 0282 B0       		.byte	-80
 672 0283 03       		.byte	3
 673 0284 B1       		.byte	-79
 674 0285 01       		.byte	1
 675 0286 B2       		.byte	-78
 676 0287 38       		.byte	56
 677 0288 B4       		.byte	-76
 678 0289 04       		.byte	4
 679 028a B6       		.byte	-74
 680 028b C0       		.byte	-64
 681 028c B9       		.byte	-71
 682 028d 02       		.byte	2
 683 028e BE       		.byte	-66
 684 028f 50       		.byte	80
ARM GAS  C:\Users\teo8d\AppData\Local\Temp\ccjPVVyY.s 			page 13


 685 0290 C0       		.byte	-64
 686 0291 34       		.byte	52
 687 0292 C1       		.byte	-63
 688 0293 06       		.byte	6
 689 0294 C2       		.byte	-62
 690 0295 05       		.byte	5
 691 0296 C4       		.byte	-60
 692 0297 01       		.byte	1
 693 0298 C6       		.byte	-58
 694 0299 0C       		.byte	12
 695 029a C7       		.byte	-57
 696 029b E0       		.byte	-32
 697 029c C8       		.byte	-56
 698 029d 24       		.byte	36
 699 029e C9       		.byte	-55
 700 029f FF       		.byte	-1
 701 02a0 CA       		.byte	-54
 702 02a1 FF       		.byte	-1
 703 02a2 CB       		.byte	-53
 704 02a3 FF       		.byte	-1
 705 02a4 CC       		.byte	-52
 706 02a5 62       		.byte	98
 707 02a6 CD       		.byte	-51
 708 02a7 A0       		.byte	-96
 709 02a8 CE       		.byte	-50
 710 02a9 F0       		.byte	-16
 711 02aa CF       		.byte	-49
 712 02ab 41       		.byte	65
 713 02ac D0       		.byte	-48
 714 02ad 0C       		.byte	12
 715 02ae D4       		.byte	-44
 716 02af 18       		.byte	24
 717 02b0 D8       		.byte	-40
 718 02b1 04       		.byte	4
 719 02b2 D9       		.byte	-39
 720 02b3 04       		.byte	4
 721 02b4 DA       		.byte	-38
 722 02b5 04       		.byte	4
 723 02b6 DB       		.byte	-37
 724 02b7 04       		.byte	4
 725 02b8 DC       		.byte	-36
 726 02b9 33       		.byte	51
 727 02ba DD       		.byte	-35
 728 02bb 33       		.byte	51
 729 02bc DF       		.byte	-33
 730 02bd 01       		.byte	1
 731 02be E6       		.byte	-26
 732 02bf 40       		.byte	64
 733 02c0 E7       		.byte	-25
 734 02c1 02       		.byte	2
 735 02c2 E9       		.byte	-23
 736 02c3 10       		.byte	16
 737 02c4 EA       		.byte	-22
 738 02c5 30       		.byte	48
 739 02c6 EB       		.byte	-21
 740 02c7 10       		.byte	16
 741 02c8 ED       		.byte	-19
ARM GAS  C:\Users\teo8d\AppData\Local\Temp\ccjPVVyY.s 			page 14


 742 02c9 10       		.byte	16
 743 02ca EE       		.byte	-18
 744 02cb 10       		.byte	16
 745 02cc EF       		.byte	-17
 746 02cd 12       		.byte	18
 747 02ce 00       		.byte	0
 748 02cf 0A       		.byte	10
 749 02d0 03       		.byte	3
 750 02d1 0A       		.byte	10
 751 02d2 05       		.byte	5
 752 02d3 80       		.byte	-128
 753 02d4 08       		.byte	8
 754 02d5 21       		.byte	33
 755 02d6 0A       		.byte	10
 756 02d7 22       		.byte	34
 757 02d8 0F       		.byte	15
 758 02d9 0A       		.byte	10
 759 02da 11       		.byte	17
 760 02db 16       		.byte	22
 761 02dc 12       		.byte	18
 762 02dd 82       		.byte	-126
 763 02de 15       		.byte	21
 764 02df 40       		.byte	64
 765 02e0 16       		.byte	22
 766 02e1 08       		.byte	8
 767 02e2 17       		.byte	23
 768 02e3 08       		.byte	8
 769 02e4 18       		.byte	24
 770 02e5 01       		.byte	1
 771 02e6 19       		.byte	25
 772 02e7 11       		.byte	17
 773 02e8 1A       		.byte	26
 774 02e9 20       		.byte	32
 775 02ea 1F       		.byte	31
 776 02eb 60       		.byte	96
 777 02ec 22       		.byte	34
 778 02ed 01       		.byte	1
 779 02ee 27       		.byte	39
 780 02ef 80       		.byte	-128
 781 02f0 29       		.byte	41
 782 02f1 20       		.byte	32
 783 02f2 2D       		.byte	45
 784 02f3 80       		.byte	-128
 785 02f4 2E       		.byte	46
 786 02f5 08       		.byte	8
 787 02f6 2F       		.byte	47
 788 02f7 20       		.byte	32
 789 02f8 31       		.byte	49
 790 02f9 08       		.byte	8
 791 02fa 33       		.byte	51
 792 02fb 08       		.byte	8
 793 02fc 37       		.byte	55
 794 02fd 08       		.byte	8
 795 02fe 38       		.byte	56
 796 02ff 10       		.byte	16
 797 0300 39       		.byte	57
 798 0301 40       		.byte	64
ARM GAS  C:\Users\teo8d\AppData\Local\Temp\ccjPVVyY.s 			page 15


 799 0302 3B       		.byte	59
 800 0303 84       		.byte	-124
 801 0304 3F       		.byte	63
 802 0305 08       		.byte	8
 803 0306 40       		.byte	64
 804 0307 31       		.byte	49
 805 0308 43       		.byte	67
 806 0309 02       		.byte	2
 807 030a 47       		.byte	71
 808 030b 80       		.byte	-128
 809 030c 48       		.byte	72
 810 030d 04       		.byte	4
 811 030e 49       		.byte	73
 812 030f 20       		.byte	32
 813 0310 4B       		.byte	75
 814 0311 40       		.byte	64
 815 0312 4F       		.byte	79
 816 0313 08       		.byte	8
 817 0314 52       		.byte	82
 818 0315 02       		.byte	2
 819 0316 53       		.byte	83
 820 0317 80       		.byte	-128
 821 0318 56       		.byte	86
 822 0319 04       		.byte	4
 823 031a 59       		.byte	89
 824 031b 01       		.byte	1
 825 031c 61       		.byte	97
 826 031d 10       		.byte	16
 827 031e 63       		.byte	99
 828 031f 01       		.byte	1
 829 0320 88       		.byte	-120
 830 0321 01       		.byte	1
 831 0322 8B       		.byte	-117
 832 0323 04       		.byte	4
 833 0324 90       		.byte	-112
 834 0325 10       		.byte	16
 835 0326 91       		.byte	-111
 836 0327 14       		.byte	20
 837 0328 93       		.byte	-109
 838 0329 45       		.byte	69
 839 032a 96       		.byte	-106
 840 032b 28       		.byte	40
 841 032c 9B       		.byte	-101
 842 032d 04       		.byte	4
 843 032e 9E       		.byte	-98
 844 032f 02       		.byte	2
 845 0330 A0       		.byte	-96
 846 0331 04       		.byte	4
 847 0332 A1       		.byte	-95
 848 0333 08       		.byte	8
 849 0334 A3       		.byte	-93
 850 0335 02       		.byte	2
 851 0336 A4       		.byte	-92
 852 0337 01       		.byte	1
 853 0338 A5       		.byte	-91
 854 0339 01       		.byte	1
 855 033a A7       		.byte	-89
ARM GAS  C:\Users\teo8d\AppData\Local\Temp\ccjPVVyY.s 			page 16


 856 033b 80       		.byte	-128
 857 033c B4       		.byte	-76
 858 033d 10       		.byte	16
 859 033e B5       		.byte	-75
 860 033f 08       		.byte	8
 861 0340 B6       		.byte	-74
 862 0341 22       		.byte	34
 863 0342 C0       		.byte	-64
 864 0343 8F       		.byte	-113
 865 0344 C2       		.byte	-62
 866 0345 CF       		.byte	-49
 867 0346 C4       		.byte	-60
 868 0347 EF       		.byte	-17
 869 0348 CA       		.byte	-54
 870 0349 54       		.byte	84
 871 034a CC       		.byte	-52
 872 034b 42       		.byte	66
 873 034c CE       		.byte	-50
 874 034d 46       		.byte	70
 875 034e D0       		.byte	-48
 876 034f 1B       		.byte	27
 877 0350 D2       		.byte	-46
 878 0351 0C       		.byte	12
 879 0352 D6       		.byte	-42
 880 0353 01       		.byte	1
 881 0354 D8       		.byte	-40
 882 0355 0C       		.byte	12
 883 0356 01       		.byte	1
 884 0357 01       		.byte	1
 885 0358 03       		.byte	3
 886 0359 06       		.byte	6
 887 035a 04       		.byte	4
 888 035b 01       		.byte	1
 889 035c 05       		.byte	5
 890 035d 03       		.byte	3
 891 035e 06       		.byte	6
 892 035f 06       		.byte	6
 893 0360 0B       		.byte	11
 894 0361 28       		.byte	40
 895 0362 0C       		.byte	12
 896 0363 0C       		.byte	12
 897 0364 0E       		.byte	14
 898 0365 03       		.byte	3
 899 0366 0F       		.byte	15
 900 0367 30       		.byte	48
 901 0368 12       		.byte	18
 902 0369 0C       		.byte	12
 903 036a 15       		.byte	21
 904 036b 03       		.byte	3
 905 036c 1A       		.byte	26
 906 036d 03       		.byte	3
 907 036e 1B       		.byte	27
 908 036f 18       		.byte	24
 909 0370 1D       		.byte	29
 910 0371 02       		.byte	2
 911 0372 1F       		.byte	31
 912 0373 01       		.byte	1
ARM GAS  C:\Users\teo8d\AppData\Local\Temp\ccjPVVyY.s 			page 17


 913 0374 24       		.byte	36
 914 0375 01       		.byte	1
 915 0376 26       		.byte	38
 916 0377 0E       		.byte	14
 917 0378 27       		.byte	39
 918 0379 08       		.byte	8
 919 037a 2A       		.byte	42
 920 037b 08       		.byte	8
 921 037c 2B       		.byte	43
 922 037d 10       		.byte	16
 923 037e 2D       		.byte	45
 924 037f 30       		.byte	48
 925 0380 2F       		.byte	47
 926 0381 08       		.byte	8
 927 0382 33       		.byte	51
 928 0383 04       		.byte	4
 929 0384 35       		.byte	53
 930 0385 38       		.byte	56
 931 0386 36       		.byte	54
 932 0387 0F       		.byte	15
 933 0388 37       		.byte	55
 934 0389 03       		.byte	3
 935 038a 3A       		.byte	58
 936 038b 80       		.byte	-128
 937 038c 3B       		.byte	59
 938 038d 20       		.byte	32
 939 038e 58       		.byte	88
 940 038f 04       		.byte	4
 941 0390 59       		.byte	89
 942 0391 04       		.byte	4
 943 0392 5C       		.byte	92
 944 0393 33       		.byte	51
 945 0394 5F       		.byte	95
 946 0395 01       		.byte	1
 947 0396 88       		.byte	-120
 948 0397 01       		.byte	1
 949 0398 8E       		.byte	-114
 950 0399 01       		.byte	1
 951 039a 94       		.byte	-108
 952 039b 02       		.byte	2
 953 039c 95       		.byte	-107
 954 039d 0C       		.byte	12
 955 039e 97       		.byte	-105
 956 039f 11       		.byte	17
 957 03a0 99       		.byte	-103
 958 03a1 10       		.byte	16
 959 03a2 9A       		.byte	-102
 960 03a3 01       		.byte	1
 961 03a4 9E       		.byte	-98
 962 03a5 01       		.byte	1
 963 03a6 9F       		.byte	-97
 964 03a7 03       		.byte	3
 965 03a8 A1       		.byte	-95
 966 03a9 09       		.byte	9
 967 03aa A3       		.byte	-93
 968 03ab 10       		.byte	16
 969 03ac A5       		.byte	-91
ARM GAS  C:\Users\teo8d\AppData\Local\Temp\ccjPVVyY.s 			page 18


 970 03ad 10       		.byte	16
 971 03ae A7       		.byte	-89
 972 03af 0C       		.byte	12
 973 03b0 A8       		.byte	-88
 974 03b1 01       		.byte	1
 975 03b2 A9       		.byte	-87
 976 03b3 14       		.byte	20
 977 03b4 AC       		.byte	-84
 978 03b5 04       		.byte	4
 979 03b6 AD       		.byte	-83
 980 03b7 1C       		.byte	28
 981 03b8 AF       		.byte	-81
 982 03b9 02       		.byte	2
 983 03ba B0       		.byte	-80
 984 03bb 01       		.byte	1
 985 03bc B1       		.byte	-79
 986 03bd 1F       		.byte	31
 987 03be B4       		.byte	-76
 988 03bf 02       		.byte	2
 989 03c0 B6       		.byte	-74
 990 03c1 04       		.byte	4
 991 03c2 BE       		.byte	-66
 992 03c3 51       		.byte	81
 993 03c4 C0       		.byte	-64
 994 03c5 23       		.byte	35
 995 03c6 C1       		.byte	-63
 996 03c7 06       		.byte	6
 997 03c8 C6       		.byte	-58
 998 03c9 B0       		.byte	-80
 999 03ca C7       		.byte	-57
 1000 03cb CE       		.byte	-50
 1001 03cc C8       		.byte	-56
 1002 03cd 38       		.byte	56
 1003 03ce C9       		.byte	-55
 1004 03cf FF       		.byte	-1
 1005 03d0 CA       		.byte	-54
 1006 03d1 FF       		.byte	-1
 1007 03d2 CB       		.byte	-53
 1008 03d3 FF       		.byte	-1
 1009 03d4 CE       		.byte	-50
 1010 03d5 F0       		.byte	-16
 1011 03d6 CF       		.byte	-49
 1012 03d7 44       		.byte	68
 1013 03d8 D0       		.byte	-48
 1014 03d9 0C       		.byte	12
 1015 03da D4       		.byte	-44
 1016 03db 01       		.byte	1
 1017 03dc D6       		.byte	-42
 1018 03dd 04       		.byte	4
 1019 03de D8       		.byte	-40
 1020 03df 04       		.byte	4
 1021 03e0 D9       		.byte	-39
 1022 03e1 04       		.byte	4
 1023 03e2 DA       		.byte	-38
 1024 03e3 04       		.byte	4
 1025 03e4 DB       		.byte	-37
 1026 03e5 04       		.byte	4
ARM GAS  C:\Users\teo8d\AppData\Local\Temp\ccjPVVyY.s 			page 19


 1027 03e6 DC       		.byte	-36
 1028 03e7 30       		.byte	48
 1029 03e8 DD       		.byte	-35
 1030 03e9 33       		.byte	51
 1031 03ea DF       		.byte	-33
 1032 03eb 01       		.byte	1
 1033 03ec E6       		.byte	-26
 1034 03ed C0       		.byte	-64
 1035 03ee EA       		.byte	-22
 1036 03ef 40       		.byte	64
 1037 03f0 EB       		.byte	-21
 1038 03f1 02       		.byte	2
 1039 03f2 01       		.byte	1
 1040 03f3 80       		.byte	-128
 1041 03f4 03       		.byte	3
 1042 03f5 20       		.byte	32
 1043 03f6 05       		.byte	5
 1044 03f7 A0       		.byte	-96
 1045 03f8 07       		.byte	7
 1046 03f9 08       		.byte	8
 1047 03fa 08       		.byte	8
 1048 03fb 10       		.byte	16
 1049 03fc 0B       		.byte	11
 1050 03fd 80       		.byte	-128
 1051 03fe 0C       		.byte	12
 1052 03ff 18       		.byte	24
 1053 0400 0F       		.byte	15
 1054 0401 0A       		.byte	10
 1055 0402 10       		.byte	16
 1056 0403 04       		.byte	4
 1057 0404 12       		.byte	18
 1058 0405 04       		.byte	4
 1059 0406 13       		.byte	19
 1060 0407 28       		.byte	40
 1061 0408 15       		.byte	21
 1062 0409 20       		.byte	32
 1063 040a 16       		.byte	22
 1064 040b 08       		.byte	8
 1065 040c 17       		.byte	23
 1066 040d 80       		.byte	-128
 1067 040e 19       		.byte	25
 1068 040f 80       		.byte	-128
 1069 0410 1E       		.byte	30
 1070 0411 4A       		.byte	74
 1071 0412 21       		.byte	33
 1072 0413 20       		.byte	32
 1073 0414 22       		.byte	34
 1074 0415 84       		.byte	-124
 1075 0416 23       		.byte	35
 1076 0417 08       		.byte	8
 1077 0418 27       		.byte	39
 1078 0419 80       		.byte	-128
 1079 041a 28       		.byte	40
 1080 041b 14       		.byte	20
 1081 041c 29       		.byte	41
 1082 041d 80       		.byte	-128
 1083 041e 2D       		.byte	45
ARM GAS  C:\Users\teo8d\AppData\Local\Temp\ccjPVVyY.s 			page 20


 1084 041f 80       		.byte	-128
 1085 0420 2E       		.byte	46
 1086 0421 20       		.byte	32
 1087 0422 2F       		.byte	47
 1088 0423 60       		.byte	96
 1089 0424 31       		.byte	49
 1090 0425 20       		.byte	32
 1091 0426 32       		.byte	50
 1092 0427 80       		.byte	-128
 1093 0428 33       		.byte	51
 1094 0429 04       		.byte	4
 1095 042a 37       		.byte	55
 1096 042b A8       		.byte	-88
 1097 042c 39       		.byte	57
 1098 042d 24       		.byte	36
 1099 042e 3A       		.byte	58
 1100 042f 02       		.byte	2
 1101 0430 3B       		.byte	59
 1102 0431 80       		.byte	-128
 1103 0432 44       		.byte	68
 1104 0433 10       		.byte	16
 1105 0434 46       		.byte	70
 1106 0435 08       		.byte	8
 1107 0436 4D       		.byte	77
 1108 0437 20       		.byte	32
 1109 0438 54       		.byte	84
 1110 0439 08       		.byte	8
 1111 043a 56       		.byte	86
 1112 043b 20       		.byte	32
 1113 043c 57       		.byte	87
 1114 043d 01       		.byte	1
 1115 043e 5D       		.byte	93
 1116 043f 10       		.byte	16
 1117 0440 5E       		.byte	94
 1118 0441 48       		.byte	72
 1119 0442 5F       		.byte	95
 1120 0443 01       		.byte	1
 1121 0444 67       		.byte	103
 1122 0445 40       		.byte	64
 1123 0446 82       		.byte	-126
 1124 0447 01       		.byte	1
 1125 0448 85       		.byte	-123
 1126 0449 10       		.byte	16
 1127 044a 87       		.byte	-121
 1128 044b 41       		.byte	65
 1129 044c 88       		.byte	-120
 1130 044d 01       		.byte	1
 1131 044e 8A       		.byte	-118
 1132 044f 02       		.byte	2
 1133 0450 8C       		.byte	-116
 1134 0451 08       		.byte	8
 1135 0452 8F       		.byte	-113
 1136 0453 01       		.byte	1
 1137 0454 91       		.byte	-111
 1138 0455 04       		.byte	4
 1139 0456 93       		.byte	-109
 1140 0457 80       		.byte	-128
ARM GAS  C:\Users\teo8d\AppData\Local\Temp\ccjPVVyY.s 			page 21


 1141 0458 96       		.byte	-106
 1142 0459 08       		.byte	8
 1143 045a 9A       		.byte	-102
 1144 045b 0C       		.byte	12
 1145 045c 9B       		.byte	-101
 1146 045d 04       		.byte	4
 1147 045e 9D       		.byte	-99
 1148 045f 80       		.byte	-128
 1149 0460 9E       		.byte	-98
 1150 0461 02       		.byte	2
 1151 0462 9F       		.byte	-97
 1152 0463 08       		.byte	8
 1153 0464 A3       		.byte	-93
 1154 0465 24       		.byte	36
 1155 0466 A4       		.byte	-92
 1156 0467 01       		.byte	1
 1157 0468 A6       		.byte	-90
 1158 0469 80       		.byte	-128
 1159 046a A7       		.byte	-89
 1160 046b 01       		.byte	1
 1161 046c C0       		.byte	-64
 1162 046d C5       		.byte	-59
 1163 046e C2       		.byte	-62
 1164 046f EA       		.byte	-22
 1165 0470 C4       		.byte	-60
 1166 0471 C6       		.byte	-58
 1167 0472 CA       		.byte	-54
 1168 0473 FE       		.byte	-2
 1169 0474 CC       		.byte	-52
 1170 0475 7E       		.byte	126
 1171 0476 CE       		.byte	-50
 1172 0477 0F       		.byte	15
 1173 0478 D0       		.byte	-48
 1174 0479 60       		.byte	96
 1175 047a D2       		.byte	-46
 1176 047b 20       		.byte	32
 1177 047c D6       		.byte	-42
 1178 047d F0       		.byte	-16
 1179 047e D8       		.byte	-40
 1180 047f 80       		.byte	-128
 1181 0480 E4       		.byte	-28
 1182 0481 01       		.byte	1
 1183 0482 32       		.byte	50
 1184 0483 20       		.byte	32
 1185 0484 33       		.byte	51
 1186 0485 02       		.byte	2
 1187 0486 35       		.byte	53
 1188 0487 80       		.byte	-128
 1189 0488 37       		.byte	55
 1190 0489 08       		.byte	8
 1191 048a 3C       		.byte	60
 1192 048b 10       		.byte	16
 1193 048c 53       		.byte	83
 1194 048d 02       		.byte	2
 1195 048e 59       		.byte	89
 1196 048f 80       		.byte	-128
 1197 0490 CC       		.byte	-52
ARM GAS  C:\Users\teo8d\AppData\Local\Temp\ccjPVVyY.s 			page 22


 1198 0491 F0       		.byte	-16
 1199 0492 CE       		.byte	-50
 1200 0493 20       		.byte	32
 1201 0494 8F       		.byte	-113
 1202 0495 08       		.byte	8
 1203 0496 94       		.byte	-108
 1204 0497 10       		.byte	16
 1205 0498 9D       		.byte	-99
 1206 0499 80       		.byte	-128
 1207 049a 9F       		.byte	-97
 1208 049b 08       		.byte	8
 1209 049c A6       		.byte	-90
 1210 049d 20       		.byte	32
 1211 049e 87       		.byte	-121
 1212 049f 01       		.byte	1
 1213 04a0 94       		.byte	-108
 1214 04a1 10       		.byte	16
 1215 04a2 9D       		.byte	-99
 1216 04a3 80       		.byte	-128
 1217 04a4 A6       		.byte	-90
 1218 04a5 20       		.byte	32
 1219 04a6 E0       		.byte	-32
 1220 04a7 40       		.byte	64
 1221 04a8 80       		.byte	-128
 1222 04a9 10       		.byte	16
 1223 04aa 94       		.byte	-108
 1224 04ab 10       		.byte	16
 1225 04ac 9D       		.byte	-99
 1226 04ad 80       		.byte	-128
 1227 04ae 9F       		.byte	-97
 1228 04af 01       		.byte	1
 1229 04b0 A6       		.byte	-90
 1230 04b1 20       		.byte	32
 1231 04b2 E4       		.byte	-28
 1232 04b3 80       		.byte	-128
 1233 04b4 7F       		.byte	127
 1234 04b5 04       		.byte	4
 1235 04b6 DE       		.byte	-34
 1236 04b7 01       		.byte	1
 1237 04b8 97       		.byte	-105
 1238 04b9 08       		.byte	8
 1239 04ba 45       		.byte	69
 1240 04bb 08       		.byte	8
 1241 04bc 85       		.byte	-123
 1242 04bd 08       		.byte	8
 1243 04be 97       		.byte	-105
 1244 04bf 08       		.byte	8
 1245 04c0 D0       		.byte	-48
 1246 04c1 01       		.byte	1
 1247 04c2 32       		.byte	50
 1248 04c3 40       		.byte	64
 1249 04c4 82       		.byte	-126
 1250 04c5 40       		.byte	64
 1251 04c6 87       		.byte	-121
 1252 04c7 04       		.byte	4
 1253 04c8 97       		.byte	-105
 1254 04c9 08       		.byte	8
ARM GAS  C:\Users\teo8d\AppData\Local\Temp\ccjPVVyY.s 			page 23


 1255 04ca CC       		.byte	-52
 1256 04cb 08       		.byte	8
 1257 04cc 24       		.byte	36
 1258 04cd 10       		.byte	16
 1259 04ce 27       		.byte	39
 1260 04cf 01       		.byte	1
 1261 04d0 94       		.byte	-108
 1262 04d1 10       		.byte	16
 1263 04d2 9D       		.byte	-99
 1264 04d3 80       		.byte	-128
 1265 04d4 9F       		.byte	-97
 1266 04d5 01       		.byte	1
 1267 04d6 A6       		.byte	-90
 1268 04d7 20       		.byte	32
 1269 04d8 C8       		.byte	-56
 1270 04d9 A0       		.byte	-96
 1271 04da 86       		.byte	-122
 1272 04db 20       		.byte	32
 1273 04dc 8D       		.byte	-115
 1274 04dd 80       		.byte	-128
 1275 04de 9D       		.byte	-99
 1276 04df 80       		.byte	-128
 1277 04e0 A6       		.byte	-90
 1278 04e1 20       		.byte	32
 1279 04e2 E6       		.byte	-26
 1280 04e3 40       		.byte	64
 1281 04e4 10       		.byte	16
 1282 04e5 40       		.byte	64
 1283 04e6 70       		.byte	112
 1284 04e7 04       		.byte	4
 1285 04e8 80       		.byte	-128
 1286 04e9 04       		.byte	4
 1287 04ea 88       		.byte	-120
 1288 04eb 40       		.byte	64
 1289 04ec C4       		.byte	-60
 1290 04ed 08       		.byte	8
 1291 04ee DC       		.byte	-36
 1292 04ef 01       		.byte	1
 1293 04f0 E2       		.byte	-30
 1294 04f1 01       		.byte	1
 1295 04f2 00       		.byte	0
 1296 04f3 08       		.byte	8
 1297 04f4 0C       		.byte	12
 1298 04f5 08       		.byte	8
 1299 04f6 10       		.byte	16
 1300 04f7 0A       		.byte	10
 1301 04f8 1A       		.byte	26
 1302 04f9 02       		.byte	2
 1303 04fa 1C       		.byte	28
 1304 04fb 08       		.byte	8
 1305 04fc 00       		.byte	0
 1306 04fd FF       		.byte	-1
 1307 04fe 10       		.byte	16
 1308 04ff 02       		.byte	2
 1309 0500 00       		.byte	0
 1310 0501 00       		.byte	0
 1311 0502 00       		.byte	0
ARM GAS  C:\Users\teo8d\AppData\Local\Temp\ccjPVVyY.s 			page 24


 1312 0503 00       		.byte	0
 1313 0504 00       		.byte	0
 1314 0505 00       		.byte	0
 1315 0506 14       		.byte	20
 1316 0507 00       		.byte	0
 1317 0508 80       		.byte	-128
 1318 0509 00       		.byte	0
 1319 050a 40       		.byte	64
 1320 050b 80       		.byte	-128
 1321 050c 80       		.byte	-128
 1322 050d 00       		.byte	0
 1323 050e 80       		.byte	-128
 1324 050f 00       		.byte	0
 1325 0510 00       		.byte	0
 1326 0511 00       		.byte	0
 1327 0512 00       		.byte	0
 1328 0513 00       		.byte	0
 1329 0514 00       		.byte	0
 1330 0515 0B       		.byte	11
 1331 0516 0B       		.byte	11
 1332 0517 00       		.byte	0
 1333 0518 00       		.byte	0
 1334 0519 00       		.byte	0
 1335 051a 00       		.byte	0
 1336 051b 00       		.byte	0
 1337 051c 00       		.byte	0
 1338 051d 00       		.byte	0
 1339 051e 00       		.byte	0
 1340 051f 00       		.byte	0
 1341 0520 00       		.byte	0
 1342 0521 00       		.byte	0
 1343 0522 40       		.byte	64
 1344 0523 00       		.byte	0
 1345 0524 00       		.byte	0
 1346 0525 00       		.byte	0
 1347 0526 00       		.byte	0
 1348 0527 00       		.byte	0
 1349 0528 00       		.byte	0
 1350 0529 00       		.byte	0
 1351 052a A0       		.byte	-96
 1352 052b 00       		.byte	0
 1353 052c 0E       		.byte	14
 1354 052d 00       		.byte	0
 1355 052e 18       		.byte	24
 1356 052f 01       		.byte	1
 1357              		.section	.cywolatch,"a",%progbits
 1358              		.align	2
 1359              		.type	cy_meta_wonvl, %object
 1360              		.size	cy_meta_wonvl, 4
 1361              	cy_meta_wonvl:
 1362 0000 BC       		.byte	-68
 1363 0001 90       		.byte	-112
 1364 0002 AC       		.byte	-84
 1365 0003 AF       		.byte	-81
 1366              		.section	.cycustnvl,"a",%progbits
 1367              		.align	2
 1368              		.type	cy_meta_custnvl, %object
ARM GAS  C:\Users\teo8d\AppData\Local\Temp\ccjPVVyY.s 			page 25


 1369              		.size	cy_meta_custnvl, 4
 1370              	cy_meta_custnvl:
 1371 0000 00       		.byte	0
 1372 0001 00       		.byte	0
 1373 0002 40       		.byte	64
 1374 0003 05       		.byte	5
 1375              		.section	.cymeta,"a",%progbits
 1376              		.align	2
 1377              		.type	cy_metadata, %object
 1378              		.size	cy_metadata, 12
 1379              	cy_metadata:
 1380 0000 00       		.byte	0
 1381 0001 01       		.byte	1
 1382 0002 2E       		.byte	46
 1383 0003 16       		.byte	22
 1384 0004 10       		.byte	16
 1385 0005 69       		.byte	105
 1386 0006 00       		.byte	0
 1387 0007 01       		.byte	1
 1388 0008 00       		.byte	0
 1389 0009 00       		.byte	0
 1390 000a 00       		.byte	0
 1391 000b 00       		.byte	0
 1392              		.section	.cyflashprotect,"a",%progbits
 1393              		.align	2
 1394              		.type	cy_meta_flashprotect, %object
 1395              		.size	cy_meta_flashprotect, 256
 1396              	cy_meta_flashprotect:
 1397 0000 00000000 		.space	256
 1397      00000000 
 1397      00000000 
 1397      00000000 
 1397      00000000 
 1398              		.text
 1399              	.Letext0:
 1400              		.file 1 "c:\\program files (x86)\\cypress\\psoc creator\\4.4\\psoc creator\\import\\gnu\\arm\\5.4.
 1401              		.file 2 "c:\\program files (x86)\\cypress\\psoc creator\\4.4\\psoc creator\\import\\gnu\\arm\\5.4.
 1402              		.file 3 "Generated_Source\\PSoC5\\cymetadata.c"
 1403              		.section	.debug_info,"",%progbits
 1404              	.Ldebug_info0:
 1405 0000 32010000 		.4byte	0x132
 1406 0004 0400     		.2byte	0x4
 1407 0006 00000000 		.4byte	.Ldebug_abbrev0
 1408 000a 04       		.byte	0x4
 1409 000b 01       		.uleb128 0x1
 1410 000c 69000000 		.4byte	.LASF17
 1411 0010 0C       		.byte	0xc
 1412 0011 D1010000 		.4byte	.LASF18
 1413 0015 16000000 		.4byte	.LASF19
 1414 0019 00000000 		.4byte	.Ldebug_line0
 1415 001d 02       		.uleb128 0x2
 1416 001e 01       		.byte	0x1
 1417 001f 06       		.byte	0x6
 1418 0020 C5010000 		.4byte	.LASF0
 1419 0024 03       		.uleb128 0x3
 1420 0025 00000000 		.4byte	.LASF9
 1421 0029 01       		.byte	0x1
ARM GAS  C:\Users\teo8d\AppData\Local\Temp\ccjPVVyY.s 			page 26


 1422 002a 1D       		.byte	0x1d
 1423 002b 2F000000 		.4byte	0x2f
 1424 002f 02       		.uleb128 0x2
 1425 0030 01       		.byte	0x1
 1426 0031 08       		.byte	0x8
 1427 0032 1C010000 		.4byte	.LASF1
 1428 0036 02       		.uleb128 0x2
 1429 0037 02       		.byte	0x2
 1430 0038 05       		.byte	0x5
 1431 0039 B2010000 		.4byte	.LASF2
 1432 003d 02       		.uleb128 0x2
 1433 003e 02       		.byte	0x2
 1434 003f 07       		.byte	0x7
 1435 0040 09010000 		.4byte	.LASF3
 1436 0044 02       		.uleb128 0x2
 1437 0045 04       		.byte	0x4
 1438 0046 05       		.byte	0x5
 1439 0047 BC010000 		.4byte	.LASF4
 1440 004b 02       		.uleb128 0x2
 1441 004c 04       		.byte	0x4
 1442 004d 07       		.byte	0x7
 1443 004e F7000000 		.4byte	.LASF5
 1444 0052 02       		.uleb128 0x2
 1445 0053 08       		.byte	0x8
 1446 0054 05       		.byte	0x5
 1447 0055 A4010000 		.4byte	.LASF6
 1448 0059 02       		.uleb128 0x2
 1449 005a 08       		.byte	0x8
 1450 005b 07       		.byte	0x7
 1451 005c 59010000 		.4byte	.LASF7
 1452 0060 04       		.uleb128 0x4
 1453 0061 04       		.byte	0x4
 1454 0062 05       		.byte	0x5
 1455 0063 696E7400 		.ascii	"int\000"
 1456 0067 02       		.uleb128 0x2
 1457 0068 04       		.byte	0x4
 1458 0069 07       		.byte	0x7
 1459 006a 4C010000 		.4byte	.LASF8
 1460 006e 03       		.uleb128 0x3
 1461 006f 70010000 		.4byte	.LASF10
 1462 0073 02       		.byte	0x2
 1463 0074 18       		.byte	0x18
 1464 0075 24000000 		.4byte	0x24
 1465 0079 05       		.uleb128 0x5
 1466 007a 91000000 		.4byte	0x91
 1467 007e 8A000000 		.4byte	0x8a
 1468 0082 06       		.uleb128 0x6
 1469 0083 8A000000 		.4byte	0x8a
 1470 0087 2F05     		.2byte	0x52f
 1471 0089 00       		.byte	0
 1472 008a 02       		.uleb128 0x2
 1473 008b 04       		.byte	0x4
 1474 008c 07       		.byte	0x7
 1475 008d 9B010000 		.4byte	.LASF11
 1476 0091 07       		.uleb128 0x7
 1477 0092 6E000000 		.4byte	0x6e
 1478 0096 08       		.uleb128 0x8
ARM GAS  C:\Users\teo8d\AppData\Local\Temp\ccjPVVyY.s 			page 27


 1479 0097 3A010000 		.4byte	.LASF12
 1480 009b 03       		.byte	0x3
 1481 009c 1F       		.byte	0x1f
 1482 009d A7000000 		.4byte	0xa7
 1483 00a1 05       		.uleb128 0x5
 1484 00a2 03       		.byte	0x3
 1485 00a3 00000000 		.4byte	cy_meta_configecc
 1486 00a7 07       		.uleb128 0x7
 1487 00a8 79000000 		.4byte	0x79
 1488 00ac 05       		.uleb128 0x5
 1489 00ad 91000000 		.4byte	0x91
 1490 00b1 BC000000 		.4byte	0xbc
 1491 00b5 09       		.uleb128 0x9
 1492 00b6 8A000000 		.4byte	0x8a
 1493 00ba 03       		.byte	0x3
 1494 00bb 00       		.byte	0
 1495 00bc 08       		.uleb128 0x8
 1496 00bd 2A010000 		.4byte	.LASF13
 1497 00c1 03       		.byte	0x3
 1498 00c2 D2       		.byte	0xd2
 1499 00c3 CD000000 		.4byte	0xcd
 1500 00c7 05       		.uleb128 0x5
 1501 00c8 03       		.byte	0x3
 1502 00c9 00000000 		.4byte	cy_meta_custnvl
 1503 00cd 07       		.uleb128 0x7
 1504 00ce AC000000 		.4byte	0xac
 1505 00d2 08       		.uleb128 0x8
 1506 00d3 8D010000 		.4byte	.LASF14
 1507 00d7 03       		.byte	0x3
 1508 00d8 E0       		.byte	0xe0
 1509 00d9 E3000000 		.4byte	0xe3
 1510 00dd 05       		.uleb128 0x5
 1511 00de 03       		.byte	0x3
 1512 00df 00000000 		.4byte	cy_meta_wonvl
 1513 00e3 07       		.uleb128 0x7
 1514 00e4 AC000000 		.4byte	0xac
 1515 00e8 05       		.uleb128 0x5
 1516 00e9 91000000 		.4byte	0x91
 1517 00ed F8000000 		.4byte	0xf8
 1518 00f1 09       		.uleb128 0x9
 1519 00f2 8A000000 		.4byte	0x8a
 1520 00f6 FF       		.byte	0xff
 1521 00f7 00       		.byte	0
 1522 00f8 08       		.uleb128 0x8
 1523 00f9 78010000 		.4byte	.LASF15
 1524 00fd 03       		.byte	0x3
 1525 00fe EE       		.byte	0xee
 1526 00ff 09010000 		.4byte	0x109
 1527 0103 05       		.uleb128 0x5
 1528 0104 03       		.byte	0x3
 1529 0105 00000000 		.4byte	cy_meta_flashprotect
 1530 0109 07       		.uleb128 0x7
 1531 010a E8000000 		.4byte	0xe8
 1532 010e 05       		.uleb128 0x5
 1533 010f 91000000 		.4byte	0x91
 1534 0113 1E010000 		.4byte	0x11e
 1535 0117 09       		.uleb128 0x9
ARM GAS  C:\Users\teo8d\AppData\Local\Temp\ccjPVVyY.s 			page 28


 1536 0118 8A000000 		.4byte	0x8a
 1537 011c 0B       		.byte	0xb
 1538 011d 00       		.byte	0
 1539 011e 0A       		.uleb128 0xa
 1540 011f 0A000000 		.4byte	.LASF16
 1541 0123 03       		.byte	0x3
 1542 0124 1B01     		.2byte	0x11b
 1543 0126 30010000 		.4byte	0x130
 1544 012a 05       		.uleb128 0x5
 1545 012b 03       		.byte	0x3
 1546 012c 00000000 		.4byte	cy_metadata
 1547 0130 07       		.uleb128 0x7
 1548 0131 0E010000 		.4byte	0x10e
 1549 0135 00       		.byte	0
 1550              		.section	.debug_abbrev,"",%progbits
 1551              	.Ldebug_abbrev0:
 1552 0000 01       		.uleb128 0x1
 1553 0001 11       		.uleb128 0x11
 1554 0002 01       		.byte	0x1
 1555 0003 25       		.uleb128 0x25
 1556 0004 0E       		.uleb128 0xe
 1557 0005 13       		.uleb128 0x13
 1558 0006 0B       		.uleb128 0xb
 1559 0007 03       		.uleb128 0x3
 1560 0008 0E       		.uleb128 0xe
 1561 0009 1B       		.uleb128 0x1b
 1562 000a 0E       		.uleb128 0xe
 1563 000b 10       		.uleb128 0x10
 1564 000c 17       		.uleb128 0x17
 1565 000d 00       		.byte	0
 1566 000e 00       		.byte	0
 1567 000f 02       		.uleb128 0x2
 1568 0010 24       		.uleb128 0x24
 1569 0011 00       		.byte	0
 1570 0012 0B       		.uleb128 0xb
 1571 0013 0B       		.uleb128 0xb
 1572 0014 3E       		.uleb128 0x3e
 1573 0015 0B       		.uleb128 0xb
 1574 0016 03       		.uleb128 0x3
 1575 0017 0E       		.uleb128 0xe
 1576 0018 00       		.byte	0
 1577 0019 00       		.byte	0
 1578 001a 03       		.uleb128 0x3
 1579 001b 16       		.uleb128 0x16
 1580 001c 00       		.byte	0
 1581 001d 03       		.uleb128 0x3
 1582 001e 0E       		.uleb128 0xe
 1583 001f 3A       		.uleb128 0x3a
 1584 0020 0B       		.uleb128 0xb
 1585 0021 3B       		.uleb128 0x3b
 1586 0022 0B       		.uleb128 0xb
 1587 0023 49       		.uleb128 0x49
 1588 0024 13       		.uleb128 0x13
 1589 0025 00       		.byte	0
 1590 0026 00       		.byte	0
 1591 0027 04       		.uleb128 0x4
 1592 0028 24       		.uleb128 0x24
ARM GAS  C:\Users\teo8d\AppData\Local\Temp\ccjPVVyY.s 			page 29


 1593 0029 00       		.byte	0
 1594 002a 0B       		.uleb128 0xb
 1595 002b 0B       		.uleb128 0xb
 1596 002c 3E       		.uleb128 0x3e
 1597 002d 0B       		.uleb128 0xb
 1598 002e 03       		.uleb128 0x3
 1599 002f 08       		.uleb128 0x8
 1600 0030 00       		.byte	0
 1601 0031 00       		.byte	0
 1602 0032 05       		.uleb128 0x5
 1603 0033 01       		.uleb128 0x1
 1604 0034 01       		.byte	0x1
 1605 0035 49       		.uleb128 0x49
 1606 0036 13       		.uleb128 0x13
 1607 0037 01       		.uleb128 0x1
 1608 0038 13       		.uleb128 0x13
 1609 0039 00       		.byte	0
 1610 003a 00       		.byte	0
 1611 003b 06       		.uleb128 0x6
 1612 003c 21       		.uleb128 0x21
 1613 003d 00       		.byte	0
 1614 003e 49       		.uleb128 0x49
 1615 003f 13       		.uleb128 0x13
 1616 0040 2F       		.uleb128 0x2f
 1617 0041 05       		.uleb128 0x5
 1618 0042 00       		.byte	0
 1619 0043 00       		.byte	0
 1620 0044 07       		.uleb128 0x7
 1621 0045 26       		.uleb128 0x26
 1622 0046 00       		.byte	0
 1623 0047 49       		.uleb128 0x49
 1624 0048 13       		.uleb128 0x13
 1625 0049 00       		.byte	0
 1626 004a 00       		.byte	0
 1627 004b 08       		.uleb128 0x8
 1628 004c 34       		.uleb128 0x34
 1629 004d 00       		.byte	0
 1630 004e 03       		.uleb128 0x3
 1631 004f 0E       		.uleb128 0xe
 1632 0050 3A       		.uleb128 0x3a
 1633 0051 0B       		.uleb128 0xb
 1634 0052 3B       		.uleb128 0x3b
 1635 0053 0B       		.uleb128 0xb
 1636 0054 49       		.uleb128 0x49
 1637 0055 13       		.uleb128 0x13
 1638 0056 3F       		.uleb128 0x3f
 1639 0057 19       		.uleb128 0x19
 1640 0058 02       		.uleb128 0x2
 1641 0059 18       		.uleb128 0x18
 1642 005a 00       		.byte	0
 1643 005b 00       		.byte	0
 1644 005c 09       		.uleb128 0x9
 1645 005d 21       		.uleb128 0x21
 1646 005e 00       		.byte	0
 1647 005f 49       		.uleb128 0x49
 1648 0060 13       		.uleb128 0x13
 1649 0061 2F       		.uleb128 0x2f
ARM GAS  C:\Users\teo8d\AppData\Local\Temp\ccjPVVyY.s 			page 30


 1650 0062 0B       		.uleb128 0xb
 1651 0063 00       		.byte	0
 1652 0064 00       		.byte	0
 1653 0065 0A       		.uleb128 0xa
 1654 0066 34       		.uleb128 0x34
 1655 0067 00       		.byte	0
 1656 0068 03       		.uleb128 0x3
 1657 0069 0E       		.uleb128 0xe
 1658 006a 3A       		.uleb128 0x3a
 1659 006b 0B       		.uleb128 0xb
 1660 006c 3B       		.uleb128 0x3b
 1661 006d 05       		.uleb128 0x5
 1662 006e 49       		.uleb128 0x49
 1663 006f 13       		.uleb128 0x13
 1664 0070 3F       		.uleb128 0x3f
 1665 0071 19       		.uleb128 0x19
 1666 0072 02       		.uleb128 0x2
 1667 0073 18       		.uleb128 0x18
 1668 0074 00       		.byte	0
 1669 0075 00       		.byte	0
 1670 0076 00       		.byte	0
 1671              		.section	.debug_aranges,"",%progbits
 1672 0000 14000000 		.4byte	0x14
 1673 0004 0200     		.2byte	0x2
 1674 0006 00000000 		.4byte	.Ldebug_info0
 1675 000a 04       		.byte	0x4
 1676 000b 00       		.byte	0
 1677 000c 0000     		.2byte	0
 1678 000e 0000     		.2byte	0
 1679 0010 00000000 		.4byte	0
 1680 0014 00000000 		.4byte	0
 1681              		.section	.debug_line,"",%progbits
 1682              	.Ldebug_line0:
 1683 0000 3D010000 		.section	.debug_str,"MS",%progbits,1
 1683      02003701 
 1683      00000201 
 1683      FB0E0D00 
 1683      01010101 
 1684              	.LASF9:
 1685 0000 5F5F7569 		.ascii	"__uint8_t\000"
 1685      6E74385F 
 1685      7400
 1686              	.LASF16:
 1687 000a 63795F6D 		.ascii	"cy_metadata\000"
 1687      65746164 
 1687      61746100 
 1688              	.LASF19:
 1689 0016 433A5C55 		.ascii	"C:\\Users\\teo8d\\Desktop\\progetto lab sensori\\CO"
 1689      73657273 
 1689      5C74656F 
 1689      38645C44 
 1689      65736B74 
 1690 0044 44494349 		.ascii	"DICI\\PSOC\\FinalProjects\\Group2.cydsn\000"
 1690      5C50534F 
 1690      435C4669 
 1690      6E616C50 
 1690      726F6A65 
ARM GAS  C:\Users\teo8d\AppData\Local\Temp\ccjPVVyY.s 			page 31


 1691              	.LASF17:
 1692 0069 474E5520 		.ascii	"GNU C11 5.4.1 20160609 (release) [ARM/embedded-5-br"
 1692      43313120 
 1692      352E342E 
 1692      31203230 
 1692      31363036 
 1693 009c 616E6368 		.ascii	"anch revision 237715] -mcpu=cortex-m3 -mthumb -g -O"
 1693      20726576 
 1693      6973696F 
 1693      6E203233 
 1693      37373135 
 1694 00cf 67202D66 		.ascii	"g -ffunction-sections -ffat-lto-objects\000"
 1694      66756E63 
 1694      74696F6E 
 1694      2D736563 
 1694      74696F6E 
 1695              	.LASF5:
 1696 00f7 6C6F6E67 		.ascii	"long unsigned int\000"
 1696      20756E73 
 1696      69676E65 
 1696      6420696E 
 1696      7400
 1697              	.LASF3:
 1698 0109 73686F72 		.ascii	"short unsigned int\000"
 1698      7420756E 
 1698      7369676E 
 1698      65642069 
 1698      6E7400
 1699              	.LASF1:
 1700 011c 756E7369 		.ascii	"unsigned char\000"
 1700      676E6564 
 1700      20636861 
 1700      7200
 1701              	.LASF13:
 1702 012a 63795F6D 		.ascii	"cy_meta_custnvl\000"
 1702      6574615F 
 1702      63757374 
 1702      6E766C00 
 1703              	.LASF12:
 1704 013a 63795F6D 		.ascii	"cy_meta_configecc\000"
 1704      6574615F 
 1704      636F6E66 
 1704      69676563 
 1704      6300
 1705              	.LASF8:
 1706 014c 756E7369 		.ascii	"unsigned int\000"
 1706      676E6564 
 1706      20696E74 
 1706      00
 1707              	.LASF7:
 1708 0159 6C6F6E67 		.ascii	"long long unsigned int\000"
 1708      206C6F6E 
 1708      6720756E 
 1708      7369676E 
 1708      65642069 
 1709              	.LASF10:
 1710 0170 75696E74 		.ascii	"uint8_t\000"
ARM GAS  C:\Users\teo8d\AppData\Local\Temp\ccjPVVyY.s 			page 32


 1710      385F7400 
 1711              	.LASF15:
 1712 0178 63795F6D 		.ascii	"cy_meta_flashprotect\000"
 1712      6574615F 
 1712      666C6173 
 1712      6870726F 
 1712      74656374 
 1713              	.LASF14:
 1714 018d 63795F6D 		.ascii	"cy_meta_wonvl\000"
 1714      6574615F 
 1714      776F6E76 
 1714      6C00
 1715              	.LASF11:
 1716 019b 73697A65 		.ascii	"sizetype\000"
 1716      74797065 
 1716      00
 1717              	.LASF6:
 1718 01a4 6C6F6E67 		.ascii	"long long int\000"
 1718      206C6F6E 
 1718      6720696E 
 1718      7400
 1719              	.LASF2:
 1720 01b2 73686F72 		.ascii	"short int\000"
 1720      7420696E 
 1720      7400
 1721              	.LASF4:
 1722 01bc 6C6F6E67 		.ascii	"long int\000"
 1722      20696E74 
 1722      00
 1723              	.LASF0:
 1724 01c5 7369676E 		.ascii	"signed char\000"
 1724      65642063 
 1724      68617200 
 1725              	.LASF18:
 1726 01d1 47656E65 		.ascii	"Generated_Source\\PSoC5\\cymetadata.c\000"
 1726      72617465 
 1726      645F536F 
 1726      75726365 
 1726      5C50536F 
 1727              		.ident	"GCC: (GNU Tools for ARM Embedded Processors) 5.4.1 20160609 (release) [ARM/embedded-5-bran
