ARM GAS  C:\Users\teo8d\AppData\Local\Temp\cc9JjPJ7.s 			page 1


   1              		.syntax unified
   2              		.cpu cortex-m3
   3              		.fpu softvfp
   4              		.eabi_attribute 20, 1
   5              		.eabi_attribute 21, 1
   6              		.eabi_attribute 23, 3
   7              		.eabi_attribute 24, 1
   8              		.eabi_attribute 25, 1
   9              		.eabi_attribute 26, 1
  10              		.eabi_attribute 30, 1
  11              		.eabi_attribute 34, 1
  12              		.eabi_attribute 18, 4
  13              		.thumb
  14              		.syntax unified
  15              		.file	"Helper_functions.c"
  16              		.text
  17              	.Ltext0:
  18              		.cfi_sections	.debug_frame
  19              		.section	.text.helper_HardwareStart,"ax",%progbits
  20              		.align	2
  21              		.global	helper_HardwareStart
  22              		.thumb
  23              		.thumb_func
  24              		.type	helper_HardwareStart, %function
  25              	helper_HardwareStart:
  26              	.LFB64:
  27              		.file 1 "Helper_functions.c"
   1:Helper_functions.c **** /*******************************************************************************
   2:Helper_functions.c **** * File Name: Helper_functions.c
   3:Helper_functions.c **** *
   4:Helper_functions.c **** * Description:
   5:Helper_functions.c **** *  Functions used by main.
   6:Helper_functions.c **** *
   7:Helper_functions.c **** *********************************************************************************/
   8:Helper_functions.c **** 
   9:Helper_functions.c **** #include "Helper_functions.h"
  10:Helper_functions.c **** 
  11:Helper_functions.c **** 
  12:Helper_functions.c **** 
  13:Helper_functions.c **** /******************************************************************************
  14:Helper_functions.c **** * Function Name: helper_HardwareSetup
  15:Helper_functions.c **** *******************************************************************************
  16:Helper_functions.c **** *
  17:Helper_functions.c **** * Summary:
  18:Helper_functions.c **** *    Setup all the hardware needed for an experiment.  This will start all the hardware
  19:Helper_functions.c **** *    and then put them to sleep so they can be awoke for an experiment.  Connect all the 
  20:Helper_functions.c **** *    defualt analog muxes
  21:Helper_functions.c **** *
  22:Helper_functions.c **** *******************************************************************************/
  23:Helper_functions.c **** 
  24:Helper_functions.c **** 
  25:Helper_functions.c **** void helper_HardwareSetup(void) {
  26:Helper_functions.c ****     helper_HardwareStart();
  27:Helper_functions.c ****     helper_HardwareSleep();
  28:Helper_functions.c **** 
  29:Helper_functions.c ****     AMux_TIA_input_Init();
  30:Helper_functions.c ****     AMux_TIA_resistor_bypass_Init();
ARM GAS  C:\Users\teo8d\AppData\Local\Temp\cc9JjPJ7.s 			page 2


  31:Helper_functions.c ****     DVDAC_Start(); 
  32:Helper_functions.c ****     
  33:Helper_functions.c ****     // iniatalize the analog muxes connections 
  34:Helper_functions.c ****     AMux_TIA_input_Select(AMux_TIA_working_electrode_ch);  // Connect the working electrode
  35:Helper_functions.c ****     AMux_TIA_resistor_bypass_Select(0);  // Start with no extra TIA resistor
  36:Helper_functions.c **** 
  37:Helper_functions.c **** }
  38:Helper_functions.c **** 
  39:Helper_functions.c **** /******************************************************************************
  40:Helper_functions.c **** * Function Name: helper_HardwareStart
  41:Helper_functions.c **** *******************************************************************************
  42:Helper_functions.c **** *
  43:Helper_functions.c **** * Summary:
  44:Helper_functions.c **** *    Start all the hardware needed for an experiment.
  45:Helper_functions.c **** *
  46:Helper_functions.c **** *******************************************************************************/
  47:Helper_functions.c **** 
  48:Helper_functions.c **** void helper_HardwareStart(void){  // start all the components that have to be on for a reading
  28              		.loc 1 48 0
  29              		.cfi_startproc
  30              		@ args = 0, pretend = 0, frame = 0
  31              		@ frame_needed = 0, uses_anonymous_args = 0
  32 0000 08B5     		push	{r3, lr}
  33              		.cfi_def_cfa_offset 8
  34              		.cfi_offset 3, -8
  35              		.cfi_offset 14, -4
  49:Helper_functions.c ****     ADC_SigDel_Start();  
  36              		.loc 1 49 0
  37 0002 FFF7FEFF 		bl	ADC_SigDel_Start
  38              	.LVL0:
  50:Helper_functions.c ****     TIA_Start(); 
  39              		.loc 1 50 0
  40 0006 FFF7FEFF 		bl	TIA_Start
  41              	.LVL1:
  51:Helper_functions.c ****     VDAC_TIA_Start();  
  42              		.loc 1 51 0
  43 000a FFF7FEFF 		bl	VDAC_TIA_Start
  44              	.LVL2:
  52:Helper_functions.c ****     Opamp_Aux_Start();  
  45              		.loc 1 52 0
  46 000e FFF7FEFF 		bl	Opamp_Aux_Start
  47              	.LVL3:
  53:Helper_functions.c ****     PWM_isr_Start();
  48              		.loc 1 53 0
  49 0012 FFF7FEFF 		bl	PWM_isr_Start
  50              	.LVL4:
  51 0016 08BD     		pop	{r3, pc}
  52              		.cfi_endproc
  53              	.LFE64:
  54              		.size	helper_HardwareStart, .-helper_HardwareStart
  55              		.section	.text.helper_HardwareWakeup,"ax",%progbits
  56              		.align	2
  57              		.global	helper_HardwareWakeup
  58              		.thumb
  59              		.thumb_func
  60              		.type	helper_HardwareWakeup, %function
  61              	helper_HardwareWakeup:
ARM GAS  C:\Users\teo8d\AppData\Local\Temp\cc9JjPJ7.s 			page 3


  62              	.LFB65:
  54:Helper_functions.c ****     
  55:Helper_functions.c ****     //DVDAC is already started
  56:Helper_functions.c ****     
  57:Helper_functions.c **** }
  58:Helper_functions.c **** 
  59:Helper_functions.c **** /******************************************************************************
  60:Helper_functions.c **** * Function Name: helper_HardwareWakeup
  61:Helper_functions.c **** *******************************************************************************
  62:Helper_functions.c **** *
  63:Helper_functions.c **** * Summary:
  64:Helper_functions.c **** *    Start all the hardware needed for an experiment.
  65:Helper_functions.c **** *
  66:Helper_functions.c **** *******************************************************************************/
  67:Helper_functions.c **** 
  68:Helper_functions.c **** void helper_HardwareWakeup(void){  // wakeup all the components that have to be on for a reading
  63              		.loc 1 68 0
  64              		.cfi_startproc
  65              		@ args = 0, pretend = 0, frame = 0
  66              		@ frame_needed = 0, uses_anonymous_args = 0
  67 0000 08B5     		push	{r3, lr}
  68              		.cfi_def_cfa_offset 8
  69              		.cfi_offset 3, -8
  70              		.cfi_offset 14, -4
  69:Helper_functions.c ****     ADC_SigDel_Wakeup();
  71              		.loc 1 69 0
  72 0002 FFF7FEFF 		bl	ADC_SigDel_Wakeup
  73              	.LVL5:
  70:Helper_functions.c ****     TIA_Wakeup();
  74              		.loc 1 70 0
  75 0006 FFF7FEFF 		bl	TIA_Wakeup
  76              	.LVL6:
  71:Helper_functions.c ****     VDAC_TIA_Wakeup();
  77              		.loc 1 71 0
  78 000a FFF7FEFF 		bl	VDAC_TIA_Wakeup
  79              	.LVL7:
  72:Helper_functions.c ****     DVDAC_Wakeup();
  80              		.loc 1 72 0
  81 000e FFF7FEFF 		bl	DVDAC_Wakeup
  82              	.LVL8:
  73:Helper_functions.c ****     CyDelay(1);
  83              		.loc 1 73 0
  84 0012 0120     		movs	r0, #1
  85 0014 FFF7FEFF 		bl	CyDelay
  86              	.LVL9:
  74:Helper_functions.c ****     DVDAC_SetValue(lut_value);
  87              		.loc 1 74 0
  88 0018 054B     		ldr	r3, .L5
  89 001a 1888     		ldrh	r0, [r3]
  90 001c FFF7FEFF 		bl	DVDAC_SetValue
  91              	.LVL10:
  75:Helper_functions.c ****     CyDelay(10);
  92              		.loc 1 75 0
  93 0020 0A20     		movs	r0, #10
  94 0022 FFF7FEFF 		bl	CyDelay
  95              	.LVL11:
  76:Helper_functions.c ****     Opamp_Aux_Wakeup();
ARM GAS  C:\Users\teo8d\AppData\Local\Temp\cc9JjPJ7.s 			page 4


  96              		.loc 1 76 0
  97 0026 FFF7FEFF 		bl	Opamp_Aux_Wakeup
  98              	.LVL12:
  77:Helper_functions.c ****     
  78:Helper_functions.c ****     PWM_isr_Wakeup();
  99              		.loc 1 78 0
 100 002a FFF7FEFF 		bl	PWM_isr_Wakeup
 101              	.LVL13:
 102 002e 08BD     		pop	{r3, pc}
 103              	.L6:
 104              		.align	2
 105              	.L5:
 106 0030 00000000 		.word	lut_value
 107              		.cfi_endproc
 108              	.LFE65:
 109              		.size	helper_HardwareWakeup, .-helper_HardwareWakeup
 110              		.section	.text.helper_HardwareSleep,"ax",%progbits
 111              		.align	2
 112              		.global	helper_HardwareSleep
 113              		.thumb
 114              		.thumb_func
 115              		.type	helper_HardwareSleep, %function
 116              	helper_HardwareSleep:
 117              	.LFB66:
  79:Helper_functions.c ****     
  80:Helper_functions.c **** }
  81:Helper_functions.c **** 
  82:Helper_functions.c **** /******************************************************************************
  83:Helper_functions.c **** * Function Name: helper_HardwareWakeup
  84:Helper_functions.c **** *******************************************************************************
  85:Helper_functions.c **** *
  86:Helper_functions.c **** * Summary:
  87:Helper_functions.c **** *    Put to sleep all the hardware needed for an experiment.
  88:Helper_functions.c **** *
  89:Helper_functions.c **** *******************************************************************************/
  90:Helper_functions.c **** 
  91:Helper_functions.c **** void helper_HardwareSleep(void){  // put to sleep all the components that have to be on for a readi
 118              		.loc 1 91 0
 119              		.cfi_startproc
 120              		@ args = 0, pretend = 0, frame = 0
 121              		@ frame_needed = 0, uses_anonymous_args = 0
 122 0000 08B5     		push	{r3, lr}
 123              		.cfi_def_cfa_offset 8
 124              		.cfi_offset 3, -8
 125              		.cfi_offset 14, -4
  92:Helper_functions.c ****     ADC_SigDel_Sleep();
 126              		.loc 1 92 0
 127 0002 FFF7FEFF 		bl	ADC_SigDel_Sleep
 128              	.LVL14:
  93:Helper_functions.c ****     DVDAC_Sleep();
 129              		.loc 1 93 0
 130 0006 FFF7FEFF 		bl	DVDAC_Sleep
 131              	.LVL15:
  94:Helper_functions.c ****     TIA_Sleep();
 132              		.loc 1 94 0
 133 000a FFF7FEFF 		bl	TIA_Sleep
 134              	.LVL16:
ARM GAS  C:\Users\teo8d\AppData\Local\Temp\cc9JjPJ7.s 			page 5


  95:Helper_functions.c ****     VDAC_TIA_Sleep();
 135              		.loc 1 95 0
 136 000e FFF7FEFF 		bl	VDAC_TIA_Sleep
 137              	.LVL17:
  96:Helper_functions.c ****     Opamp_Aux_Sleep();
 138              		.loc 1 96 0
 139 0012 FFF7FEFF 		bl	Opamp_Aux_Sleep
 140              	.LVL18:
  97:Helper_functions.c ****     PWM_isr_Sleep();
 141              		.loc 1 97 0
 142 0016 FFF7FEFF 		bl	PWM_isr_Sleep
 143              	.LVL19:
 144 001a 08BD     		pop	{r3, pc}
 145              		.cfi_endproc
 146              	.LFE66:
 147              		.size	helper_HardwareSleep, .-helper_HardwareSleep
 148              		.section	.text.helper_HardwareSetup,"ax",%progbits
 149              		.align	2
 150              		.global	helper_HardwareSetup
 151              		.thumb
 152              		.thumb_func
 153              		.type	helper_HardwareSetup, %function
 154              	helper_HardwareSetup:
 155              	.LFB63:
  25:Helper_functions.c ****     helper_HardwareStart();
 156              		.loc 1 25 0
 157              		.cfi_startproc
 158              		@ args = 0, pretend = 0, frame = 0
 159              		@ frame_needed = 0, uses_anonymous_args = 0
 160 0000 08B5     		push	{r3, lr}
 161              		.cfi_def_cfa_offset 8
 162              		.cfi_offset 3, -8
 163              		.cfi_offset 14, -4
  26:Helper_functions.c ****     helper_HardwareSleep();
 164              		.loc 1 26 0
 165 0002 FFF7FEFF 		bl	helper_HardwareStart
 166              	.LVL20:
  27:Helper_functions.c **** 
 167              		.loc 1 27 0
 168 0006 FFF7FEFF 		bl	helper_HardwareSleep
 169              	.LVL21:
  29:Helper_functions.c ****     AMux_TIA_resistor_bypass_Init();
 170              		.loc 1 29 0
 171 000a FFF7FEFF 		bl	AMux_TIA_input_Start
 172              	.LVL22:
  30:Helper_functions.c ****     DVDAC_Start(); 
 173              		.loc 1 30 0
 174 000e FFF7FEFF 		bl	AMux_TIA_resistor_bypass_Start
 175              	.LVL23:
  31:Helper_functions.c ****     
 176              		.loc 1 31 0
 177 0012 FFF7FEFF 		bl	DVDAC_Start
 178              	.LVL24:
  34:Helper_functions.c ****     AMux_TIA_resistor_bypass_Select(0);  // Start with no extra TIA resistor
 179              		.loc 1 34 0
 180 0016 0120     		movs	r0, #1
 181 0018 FFF7FEFF 		bl	AMux_TIA_input_Select
ARM GAS  C:\Users\teo8d\AppData\Local\Temp\cc9JjPJ7.s 			page 6


 182              	.LVL25:
  35:Helper_functions.c **** 
 183              		.loc 1 35 0
 184 001c 0020     		movs	r0, #0
 185 001e FFF7FEFF 		bl	AMux_TIA_resistor_bypass_Select
 186              	.LVL26:
 187 0022 08BD     		pop	{r3, pc}
 188              		.cfi_endproc
 189              	.LFE63:
 190              		.size	helper_HardwareSetup, .-helper_HardwareSetup
 191              		.section	.text.helper_Convert2Dec,"ax",%progbits
 192              		.align	2
 193              		.global	helper_Convert2Dec
 194              		.thumb
 195              		.thumb_func
 196              		.type	helper_Convert2Dec, %function
 197              	helper_Convert2Dec:
 198              	.LFB67:
  98:Helper_functions.c ****     
  99:Helper_functions.c **** }
 100:Helper_functions.c **** 
 101:Helper_functions.c **** uint16 helper_Convert2Dec(uint8 array[], uint8 len){
 199              		.loc 1 101 0
 200              		.cfi_startproc
 201              		@ args = 0, pretend = 0, frame = 0
 202              		@ frame_needed = 0, uses_anonymous_args = 0
 203              		@ link register save eliminated.
 204              	.LVL27:
 205 0000 30B4     		push	{r4, r5}
 206              		.cfi_def_cfa_offset 8
 207              		.cfi_offset 4, -8
 208              		.cfi_offset 5, -4
 209              	.LVL28:
 210              	.LBB2:
 102:Helper_functions.c ****     uint16 num = 0;
 103:Helper_functions.c ****     for (int i = 0; i < len; i++){
 211              		.loc 1 103 0
 212 0002 0024     		movs	r4, #0
 213              	.LBE2:
 102:Helper_functions.c ****     uint16 num = 0;
 214              		.loc 1 102 0
 215 0004 2346     		mov	r3, r4
 216              	.LBB3:
 217              		.loc 1 103 0
 218 0006 08E0     		b	.L12
 219              	.LVL29:
 220              	.L13:
 104:Helper_functions.c ****         num = num * 10 + (array[i] - '0'); // to be checked
 221              		.loc 1 104 0 discriminator 3
 222 0008 025D     		ldrb	r2, [r0, r4]	@ zero_extendqisi2
 223 000a 03EB8303 		add	r3, r3, r3, lsl #2
 224              	.LVL30:
 225 000e 5D00     		lsls	r5, r3, #1
 226 0010 AB18     		adds	r3, r5, r2
 227 0012 9BB2     		uxth	r3, r3
 228 0014 303B     		subs	r3, r3, #48
 229 0016 9BB2     		uxth	r3, r3
ARM GAS  C:\Users\teo8d\AppData\Local\Temp\cc9JjPJ7.s 			page 7


 230              	.LVL31:
 103:Helper_functions.c ****         num = num * 10 + (array[i] - '0'); // to be checked
 231              		.loc 1 103 0 discriminator 3
 232 0018 0134     		adds	r4, r4, #1
 233              	.LVL32:
 234              	.L12:
 103:Helper_functions.c ****         num = num * 10 + (array[i] - '0'); // to be checked
 235              		.loc 1 103 0 is_stmt 0 discriminator 1
 236 001a 8C42     		cmp	r4, r1
 237 001c F4DB     		blt	.L13
 238              	.LBE3:
 105:Helper_functions.c ****     }
 106:Helper_functions.c ****     return num;
 107:Helper_functions.c **** }
 239              		.loc 1 107 0 is_stmt 1
 240 001e 1846     		mov	r0, r3
 241              	.LVL33:
 242 0020 30BC     		pop	{r4, r5}
 243              		.cfi_restore 5
 244              		.cfi_restore 4
 245              		.cfi_def_cfa_offset 0
 246              	.LVL34:
 247 0022 7047     		bx	lr
 248              		.cfi_endproc
 249              	.LFE67:
 250              		.size	helper_Convert2Dec, .-helper_Convert2Dec
 251              		.section	.text.helper_search_max,"ax",%progbits
 252              		.align	2
 253              		.global	helper_search_max
 254              		.thumb
 255              		.thumb_func
 256              		.type	helper_search_max, %function
 257              	helper_search_max:
 258              	.LFB68:
 108:Helper_functions.c **** 
 109:Helper_functions.c **** 
 110:Helper_functions.c **** /******************************************************************************
 111:Helper_functions.c **** * Function Name: helper_search_max
 112:Helper_functions.c **** *******************************************************************************
 113:Helper_functions.c **** *
 114:Helper_functions.c **** * Summary:
 115:Helper_functions.c **** *   Search for a max current value (after a CV scan) and find the corresponding potential value
 116:Helper_functions.c **** *
 117:Helper_functions.c **** *   To be checked:
 118:Helper_functions.c **** *   Is it enough to search for the maximum in this way?
 119:Helper_functions.c **** *******************************************************************************/
 120:Helper_functions.c **** 
 121:Helper_functions.c **** int16 helper_search_max(int16 current_array[], uint16 dimensione_array){
 259              		.loc 1 121 0
 260              		.cfi_startproc
 261              		@ args = 0, pretend = 0, frame = 0
 262              		@ frame_needed = 0, uses_anonymous_args = 0
 263              		@ link register save eliminated.
 264              	.LVL35:
 265 0000 70B4     		push	{r4, r5, r6}
 266              		.cfi_def_cfa_offset 12
 267              		.cfi_offset 4, -12
ARM GAS  C:\Users\teo8d\AppData\Local\Temp\cc9JjPJ7.s 			page 8


 268              		.cfi_offset 5, -8
 269              		.cfi_offset 6, -4
 270              	.LVL36:
 271              	.LBB4:
 122:Helper_functions.c ****     
 123:Helper_functions.c ****     int max_rel=0;
 124:Helper_functions.c ****     int potential_max_current=0;
 125:Helper_functions.c ****     
 126:Helper_functions.c ****     for(int i=1; i< dimensione_array-1; i++){
 272              		.loc 1 126 0
 273 0002 0123     		movs	r3, #1
 274              	.LBE4:
 124:Helper_functions.c ****     
 275              		.loc 1 124 0
 276 0004 0026     		movs	r6, #0
 123:Helper_functions.c ****     int potential_max_current=0;
 277              		.loc 1 123 0
 278 0006 3546     		mov	r5, r6
 279              	.LBB5:
 280              		.loc 1 126 0
 281 0008 14E0     		b	.L16
 282              	.LVL37:
 283              	.L18:
 127:Helper_functions.c ****         
 128:Helper_functions.c ****         if(current_array[i] >= current_array[i-1] && current_array[i]>= current_array[i+1]){
 284              		.loc 1 128 0
 285 000a 30F91340 		ldrsh	r4, [r0, r3, lsl #1]
 286 000e 03F10042 		add	r2, r3, #-2147483648
 287 0012 013A     		subs	r2, r2, #1
 288 0014 30F91220 		ldrsh	r2, [r0, r2, lsl #1]
 289 0018 9442     		cmp	r4, r2
 290 001a 0ADB     		blt	.L17
 291              		.loc 1 128 0 is_stmt 0 discriminator 1
 292 001c 5A1C     		adds	r2, r3, #1
 293 001e 30F91220 		ldrsh	r2, [r0, r2, lsl #1]
 294 0022 9442     		cmp	r4, r2
 295 0024 05DB     		blt	.L17
 129:Helper_functions.c ****             
 130:Helper_functions.c ****             if(current_array[i]>=max_rel){
 296              		.loc 1 130 0 is_stmt 1
 297 0026 A542     		cmp	r5, r4
 298 0028 03DC     		bgt	.L17
 299              	.LVL38:
 131:Helper_functions.c ****                 max_rel=current_array[i];
 132:Helper_functions.c ****                 potential_max_current= waveform_CV_lut[i]; //in theory waveform_CV_lut is global, b
 300              		.loc 1 132 0
 301 002a 054A     		ldr	r2, .L20
 302 002c 32F81360 		ldrh	r6, [r2, r3, lsl #1]
 303              	.LVL39:
 131:Helper_functions.c ****                 max_rel=current_array[i];
 304              		.loc 1 131 0
 305 0030 2546     		mov	r5, r4
 306              	.LVL40:
 307              	.L17:
 126:Helper_functions.c ****         
 308              		.loc 1 126 0 discriminator 2
 309 0032 0133     		adds	r3, r3, #1
ARM GAS  C:\Users\teo8d\AppData\Local\Temp\cc9JjPJ7.s 			page 9


 310              	.LVL41:
 311              	.L16:
 126:Helper_functions.c ****         
 312              		.loc 1 126 0 is_stmt 0 discriminator 1
 313 0034 4A1E     		subs	r2, r1, #1
 314 0036 9342     		cmp	r3, r2
 315 0038 E7DB     		blt	.L18
 316              	.LBE5:
 133:Helper_functions.c ****                 
 134:Helper_functions.c ****             }
 135:Helper_functions.c ****             
 136:Helper_functions.c ****         }
 137:Helper_functions.c ****         
 138:Helper_functions.c ****         
 139:Helper_functions.c ****     }
 140:Helper_functions.c ****     
 141:Helper_functions.c ****     return potential_max_current;
 142:Helper_functions.c ****     
 143:Helper_functions.c ****     
 144:Helper_functions.c **** }
 317              		.loc 1 144 0 is_stmt 1
 318 003a 30B2     		sxth	r0, r6
 319              	.LVL42:
 320 003c 70BC     		pop	{r4, r5, r6}
 321              		.cfi_restore 6
 322              		.cfi_restore 5
 323              		.cfi_restore 4
 324              		.cfi_def_cfa_offset 0
 325              	.LVL43:
 326 003e 7047     		bx	lr
 327              	.L21:
 328              		.align	2
 329              	.L20:
 330 0040 00000000 		.word	waveform_CV_lut
 331              		.cfi_endproc
 332              	.LFE68:
 333              		.size	helper_search_max, .-helper_search_max
 334              		.comm	selected_voltage_source,1,1
 335              		.comm	command_lenght,1,1
 336              		.comm	command,40,4
 337              		.comm	selected_scan_rate,2,2
 338              		.comm	potential_max_current,2,2
 339              		.comm	end_dac_value,2,2
 340              		.comm	start_dac_value,2,2
 341              		.comm	uA_per_adc_count,4,4
 342              		.comm	ADC_CV_array,10000,4
 343              		.comm	lut_length,2,2
 344              		.comm	lut_index,2,2
 345              		.comm	waveform_amp_lut,4000,4
 346              		.comm	waveform_CV_lut,10000,4
 347              		.comm	lut_value,2,2
 348              		.comm	dac_ground_value,2,2
 349              		.comm	Update_timevalue_Flag,1,1
 350              		.comm	Update_endvalue_Flag,1,1
 351              		.comm	Update_startvalue_Flag,1,1
 352              		.comm	Update_scanrate_Flag,1,1
 353              		.comm	Load_EEPROM_Flag,1,1
ARM GAS  C:\Users\teo8d\AppData\Local\Temp\cc9JjPJ7.s 			page 10


 354              		.comm	AMP_ready_Flag,1,1
 355              		.comm	CV_ready_Flag,1,1
 356              		.comm	TIA_Calibration_ended_Flag,1,1
 357              		.comm	Command_ready_Flag,1,1
 358              		.comm	Input_Flag,1,1
 359              		.text
 360              	.Letext0:
 361              		.file 2 "c:\\program files (x86)\\cypress\\psoc creator\\4.4\\psoc creator\\import\\gnu\\arm\\5.4.
 362              		.file 3 "c:\\program files (x86)\\cypress\\psoc creator\\4.4\\psoc creator\\import\\gnu\\arm\\5.4.
 363              		.file 4 "Generated_Source\\PSoC5/cytypes.h"
 364              		.file 5 "Generated_Source\\PSoC5/core_cm3.h"
 365              		.file 6 "Global_variables.h"
 366              		.file 7 "Helper_functions.h"
 367              		.file 8 "Generated_Source\\PSoC5/ADC_SigDel.h"
 368              		.file 9 "Generated_Source\\PSoC5/TIA.h"
 369              		.file 10 "Generated_Source\\PSoC5/VDAC_TIA.h"
 370              		.file 11 "Generated_Source\\PSoC5/Opamp_Aux.h"
 371              		.file 12 "Generated_Source\\PSoC5/PWM_isr.h"
 372              		.file 13 "DVDAC.h"
 373              		.file 14 "Generated_Source\\PSoC5/CyLib.h"
 374              		.file 15 "Generated_Source\\PSoC5/AMux_TIA_input.h"
 375              		.file 16 "Generated_Source\\PSoC5/AMux_TIA_resistor_bypass.h"
 376              		.section	.debug_info,"",%progbits
 377              	.Ldebug_info0:
 378 0000 2B060000 		.4byte	0x62b
 379 0004 0400     		.2byte	0x4
 380 0006 00000000 		.4byte	.Ldebug_abbrev0
 381 000a 04       		.byte	0x4
 382 000b 01       		.uleb128 0x1
 383 000c DE040000 		.4byte	.LASF84
 384 0010 0C       		.byte	0xc
 385 0011 0E000000 		.4byte	.LASF85
 386 0015 E7010000 		.4byte	.LASF86
 387 0019 30000000 		.4byte	.Ldebug_ranges0+0x30
 388 001d 00000000 		.4byte	0
 389 0021 00000000 		.4byte	.Ldebug_line0
 390 0025 02       		.uleb128 0x2
 391 0026 01       		.byte	0x1
 392 0027 06       		.byte	0x6
 393 0028 B7020000 		.4byte	.LASF0
 394 002c 03       		.uleb128 0x3
 395 002d B6010000 		.4byte	.LASF3
 396 0031 02       		.byte	0x2
 397 0032 1D       		.byte	0x1d
 398 0033 37000000 		.4byte	0x37
 399 0037 02       		.uleb128 0x2
 400 0038 01       		.byte	0x1
 401 0039 08       		.byte	0x8
 402 003a 59020000 		.4byte	.LASF1
 403 003e 02       		.uleb128 0x2
 404 003f 02       		.byte	0x2
 405 0040 05       		.byte	0x5
 406 0041 42000000 		.4byte	.LASF2
 407 0045 03       		.uleb128 0x3
 408 0046 76000000 		.4byte	.LASF4
 409 004a 02       		.byte	0x2
 410 004b 2B       		.byte	0x2b
ARM GAS  C:\Users\teo8d\AppData\Local\Temp\cc9JjPJ7.s 			page 11


 411 004c 50000000 		.4byte	0x50
 412 0050 02       		.uleb128 0x2
 413 0051 02       		.byte	0x2
 414 0052 07       		.byte	0x7
 415 0053 1B030000 		.4byte	.LASF5
 416 0057 03       		.uleb128 0x3
 417 0058 6C040000 		.4byte	.LASF6
 418 005c 02       		.byte	0x2
 419 005d 3F       		.byte	0x3f
 420 005e 62000000 		.4byte	0x62
 421 0062 02       		.uleb128 0x2
 422 0063 04       		.byte	0x4
 423 0064 05       		.byte	0x5
 424 0065 50010000 		.4byte	.LASF7
 425 0069 02       		.uleb128 0x2
 426 006a 04       		.byte	0x4
 427 006b 07       		.byte	0x7
 428 006c E2030000 		.4byte	.LASF8
 429 0070 02       		.uleb128 0x2
 430 0071 08       		.byte	0x8
 431 0072 05       		.byte	0x5
 432 0073 16010000 		.4byte	.LASF9
 433 0077 02       		.uleb128 0x2
 434 0078 08       		.byte	0x8
 435 0079 07       		.byte	0x7
 436 007a D6020000 		.4byte	.LASF10
 437 007e 04       		.uleb128 0x4
 438 007f 04       		.byte	0x4
 439 0080 05       		.byte	0x5
 440 0081 696E7400 		.ascii	"int\000"
 441 0085 02       		.uleb128 0x2
 442 0086 04       		.byte	0x4
 443 0087 07       		.byte	0x7
 444 0088 ED020000 		.4byte	.LASF11
 445 008c 03       		.uleb128 0x3
 446 008d 82040000 		.4byte	.LASF12
 447 0091 03       		.byte	0x3
 448 0092 18       		.byte	0x18
 449 0093 2C000000 		.4byte	0x2c
 450 0097 03       		.uleb128 0x3
 451 0098 FA020000 		.4byte	.LASF13
 452 009c 03       		.byte	0x3
 453 009d 24       		.byte	0x24
 454 009e 45000000 		.4byte	0x45
 455 00a2 03       		.uleb128 0x3
 456 00a3 67030000 		.4byte	.LASF14
 457 00a7 03       		.byte	0x3
 458 00a8 2C       		.byte	0x2c
 459 00a9 57000000 		.4byte	0x57
 460 00ad 05       		.uleb128 0x5
 461 00ae D1000000 		.4byte	.LASF15
 462 00b2 04       		.byte	0x4
 463 00b3 E901     		.2byte	0x1e9
 464 00b5 37000000 		.4byte	0x37
 465 00b9 05       		.uleb128 0x5
 466 00ba A1000000 		.4byte	.LASF16
 467 00be 04       		.byte	0x4
ARM GAS  C:\Users\teo8d\AppData\Local\Temp\cc9JjPJ7.s 			page 12


 468 00bf EA01     		.2byte	0x1ea
 469 00c1 50000000 		.4byte	0x50
 470 00c5 05       		.uleb128 0x5
 471 00c6 BD000000 		.4byte	.LASF17
 472 00ca 04       		.byte	0x4
 473 00cb ED01     		.2byte	0x1ed
 474 00cd 3E000000 		.4byte	0x3e
 475 00d1 05       		.uleb128 0x5
 476 00d2 90050000 		.4byte	.LASF18
 477 00d6 04       		.byte	0x4
 478 00d7 EF01     		.2byte	0x1ef
 479 00d9 DD000000 		.4byte	0xdd
 480 00dd 02       		.uleb128 0x2
 481 00de 04       		.byte	0x4
 482 00df 04       		.byte	0x4
 483 00e0 03010000 		.4byte	.LASF19
 484 00e4 02       		.uleb128 0x2
 485 00e5 08       		.byte	0x8
 486 00e6 04       		.byte	0x4
 487 00e7 BE040000 		.4byte	.LASF20
 488 00eb 02       		.uleb128 0x2
 489 00ec 01       		.byte	0x1
 490 00ed 08       		.byte	0x8
 491 00ee 4A030000 		.4byte	.LASF21
 492 00f2 02       		.uleb128 0x2
 493 00f3 08       		.byte	0x8
 494 00f4 04       		.byte	0x4
 495 00f5 4D020000 		.4byte	.LASF22
 496 00f9 02       		.uleb128 0x2
 497 00fa 04       		.byte	0x4
 498 00fb 07       		.byte	0x7
 499 00fc 4C000000 		.4byte	.LASF23
 500 0100 06       		.uleb128 0x6
 501 0101 C3030000 		.4byte	.LASF24
 502 0105 01       		.byte	0x1
 503 0106 30       		.byte	0x30
 504 0107 00000000 		.4byte	.LFB64
 505 010b 18000000 		.4byte	.LFE64-.LFB64
 506 010f 01       		.uleb128 0x1
 507 0110 9C       		.byte	0x9c
 508 0111 43010000 		.4byte	0x143
 509 0115 07       		.uleb128 0x7
 510 0116 06000000 		.4byte	.LVL0
 511 011a 26050000 		.4byte	0x526
 512 011e 07       		.uleb128 0x7
 513 011f 0A000000 		.4byte	.LVL1
 514 0123 31050000 		.4byte	0x531
 515 0127 07       		.uleb128 0x7
 516 0128 0E000000 		.4byte	.LVL2
 517 012c 3C050000 		.4byte	0x53c
 518 0130 07       		.uleb128 0x7
 519 0131 12000000 		.4byte	.LVL3
 520 0135 47050000 		.4byte	0x547
 521 0139 07       		.uleb128 0x7
 522 013a 16000000 		.4byte	.LVL4
 523 013e 52050000 		.4byte	0x552
 524 0142 00       		.byte	0
ARM GAS  C:\Users\teo8d\AppData\Local\Temp\cc9JjPJ7.s 			page 13


 525 0143 06       		.uleb128 0x6
 526 0144 56040000 		.4byte	.LASF25
 527 0148 01       		.byte	0x1
 528 0149 44       		.byte	0x44
 529 014a 00000000 		.4byte	.LFB65
 530 014e 34000000 		.4byte	.LFE65-.LFB65
 531 0152 01       		.uleb128 0x1
 532 0153 9C       		.byte	0x9c
 533 0154 BE010000 		.4byte	0x1be
 534 0158 07       		.uleb128 0x7
 535 0159 06000000 		.4byte	.LVL5
 536 015d 5D050000 		.4byte	0x55d
 537 0161 07       		.uleb128 0x7
 538 0162 0A000000 		.4byte	.LVL6
 539 0166 68050000 		.4byte	0x568
 540 016a 07       		.uleb128 0x7
 541 016b 0E000000 		.4byte	.LVL7
 542 016f 73050000 		.4byte	0x573
 543 0173 07       		.uleb128 0x7
 544 0174 12000000 		.4byte	.LVL8
 545 0178 7E050000 		.4byte	0x57e
 546 017c 08       		.uleb128 0x8
 547 017d 18000000 		.4byte	.LVL9
 548 0181 89050000 		.4byte	0x589
 549 0185 8F010000 		.4byte	0x18f
 550 0189 09       		.uleb128 0x9
 551 018a 01       		.uleb128 0x1
 552 018b 50       		.byte	0x50
 553 018c 01       		.uleb128 0x1
 554 018d 31       		.byte	0x31
 555 018e 00       		.byte	0
 556 018f 07       		.uleb128 0x7
 557 0190 20000000 		.4byte	.LVL10
 558 0194 94050000 		.4byte	0x594
 559 0198 08       		.uleb128 0x8
 560 0199 26000000 		.4byte	.LVL11
 561 019d 89050000 		.4byte	0x589
 562 01a1 AB010000 		.4byte	0x1ab
 563 01a5 09       		.uleb128 0x9
 564 01a6 01       		.uleb128 0x1
 565 01a7 50       		.byte	0x50
 566 01a8 01       		.uleb128 0x1
 567 01a9 3A       		.byte	0x3a
 568 01aa 00       		.byte	0
 569 01ab 07       		.uleb128 0x7
 570 01ac 2A000000 		.4byte	.LVL12
 571 01b0 9F050000 		.4byte	0x59f
 572 01b4 07       		.uleb128 0x7
 573 01b5 2E000000 		.4byte	.LVL13
 574 01b9 AA050000 		.4byte	0x5aa
 575 01bd 00       		.byte	0
 576 01be 06       		.uleb128 0x6
 577 01bf 05040000 		.4byte	.LASF26
 578 01c3 01       		.byte	0x1
 579 01c4 5B       		.byte	0x5b
 580 01c5 00000000 		.4byte	.LFB66
 581 01c9 1C000000 		.4byte	.LFE66-.LFB66
ARM GAS  C:\Users\teo8d\AppData\Local\Temp\cc9JjPJ7.s 			page 14


 582 01cd 01       		.uleb128 0x1
 583 01ce 9C       		.byte	0x9c
 584 01cf 0A020000 		.4byte	0x20a
 585 01d3 07       		.uleb128 0x7
 586 01d4 06000000 		.4byte	.LVL14
 587 01d8 B5050000 		.4byte	0x5b5
 588 01dc 07       		.uleb128 0x7
 589 01dd 0A000000 		.4byte	.LVL15
 590 01e1 C0050000 		.4byte	0x5c0
 591 01e5 07       		.uleb128 0x7
 592 01e6 0E000000 		.4byte	.LVL16
 593 01ea CB050000 		.4byte	0x5cb
 594 01ee 07       		.uleb128 0x7
 595 01ef 12000000 		.4byte	.LVL17
 596 01f3 D6050000 		.4byte	0x5d6
 597 01f7 07       		.uleb128 0x7
 598 01f8 16000000 		.4byte	.LVL18
 599 01fc E1050000 		.4byte	0x5e1
 600 0200 07       		.uleb128 0x7
 601 0201 1A000000 		.4byte	.LVL19
 602 0205 EC050000 		.4byte	0x5ec
 603 0209 00       		.byte	0
 604 020a 06       		.uleb128 0x6
 605 020b 67020000 		.4byte	.LASF27
 606 020f 01       		.byte	0x1
 607 0210 19       		.byte	0x19
 608 0211 00000000 		.4byte	.LFB63
 609 0215 24000000 		.4byte	.LFE63-.LFB63
 610 0219 01       		.uleb128 0x1
 611 021a 9C       		.byte	0x9c
 612 021b 6F020000 		.4byte	0x26f
 613 021f 07       		.uleb128 0x7
 614 0220 06000000 		.4byte	.LVL20
 615 0224 00010000 		.4byte	0x100
 616 0228 07       		.uleb128 0x7
 617 0229 0A000000 		.4byte	.LVL21
 618 022d BE010000 		.4byte	0x1be
 619 0231 07       		.uleb128 0x7
 620 0232 0E000000 		.4byte	.LVL22
 621 0236 F7050000 		.4byte	0x5f7
 622 023a 07       		.uleb128 0x7
 623 023b 12000000 		.4byte	.LVL23
 624 023f 02060000 		.4byte	0x602
 625 0243 07       		.uleb128 0x7
 626 0244 16000000 		.4byte	.LVL24
 627 0248 0D060000 		.4byte	0x60d
 628 024c 08       		.uleb128 0x8
 629 024d 1C000000 		.4byte	.LVL25
 630 0251 18060000 		.4byte	0x618
 631 0255 5F020000 		.4byte	0x25f
 632 0259 09       		.uleb128 0x9
 633 025a 01       		.uleb128 0x1
 634 025b 50       		.byte	0x50
 635 025c 01       		.uleb128 0x1
 636 025d 31       		.byte	0x31
 637 025e 00       		.byte	0
 638 025f 0A       		.uleb128 0xa
ARM GAS  C:\Users\teo8d\AppData\Local\Temp\cc9JjPJ7.s 			page 15


 639 0260 22000000 		.4byte	.LVL26
 640 0264 23060000 		.4byte	0x623
 641 0268 09       		.uleb128 0x9
 642 0269 01       		.uleb128 0x1
 643 026a 50       		.byte	0x50
 644 026b 01       		.uleb128 0x1
 645 026c 30       		.byte	0x30
 646 026d 00       		.byte	0
 647 026e 00       		.byte	0
 648 026f 0B       		.uleb128 0xb
 649 0270 C3020000 		.4byte	.LASF29
 650 0274 01       		.byte	0x1
 651 0275 65       		.byte	0x65
 652 0276 B9000000 		.4byte	0xb9
 653 027a 00000000 		.4byte	.LFB67
 654 027e 24000000 		.4byte	.LFE67-.LFB67
 655 0282 01       		.uleb128 0x1
 656 0283 9C       		.byte	0x9c
 657 0284 C7020000 		.4byte	0x2c7
 658 0288 0C       		.uleb128 0xc
 659 0289 31040000 		.4byte	.LASF28
 660 028d 01       		.byte	0x1
 661 028e 65       		.byte	0x65
 662 028f C7020000 		.4byte	0x2c7
 663 0293 00000000 		.4byte	.LLST0
 664 0297 0D       		.uleb128 0xd
 665 0298 6C656E00 		.ascii	"len\000"
 666 029c 01       		.byte	0x1
 667 029d 65       		.byte	0x65
 668 029e AD000000 		.4byte	0xad
 669 02a2 01       		.uleb128 0x1
 670 02a3 51       		.byte	0x51
 671 02a4 0E       		.uleb128 0xe
 672 02a5 6E756D00 		.ascii	"num\000"
 673 02a9 01       		.byte	0x1
 674 02aa 66       		.byte	0x66
 675 02ab B9000000 		.4byte	0xb9
 676 02af 21000000 		.4byte	.LLST1
 677 02b3 0F       		.uleb128 0xf
 678 02b4 00000000 		.4byte	.Ldebug_ranges0+0
 679 02b8 0E       		.uleb128 0xe
 680 02b9 6900     		.ascii	"i\000"
 681 02bb 01       		.byte	0x1
 682 02bc 67       		.byte	0x67
 683 02bd 7E000000 		.4byte	0x7e
 684 02c1 4B000000 		.4byte	.LLST2
 685 02c5 00       		.byte	0
 686 02c6 00       		.byte	0
 687 02c7 10       		.uleb128 0x10
 688 02c8 04       		.byte	0x4
 689 02c9 AD000000 		.4byte	0xad
 690 02cd 0B       		.uleb128 0xb
 691 02ce 59010000 		.4byte	.LASF30
 692 02d2 01       		.byte	0x1
 693 02d3 79       		.byte	0x79
 694 02d4 C5000000 		.4byte	0xc5
 695 02d8 00000000 		.4byte	.LFB68
ARM GAS  C:\Users\teo8d\AppData\Local\Temp\cc9JjPJ7.s 			page 16


 696 02dc 44000000 		.4byte	.LFE68-.LFB68
 697 02e0 01       		.uleb128 0x1
 698 02e1 9C       		.byte	0x9c
 699 02e2 34030000 		.4byte	0x334
 700 02e6 0C       		.uleb128 0xc
 701 02e7 E6000000 		.4byte	.LASF31
 702 02eb 01       		.byte	0x1
 703 02ec 79       		.byte	0x79
 704 02ed 34030000 		.4byte	0x334
 705 02f1 6A000000 		.4byte	.LLST3
 706 02f5 11       		.uleb128 0x11
 707 02f6 7F050000 		.4byte	.LASF32
 708 02fa 01       		.byte	0x1
 709 02fb 79       		.byte	0x79
 710 02fc B9000000 		.4byte	0xb9
 711 0300 01       		.uleb128 0x1
 712 0301 51       		.byte	0x51
 713 0302 12       		.uleb128 0x12
 714 0303 8C010000 		.4byte	.LASF33
 715 0307 01       		.byte	0x1
 716 0308 7B       		.byte	0x7b
 717 0309 7E000000 		.4byte	0x7e
 718 030d 8B000000 		.4byte	.LLST4
 719 0311 12       		.uleb128 0x12
 720 0312 D1010000 		.4byte	.LASF34
 721 0316 01       		.byte	0x1
 722 0317 7C       		.byte	0x7c
 723 0318 7E000000 		.4byte	0x7e
 724 031c C0000000 		.4byte	.LLST5
 725 0320 0F       		.uleb128 0xf
 726 0321 18000000 		.4byte	.Ldebug_ranges0+0x18
 727 0325 0E       		.uleb128 0xe
 728 0326 6900     		.ascii	"i\000"
 729 0328 01       		.byte	0x1
 730 0329 7E       		.byte	0x7e
 731 032a 7E000000 		.4byte	0x7e
 732 032e DF000000 		.4byte	.LLST6
 733 0332 00       		.byte	0
 734 0333 00       		.byte	0
 735 0334 10       		.uleb128 0x10
 736 0335 04       		.byte	0x4
 737 0336 C5000000 		.4byte	0xc5
 738 033a 13       		.uleb128 0x13
 739 033b D1040000 		.4byte	.LASF35
 740 033f 05       		.byte	0x5
 741 0340 1207     		.2byte	0x712
 742 0342 46030000 		.4byte	0x346
 743 0346 14       		.uleb128 0x14
 744 0347 A2000000 		.4byte	0xa2
 745 034b 15       		.uleb128 0x15
 746 034c 74050000 		.4byte	.LASF36
 747 0350 06       		.byte	0x6
 748 0351 1F       		.byte	0x1f
 749 0352 AD000000 		.4byte	0xad
 750 0356 05       		.uleb128 0x5
 751 0357 03       		.byte	0x3
 752 0358 00000000 		.4byte	Input_Flag
ARM GAS  C:\Users\teo8d\AppData\Local\Temp\cc9JjPJ7.s 			page 17


 753 035c 15       		.uleb128 0x15
 754 035d A0040000 		.4byte	.LASF37
 755 0361 06       		.byte	0x6
 756 0362 20       		.byte	0x20
 757 0363 AD000000 		.4byte	0xad
 758 0367 05       		.uleb128 0x5
 759 0368 03       		.byte	0x3
 760 0369 00000000 		.4byte	Command_ready_Flag
 761 036d 15       		.uleb128 0x15
 762 036e 24010000 		.4byte	.LASF38
 763 0372 06       		.byte	0x6
 764 0373 21       		.byte	0x21
 765 0374 8C000000 		.4byte	0x8c
 766 0378 05       		.uleb128 0x5
 767 0379 03       		.byte	0x3
 768 037a 00000000 		.4byte	TIA_Calibration_ended_Flag
 769 037e 15       		.uleb128 0x15
 770 037f C3000000 		.4byte	.LASF39
 771 0383 06       		.byte	0x6
 772 0384 22       		.byte	0x22
 773 0385 8C000000 		.4byte	0x8c
 774 0389 05       		.uleb128 0x5
 775 038a 03       		.byte	0x3
 776 038b 00000000 		.4byte	CV_ready_Flag
 777 038f 15       		.uleb128 0x15
 778 0390 A5030000 		.4byte	.LASF40
 779 0394 06       		.byte	0x6
 780 0395 23       		.byte	0x23
 781 0396 8C000000 		.4byte	0x8c
 782 039a 05       		.uleb128 0x5
 783 039b 03       		.byte	0x3
 784 039c 00000000 		.4byte	AMP_ready_Flag
 785 03a0 15       		.uleb128 0x15
 786 03a1 F4030000 		.4byte	.LASF41
 787 03a5 06       		.byte	0x6
 788 03a6 24       		.byte	0x24
 789 03a7 8C000000 		.4byte	0x8c
 790 03ab 05       		.uleb128 0x5
 791 03ac 03       		.byte	0x3
 792 03ad 00000000 		.4byte	Load_EEPROM_Flag
 793 03b1 15       		.uleb128 0x15
 794 03b2 A8000000 		.4byte	.LASF42
 795 03b6 06       		.byte	0x6
 796 03b7 25       		.byte	0x25
 797 03b8 8C000000 		.4byte	0x8c
 798 03bc 05       		.uleb128 0x5
 799 03bd 03       		.byte	0x3
 800 03be 00000000 		.4byte	Update_scanrate_Flag
 801 03c2 15       		.uleb128 0x15
 802 03c3 1A040000 		.4byte	.LASF43
 803 03c7 06       		.byte	0x6
 804 03c8 26       		.byte	0x26
 805 03c9 8C000000 		.4byte	0x8c
 806 03cd 05       		.uleb128 0x5
 807 03ce 03       		.byte	0x3
 808 03cf 00000000 		.4byte	Update_startvalue_Flag
 809 03d3 15       		.uleb128 0x15
ARM GAS  C:\Users\teo8d\AppData\Local\Temp\cc9JjPJ7.s 			page 18


 810 03d4 A2020000 		.4byte	.LASF44
 811 03d8 06       		.byte	0x6
 812 03d9 27       		.byte	0x27
 813 03da 8C000000 		.4byte	0x8c
 814 03de 05       		.uleb128 0x5
 815 03df 03       		.byte	0x3
 816 03e0 00000000 		.4byte	Update_endvalue_Flag
 817 03e4 15       		.uleb128 0x15
 818 03e5 8A040000 		.4byte	.LASF45
 819 03e9 06       		.byte	0x6
 820 03ea 28       		.byte	0x28
 821 03eb 8C000000 		.4byte	0x8c
 822 03ef 05       		.uleb128 0x5
 823 03f0 03       		.byte	0x3
 824 03f1 00000000 		.4byte	Update_timevalue_Flag
 825 03f5 15       		.uleb128 0x15
 826 03f6 55000000 		.4byte	.LASF46
 827 03fa 06       		.byte	0x6
 828 03fb 43       		.byte	0x43
 829 03fc B9000000 		.4byte	0xb9
 830 0400 05       		.uleb128 0x5
 831 0401 03       		.byte	0x3
 832 0402 00000000 		.4byte	dac_ground_value
 833 0406 15       		.uleb128 0x15
 834 0407 5D030000 		.4byte	.LASF47
 835 040b 06       		.byte	0x6
 836 040c 47       		.byte	0x47
 837 040d B9000000 		.4byte	0xb9
 838 0411 05       		.uleb128 0x5
 839 0412 03       		.byte	0x3
 840 0413 00000000 		.4byte	lut_value
 841 0417 16       		.uleb128 0x16
 842 0418 B9000000 		.4byte	0xb9
 843 041c 28040000 		.4byte	0x428
 844 0420 17       		.uleb128 0x17
 845 0421 F9000000 		.4byte	0xf9
 846 0425 8713     		.2byte	0x1387
 847 0427 00       		.byte	0
 848 0428 15       		.uleb128 0x15
 849 0429 92020000 		.4byte	.LASF48
 850 042d 06       		.byte	0x6
 851 042e 48       		.byte	0x48
 852 042f 17040000 		.4byte	0x417
 853 0433 05       		.uleb128 0x5
 854 0434 03       		.byte	0x3
 855 0435 00000000 		.4byte	waveform_CV_lut
 856 0439 16       		.uleb128 0x16
 857 043a B9000000 		.4byte	0xb9
 858 043e 4A040000 		.4byte	0x44a
 859 0442 17       		.uleb128 0x17
 860 0443 F9000000 		.4byte	0xf9
 861 0447 CF07     		.2byte	0x7cf
 862 0449 00       		.byte	0
 863 044a 15       		.uleb128 0x15
 864 044b C0010000 		.4byte	.LASF49
 865 044f 06       		.byte	0x6
 866 0450 49       		.byte	0x49
ARM GAS  C:\Users\teo8d\AppData\Local\Temp\cc9JjPJ7.s 			page 19


 867 0451 39040000 		.4byte	0x439
 868 0455 05       		.uleb128 0x5
 869 0456 03       		.byte	0x3
 870 0457 00000000 		.4byte	waveform_amp_lut
 871 045b 15       		.uleb128 0x15
 872 045c 9B030000 		.4byte	.LASF50
 873 0460 06       		.byte	0x6
 874 0461 4A       		.byte	0x4a
 875 0462 B9000000 		.4byte	0xb9
 876 0466 05       		.uleb128 0x5
 877 0467 03       		.byte	0x3
 878 0468 00000000 		.4byte	lut_index
 879 046c 15       		.uleb128 0x15
 880 046d B3040000 		.4byte	.LASF51
 881 0471 06       		.byte	0x6
 882 0472 4B       		.byte	0x4b
 883 0473 97000000 		.4byte	0x97
 884 0477 05       		.uleb128 0x5
 885 0478 03       		.byte	0x3
 886 0479 00000000 		.4byte	lut_length
 887 047d 15       		.uleb128 0x15
 888 047e 09010000 		.4byte	.LASF52
 889 0482 06       		.byte	0x6
 890 0483 4C       		.byte	0x4c
 891 0484 17040000 		.4byte	0x417
 892 0488 05       		.uleb128 0x5
 893 0489 03       		.byte	0x3
 894 048a 00000000 		.4byte	ADC_CV_array
 895 048e 15       		.uleb128 0x15
 896 048f 21000000 		.4byte	.LASF53
 897 0493 06       		.byte	0x6
 898 0494 4D       		.byte	0x4d
 899 0495 D1000000 		.4byte	0xd1
 900 0499 05       		.uleb128 0x5
 901 049a 03       		.byte	0x3
 902 049b 00000000 		.4byte	uA_per_adc_count
 903 049f 15       		.uleb128 0x15
 904 04a0 32000000 		.4byte	.LASF54
 905 04a4 06       		.byte	0x6
 906 04a5 50       		.byte	0x50
 907 04a6 B9000000 		.4byte	0xb9
 908 04aa 05       		.uleb128 0x5
 909 04ab 03       		.byte	0x3
 910 04ac 00000000 		.4byte	start_dac_value
 911 04b0 15       		.uleb128 0x15
 912 04b1 BE050000 		.4byte	.LASF55
 913 04b5 06       		.byte	0x6
 914 04b6 51       		.byte	0x51
 915 04b7 B9000000 		.4byte	0xb9
 916 04bb 05       		.uleb128 0x5
 917 04bc 03       		.byte	0x3
 918 04bd 00000000 		.4byte	end_dac_value
 919 04c1 15       		.uleb128 0x15
 920 04c2 D1010000 		.4byte	.LASF34
 921 04c6 06       		.byte	0x6
 922 04c7 52       		.byte	0x52
 923 04c8 C5000000 		.4byte	0xc5
ARM GAS  C:\Users\teo8d\AppData\Local\Temp\cc9JjPJ7.s 			page 20


 924 04cc 05       		.uleb128 0x5
 925 04cd 03       		.byte	0x3
 926 04ce 00000000 		.4byte	potential_max_current
 927 04d2 15       		.uleb128 0x15
 928 04d3 3A020000 		.4byte	.LASF56
 929 04d7 06       		.byte	0x6
 930 04d8 53       		.byte	0x53
 931 04d9 B9000000 		.4byte	0xb9
 932 04dd 05       		.uleb128 0x5
 933 04de 03       		.byte	0x3
 934 04df 00000000 		.4byte	selected_scan_rate
 935 04e3 16       		.uleb128 0x16
 936 04e4 8C000000 		.4byte	0x8c
 937 04e8 F3040000 		.4byte	0x4f3
 938 04ec 18       		.uleb128 0x18
 939 04ed F9000000 		.4byte	0xf9
 940 04f1 27       		.byte	0x27
 941 04f2 00       		.byte	0
 942 04f3 15       		.uleb128 0x15
 943 04f4 98050000 		.4byte	.LASF57
 944 04f8 06       		.byte	0x6
 945 04f9 58       		.byte	0x58
 946 04fa E3040000 		.4byte	0x4e3
 947 04fe 05       		.uleb128 0x5
 948 04ff 03       		.byte	0x3
 949 0500 00000000 		.4byte	command
 950 0504 15       		.uleb128 0x15
 951 0505 F4000000 		.4byte	.LASF58
 952 0509 06       		.byte	0x6
 953 050a 59       		.byte	0x59
 954 050b 8C000000 		.4byte	0x8c
 955 050f 05       		.uleb128 0x5
 956 0510 03       		.byte	0x3
 957 0511 00000000 		.4byte	command_lenght
 958 0515 15       		.uleb128 0x15
 959 0516 03030000 		.4byte	.LASF59
 960 051a 07       		.byte	0x7
 961 051b 15       		.byte	0x15
 962 051c AD000000 		.4byte	0xad
 963 0520 05       		.uleb128 0x5
 964 0521 03       		.byte	0x3
 965 0522 00000000 		.4byte	selected_voltage_source
 966 0526 19       		.uleb128 0x19
 967 0527 7B010000 		.4byte	.LASF60
 968 052b 7B010000 		.4byte	.LASF60
 969 052f 08       		.byte	0x8
 970 0530 3A       		.byte	0x3a
 971 0531 19       		.uleb128 0x19
 972 0532 91030000 		.4byte	.LASF61
 973 0536 91030000 		.4byte	.LASF61
 974 053a 09       		.byte	0x9
 975 053b 3D       		.byte	0x3d
 976 053c 19       		.uleb128 0x19
 977 053d B4030000 		.4byte	.LASF62
 978 0541 B4030000 		.4byte	.LASF62
 979 0545 0A       		.byte	0xa
 980 0546 33       		.byte	0x33
ARM GAS  C:\Users\teo8d\AppData\Local\Temp\cc9JjPJ7.s 			page 21


 981 0547 19       		.uleb128 0x19
 982 0548 A6010000 		.4byte	.LASF63
 983 054c A6010000 		.4byte	.LASF63
 984 0550 0B       		.byte	0xb
 985 0551 33       		.byte	0x33
 986 0552 19       		.uleb128 0x19
 987 0553 4F030000 		.4byte	.LASF64
 988 0557 4F030000 		.4byte	.LASF64
 989 055b 0C       		.byte	0xc
 990 055c 92       		.byte	0x92
 991 055d 19       		.uleb128 0x19
 992 055e 94010000 		.4byte	.LASF65
 993 0562 94010000 		.4byte	.LASF65
 994 0566 08       		.byte	0x8
 995 0567 4B       		.byte	0x4b
 996 0568 19       		.uleb128 0x19
 997 0569 2E030000 		.4byte	.LASF66
 998 056d 2E030000 		.4byte	.LASF66
 999 0571 09       		.byte	0x9
 1000 0572 43       		.byte	0x43
 1001 0573 19       		.uleb128 0x19
 1002 0574 66000000 		.4byte	.LASF67
 1003 0578 66000000 		.4byte	.LASF67
 1004 057c 0A       		.byte	0xa
 1005 057d 3E       		.byte	0x3e
 1006 057e 19       		.uleb128 0x19
 1007 057f 84030000 		.4byte	.LASF68
 1008 0583 84030000 		.4byte	.LASF68
 1009 0587 0D       		.byte	0xd
 1010 0588 27       		.byte	0x27
 1011 0589 19       		.uleb128 0x19
 1012 058a 6C050000 		.4byte	.LASF69
 1013 058e 6C050000 		.4byte	.LASF69
 1014 0592 0E       		.byte	0xe
 1015 0593 76       		.byte	0x76
 1016 0594 19       		.uleb128 0x19
 1017 0595 A0050000 		.4byte	.LASF70
 1018 0599 A0050000 		.4byte	.LASF70
 1019 059d 0D       		.byte	0xd
 1020 059e 28       		.byte	0x28
 1021 059f 19       		.uleb128 0x19
 1022 05a0 39030000 		.4byte	.LASF71
 1023 05a4 39030000 		.4byte	.LASF71
 1024 05a8 0B       		.byte	0xb
 1025 05a9 37       		.byte	0x37
 1026 05aa 19       		.uleb128 0x19
 1027 05ab AF050000 		.4byte	.LASF72
 1028 05af AF050000 		.4byte	.LASF72
 1029 05b3 0C       		.byte	0xc
 1030 05b4 DD       		.byte	0xdd
 1031 05b5 19       		.uleb128 0x19
 1032 05b6 3F010000 		.4byte	.LASF73
 1033 05ba 3F010000 		.4byte	.LASF73
 1034 05be 08       		.byte	0x8
 1035 05bf 4A       		.byte	0x4a
 1036 05c0 19       		.uleb128 0x19
 1037 05c1 C5040000 		.4byte	.LASF74
ARM GAS  C:\Users\teo8d\AppData\Local\Temp\cc9JjPJ7.s 			page 22


 1038 05c5 C5040000 		.4byte	.LASF74
 1039 05c9 0D       		.byte	0xd
 1040 05ca 26       		.byte	0x26
 1041 05cb 19       		.uleb128 0x19
 1042 05cc D8030000 		.4byte	.LASF75
 1043 05d0 D8030000 		.4byte	.LASF75
 1044 05d4 09       		.byte	0x9
 1045 05d5 42       		.byte	0x42
 1046 05d6 19       		.uleb128 0x19
 1047 05d7 D7000000 		.4byte	.LASF76
 1048 05db D7000000 		.4byte	.LASF76
 1049 05df 0A       		.byte	0xa
 1050 05e0 3D       		.byte	0x3d
 1051 05e1 19       		.uleb128 0x19
 1052 05e2 6B010000 		.4byte	.LASF77
 1053 05e6 6B010000 		.4byte	.LASF77
 1054 05ea 0B       		.byte	0xb
 1055 05eb 36       		.byte	0x36
 1056 05ec 19       		.uleb128 0x19
 1057 05ed 00000000 		.4byte	.LASF78
 1058 05f1 00000000 		.4byte	.LASF78
 1059 05f5 0C       		.byte	0xc
 1060 05f6 DC       		.byte	0xdc
 1061 05f7 19       		.uleb128 0x19
 1062 05f8 6F030000 		.4byte	.LASF79
 1063 05fc 6F030000 		.4byte	.LASF79
 1064 0600 0F       		.byte	0xf
 1065 0601 25       		.byte	0x25
 1066 0602 19       		.uleb128 0x19
 1067 0603 37040000 		.4byte	.LASF80
 1068 0607 37040000 		.4byte	.LASF80
 1069 060b 10       		.byte	0x10
 1070 060c 25       		.byte	0x25
 1071 060d 19       		.uleb128 0x19
 1072 060e 76040000 		.4byte	.LASF81
 1073 0612 76040000 		.4byte	.LASF81
 1074 0616 0D       		.byte	0xd
 1075 0617 25       		.byte	0x25
 1076 0618 19       		.uleb128 0x19
 1077 0619 7C020000 		.4byte	.LASF82
 1078 061d 7C020000 		.4byte	.LASF82
 1079 0621 0F       		.byte	0xf
 1080 0622 57       		.byte	0x57
 1081 0623 19       		.uleb128 0x19
 1082 0624 81000000 		.4byte	.LASF83
 1083 0628 81000000 		.4byte	.LASF83
 1084 062c 10       		.byte	0x10
 1085 062d 57       		.byte	0x57
 1086 062e 00       		.byte	0
 1087              		.section	.debug_abbrev,"",%progbits
 1088              	.Ldebug_abbrev0:
 1089 0000 01       		.uleb128 0x1
 1090 0001 11       		.uleb128 0x11
 1091 0002 01       		.byte	0x1
 1092 0003 25       		.uleb128 0x25
 1093 0004 0E       		.uleb128 0xe
 1094 0005 13       		.uleb128 0x13
ARM GAS  C:\Users\teo8d\AppData\Local\Temp\cc9JjPJ7.s 			page 23


 1095 0006 0B       		.uleb128 0xb
 1096 0007 03       		.uleb128 0x3
 1097 0008 0E       		.uleb128 0xe
 1098 0009 1B       		.uleb128 0x1b
 1099 000a 0E       		.uleb128 0xe
 1100 000b 55       		.uleb128 0x55
 1101 000c 17       		.uleb128 0x17
 1102 000d 11       		.uleb128 0x11
 1103 000e 01       		.uleb128 0x1
 1104 000f 10       		.uleb128 0x10
 1105 0010 17       		.uleb128 0x17
 1106 0011 00       		.byte	0
 1107 0012 00       		.byte	0
 1108 0013 02       		.uleb128 0x2
 1109 0014 24       		.uleb128 0x24
 1110 0015 00       		.byte	0
 1111 0016 0B       		.uleb128 0xb
 1112 0017 0B       		.uleb128 0xb
 1113 0018 3E       		.uleb128 0x3e
 1114 0019 0B       		.uleb128 0xb
 1115 001a 03       		.uleb128 0x3
 1116 001b 0E       		.uleb128 0xe
 1117 001c 00       		.byte	0
 1118 001d 00       		.byte	0
 1119 001e 03       		.uleb128 0x3
 1120 001f 16       		.uleb128 0x16
 1121 0020 00       		.byte	0
 1122 0021 03       		.uleb128 0x3
 1123 0022 0E       		.uleb128 0xe
 1124 0023 3A       		.uleb128 0x3a
 1125 0024 0B       		.uleb128 0xb
 1126 0025 3B       		.uleb128 0x3b
 1127 0026 0B       		.uleb128 0xb
 1128 0027 49       		.uleb128 0x49
 1129 0028 13       		.uleb128 0x13
 1130 0029 00       		.byte	0
 1131 002a 00       		.byte	0
 1132 002b 04       		.uleb128 0x4
 1133 002c 24       		.uleb128 0x24
 1134 002d 00       		.byte	0
 1135 002e 0B       		.uleb128 0xb
 1136 002f 0B       		.uleb128 0xb
 1137 0030 3E       		.uleb128 0x3e
 1138 0031 0B       		.uleb128 0xb
 1139 0032 03       		.uleb128 0x3
 1140 0033 08       		.uleb128 0x8
 1141 0034 00       		.byte	0
 1142 0035 00       		.byte	0
 1143 0036 05       		.uleb128 0x5
 1144 0037 16       		.uleb128 0x16
 1145 0038 00       		.byte	0
 1146 0039 03       		.uleb128 0x3
 1147 003a 0E       		.uleb128 0xe
 1148 003b 3A       		.uleb128 0x3a
 1149 003c 0B       		.uleb128 0xb
 1150 003d 3B       		.uleb128 0x3b
 1151 003e 05       		.uleb128 0x5
ARM GAS  C:\Users\teo8d\AppData\Local\Temp\cc9JjPJ7.s 			page 24


 1152 003f 49       		.uleb128 0x49
 1153 0040 13       		.uleb128 0x13
 1154 0041 00       		.byte	0
 1155 0042 00       		.byte	0
 1156 0043 06       		.uleb128 0x6
 1157 0044 2E       		.uleb128 0x2e
 1158 0045 01       		.byte	0x1
 1159 0046 3F       		.uleb128 0x3f
 1160 0047 19       		.uleb128 0x19
 1161 0048 03       		.uleb128 0x3
 1162 0049 0E       		.uleb128 0xe
 1163 004a 3A       		.uleb128 0x3a
 1164 004b 0B       		.uleb128 0xb
 1165 004c 3B       		.uleb128 0x3b
 1166 004d 0B       		.uleb128 0xb
 1167 004e 27       		.uleb128 0x27
 1168 004f 19       		.uleb128 0x19
 1169 0050 11       		.uleb128 0x11
 1170 0051 01       		.uleb128 0x1
 1171 0052 12       		.uleb128 0x12
 1172 0053 06       		.uleb128 0x6
 1173 0054 40       		.uleb128 0x40
 1174 0055 18       		.uleb128 0x18
 1175 0056 9742     		.uleb128 0x2117
 1176 0058 19       		.uleb128 0x19
 1177 0059 01       		.uleb128 0x1
 1178 005a 13       		.uleb128 0x13
 1179 005b 00       		.byte	0
 1180 005c 00       		.byte	0
 1181 005d 07       		.uleb128 0x7
 1182 005e 898201   		.uleb128 0x4109
 1183 0061 00       		.byte	0
 1184 0062 11       		.uleb128 0x11
 1185 0063 01       		.uleb128 0x1
 1186 0064 31       		.uleb128 0x31
 1187 0065 13       		.uleb128 0x13
 1188 0066 00       		.byte	0
 1189 0067 00       		.byte	0
 1190 0068 08       		.uleb128 0x8
 1191 0069 898201   		.uleb128 0x4109
 1192 006c 01       		.byte	0x1
 1193 006d 11       		.uleb128 0x11
 1194 006e 01       		.uleb128 0x1
 1195 006f 31       		.uleb128 0x31
 1196 0070 13       		.uleb128 0x13
 1197 0071 01       		.uleb128 0x1
 1198 0072 13       		.uleb128 0x13
 1199 0073 00       		.byte	0
 1200 0074 00       		.byte	0
 1201 0075 09       		.uleb128 0x9
 1202 0076 8A8201   		.uleb128 0x410a
 1203 0079 00       		.byte	0
 1204 007a 02       		.uleb128 0x2
 1205 007b 18       		.uleb128 0x18
 1206 007c 9142     		.uleb128 0x2111
 1207 007e 18       		.uleb128 0x18
 1208 007f 00       		.byte	0
ARM GAS  C:\Users\teo8d\AppData\Local\Temp\cc9JjPJ7.s 			page 25


 1209 0080 00       		.byte	0
 1210 0081 0A       		.uleb128 0xa
 1211 0082 898201   		.uleb128 0x4109
 1212 0085 01       		.byte	0x1
 1213 0086 11       		.uleb128 0x11
 1214 0087 01       		.uleb128 0x1
 1215 0088 31       		.uleb128 0x31
 1216 0089 13       		.uleb128 0x13
 1217 008a 00       		.byte	0
 1218 008b 00       		.byte	0
 1219 008c 0B       		.uleb128 0xb
 1220 008d 2E       		.uleb128 0x2e
 1221 008e 01       		.byte	0x1
 1222 008f 3F       		.uleb128 0x3f
 1223 0090 19       		.uleb128 0x19
 1224 0091 03       		.uleb128 0x3
 1225 0092 0E       		.uleb128 0xe
 1226 0093 3A       		.uleb128 0x3a
 1227 0094 0B       		.uleb128 0xb
 1228 0095 3B       		.uleb128 0x3b
 1229 0096 0B       		.uleb128 0xb
 1230 0097 27       		.uleb128 0x27
 1231 0098 19       		.uleb128 0x19
 1232 0099 49       		.uleb128 0x49
 1233 009a 13       		.uleb128 0x13
 1234 009b 11       		.uleb128 0x11
 1235 009c 01       		.uleb128 0x1
 1236 009d 12       		.uleb128 0x12
 1237 009e 06       		.uleb128 0x6
 1238 009f 40       		.uleb128 0x40
 1239 00a0 18       		.uleb128 0x18
 1240 00a1 9742     		.uleb128 0x2117
 1241 00a3 19       		.uleb128 0x19
 1242 00a4 01       		.uleb128 0x1
 1243 00a5 13       		.uleb128 0x13
 1244 00a6 00       		.byte	0
 1245 00a7 00       		.byte	0
 1246 00a8 0C       		.uleb128 0xc
 1247 00a9 05       		.uleb128 0x5
 1248 00aa 00       		.byte	0
 1249 00ab 03       		.uleb128 0x3
 1250 00ac 0E       		.uleb128 0xe
 1251 00ad 3A       		.uleb128 0x3a
 1252 00ae 0B       		.uleb128 0xb
 1253 00af 3B       		.uleb128 0x3b
 1254 00b0 0B       		.uleb128 0xb
 1255 00b1 49       		.uleb128 0x49
 1256 00b2 13       		.uleb128 0x13
 1257 00b3 02       		.uleb128 0x2
 1258 00b4 17       		.uleb128 0x17
 1259 00b5 00       		.byte	0
 1260 00b6 00       		.byte	0
 1261 00b7 0D       		.uleb128 0xd
 1262 00b8 05       		.uleb128 0x5
 1263 00b9 00       		.byte	0
 1264 00ba 03       		.uleb128 0x3
 1265 00bb 08       		.uleb128 0x8
ARM GAS  C:\Users\teo8d\AppData\Local\Temp\cc9JjPJ7.s 			page 26


 1266 00bc 3A       		.uleb128 0x3a
 1267 00bd 0B       		.uleb128 0xb
 1268 00be 3B       		.uleb128 0x3b
 1269 00bf 0B       		.uleb128 0xb
 1270 00c0 49       		.uleb128 0x49
 1271 00c1 13       		.uleb128 0x13
 1272 00c2 02       		.uleb128 0x2
 1273 00c3 18       		.uleb128 0x18
 1274 00c4 00       		.byte	0
 1275 00c5 00       		.byte	0
 1276 00c6 0E       		.uleb128 0xe
 1277 00c7 34       		.uleb128 0x34
 1278 00c8 00       		.byte	0
 1279 00c9 03       		.uleb128 0x3
 1280 00ca 08       		.uleb128 0x8
 1281 00cb 3A       		.uleb128 0x3a
 1282 00cc 0B       		.uleb128 0xb
 1283 00cd 3B       		.uleb128 0x3b
 1284 00ce 0B       		.uleb128 0xb
 1285 00cf 49       		.uleb128 0x49
 1286 00d0 13       		.uleb128 0x13
 1287 00d1 02       		.uleb128 0x2
 1288 00d2 17       		.uleb128 0x17
 1289 00d3 00       		.byte	0
 1290 00d4 00       		.byte	0
 1291 00d5 0F       		.uleb128 0xf
 1292 00d6 0B       		.uleb128 0xb
 1293 00d7 01       		.byte	0x1
 1294 00d8 55       		.uleb128 0x55
 1295 00d9 17       		.uleb128 0x17
 1296 00da 00       		.byte	0
 1297 00db 00       		.byte	0
 1298 00dc 10       		.uleb128 0x10
 1299 00dd 0F       		.uleb128 0xf
 1300 00de 00       		.byte	0
 1301 00df 0B       		.uleb128 0xb
 1302 00e0 0B       		.uleb128 0xb
 1303 00e1 49       		.uleb128 0x49
 1304 00e2 13       		.uleb128 0x13
 1305 00e3 00       		.byte	0
 1306 00e4 00       		.byte	0
 1307 00e5 11       		.uleb128 0x11
 1308 00e6 05       		.uleb128 0x5
 1309 00e7 00       		.byte	0
 1310 00e8 03       		.uleb128 0x3
 1311 00e9 0E       		.uleb128 0xe
 1312 00ea 3A       		.uleb128 0x3a
 1313 00eb 0B       		.uleb128 0xb
 1314 00ec 3B       		.uleb128 0x3b
 1315 00ed 0B       		.uleb128 0xb
 1316 00ee 49       		.uleb128 0x49
 1317 00ef 13       		.uleb128 0x13
 1318 00f0 02       		.uleb128 0x2
 1319 00f1 18       		.uleb128 0x18
 1320 00f2 00       		.byte	0
 1321 00f3 00       		.byte	0
 1322 00f4 12       		.uleb128 0x12
ARM GAS  C:\Users\teo8d\AppData\Local\Temp\cc9JjPJ7.s 			page 27


 1323 00f5 34       		.uleb128 0x34
 1324 00f6 00       		.byte	0
 1325 00f7 03       		.uleb128 0x3
 1326 00f8 0E       		.uleb128 0xe
 1327 00f9 3A       		.uleb128 0x3a
 1328 00fa 0B       		.uleb128 0xb
 1329 00fb 3B       		.uleb128 0x3b
 1330 00fc 0B       		.uleb128 0xb
 1331 00fd 49       		.uleb128 0x49
 1332 00fe 13       		.uleb128 0x13
 1333 00ff 02       		.uleb128 0x2
 1334 0100 17       		.uleb128 0x17
 1335 0101 00       		.byte	0
 1336 0102 00       		.byte	0
 1337 0103 13       		.uleb128 0x13
 1338 0104 34       		.uleb128 0x34
 1339 0105 00       		.byte	0
 1340 0106 03       		.uleb128 0x3
 1341 0107 0E       		.uleb128 0xe
 1342 0108 3A       		.uleb128 0x3a
 1343 0109 0B       		.uleb128 0xb
 1344 010a 3B       		.uleb128 0x3b
 1345 010b 05       		.uleb128 0x5
 1346 010c 49       		.uleb128 0x49
 1347 010d 13       		.uleb128 0x13
 1348 010e 3F       		.uleb128 0x3f
 1349 010f 19       		.uleb128 0x19
 1350 0110 3C       		.uleb128 0x3c
 1351 0111 19       		.uleb128 0x19
 1352 0112 00       		.byte	0
 1353 0113 00       		.byte	0
 1354 0114 14       		.uleb128 0x14
 1355 0115 35       		.uleb128 0x35
 1356 0116 00       		.byte	0
 1357 0117 49       		.uleb128 0x49
 1358 0118 13       		.uleb128 0x13
 1359 0119 00       		.byte	0
 1360 011a 00       		.byte	0
 1361 011b 15       		.uleb128 0x15
 1362 011c 34       		.uleb128 0x34
 1363 011d 00       		.byte	0
 1364 011e 03       		.uleb128 0x3
 1365 011f 0E       		.uleb128 0xe
 1366 0120 3A       		.uleb128 0x3a
 1367 0121 0B       		.uleb128 0xb
 1368 0122 3B       		.uleb128 0x3b
 1369 0123 0B       		.uleb128 0xb
 1370 0124 49       		.uleb128 0x49
 1371 0125 13       		.uleb128 0x13
 1372 0126 3F       		.uleb128 0x3f
 1373 0127 19       		.uleb128 0x19
 1374 0128 02       		.uleb128 0x2
 1375 0129 18       		.uleb128 0x18
 1376 012a 00       		.byte	0
 1377 012b 00       		.byte	0
 1378 012c 16       		.uleb128 0x16
 1379 012d 01       		.uleb128 0x1
ARM GAS  C:\Users\teo8d\AppData\Local\Temp\cc9JjPJ7.s 			page 28


 1380 012e 01       		.byte	0x1
 1381 012f 49       		.uleb128 0x49
 1382 0130 13       		.uleb128 0x13
 1383 0131 01       		.uleb128 0x1
 1384 0132 13       		.uleb128 0x13
 1385 0133 00       		.byte	0
 1386 0134 00       		.byte	0
 1387 0135 17       		.uleb128 0x17
 1388 0136 21       		.uleb128 0x21
 1389 0137 00       		.byte	0
 1390 0138 49       		.uleb128 0x49
 1391 0139 13       		.uleb128 0x13
 1392 013a 2F       		.uleb128 0x2f
 1393 013b 05       		.uleb128 0x5
 1394 013c 00       		.byte	0
 1395 013d 00       		.byte	0
 1396 013e 18       		.uleb128 0x18
 1397 013f 21       		.uleb128 0x21
 1398 0140 00       		.byte	0
 1399 0141 49       		.uleb128 0x49
 1400 0142 13       		.uleb128 0x13
 1401 0143 2F       		.uleb128 0x2f
 1402 0144 0B       		.uleb128 0xb
 1403 0145 00       		.byte	0
 1404 0146 00       		.byte	0
 1405 0147 19       		.uleb128 0x19
 1406 0148 2E       		.uleb128 0x2e
 1407 0149 00       		.byte	0
 1408 014a 3F       		.uleb128 0x3f
 1409 014b 19       		.uleb128 0x19
 1410 014c 3C       		.uleb128 0x3c
 1411 014d 19       		.uleb128 0x19
 1412 014e 6E       		.uleb128 0x6e
 1413 014f 0E       		.uleb128 0xe
 1414 0150 03       		.uleb128 0x3
 1415 0151 0E       		.uleb128 0xe
 1416 0152 3A       		.uleb128 0x3a
 1417 0153 0B       		.uleb128 0xb
 1418 0154 3B       		.uleb128 0x3b
 1419 0155 0B       		.uleb128 0xb
 1420 0156 00       		.byte	0
 1421 0157 00       		.byte	0
 1422 0158 00       		.byte	0
 1423              		.section	.debug_loc,"",%progbits
 1424              	.Ldebug_loc0:
 1425              	.LLST0:
 1426 0000 00000000 		.4byte	.LVL27
 1427 0004 20000000 		.4byte	.LVL33
 1428 0008 0100     		.2byte	0x1
 1429 000a 50       		.byte	0x50
 1430 000b 20000000 		.4byte	.LVL33
 1431 000f 24000000 		.4byte	.LFE67
 1432 0013 0400     		.2byte	0x4
 1433 0015 F3       		.byte	0xf3
 1434 0016 01       		.uleb128 0x1
 1435 0017 50       		.byte	0x50
 1436 0018 9F       		.byte	0x9f
ARM GAS  C:\Users\teo8d\AppData\Local\Temp\cc9JjPJ7.s 			page 29


 1437 0019 00000000 		.4byte	0
 1438 001d 00000000 		.4byte	0
 1439              	.LLST1:
 1440 0021 02000000 		.4byte	.LVL28
 1441 0025 08000000 		.4byte	.LVL29
 1442 0029 0200     		.2byte	0x2
 1443 002b 30       		.byte	0x30
 1444 002c 9F       		.byte	0x9f
 1445 002d 08000000 		.4byte	.LVL29
 1446 0031 0E000000 		.4byte	.LVL30
 1447 0035 0100     		.2byte	0x1
 1448 0037 53       		.byte	0x53
 1449 0038 18000000 		.4byte	.LVL31
 1450 003c 24000000 		.4byte	.LFE67
 1451 0040 0100     		.2byte	0x1
 1452 0042 53       		.byte	0x53
 1453 0043 00000000 		.4byte	0
 1454 0047 00000000 		.4byte	0
 1455              	.LLST2:
 1456 004b 02000000 		.4byte	.LVL28
 1457 004f 08000000 		.4byte	.LVL29
 1458 0053 0200     		.2byte	0x2
 1459 0055 30       		.byte	0x30
 1460 0056 9F       		.byte	0x9f
 1461 0057 08000000 		.4byte	.LVL29
 1462 005b 22000000 		.4byte	.LVL34
 1463 005f 0100     		.2byte	0x1
 1464 0061 54       		.byte	0x54
 1465 0062 00000000 		.4byte	0
 1466 0066 00000000 		.4byte	0
 1467              	.LLST3:
 1468 006a 00000000 		.4byte	.LVL35
 1469 006e 3C000000 		.4byte	.LVL42
 1470 0072 0100     		.2byte	0x1
 1471 0074 50       		.byte	0x50
 1472 0075 3C000000 		.4byte	.LVL42
 1473 0079 44000000 		.4byte	.LFE68
 1474 007d 0400     		.2byte	0x4
 1475 007f F3       		.byte	0xf3
 1476 0080 01       		.uleb128 0x1
 1477 0081 50       		.byte	0x50
 1478 0082 9F       		.byte	0x9f
 1479 0083 00000000 		.4byte	0
 1480 0087 00000000 		.4byte	0
 1481              	.LLST4:
 1482 008b 02000000 		.4byte	.LVL36
 1483 008f 0A000000 		.4byte	.LVL37
 1484 0093 0200     		.2byte	0x2
 1485 0095 30       		.byte	0x30
 1486 0096 9F       		.byte	0x9f
 1487 0097 0A000000 		.4byte	.LVL37
 1488 009b 2A000000 		.4byte	.LVL38
 1489 009f 0100     		.2byte	0x1
 1490 00a1 55       		.byte	0x55
 1491 00a2 2A000000 		.4byte	.LVL38
 1492 00a6 32000000 		.4byte	.LVL40
 1493 00aa 0100     		.2byte	0x1
ARM GAS  C:\Users\teo8d\AppData\Local\Temp\cc9JjPJ7.s 			page 30


 1494 00ac 54       		.byte	0x54
 1495 00ad 32000000 		.4byte	.LVL40
 1496 00b1 3E000000 		.4byte	.LVL43
 1497 00b5 0100     		.2byte	0x1
 1498 00b7 55       		.byte	0x55
 1499 00b8 00000000 		.4byte	0
 1500 00bc 00000000 		.4byte	0
 1501              	.LLST5:
 1502 00c0 02000000 		.4byte	.LVL36
 1503 00c4 0A000000 		.4byte	.LVL37
 1504 00c8 0200     		.2byte	0x2
 1505 00ca 30       		.byte	0x30
 1506 00cb 9F       		.byte	0x9f
 1507 00cc 0A000000 		.4byte	.LVL37
 1508 00d0 3E000000 		.4byte	.LVL43
 1509 00d4 0100     		.2byte	0x1
 1510 00d6 56       		.byte	0x56
 1511 00d7 00000000 		.4byte	0
 1512 00db 00000000 		.4byte	0
 1513              	.LLST6:
 1514 00df 02000000 		.4byte	.LVL36
 1515 00e3 0A000000 		.4byte	.LVL37
 1516 00e7 0200     		.2byte	0x2
 1517 00e9 31       		.byte	0x31
 1518 00ea 9F       		.byte	0x9f
 1519 00eb 0A000000 		.4byte	.LVL37
 1520 00ef 44000000 		.4byte	.LFE68
 1521 00f3 0100     		.2byte	0x1
 1522 00f5 53       		.byte	0x53
 1523 00f6 00000000 		.4byte	0
 1524 00fa 00000000 		.4byte	0
 1525              		.section	.debug_aranges,"",%progbits
 1526 0000 44000000 		.4byte	0x44
 1527 0004 0200     		.2byte	0x2
 1528 0006 00000000 		.4byte	.Ldebug_info0
 1529 000a 04       		.byte	0x4
 1530 000b 00       		.byte	0
 1531 000c 0000     		.2byte	0
 1532 000e 0000     		.2byte	0
 1533 0010 00000000 		.4byte	.LFB64
 1534 0014 18000000 		.4byte	.LFE64-.LFB64
 1535 0018 00000000 		.4byte	.LFB65
 1536 001c 34000000 		.4byte	.LFE65-.LFB65
 1537 0020 00000000 		.4byte	.LFB66
 1538 0024 1C000000 		.4byte	.LFE66-.LFB66
 1539 0028 00000000 		.4byte	.LFB63
 1540 002c 24000000 		.4byte	.LFE63-.LFB63
 1541 0030 00000000 		.4byte	.LFB67
 1542 0034 24000000 		.4byte	.LFE67-.LFB67
 1543 0038 00000000 		.4byte	.LFB68
 1544 003c 44000000 		.4byte	.LFE68-.LFB68
 1545 0040 00000000 		.4byte	0
 1546 0044 00000000 		.4byte	0
 1547              		.section	.debug_ranges,"",%progbits
 1548              	.Ldebug_ranges0:
 1549 0000 02000000 		.4byte	.LBB2
 1550 0004 04000000 		.4byte	.LBE2
ARM GAS  C:\Users\teo8d\AppData\Local\Temp\cc9JjPJ7.s 			page 31


 1551 0008 06000000 		.4byte	.LBB3
 1552 000c 1E000000 		.4byte	.LBE3
 1553 0010 00000000 		.4byte	0
 1554 0014 00000000 		.4byte	0
 1555 0018 02000000 		.4byte	.LBB4
 1556 001c 04000000 		.4byte	.LBE4
 1557 0020 08000000 		.4byte	.LBB5
 1558 0024 3A000000 		.4byte	.LBE5
 1559 0028 00000000 		.4byte	0
 1560 002c 00000000 		.4byte	0
 1561 0030 00000000 		.4byte	.LFB64
 1562 0034 18000000 		.4byte	.LFE64
 1563 0038 00000000 		.4byte	.LFB65
 1564 003c 34000000 		.4byte	.LFE65
 1565 0040 00000000 		.4byte	.LFB66
 1566 0044 1C000000 		.4byte	.LFE66
 1567 0048 00000000 		.4byte	.LFB63
 1568 004c 24000000 		.4byte	.LFE63
 1569 0050 00000000 		.4byte	.LFB67
 1570 0054 24000000 		.4byte	.LFE67
 1571 0058 00000000 		.4byte	.LFB68
 1572 005c 44000000 		.4byte	.LFE68
 1573 0060 00000000 		.4byte	0
 1574 0064 00000000 		.4byte	0
 1575              		.section	.debug_line,"",%progbits
 1576              	.Ldebug_line0:
 1577 0000 C1020000 		.section	.debug_str,"MS",%progbits,1
 1577      02000F02 
 1577      00000201 
 1577      FB0E0D00 
 1577      01010101 
 1578              	.LASF78:
 1579 0000 50574D5F 		.ascii	"PWM_isr_Sleep\000"
 1579      6973725F 
 1579      536C6565 
 1579      7000
 1580              	.LASF85:
 1581 000e 48656C70 		.ascii	"Helper_functions.c\000"
 1581      65725F66 
 1581      756E6374 
 1581      696F6E73 
 1581      2E6300
 1582              	.LASF53:
 1583 0021 75415F70 		.ascii	"uA_per_adc_count\000"
 1583      65725F61 
 1583      64635F63 
 1583      6F756E74 
 1583      00
 1584              	.LASF54:
 1585 0032 73746172 		.ascii	"start_dac_value\000"
 1585      745F6461 
 1585      635F7661 
 1585      6C756500 
 1586              	.LASF2:
 1587 0042 73686F72 		.ascii	"short int\000"
 1587      7420696E 
 1587      7400
ARM GAS  C:\Users\teo8d\AppData\Local\Temp\cc9JjPJ7.s 			page 32


 1588              	.LASF23:
 1589 004c 73697A65 		.ascii	"sizetype\000"
 1589      74797065 
 1589      00
 1590              	.LASF46:
 1591 0055 6461635F 		.ascii	"dac_ground_value\000"
 1591      67726F75 
 1591      6E645F76 
 1591      616C7565 
 1591      00
 1592              	.LASF67:
 1593 0066 56444143 		.ascii	"VDAC_TIA_Wakeup\000"
 1593      5F544941 
 1593      5F57616B 
 1593      65757000 
 1594              	.LASF4:
 1595 0076 5F5F7569 		.ascii	"__uint16_t\000"
 1595      6E743136 
 1595      5F7400
 1596              	.LASF83:
 1597 0081 414D7578 		.ascii	"AMux_TIA_resistor_bypass_Select\000"
 1597      5F544941 
 1597      5F726573 
 1597      6973746F 
 1597      725F6279 
 1598              	.LASF16:
 1599 00a1 75696E74 		.ascii	"uint16\000"
 1599      313600
 1600              	.LASF42:
 1601 00a8 55706461 		.ascii	"Update_scanrate_Flag\000"
 1601      74655F73 
 1601      63616E72 
 1601      6174655F 
 1601      466C6167 
 1602              	.LASF17:
 1603 00bd 696E7431 		.ascii	"int16\000"
 1603      3600
 1604              	.LASF39:
 1605 00c3 43565F72 		.ascii	"CV_ready_Flag\000"
 1605      65616479 
 1605      5F466C61 
 1605      6700
 1606              	.LASF15:
 1607 00d1 75696E74 		.ascii	"uint8\000"
 1607      3800
 1608              	.LASF76:
 1609 00d7 56444143 		.ascii	"VDAC_TIA_Sleep\000"
 1609      5F544941 
 1609      5F536C65 
 1609      657000
 1610              	.LASF31:
 1611 00e6 63757272 		.ascii	"current_array\000"
 1611      656E745F 
 1611      61727261 
 1611      7900
 1612              	.LASF58:
 1613 00f4 636F6D6D 		.ascii	"command_lenght\000"
ARM GAS  C:\Users\teo8d\AppData\Local\Temp\cc9JjPJ7.s 			page 33


 1613      616E645F 
 1613      6C656E67 
 1613      687400
 1614              	.LASF19:
 1615 0103 666C6F61 		.ascii	"float\000"
 1615      7400
 1616              	.LASF52:
 1617 0109 4144435F 		.ascii	"ADC_CV_array\000"
 1617      43565F61 
 1617      72726179 
 1617      00
 1618              	.LASF9:
 1619 0116 6C6F6E67 		.ascii	"long long int\000"
 1619      206C6F6E 
 1619      6720696E 
 1619      7400
 1620              	.LASF38:
 1621 0124 5449415F 		.ascii	"TIA_Calibration_ended_Flag\000"
 1621      43616C69 
 1621      62726174 
 1621      696F6E5F 
 1621      656E6465 
 1622              	.LASF73:
 1623 013f 4144435F 		.ascii	"ADC_SigDel_Sleep\000"
 1623      53696744 
 1623      656C5F53 
 1623      6C656570 
 1623      00
 1624              	.LASF7:
 1625 0150 6C6F6E67 		.ascii	"long int\000"
 1625      20696E74 
 1625      00
 1626              	.LASF30:
 1627 0159 68656C70 		.ascii	"helper_search_max\000"
 1627      65725F73 
 1627      65617263 
 1627      685F6D61 
 1627      7800
 1628              	.LASF77:
 1629 016b 4F70616D 		.ascii	"Opamp_Aux_Sleep\000"
 1629      705F4175 
 1629      785F536C 
 1629      65657000 
 1630              	.LASF60:
 1631 017b 4144435F 		.ascii	"ADC_SigDel_Start\000"
 1631      53696744 
 1631      656C5F53 
 1631      74617274 
 1631      00
 1632              	.LASF33:
 1633 018c 6D61785F 		.ascii	"max_rel\000"
 1633      72656C00 
 1634              	.LASF65:
 1635 0194 4144435F 		.ascii	"ADC_SigDel_Wakeup\000"
 1635      53696744 
 1635      656C5F57 
 1635      616B6575 
ARM GAS  C:\Users\teo8d\AppData\Local\Temp\cc9JjPJ7.s 			page 34


 1635      7000
 1636              	.LASF63:
 1637 01a6 4F70616D 		.ascii	"Opamp_Aux_Start\000"
 1637      705F4175 
 1637      785F5374 
 1637      61727400 
 1638              	.LASF3:
 1639 01b6 5F5F7569 		.ascii	"__uint8_t\000"
 1639      6E74385F 
 1639      7400
 1640              	.LASF49:
 1641 01c0 77617665 		.ascii	"waveform_amp_lut\000"
 1641      666F726D 
 1641      5F616D70 
 1641      5F6C7574 
 1641      00
 1642              	.LASF34:
 1643 01d1 706F7465 		.ascii	"potential_max_current\000"
 1643      6E746961 
 1643      6C5F6D61 
 1643      785F6375 
 1643      7272656E 
 1644              	.LASF86:
 1645 01e7 433A5C55 		.ascii	"C:\\Users\\teo8d\\Desktop\\progetto lab sensori\\CO"
 1645      73657273 
 1645      5C74656F 
 1645      38645C44 
 1645      65736B74 
 1646 0215 44494349 		.ascii	"DICI\\PSOC\\FinalProjects\\Group2.cydsn\000"
 1646      5C50534F 
 1646      435C4669 
 1646      6E616C50 
 1646      726F6A65 
 1647              	.LASF56:
 1648 023a 73656C65 		.ascii	"selected_scan_rate\000"
 1648      63746564 
 1648      5F736361 
 1648      6E5F7261 
 1648      746500
 1649              	.LASF22:
 1650 024d 6C6F6E67 		.ascii	"long double\000"
 1650      20646F75 
 1650      626C6500 
 1651              	.LASF1:
 1652 0259 756E7369 		.ascii	"unsigned char\000"
 1652      676E6564 
 1652      20636861 
 1652      7200
 1653              	.LASF27:
 1654 0267 68656C70 		.ascii	"helper_HardwareSetup\000"
 1654      65725F48 
 1654      61726477 
 1654      61726553 
 1654      65747570 
 1655              	.LASF82:
 1656 027c 414D7578 		.ascii	"AMux_TIA_input_Select\000"
 1656      5F544941 
ARM GAS  C:\Users\teo8d\AppData\Local\Temp\cc9JjPJ7.s 			page 35


 1656      5F696E70 
 1656      75745F53 
 1656      656C6563 
 1657              	.LASF48:
 1658 0292 77617665 		.ascii	"waveform_CV_lut\000"
 1658      666F726D 
 1658      5F43565F 
 1658      6C757400 
 1659              	.LASF44:
 1660 02a2 55706461 		.ascii	"Update_endvalue_Flag\000"
 1660      74655F65 
 1660      6E647661 
 1660      6C75655F 
 1660      466C6167 
 1661              	.LASF0:
 1662 02b7 7369676E 		.ascii	"signed char\000"
 1662      65642063 
 1662      68617200 
 1663              	.LASF29:
 1664 02c3 68656C70 		.ascii	"helper_Convert2Dec\000"
 1664      65725F43 
 1664      6F6E7665 
 1664      72743244 
 1664      656300
 1665              	.LASF10:
 1666 02d6 6C6F6E67 		.ascii	"long long unsigned int\000"
 1666      206C6F6E 
 1666      6720756E 
 1666      7369676E 
 1666      65642069 
 1667              	.LASF11:
 1668 02ed 756E7369 		.ascii	"unsigned int\000"
 1668      676E6564 
 1668      20696E74 
 1668      00
 1669              	.LASF13:
 1670 02fa 75696E74 		.ascii	"uint16_t\000"
 1670      31365F74 
 1670      00
 1671              	.LASF59:
 1672 0303 73656C65 		.ascii	"selected_voltage_source\000"
 1672      63746564 
 1672      5F766F6C 
 1672      74616765 
 1672      5F736F75 
 1673              	.LASF5:
 1674 031b 73686F72 		.ascii	"short unsigned int\000"
 1674      7420756E 
 1674      7369676E 
 1674      65642069 
 1674      6E7400
 1675              	.LASF66:
 1676 032e 5449415F 		.ascii	"TIA_Wakeup\000"
 1676      57616B65 
 1676      757000
 1677              	.LASF71:
 1678 0339 4F70616D 		.ascii	"Opamp_Aux_Wakeup\000"
ARM GAS  C:\Users\teo8d\AppData\Local\Temp\cc9JjPJ7.s 			page 36


 1678      705F4175 
 1678      785F5761 
 1678      6B657570 
 1678      00
 1679              	.LASF21:
 1680 034a 63686172 		.ascii	"char\000"
 1680      00
 1681              	.LASF64:
 1682 034f 50574D5F 		.ascii	"PWM_isr_Start\000"
 1682      6973725F 
 1682      53746172 
 1682      7400
 1683              	.LASF47:
 1684 035d 6C75745F 		.ascii	"lut_value\000"
 1684      76616C75 
 1684      6500
 1685              	.LASF14:
 1686 0367 696E7433 		.ascii	"int32_t\000"
 1686      325F7400 
 1687              	.LASF79:
 1688 036f 414D7578 		.ascii	"AMux_TIA_input_Start\000"
 1688      5F544941 
 1688      5F696E70 
 1688      75745F53 
 1688      74617274 
 1689              	.LASF68:
 1690 0384 44564441 		.ascii	"DVDAC_Wakeup\000"
 1690      435F5761 
 1690      6B657570 
 1690      00
 1691              	.LASF61:
 1692 0391 5449415F 		.ascii	"TIA_Start\000"
 1692      53746172 
 1692      7400
 1693              	.LASF50:
 1694 039b 6C75745F 		.ascii	"lut_index\000"
 1694      696E6465 
 1694      7800
 1695              	.LASF40:
 1696 03a5 414D505F 		.ascii	"AMP_ready_Flag\000"
 1696      72656164 
 1696      795F466C 
 1696      616700
 1697              	.LASF62:
 1698 03b4 56444143 		.ascii	"VDAC_TIA_Start\000"
 1698      5F544941 
 1698      5F537461 
 1698      727400
 1699              	.LASF24:
 1700 03c3 68656C70 		.ascii	"helper_HardwareStart\000"
 1700      65725F48 
 1700      61726477 
 1700      61726553 
 1700      74617274 
 1701              	.LASF75:
 1702 03d8 5449415F 		.ascii	"TIA_Sleep\000"
 1702      536C6565 
ARM GAS  C:\Users\teo8d\AppData\Local\Temp\cc9JjPJ7.s 			page 37


 1702      7000
 1703              	.LASF8:
 1704 03e2 6C6F6E67 		.ascii	"long unsigned int\000"
 1704      20756E73 
 1704      69676E65 
 1704      6420696E 
 1704      7400
 1705              	.LASF41:
 1706 03f4 4C6F6164 		.ascii	"Load_EEPROM_Flag\000"
 1706      5F454550 
 1706      524F4D5F 
 1706      466C6167 
 1706      00
 1707              	.LASF26:
 1708 0405 68656C70 		.ascii	"helper_HardwareSleep\000"
 1708      65725F48 
 1708      61726477 
 1708      61726553 
 1708      6C656570 
 1709              	.LASF43:
 1710 041a 55706461 		.ascii	"Update_startvalue_Flag\000"
 1710      74655F73 
 1710      74617274 
 1710      76616C75 
 1710      655F466C 
 1711              	.LASF28:
 1712 0431 61727261 		.ascii	"array\000"
 1712      7900
 1713              	.LASF80:
 1714 0437 414D7578 		.ascii	"AMux_TIA_resistor_bypass_Start\000"
 1714      5F544941 
 1714      5F726573 
 1714      6973746F 
 1714      725F6279 
 1715              	.LASF25:
 1716 0456 68656C70 		.ascii	"helper_HardwareWakeup\000"
 1716      65725F48 
 1716      61726477 
 1716      61726557 
 1716      616B6575 
 1717              	.LASF6:
 1718 046c 5F5F696E 		.ascii	"__int32_t\000"
 1718      7433325F 
 1718      7400
 1719              	.LASF81:
 1720 0476 44564441 		.ascii	"DVDAC_Start\000"
 1720      435F5374 
 1720      61727400 
 1721              	.LASF12:
 1722 0482 75696E74 		.ascii	"uint8_t\000"
 1722      385F7400 
 1723              	.LASF45:
 1724 048a 55706461 		.ascii	"Update_timevalue_Flag\000"
 1724      74655F74 
 1724      696D6576 
 1724      616C7565 
 1724      5F466C61 
ARM GAS  C:\Users\teo8d\AppData\Local\Temp\cc9JjPJ7.s 			page 38


 1725              	.LASF37:
 1726 04a0 436F6D6D 		.ascii	"Command_ready_Flag\000"
 1726      616E645F 
 1726      72656164 
 1726      795F466C 
 1726      616700
 1727              	.LASF51:
 1728 04b3 6C75745F 		.ascii	"lut_length\000"
 1728      6C656E67 
 1728      746800
 1729              	.LASF20:
 1730 04be 646F7562 		.ascii	"double\000"
 1730      6C6500
 1731              	.LASF74:
 1732 04c5 44564441 		.ascii	"DVDAC_Sleep\000"
 1732      435F536C 
 1732      65657000 
 1733              	.LASF35:
 1734 04d1 49544D5F 		.ascii	"ITM_RxBuffer\000"
 1734      52784275 
 1734      66666572 
 1734      00
 1735              	.LASF84:
 1736 04de 474E5520 		.ascii	"GNU C11 5.4.1 20160609 (release) [ARM/embedded-5-br"
 1736      43313120 
 1736      352E342E 
 1736      31203230 
 1736      31363036 
 1737 0511 616E6368 		.ascii	"anch revision 237715] -mcpu=cortex-m3 -mthumb -g -O"
 1737      20726576 
 1737      6973696F 
 1737      6E203233 
 1737      37373135 
 1738 0544 67202D66 		.ascii	"g -ffunction-sections -ffat-lto-objects\000"
 1738      66756E63 
 1738      74696F6E 
 1738      2D736563 
 1738      74696F6E 
 1739              	.LASF69:
 1740 056c 43794465 		.ascii	"CyDelay\000"
 1740      6C617900 
 1741              	.LASF36:
 1742 0574 496E7075 		.ascii	"Input_Flag\000"
 1742      745F466C 
 1742      616700
 1743              	.LASF32:
 1744 057f 64696D65 		.ascii	"dimensione_array\000"
 1744      6E73696F 
 1744      6E655F61 
 1744      72726179 
 1744      00
 1745              	.LASF18:
 1746 0590 666C6F61 		.ascii	"float32\000"
 1746      74333200 
 1747              	.LASF57:
 1748 0598 636F6D6D 		.ascii	"command\000"
 1748      616E6400 
ARM GAS  C:\Users\teo8d\AppData\Local\Temp\cc9JjPJ7.s 			page 39


 1749              	.LASF70:
 1750 05a0 44564441 		.ascii	"DVDAC_SetValue\000"
 1750      435F5365 
 1750      7456616C 
 1750      756500
 1751              	.LASF72:
 1752 05af 50574D5F 		.ascii	"PWM_isr_Wakeup\000"
 1752      6973725F 
 1752      57616B65 
 1752      757000
 1753              	.LASF55:
 1754 05be 656E645F 		.ascii	"end_dac_value\000"
 1754      6461635F 
 1754      76616C75 
 1754      6500
 1755              		.ident	"GCC: (GNU Tools for ARM Embedded Processors) 5.4.1 20160609 (release) [ARM/embedded-5-bran
