ARM GAS  C:\Users\teo8d\AppData\Local\Temp\ccyob2jq.s 			page 1


   1              		.syntax unified
   2              		.cpu cortex-m3
   3              		.fpu softvfp
   4              		.eabi_attribute 20, 1
   5              		.eabi_attribute 21, 1
   6              		.eabi_attribute 23, 3
   7              		.eabi_attribute 24, 1
   8              		.eabi_attribute 25, 1
   9              		.eabi_attribute 26, 1
  10              		.eabi_attribute 30, 1
  11              		.eabi_attribute 34, 1
  12              		.eabi_attribute 18, 4
  13              		.thumb
  14              		.syntax unified
  15              		.file	"lut_functions.c"
  16              		.text
  17              	.Ltext0:
  18              		.cfi_sections	.debug_frame
  19              		.section	.text.LUT_make_line,"ax",%progbits
  20              		.align	2
  21              		.global	LUT_make_line
  22              		.thumb
  23              		.thumb_func
  24              		.type	LUT_make_line, %function
  25              	LUT_make_line:
  26              	.LFB65:
  27              		.file 1 "lut_functions.c"
   1:lut_functions.c **** /*******************************************************************************
   2:lut_functions.c **** * File Name: lut_functions.c
   3:lut_functions.c **** *
   4:lut_functions.c **** * Description:
   5:lut_functions.c **** *  This file contains the protocols to create look up tables
   6:lut_functions.c **** *
   7:lut_functions.c **** *********************************************************************************/
   8:lut_functions.c **** 
   9:lut_functions.c **** #include "lut_functions.h"
  10:lut_functions.c **** #include "Global_variables.h"
  11:lut_functions.c **** extern char LCD_str[];  // for debug
  12:lut_functions.c **** 
  13:lut_functions.c **** /******************************************************************************
  14:lut_functions.c **** * Function Name: LUT_MakeTriangleWave
  15:lut_functions.c **** *******************************************************************************
  16:lut_functions.c **** *
  17:lut_functions.c **** * Summary:
  18:lut_functions.c **** *  Fill in the look up table (waveform_CV_lut) for the DACs to perform a cyclic voltammetry experim
  19:lut_functions.c **** *
  20:lut_functions.c **** * Parameters:
  21:lut_functions.c **** *  uint16 start_value: first value to put in the dac
  22:lut_functions.c **** *  uint16 end_value: to peak dac value
  23:lut_functions.c **** *
  24:lut_functions.c **** * Return:
  25:lut_functions.c **** *  uint16: how long the look up table is
  26:lut_functions.c **** *
  27:lut_functions.c **** * Global variables:
  28:lut_functions.c **** *  waveform_CV_lut: Array the look up table is stored in
  29:lut_functions.c **** *
  30:lut_functions.c **** *******************************************************************************/
ARM GAS  C:\Users\teo8d\AppData\Local\Temp\ccyob2jq.s 			page 2


  31:lut_functions.c **** 
  32:lut_functions.c **** uint16 LUT_MakeTriangle_Wave(uint16 start_value, uint16 end_value) {
  33:lut_functions.c ****     uint16 _lut_index = 0;  // start at the beginning of the lut
  34:lut_functions.c ****     
  35:lut_functions.c ****     
  36:lut_functions.c ****     _lut_index = LUT_make_line(start_value, end_value, 0);
  37:lut_functions.c ****     
  38:lut_functions.c ****     _lut_index = LUT_make_line(end_value, start_value, _lut_index-1);
  39:lut_functions.c ****     waveform_CV_lut[_lut_index] = start_value;  // the DAC is changed before the value is checked i
  40:lut_functions.c ****     _lut_index++;
  41:lut_functions.c **** 
  42:lut_functions.c ****     
  43:lut_functions.c ****     return _lut_index;  
  44:lut_functions.c **** }
  45:lut_functions.c **** 
  46:lut_functions.c **** 
  47:lut_functions.c **** 
  48:lut_functions.c **** /******************************************************************************
  49:lut_functions.c **** * Function Name: LUT_make_line
  50:lut_functions.c **** *******************************************************************************
  51:lut_functions.c **** *
  52:lut_functions.c **** * Summary:
  53:lut_functions.c **** *  Make a ramp from start to end in waveform_CV_lut starting at index
  54:lut_functions.c **** *
  55:lut_functions.c **** * Parameters:
  56:lut_functions.c **** *  uint16 start: first value to put in the look up table
  57:lut_functions.c **** *  uint16 end: end value to put in the look up table
  58:lut_functions.c **** *  uint16 index: the place to start putting in numbers in the look up table
  59:lut_functions.c **** *
  60:lut_functions.c **** * Return:
  61:lut_functions.c **** *  uint16: first place after the filled in area of the look up table
  62:lut_functions.c **** *
  63:lut_functions.c **** * Global variables:
  64:lut_functions.c **** *  waveform_CV_lut: Array the look up table is stored in
  65:lut_functions.c **** *
  66:lut_functions.c **** *******************************************************************************/
  67:lut_functions.c **** 
  68:lut_functions.c **** uint16 LUT_make_line(uint16 start, uint16 end, uint16 index) {
  28              		.loc 1 68 0
  29              		.cfi_startproc
  30              		@ args = 0, pretend = 0, frame = 0
  31              		@ frame_needed = 0, uses_anonymous_args = 0
  32              		@ link register save eliminated.
  33              	.LVL0:
  34 0000 0346     		mov	r3, r0
  69:lut_functions.c ****     if (start < end) {
  35              		.loc 1 69 0
  36 0002 8842     		cmp	r0, r1
  37 0004 07D3     		bcc	.L2
  38 0006 10E0     		b	.L3
  39              	.LVL1:
  40              	.L4:
  41              	.LBB2:
  70:lut_functions.c ****         for (uint16 value = start; value <= end; value++) {  //increasing part of the triangular wa
  71:lut_functions.c ****             waveform_CV_lut[index] = value;
  42              		.loc 1 71 0 discriminator 3
  43 0008 0A48     		ldr	r0, .L7
ARM GAS  C:\Users\teo8d\AppData\Local\Temp\ccyob2jq.s 			page 3


  44 000a 20F81230 		strh	r3, [r0, r2, lsl #1]	@ movhi
  72:lut_functions.c ****             index ++;
  45              		.loc 1 72 0 discriminator 3
  46 000e 0132     		adds	r2, r2, #1
  47              	.LVL2:
  48 0010 92B2     		uxth	r2, r2
  49              	.LVL3:
  70:lut_functions.c ****         for (uint16 value = start; value <= end; value++) {  //increasing part of the triangular wa
  50              		.loc 1 70 0 discriminator 3
  51 0012 0133     		adds	r3, r3, #1
  52              	.LVL4:
  53 0014 9BB2     		uxth	r3, r3
  54              	.LVL5:
  55              	.L2:
  70:lut_functions.c ****         for (uint16 value = start; value <= end; value++) {  //increasing part of the triangular wa
  56              		.loc 1 70 0 is_stmt 0 discriminator 1
  57 0016 8B42     		cmp	r3, r1
  58 0018 F6D9     		bls	.L4
  59 001a 08E0     		b	.L5
  60              	.LVL6:
  61              	.L6:
  62              	.LBE2:
  63              	.LBB3:
  73:lut_functions.c ****         }
  74:lut_functions.c ****     }
  75:lut_functions.c ****     else {
  76:lut_functions.c ****         for (uint16 value = start; value >= end; value--) { //decreasing part of the triangular wav
  77:lut_functions.c ****             waveform_CV_lut[index] = value;
  64              		.loc 1 77 0 is_stmt 1 discriminator 3
  65 001c 0548     		ldr	r0, .L7
  66 001e 20F81230 		strh	r3, [r0, r2, lsl #1]	@ movhi
  78:lut_functions.c ****             index ++;
  67              		.loc 1 78 0 discriminator 3
  68 0022 0132     		adds	r2, r2, #1
  69              	.LVL7:
  70 0024 92B2     		uxth	r2, r2
  71              	.LVL8:
  76:lut_functions.c ****             waveform_CV_lut[index] = value;
  72              		.loc 1 76 0 discriminator 3
  73 0026 013B     		subs	r3, r3, #1
  74              	.LVL9:
  75 0028 9BB2     		uxth	r3, r3
  76              	.LVL10:
  77              	.L3:
  76:lut_functions.c ****             waveform_CV_lut[index] = value;
  78              		.loc 1 76 0 is_stmt 0 discriminator 1
  79 002a 8B42     		cmp	r3, r1
  80 002c F6D2     		bcs	.L6
  81              	.LVL11:
  82              	.L5:
  83              	.LBE3:
  79:lut_functions.c ****         }
  80:lut_functions.c ****     }
  81:lut_functions.c ****     return index;
  82:lut_functions.c **** }
  84              		.loc 1 82 0 is_stmt 1
  85 002e 1046     		mov	r0, r2
ARM GAS  C:\Users\teo8d\AppData\Local\Temp\ccyob2jq.s 			page 4


  86 0030 7047     		bx	lr
  87              	.L8:
  88 0032 00BF     		.align	2
  89              	.L7:
  90 0034 00000000 		.word	waveform_CV_lut
  91              		.cfi_endproc
  92              	.LFE65:
  93              		.size	LUT_make_line, .-LUT_make_line
  94              		.section	.text.LUT_MakeTriangle_Wave,"ax",%progbits
  95              		.align	2
  96              		.global	LUT_MakeTriangle_Wave
  97              		.thumb
  98              		.thumb_func
  99              		.type	LUT_MakeTriangle_Wave, %function
 100              	LUT_MakeTriangle_Wave:
 101              	.LFB64:
  32:lut_functions.c ****     uint16 _lut_index = 0;  // start at the beginning of the lut
 102              		.loc 1 32 0
 103              		.cfi_startproc
 104              		@ args = 0, pretend = 0, frame = 0
 105              		@ frame_needed = 0, uses_anonymous_args = 0
 106              	.LVL12:
 107 0000 38B5     		push	{r3, r4, r5, lr}
 108              		.cfi_def_cfa_offset 16
 109              		.cfi_offset 3, -16
 110              		.cfi_offset 4, -12
 111              		.cfi_offset 5, -8
 112              		.cfi_offset 14, -4
 113 0002 0446     		mov	r4, r0
 114 0004 0D46     		mov	r5, r1
 115              	.LVL13:
  36:lut_functions.c ****     
 116              		.loc 1 36 0
 117 0006 0022     		movs	r2, #0
 118 0008 FFF7FEFF 		bl	LUT_make_line
 119              	.LVL14:
  38:lut_functions.c ****     waveform_CV_lut[_lut_index] = start_value;  // the DAC is changed before the value is checked i
 120              		.loc 1 38 0
 121 000c 421E     		subs	r2, r0, #1
 122 000e 92B2     		uxth	r2, r2
 123 0010 2146     		mov	r1, r4
 124 0012 2846     		mov	r0, r5
 125              	.LVL15:
 126 0014 FFF7FEFF 		bl	LUT_make_line
 127              	.LVL16:
  39:lut_functions.c ****     _lut_index++;
 128              		.loc 1 39 0
 129 0018 024B     		ldr	r3, .L11
 130 001a 23F81040 		strh	r4, [r3, r0, lsl #1]	@ movhi
  40:lut_functions.c **** 
 131              		.loc 1 40 0
 132 001e 0130     		adds	r0, r0, #1
 133              	.LVL17:
  44:lut_functions.c **** 
 134              		.loc 1 44 0
 135 0020 80B2     		uxth	r0, r0
 136 0022 38BD     		pop	{r3, r4, r5, pc}
ARM GAS  C:\Users\teo8d\AppData\Local\Temp\ccyob2jq.s 			page 5


 137              	.L12:
 138              		.align	2
 139              	.L11:
 140 0024 00000000 		.word	waveform_CV_lut
 141              		.cfi_endproc
 142              	.LFE64:
 143              		.size	LUT_MakeTriangle_Wave, .-LUT_MakeTriangle_Wave
 144              		.section	.text.LUT_MakePulse,"ax",%progbits
 145              		.align	2
 146              		.global	LUT_MakePulse
 147              		.thumb
 148              		.thumb_func
 149              		.type	LUT_MakePulse, %function
 150              	LUT_MakePulse:
 151              	.LFB66:
  83:lut_functions.c **** 
  84:lut_functions.c **** /******************************************************************************
  85:lut_functions.c **** * Function Name: LUT_MakePulse
  86:lut_functions.c **** *******************************************************************************
  87:lut_functions.c **** *
  88:lut_functions.c **** * Summary:
  89:lut_functions.c **** *  Make a look up table that stores a square pulse sequence
  90:lut_functions.c **** *  Quick hack for chronoamperomerty
  91:lut_functions.c **** *  TODO: THIS SHOULD BE REPLACED
  92:lut_functions.c **** *
  93:lut_functions.c **** * Parameters:
  94:lut_functions.c **** *  uint16 base: value to be placed in the DAC to maintain the baseline potential
  95:lut_functions.c **** *  uint16 pulse: value to put in the DAC for the voltage pulse
  96:lut_functions.c **** *
  97:lut_functions.c **** * Global variables:
  98:lut_functions.c **** *  waveform_amp_lut: Array the look up table is stored in
  99:lut_functions.c **** *
 100:lut_functions.c **** *******************************************************************************/
 101:lut_functions.c **** 
 102:lut_functions.c **** void LUT_MakePulse(uint16 base, uint16 pulse) {
 152              		.loc 1 102 0
 153              		.cfi_startproc
 154              		@ args = 0, pretend = 0, frame = 0
 155              		@ frame_needed = 0, uses_anonymous_args = 0
 156              		@ link register save eliminated.
 157              	.LVL18:
 103:lut_functions.c ****     int _lut_index = 0;
 158              		.loc 1 103 0
 159 0000 0023     		movs	r3, #0
 104:lut_functions.c ****     while (_lut_index < 100) {  //set the base value for the first 100 values (@10 ms (i.e. 100Hz),
 160              		.loc 1 104 0
 161 0002 03E0     		b	.L14
 162              	.LVL19:
 163              	.L15:
 105:lut_functions.c ****         waveform_amp_lut[_lut_index] = base;
 164              		.loc 1 105 0
 165 0004 074A     		ldr	r2, .L18
 166 0006 22F81300 		strh	r0, [r2, r3, lsl #1]	@ movhi
 106:lut_functions.c ****         _lut_index++;
 167              		.loc 1 106 0
 168 000a 0133     		adds	r3, r3, #1
 169              	.LVL20:
ARM GAS  C:\Users\teo8d\AppData\Local\Temp\ccyob2jq.s 			page 6


 170              	.L14:
 104:lut_functions.c ****     while (_lut_index < 100) {  //set the base value for the first 100 values (@10 ms (i.e. 100Hz),
 171              		.loc 1 104 0
 172 000c 632B     		cmp	r3, #99
 173 000e F9DD     		ble	.L15
 174 0010 03E0     		b	.L16
 175              	.L17:
 107:lut_functions.c ****     }
 108:lut_functions.c ****     while (_lut_index < 2000) { //set the pulse value for the following 1900 values (@10 ms (i.e. 1
 109:lut_functions.c ****         waveform_amp_lut[_lut_index] = pulse;
 176              		.loc 1 109 0
 177 0012 044A     		ldr	r2, .L18
 178 0014 22F81310 		strh	r1, [r2, r3, lsl #1]	@ movhi
 110:lut_functions.c ****         _lut_index++;
 179              		.loc 1 110 0
 180 0018 0133     		adds	r3, r3, #1
 181              	.LVL21:
 182              	.L16:
 108:lut_functions.c ****         waveform_amp_lut[_lut_index] = pulse;
 183              		.loc 1 108 0
 184 001a B3F5FA6F 		cmp	r3, #2000
 185 001e F8DB     		blt	.L17
 111:lut_functions.c ****     }
 112:lut_functions.c **** 
 113:lut_functions.c **** }
 186              		.loc 1 113 0
 187 0020 7047     		bx	lr
 188              	.L19:
 189 0022 00BF     		.align	2
 190              	.L18:
 191 0024 00000000 		.word	waveform_amp_lut
 192              		.cfi_endproc
 193              	.LFE66:
 194              		.size	LUT_MakePulse, .-LUT_MakePulse
 195              		.comm	command_lenght,1,1
 196              		.comm	command,40,4
 197              		.comm	selected_scan_rate,2,2
 198              		.comm	potential_max_current,2,2
 199              		.comm	end_dac_value,2,2
 200              		.comm	start_dac_value,2,2
 201              		.comm	uA_per_adc_count,4,4
 202              		.comm	ADC_CV_array,10000,4
 203              		.comm	lut_length,2,2
 204              		.comm	lut_index,2,2
 205              		.comm	waveform_amp_lut,4000,4
 206              		.comm	waveform_CV_lut,10000,4
 207              		.comm	lut_value,2,2
 208              		.comm	dac_ground_value,2,2
 209              		.comm	Update_timevalue_Flag,1,1
 210              		.comm	Update_endvalue_Flag,1,1
 211              		.comm	Update_startvalue_Flag,1,1
 212              		.comm	Update_scanrate_Flag,1,1
 213              		.comm	Load_EEPROM_Flag,1,1
 214              		.comm	AMP_ready_Flag,1,1
 215              		.comm	CV_ready_Flag,1,1
 216              		.comm	TIA_Calibration_ended_Flag,1,1
 217              		.comm	Command_ready_Flag,1,1
ARM GAS  C:\Users\teo8d\AppData\Local\Temp\ccyob2jq.s 			page 7


 218              		.comm	Input_Flag,1,1
 219              		.text
 220              	.Letext0:
 221              		.file 2 "c:\\program files (x86)\\cypress\\psoc creator\\4.4\\psoc creator\\import\\gnu\\arm\\5.4.
 222              		.file 3 "c:\\program files (x86)\\cypress\\psoc creator\\4.4\\psoc creator\\import\\gnu\\arm\\5.4.
 223              		.file 4 "Generated_Source\\PSoC5/cytypes.h"
 224              		.file 5 "Generated_Source\\PSoC5/core_cm3.h"
 225              		.file 6 "Global_variables.h"
 226              		.section	.debug_info,"",%progbits
 227              	.Ldebug_info0:
 228 0000 0E040000 		.4byte	0x40e
 229 0004 0400     		.2byte	0x4
 230 0006 00000000 		.4byte	.Ldebug_abbrev0
 231 000a 04       		.byte	0x4
 232 000b 01       		.uleb128 0x1
 233 000c 43030000 		.4byte	.LASF59
 234 0010 0C       		.byte	0xc
 235 0011 46000000 		.4byte	.LASF60
 236 0015 6E010000 		.4byte	.LASF61
 237 0019 00000000 		.4byte	.Ldebug_ranges0+0
 238 001d 00000000 		.4byte	0
 239 0021 00000000 		.4byte	.Ldebug_line0
 240 0025 02       		.uleb128 0x2
 241 0026 01       		.byte	0x1
 242 0027 06       		.byte	0x6
 243 0028 1E020000 		.4byte	.LASF0
 244 002c 03       		.uleb128 0x3
 245 002d 2F010000 		.4byte	.LASF3
 246 0031 02       		.byte	0x2
 247 0032 1D       		.byte	0x1d
 248 0033 37000000 		.4byte	0x37
 249 0037 02       		.uleb128 0x2
 250 0038 01       		.byte	0x1
 251 0039 08       		.byte	0x8
 252 003a EB010000 		.4byte	.LASF1
 253 003e 02       		.uleb128 0x2
 254 003f 02       		.byte	0x2
 255 0040 05       		.byte	0x5
 256 0041 3C000000 		.4byte	.LASF2
 257 0045 03       		.uleb128 0x3
 258 0046 7D000000 		.4byte	.LASF4
 259 004a 02       		.byte	0x2
 260 004b 2B       		.byte	0x2b
 261 004c 50000000 		.4byte	0x50
 262 0050 02       		.uleb128 0x2
 263 0051 02       		.byte	0x2
 264 0052 07       		.byte	0x7
 265 0053 63020000 		.4byte	.LASF5
 266 0057 03       		.uleb128 0x3
 267 0058 E7020000 		.4byte	.LASF6
 268 005c 02       		.byte	0x2
 269 005d 3F       		.byte	0x3f
 270 005e 62000000 		.4byte	0x62
 271 0062 02       		.uleb128 0x2
 272 0063 04       		.byte	0x4
 273 0064 05       		.byte	0x5
 274 0065 26010000 		.4byte	.LASF7
ARM GAS  C:\Users\teo8d\AppData\Local\Temp\ccyob2jq.s 			page 8


 275 0069 02       		.uleb128 0x2
 276 006a 04       		.byte	0x4
 277 006b 07       		.byte	0x7
 278 006c A6020000 		.4byte	.LASF8
 279 0070 02       		.uleb128 0x2
 280 0071 08       		.byte	0x8
 281 0072 05       		.byte	0x5
 282 0073 FD000000 		.4byte	.LASF9
 283 0077 02       		.uleb128 0x2
 284 0078 08       		.byte	0x8
 285 0079 07       		.byte	0x7
 286 007a 2A020000 		.4byte	.LASF10
 287 007e 04       		.uleb128 0x4
 288 007f 04       		.byte	0x4
 289 0080 05       		.byte	0x5
 290 0081 696E7400 		.ascii	"int\000"
 291 0085 02       		.uleb128 0x2
 292 0086 04       		.byte	0x4
 293 0087 07       		.byte	0x7
 294 0088 41020000 		.4byte	.LASF11
 295 008c 03       		.uleb128 0x3
 296 008d F1020000 		.4byte	.LASF12
 297 0091 03       		.byte	0x3
 298 0092 18       		.byte	0x18
 299 0093 2C000000 		.4byte	0x2c
 300 0097 03       		.uleb128 0x3
 301 0098 4E020000 		.4byte	.LASF13
 302 009c 03       		.byte	0x3
 303 009d 24       		.byte	0x24
 304 009e 45000000 		.4byte	0x45
 305 00a2 03       		.uleb128 0x3
 306 00a3 85020000 		.4byte	.LASF14
 307 00a7 03       		.byte	0x3
 308 00a8 2C       		.byte	0x2c
 309 00a9 57000000 		.4byte	0x57
 310 00ad 05       		.uleb128 0x5
 311 00ae CA000000 		.4byte	.LASF15
 312 00b2 04       		.byte	0x4
 313 00b3 E901     		.2byte	0x1e9
 314 00b5 37000000 		.4byte	0x37
 315 00b9 05       		.uleb128 0x5
 316 00ba 8E000000 		.4byte	.LASF16
 317 00be 04       		.byte	0x4
 318 00bf EA01     		.2byte	0x1ea
 319 00c1 50000000 		.4byte	0x50
 320 00c5 05       		.uleb128 0x5
 321 00c6 B6000000 		.4byte	.LASF17
 322 00ca 04       		.byte	0x4
 323 00cb ED01     		.2byte	0x1ed
 324 00cd 3E000000 		.4byte	0x3e
 325 00d1 05       		.uleb128 0x5
 326 00d2 11000000 		.4byte	.LASF18
 327 00d6 04       		.byte	0x4
 328 00d7 EF01     		.2byte	0x1ef
 329 00d9 DD000000 		.4byte	0xdd
 330 00dd 02       		.uleb128 0x2
 331 00de 04       		.byte	0x4
ARM GAS  C:\Users\teo8d\AppData\Local\Temp\ccyob2jq.s 			page 9


 332 00df 04       		.byte	0x4
 333 00e0 DF000000 		.4byte	.LASF19
 334 00e4 02       		.uleb128 0x2
 335 00e5 08       		.byte	0x8
 336 00e6 04       		.byte	0x4
 337 00e7 C9020000 		.4byte	.LASF20
 338 00eb 02       		.uleb128 0x2
 339 00ec 01       		.byte	0x1
 340 00ed 08       		.byte	0x8
 341 00ee 76020000 		.4byte	.LASF21
 342 00f2 02       		.uleb128 0x2
 343 00f3 08       		.byte	0x8
 344 00f4 04       		.byte	0x4
 345 00f5 D4010000 		.4byte	.LASF22
 346 00f9 02       		.uleb128 0x2
 347 00fa 04       		.byte	0x4
 348 00fb 07       		.byte	0x7
 349 00fc 22030000 		.4byte	.LASF23
 350 0100 06       		.uleb128 0x6
 351 0101 39010000 		.4byte	.LASF27
 352 0105 01       		.byte	0x1
 353 0106 44       		.byte	0x44
 354 0107 B9000000 		.4byte	0xb9
 355 010b 00000000 		.4byte	.LFB65
 356 010f 38000000 		.4byte	.LFE65-.LFB65
 357 0113 01       		.uleb128 0x1
 358 0114 9C       		.byte	0x9c
 359 0115 7B010000 		.4byte	0x17b
 360 0119 07       		.uleb128 0x7
 361 011a 5D020000 		.4byte	.LASF24
 362 011e 01       		.byte	0x1
 363 011f 44       		.byte	0x44
 364 0120 B9000000 		.4byte	0xb9
 365 0124 00000000 		.4byte	.LLST0
 366 0128 08       		.uleb128 0x8
 367 0129 656E6400 		.ascii	"end\000"
 368 012d 01       		.byte	0x1
 369 012e 44       		.byte	0x44
 370 012f B9000000 		.4byte	0xb9
 371 0133 01       		.uleb128 0x1
 372 0134 51       		.byte	0x51
 373 0135 07       		.uleb128 0x7
 374 0136 19000000 		.4byte	.LASF25
 375 013a 01       		.byte	0x1
 376 013b 44       		.byte	0x44
 377 013c B9000000 		.4byte	0xb9
 378 0140 21000000 		.4byte	.LLST1
 379 0144 09       		.uleb128 0x9
 380 0145 08000000 		.4byte	.LBB2
 381 0149 14000000 		.4byte	.LBE2-.LBB2
 382 014d 61010000 		.4byte	0x161
 383 0151 0A       		.uleb128 0xa
 384 0152 88000000 		.4byte	.LASF26
 385 0156 01       		.byte	0x1
 386 0157 46       		.byte	0x46
 387 0158 B9000000 		.4byte	0xb9
 388 015c 4A000000 		.4byte	.LLST2
ARM GAS  C:\Users\teo8d\AppData\Local\Temp\ccyob2jq.s 			page 10


 389 0160 00       		.byte	0
 390 0161 0B       		.uleb128 0xb
 391 0162 1C000000 		.4byte	.LBB3
 392 0166 12000000 		.4byte	.LBE3-.LBB3
 393 016a 0A       		.uleb128 0xa
 394 016b 88000000 		.4byte	.LASF26
 395 016f 01       		.byte	0x1
 396 0170 4C       		.byte	0x4c
 397 0171 B9000000 		.4byte	0xb9
 398 0175 68000000 		.4byte	.LLST3
 399 0179 00       		.byte	0
 400 017a 00       		.byte	0
 401 017b 06       		.uleb128 0x6
 402 017c 67000000 		.4byte	.LASF28
 403 0180 01       		.byte	0x1
 404 0181 20       		.byte	0x20
 405 0182 B9000000 		.4byte	0xb9
 406 0186 00000000 		.4byte	.LFB64
 407 018a 28000000 		.4byte	.LFE64-.LFB64
 408 018e 01       		.uleb128 0x1
 409 018f 9C       		.byte	0x9c
 410 0190 F7010000 		.4byte	0x1f7
 411 0194 07       		.uleb128 0x7
 412 0195 AA000000 		.4byte	.LASF29
 413 0199 01       		.byte	0x1
 414 019a 20       		.byte	0x20
 415 019b B9000000 		.4byte	0xb9
 416 019f 86000000 		.4byte	.LLST4
 417 01a3 07       		.uleb128 0x7
 418 01a4 E5000000 		.4byte	.LASF30
 419 01a8 01       		.byte	0x1
 420 01a9 20       		.byte	0x20
 421 01aa B9000000 		.4byte	0xb9
 422 01ae A7000000 		.4byte	.LLST5
 423 01b2 0A       		.uleb128 0xa
 424 01b3 E0010000 		.4byte	.LASF31
 425 01b7 01       		.byte	0x1
 426 01b8 21       		.byte	0x21
 427 01b9 B9000000 		.4byte	0xb9
 428 01bd C8000000 		.4byte	.LLST6
 429 01c1 0C       		.uleb128 0xc
 430 01c2 0C000000 		.4byte	.LVL14
 431 01c6 00010000 		.4byte	0x100
 432 01ca E0010000 		.4byte	0x1e0
 433 01ce 0D       		.uleb128 0xd
 434 01cf 01       		.uleb128 0x1
 435 01d0 50       		.byte	0x50
 436 01d1 02       		.uleb128 0x2
 437 01d2 74       		.byte	0x74
 438 01d3 00       		.sleb128 0
 439 01d4 0D       		.uleb128 0xd
 440 01d5 01       		.uleb128 0x1
 441 01d6 51       		.byte	0x51
 442 01d7 02       		.uleb128 0x2
 443 01d8 75       		.byte	0x75
 444 01d9 00       		.sleb128 0
 445 01da 0D       		.uleb128 0xd
ARM GAS  C:\Users\teo8d\AppData\Local\Temp\ccyob2jq.s 			page 11


 446 01db 01       		.uleb128 0x1
 447 01dc 52       		.byte	0x52
 448 01dd 01       		.uleb128 0x1
 449 01de 30       		.byte	0x30
 450 01df 00       		.byte	0
 451 01e0 0E       		.uleb128 0xe
 452 01e1 18000000 		.4byte	.LVL16
 453 01e5 00010000 		.4byte	0x100
 454 01e9 0D       		.uleb128 0xd
 455 01ea 01       		.uleb128 0x1
 456 01eb 50       		.byte	0x50
 457 01ec 02       		.uleb128 0x2
 458 01ed 75       		.byte	0x75
 459 01ee 00       		.sleb128 0
 460 01ef 0D       		.uleb128 0xd
 461 01f0 01       		.uleb128 0x1
 462 01f1 51       		.byte	0x51
 463 01f2 02       		.uleb128 0x2
 464 01f3 74       		.byte	0x74
 465 01f4 00       		.sleb128 0
 466 01f5 00       		.byte	0
 467 01f6 00       		.byte	0
 468 01f7 0F       		.uleb128 0xf
 469 01f8 EF000000 		.4byte	.LASF62
 470 01fc 01       		.byte	0x1
 471 01fd 66       		.byte	0x66
 472 01fe 00000000 		.4byte	.LFB66
 473 0202 28000000 		.4byte	.LFE66-.LFB66
 474 0206 01       		.uleb128 0x1
 475 0207 9C       		.byte	0x9c
 476 0208 36020000 		.4byte	0x236
 477 020c 10       		.uleb128 0x10
 478 020d D1030000 		.4byte	.LASF32
 479 0211 01       		.byte	0x1
 480 0212 66       		.byte	0x66
 481 0213 B9000000 		.4byte	0xb9
 482 0217 01       		.uleb128 0x1
 483 0218 50       		.byte	0x50
 484 0219 10       		.uleb128 0x10
 485 021a 57020000 		.4byte	.LASF33
 486 021e 01       		.byte	0x1
 487 021f 66       		.byte	0x66
 488 0220 B9000000 		.4byte	0xb9
 489 0224 01       		.uleb128 0x1
 490 0225 51       		.byte	0x51
 491 0226 0A       		.uleb128 0xa
 492 0227 E0010000 		.4byte	.LASF31
 493 022b 01       		.byte	0x1
 494 022c 67       		.byte	0x67
 495 022d 7E000000 		.4byte	0x7e
 496 0231 F2000000 		.4byte	.LLST7
 497 0235 00       		.byte	0
 498 0236 11       		.uleb128 0x11
 499 0237 36030000 		.4byte	.LASF34
 500 023b 05       		.byte	0x5
 501 023c 1207     		.2byte	0x712
 502 023e 42020000 		.4byte	0x242
ARM GAS  C:\Users\teo8d\AppData\Local\Temp\ccyob2jq.s 			page 12


 503 0242 12       		.uleb128 0x12
 504 0243 A2000000 		.4byte	0xa2
 505 0247 13       		.uleb128 0x13
 506 0248 B9000000 		.4byte	0xb9
 507 024c 58020000 		.4byte	0x258
 508 0250 14       		.uleb128 0x14
 509 0251 F9000000 		.4byte	0xf9
 510 0255 8713     		.2byte	0x1387
 511 0257 00       		.byte	0
 512 0258 15       		.uleb128 0x15
 513 0259 F9010000 		.4byte	.LASF35
 514 025d 06       		.byte	0x6
 515 025e 48       		.byte	0x48
 516 025f 47020000 		.4byte	0x247
 517 0263 05       		.uleb128 0x5
 518 0264 03       		.byte	0x3
 519 0265 00000000 		.4byte	waveform_CV_lut
 520 0269 13       		.uleb128 0x13
 521 026a B9000000 		.4byte	0xb9
 522 026e 7A020000 		.4byte	0x27a
 523 0272 14       		.uleb128 0x14
 524 0273 F9000000 		.4byte	0xf9
 525 0277 CF07     		.2byte	0x7cf
 526 0279 00       		.byte	0
 527 027a 15       		.uleb128 0x15
 528 027b 47010000 		.4byte	.LASF36
 529 027f 06       		.byte	0x6
 530 0280 49       		.byte	0x49
 531 0281 69020000 		.4byte	0x269
 532 0285 05       		.uleb128 0x5
 533 0286 03       		.byte	0x3
 534 0287 00000000 		.4byte	waveform_amp_lut
 535 028b 15       		.uleb128 0x15
 536 028c D6030000 		.4byte	.LASF37
 537 0290 06       		.byte	0x6
 538 0291 1F       		.byte	0x1f
 539 0292 AD000000 		.4byte	0xad
 540 0296 05       		.uleb128 0x5
 541 0297 03       		.byte	0x3
 542 0298 00000000 		.4byte	Input_Flag
 543 029c 15       		.uleb128 0x15
 544 029d 0F030000 		.4byte	.LASF38
 545 02a1 06       		.byte	0x6
 546 02a2 20       		.byte	0x20
 547 02a3 AD000000 		.4byte	0xad
 548 02a7 05       		.uleb128 0x5
 549 02a8 03       		.byte	0x3
 550 02a9 00000000 		.4byte	Command_ready_Flag
 551 02ad 15       		.uleb128 0x15
 552 02ae 0B010000 		.4byte	.LASF39
 553 02b2 06       		.byte	0x6
 554 02b3 21       		.byte	0x21
 555 02b4 8C000000 		.4byte	0x8c
 556 02b8 05       		.uleb128 0x5
 557 02b9 03       		.byte	0x3
 558 02ba 00000000 		.4byte	TIA_Calibration_ended_Flag
 559 02be 15       		.uleb128 0x15
ARM GAS  C:\Users\teo8d\AppData\Local\Temp\ccyob2jq.s 			page 13


 560 02bf BC000000 		.4byte	.LASF40
 561 02c3 06       		.byte	0x6
 562 02c4 22       		.byte	0x22
 563 02c5 8C000000 		.4byte	0x8c
 564 02c9 05       		.uleb128 0x5
 565 02ca 03       		.byte	0x3
 566 02cb 00000000 		.4byte	CV_ready_Flag
 567 02cf 15       		.uleb128 0x15
 568 02d0 97020000 		.4byte	.LASF41
 569 02d4 06       		.byte	0x6
 570 02d5 23       		.byte	0x23
 571 02d6 8C000000 		.4byte	0x8c
 572 02da 05       		.uleb128 0x5
 573 02db 03       		.byte	0x3
 574 02dc 00000000 		.4byte	AMP_ready_Flag
 575 02e0 15       		.uleb128 0x15
 576 02e1 B8020000 		.4byte	.LASF42
 577 02e5 06       		.byte	0x6
 578 02e6 24       		.byte	0x24
 579 02e7 8C000000 		.4byte	0x8c
 580 02eb 05       		.uleb128 0x5
 581 02ec 03       		.byte	0x3
 582 02ed 00000000 		.4byte	Load_EEPROM_Flag
 583 02f1 15       		.uleb128 0x15
 584 02f2 95000000 		.4byte	.LASF43
 585 02f6 06       		.byte	0x6
 586 02f7 25       		.byte	0x25
 587 02f8 8C000000 		.4byte	0x8c
 588 02fc 05       		.uleb128 0x5
 589 02fd 03       		.byte	0x3
 590 02fe 00000000 		.4byte	Update_scanrate_Flag
 591 0302 15       		.uleb128 0x15
 592 0303 D0020000 		.4byte	.LASF44
 593 0307 06       		.byte	0x6
 594 0308 26       		.byte	0x26
 595 0309 8C000000 		.4byte	0x8c
 596 030d 05       		.uleb128 0x5
 597 030e 03       		.byte	0x3
 598 030f 00000000 		.4byte	Update_startvalue_Flag
 599 0313 15       		.uleb128 0x15
 600 0314 09020000 		.4byte	.LASF45
 601 0318 06       		.byte	0x6
 602 0319 27       		.byte	0x27
 603 031a 8C000000 		.4byte	0x8c
 604 031e 05       		.uleb128 0x5
 605 031f 03       		.byte	0x3
 606 0320 00000000 		.4byte	Update_endvalue_Flag
 607 0324 15       		.uleb128 0x15
 608 0325 F9020000 		.4byte	.LASF46
 609 0329 06       		.byte	0x6
 610 032a 28       		.byte	0x28
 611 032b 8C000000 		.4byte	0x8c
 612 032f 05       		.uleb128 0x5
 613 0330 03       		.byte	0x3
 614 0331 00000000 		.4byte	Update_timevalue_Flag
 615 0335 15       		.uleb128 0x15
 616 0336 56000000 		.4byte	.LASF47
ARM GAS  C:\Users\teo8d\AppData\Local\Temp\ccyob2jq.s 			page 14


 617 033a 06       		.byte	0x6
 618 033b 43       		.byte	0x43
 619 033c B9000000 		.4byte	0xb9
 620 0340 05       		.uleb128 0x5
 621 0341 03       		.byte	0x3
 622 0342 00000000 		.4byte	dac_ground_value
 623 0346 15       		.uleb128 0x15
 624 0347 7B020000 		.4byte	.LASF48
 625 034b 06       		.byte	0x6
 626 034c 47       		.byte	0x47
 627 034d B9000000 		.4byte	0xb9
 628 0351 05       		.uleb128 0x5
 629 0352 03       		.byte	0x3
 630 0353 00000000 		.4byte	lut_value
 631 0357 15       		.uleb128 0x15
 632 0358 8D020000 		.4byte	.LASF49
 633 035c 06       		.byte	0x6
 634 035d 4A       		.byte	0x4a
 635 035e B9000000 		.4byte	0xb9
 636 0362 05       		.uleb128 0x5
 637 0363 03       		.byte	0x3
 638 0364 00000000 		.4byte	lut_index
 639 0368 15       		.uleb128 0x15
 640 0369 2B030000 		.4byte	.LASF50
 641 036d 06       		.byte	0x6
 642 036e 4B       		.byte	0x4b
 643 036f 97000000 		.4byte	0x97
 644 0373 05       		.uleb128 0x5
 645 0374 03       		.byte	0x3
 646 0375 00000000 		.4byte	lut_length
 647 0379 15       		.uleb128 0x15
 648 037a 1F000000 		.4byte	.LASF51
 649 037e 06       		.byte	0x6
 650 037f 4C       		.byte	0x4c
 651 0380 47020000 		.4byte	0x247
 652 0384 05       		.uleb128 0x5
 653 0385 03       		.byte	0x3
 654 0386 00000000 		.4byte	ADC_CV_array
 655 038a 15       		.uleb128 0x15
 656 038b 00000000 		.4byte	.LASF52
 657 038f 06       		.byte	0x6
 658 0390 4D       		.byte	0x4d
 659 0391 D1000000 		.4byte	0xd1
 660 0395 05       		.uleb128 0x5
 661 0396 03       		.byte	0x3
 662 0397 00000000 		.4byte	uA_per_adc_count
 663 039b 15       		.uleb128 0x15
 664 039c 2C000000 		.4byte	.LASF53
 665 03a0 06       		.byte	0x6
 666 03a1 50       		.byte	0x50
 667 03a2 B9000000 		.4byte	0xb9
 668 03a6 05       		.uleb128 0x5
 669 03a7 03       		.byte	0x3
 670 03a8 00000000 		.4byte	start_dac_value
 671 03ac 15       		.uleb128 0x15
 672 03ad E9030000 		.4byte	.LASF54
 673 03b1 06       		.byte	0x6
ARM GAS  C:\Users\teo8d\AppData\Local\Temp\ccyob2jq.s 			page 15


 674 03b2 51       		.byte	0x51
 675 03b3 B9000000 		.4byte	0xb9
 676 03b7 05       		.uleb128 0x5
 677 03b8 03       		.byte	0x3
 678 03b9 00000000 		.4byte	end_dac_value
 679 03bd 15       		.uleb128 0x15
 680 03be 58010000 		.4byte	.LASF55
 681 03c2 06       		.byte	0x6
 682 03c3 52       		.byte	0x52
 683 03c4 C5000000 		.4byte	0xc5
 684 03c8 05       		.uleb128 0x5
 685 03c9 03       		.byte	0x3
 686 03ca 00000000 		.4byte	potential_max_current
 687 03ce 15       		.uleb128 0x15
 688 03cf C1010000 		.4byte	.LASF56
 689 03d3 06       		.byte	0x6
 690 03d4 53       		.byte	0x53
 691 03d5 B9000000 		.4byte	0xb9
 692 03d9 05       		.uleb128 0x5
 693 03da 03       		.byte	0x3
 694 03db 00000000 		.4byte	selected_scan_rate
 695 03df 13       		.uleb128 0x13
 696 03e0 8C000000 		.4byte	0x8c
 697 03e4 EF030000 		.4byte	0x3ef
 698 03e8 16       		.uleb128 0x16
 699 03e9 F9000000 		.4byte	0xf9
 700 03ed 27       		.byte	0x27
 701 03ee 00       		.byte	0
 702 03ef 15       		.uleb128 0x15
 703 03f0 E1030000 		.4byte	.LASF57
 704 03f4 06       		.byte	0x6
 705 03f5 58       		.byte	0x58
 706 03f6 DF030000 		.4byte	0x3df
 707 03fa 05       		.uleb128 0x5
 708 03fb 03       		.byte	0x3
 709 03fc 00000000 		.4byte	command
 710 0400 15       		.uleb128 0x15
 711 0401 D0000000 		.4byte	.LASF58
 712 0405 06       		.byte	0x6
 713 0406 59       		.byte	0x59
 714 0407 8C000000 		.4byte	0x8c
 715 040b 05       		.uleb128 0x5
 716 040c 03       		.byte	0x3
 717 040d 00000000 		.4byte	command_lenght
 718 0411 00       		.byte	0
 719              		.section	.debug_abbrev,"",%progbits
 720              	.Ldebug_abbrev0:
 721 0000 01       		.uleb128 0x1
 722 0001 11       		.uleb128 0x11
 723 0002 01       		.byte	0x1
 724 0003 25       		.uleb128 0x25
 725 0004 0E       		.uleb128 0xe
 726 0005 13       		.uleb128 0x13
 727 0006 0B       		.uleb128 0xb
 728 0007 03       		.uleb128 0x3
 729 0008 0E       		.uleb128 0xe
 730 0009 1B       		.uleb128 0x1b
ARM GAS  C:\Users\teo8d\AppData\Local\Temp\ccyob2jq.s 			page 16


 731 000a 0E       		.uleb128 0xe
 732 000b 55       		.uleb128 0x55
 733 000c 17       		.uleb128 0x17
 734 000d 11       		.uleb128 0x11
 735 000e 01       		.uleb128 0x1
 736 000f 10       		.uleb128 0x10
 737 0010 17       		.uleb128 0x17
 738 0011 00       		.byte	0
 739 0012 00       		.byte	0
 740 0013 02       		.uleb128 0x2
 741 0014 24       		.uleb128 0x24
 742 0015 00       		.byte	0
 743 0016 0B       		.uleb128 0xb
 744 0017 0B       		.uleb128 0xb
 745 0018 3E       		.uleb128 0x3e
 746 0019 0B       		.uleb128 0xb
 747 001a 03       		.uleb128 0x3
 748 001b 0E       		.uleb128 0xe
 749 001c 00       		.byte	0
 750 001d 00       		.byte	0
 751 001e 03       		.uleb128 0x3
 752 001f 16       		.uleb128 0x16
 753 0020 00       		.byte	0
 754 0021 03       		.uleb128 0x3
 755 0022 0E       		.uleb128 0xe
 756 0023 3A       		.uleb128 0x3a
 757 0024 0B       		.uleb128 0xb
 758 0025 3B       		.uleb128 0x3b
 759 0026 0B       		.uleb128 0xb
 760 0027 49       		.uleb128 0x49
 761 0028 13       		.uleb128 0x13
 762 0029 00       		.byte	0
 763 002a 00       		.byte	0
 764 002b 04       		.uleb128 0x4
 765 002c 24       		.uleb128 0x24
 766 002d 00       		.byte	0
 767 002e 0B       		.uleb128 0xb
 768 002f 0B       		.uleb128 0xb
 769 0030 3E       		.uleb128 0x3e
 770 0031 0B       		.uleb128 0xb
 771 0032 03       		.uleb128 0x3
 772 0033 08       		.uleb128 0x8
 773 0034 00       		.byte	0
 774 0035 00       		.byte	0
 775 0036 05       		.uleb128 0x5
 776 0037 16       		.uleb128 0x16
 777 0038 00       		.byte	0
 778 0039 03       		.uleb128 0x3
 779 003a 0E       		.uleb128 0xe
 780 003b 3A       		.uleb128 0x3a
 781 003c 0B       		.uleb128 0xb
 782 003d 3B       		.uleb128 0x3b
 783 003e 05       		.uleb128 0x5
 784 003f 49       		.uleb128 0x49
 785 0040 13       		.uleb128 0x13
 786 0041 00       		.byte	0
 787 0042 00       		.byte	0
ARM GAS  C:\Users\teo8d\AppData\Local\Temp\ccyob2jq.s 			page 17


 788 0043 06       		.uleb128 0x6
 789 0044 2E       		.uleb128 0x2e
 790 0045 01       		.byte	0x1
 791 0046 3F       		.uleb128 0x3f
 792 0047 19       		.uleb128 0x19
 793 0048 03       		.uleb128 0x3
 794 0049 0E       		.uleb128 0xe
 795 004a 3A       		.uleb128 0x3a
 796 004b 0B       		.uleb128 0xb
 797 004c 3B       		.uleb128 0x3b
 798 004d 0B       		.uleb128 0xb
 799 004e 27       		.uleb128 0x27
 800 004f 19       		.uleb128 0x19
 801 0050 49       		.uleb128 0x49
 802 0051 13       		.uleb128 0x13
 803 0052 11       		.uleb128 0x11
 804 0053 01       		.uleb128 0x1
 805 0054 12       		.uleb128 0x12
 806 0055 06       		.uleb128 0x6
 807 0056 40       		.uleb128 0x40
 808 0057 18       		.uleb128 0x18
 809 0058 9742     		.uleb128 0x2117
 810 005a 19       		.uleb128 0x19
 811 005b 01       		.uleb128 0x1
 812 005c 13       		.uleb128 0x13
 813 005d 00       		.byte	0
 814 005e 00       		.byte	0
 815 005f 07       		.uleb128 0x7
 816 0060 05       		.uleb128 0x5
 817 0061 00       		.byte	0
 818 0062 03       		.uleb128 0x3
 819 0063 0E       		.uleb128 0xe
 820 0064 3A       		.uleb128 0x3a
 821 0065 0B       		.uleb128 0xb
 822 0066 3B       		.uleb128 0x3b
 823 0067 0B       		.uleb128 0xb
 824 0068 49       		.uleb128 0x49
 825 0069 13       		.uleb128 0x13
 826 006a 02       		.uleb128 0x2
 827 006b 17       		.uleb128 0x17
 828 006c 00       		.byte	0
 829 006d 00       		.byte	0
 830 006e 08       		.uleb128 0x8
 831 006f 05       		.uleb128 0x5
 832 0070 00       		.byte	0
 833 0071 03       		.uleb128 0x3
 834 0072 08       		.uleb128 0x8
 835 0073 3A       		.uleb128 0x3a
 836 0074 0B       		.uleb128 0xb
 837 0075 3B       		.uleb128 0x3b
 838 0076 0B       		.uleb128 0xb
 839 0077 49       		.uleb128 0x49
 840 0078 13       		.uleb128 0x13
 841 0079 02       		.uleb128 0x2
 842 007a 18       		.uleb128 0x18
 843 007b 00       		.byte	0
 844 007c 00       		.byte	0
ARM GAS  C:\Users\teo8d\AppData\Local\Temp\ccyob2jq.s 			page 18


 845 007d 09       		.uleb128 0x9
 846 007e 0B       		.uleb128 0xb
 847 007f 01       		.byte	0x1
 848 0080 11       		.uleb128 0x11
 849 0081 01       		.uleb128 0x1
 850 0082 12       		.uleb128 0x12
 851 0083 06       		.uleb128 0x6
 852 0084 01       		.uleb128 0x1
 853 0085 13       		.uleb128 0x13
 854 0086 00       		.byte	0
 855 0087 00       		.byte	0
 856 0088 0A       		.uleb128 0xa
 857 0089 34       		.uleb128 0x34
 858 008a 00       		.byte	0
 859 008b 03       		.uleb128 0x3
 860 008c 0E       		.uleb128 0xe
 861 008d 3A       		.uleb128 0x3a
 862 008e 0B       		.uleb128 0xb
 863 008f 3B       		.uleb128 0x3b
 864 0090 0B       		.uleb128 0xb
 865 0091 49       		.uleb128 0x49
 866 0092 13       		.uleb128 0x13
 867 0093 02       		.uleb128 0x2
 868 0094 17       		.uleb128 0x17
 869 0095 00       		.byte	0
 870 0096 00       		.byte	0
 871 0097 0B       		.uleb128 0xb
 872 0098 0B       		.uleb128 0xb
 873 0099 01       		.byte	0x1
 874 009a 11       		.uleb128 0x11
 875 009b 01       		.uleb128 0x1
 876 009c 12       		.uleb128 0x12
 877 009d 06       		.uleb128 0x6
 878 009e 00       		.byte	0
 879 009f 00       		.byte	0
 880 00a0 0C       		.uleb128 0xc
 881 00a1 898201   		.uleb128 0x4109
 882 00a4 01       		.byte	0x1
 883 00a5 11       		.uleb128 0x11
 884 00a6 01       		.uleb128 0x1
 885 00a7 31       		.uleb128 0x31
 886 00a8 13       		.uleb128 0x13
 887 00a9 01       		.uleb128 0x1
 888 00aa 13       		.uleb128 0x13
 889 00ab 00       		.byte	0
 890 00ac 00       		.byte	0
 891 00ad 0D       		.uleb128 0xd
 892 00ae 8A8201   		.uleb128 0x410a
 893 00b1 00       		.byte	0
 894 00b2 02       		.uleb128 0x2
 895 00b3 18       		.uleb128 0x18
 896 00b4 9142     		.uleb128 0x2111
 897 00b6 18       		.uleb128 0x18
 898 00b7 00       		.byte	0
 899 00b8 00       		.byte	0
 900 00b9 0E       		.uleb128 0xe
 901 00ba 898201   		.uleb128 0x4109
ARM GAS  C:\Users\teo8d\AppData\Local\Temp\ccyob2jq.s 			page 19


 902 00bd 01       		.byte	0x1
 903 00be 11       		.uleb128 0x11
 904 00bf 01       		.uleb128 0x1
 905 00c0 31       		.uleb128 0x31
 906 00c1 13       		.uleb128 0x13
 907 00c2 00       		.byte	0
 908 00c3 00       		.byte	0
 909 00c4 0F       		.uleb128 0xf
 910 00c5 2E       		.uleb128 0x2e
 911 00c6 01       		.byte	0x1
 912 00c7 3F       		.uleb128 0x3f
 913 00c8 19       		.uleb128 0x19
 914 00c9 03       		.uleb128 0x3
 915 00ca 0E       		.uleb128 0xe
 916 00cb 3A       		.uleb128 0x3a
 917 00cc 0B       		.uleb128 0xb
 918 00cd 3B       		.uleb128 0x3b
 919 00ce 0B       		.uleb128 0xb
 920 00cf 27       		.uleb128 0x27
 921 00d0 19       		.uleb128 0x19
 922 00d1 11       		.uleb128 0x11
 923 00d2 01       		.uleb128 0x1
 924 00d3 12       		.uleb128 0x12
 925 00d4 06       		.uleb128 0x6
 926 00d5 40       		.uleb128 0x40
 927 00d6 18       		.uleb128 0x18
 928 00d7 9742     		.uleb128 0x2117
 929 00d9 19       		.uleb128 0x19
 930 00da 01       		.uleb128 0x1
 931 00db 13       		.uleb128 0x13
 932 00dc 00       		.byte	0
 933 00dd 00       		.byte	0
 934 00de 10       		.uleb128 0x10
 935 00df 05       		.uleb128 0x5
 936 00e0 00       		.byte	0
 937 00e1 03       		.uleb128 0x3
 938 00e2 0E       		.uleb128 0xe
 939 00e3 3A       		.uleb128 0x3a
 940 00e4 0B       		.uleb128 0xb
 941 00e5 3B       		.uleb128 0x3b
 942 00e6 0B       		.uleb128 0xb
 943 00e7 49       		.uleb128 0x49
 944 00e8 13       		.uleb128 0x13
 945 00e9 02       		.uleb128 0x2
 946 00ea 18       		.uleb128 0x18
 947 00eb 00       		.byte	0
 948 00ec 00       		.byte	0
 949 00ed 11       		.uleb128 0x11
 950 00ee 34       		.uleb128 0x34
 951 00ef 00       		.byte	0
 952 00f0 03       		.uleb128 0x3
 953 00f1 0E       		.uleb128 0xe
 954 00f2 3A       		.uleb128 0x3a
 955 00f3 0B       		.uleb128 0xb
 956 00f4 3B       		.uleb128 0x3b
 957 00f5 05       		.uleb128 0x5
 958 00f6 49       		.uleb128 0x49
ARM GAS  C:\Users\teo8d\AppData\Local\Temp\ccyob2jq.s 			page 20


 959 00f7 13       		.uleb128 0x13
 960 00f8 3F       		.uleb128 0x3f
 961 00f9 19       		.uleb128 0x19
 962 00fa 3C       		.uleb128 0x3c
 963 00fb 19       		.uleb128 0x19
 964 00fc 00       		.byte	0
 965 00fd 00       		.byte	0
 966 00fe 12       		.uleb128 0x12
 967 00ff 35       		.uleb128 0x35
 968 0100 00       		.byte	0
 969 0101 49       		.uleb128 0x49
 970 0102 13       		.uleb128 0x13
 971 0103 00       		.byte	0
 972 0104 00       		.byte	0
 973 0105 13       		.uleb128 0x13
 974 0106 01       		.uleb128 0x1
 975 0107 01       		.byte	0x1
 976 0108 49       		.uleb128 0x49
 977 0109 13       		.uleb128 0x13
 978 010a 01       		.uleb128 0x1
 979 010b 13       		.uleb128 0x13
 980 010c 00       		.byte	0
 981 010d 00       		.byte	0
 982 010e 14       		.uleb128 0x14
 983 010f 21       		.uleb128 0x21
 984 0110 00       		.byte	0
 985 0111 49       		.uleb128 0x49
 986 0112 13       		.uleb128 0x13
 987 0113 2F       		.uleb128 0x2f
 988 0114 05       		.uleb128 0x5
 989 0115 00       		.byte	0
 990 0116 00       		.byte	0
 991 0117 15       		.uleb128 0x15
 992 0118 34       		.uleb128 0x34
 993 0119 00       		.byte	0
 994 011a 03       		.uleb128 0x3
 995 011b 0E       		.uleb128 0xe
 996 011c 3A       		.uleb128 0x3a
 997 011d 0B       		.uleb128 0xb
 998 011e 3B       		.uleb128 0x3b
 999 011f 0B       		.uleb128 0xb
 1000 0120 49       		.uleb128 0x49
 1001 0121 13       		.uleb128 0x13
 1002 0122 3F       		.uleb128 0x3f
 1003 0123 19       		.uleb128 0x19
 1004 0124 02       		.uleb128 0x2
 1005 0125 18       		.uleb128 0x18
 1006 0126 00       		.byte	0
 1007 0127 00       		.byte	0
 1008 0128 16       		.uleb128 0x16
 1009 0129 21       		.uleb128 0x21
 1010 012a 00       		.byte	0
 1011 012b 49       		.uleb128 0x49
 1012 012c 13       		.uleb128 0x13
 1013 012d 2F       		.uleb128 0x2f
 1014 012e 0B       		.uleb128 0xb
 1015 012f 00       		.byte	0
ARM GAS  C:\Users\teo8d\AppData\Local\Temp\ccyob2jq.s 			page 21


 1016 0130 00       		.byte	0
 1017 0131 00       		.byte	0
 1018              		.section	.debug_loc,"",%progbits
 1019              	.Ldebug_loc0:
 1020              	.LLST0:
 1021 0000 00000000 		.4byte	.LVL0
 1022 0004 08000000 		.4byte	.LVL1
 1023 0008 0100     		.2byte	0x1
 1024 000a 50       		.byte	0x50
 1025 000b 08000000 		.4byte	.LVL1
 1026 000f 38000000 		.4byte	.LFE65
 1027 0013 0400     		.2byte	0x4
 1028 0015 F3       		.byte	0xf3
 1029 0016 01       		.uleb128 0x1
 1030 0017 50       		.byte	0x50
 1031 0018 9F       		.byte	0x9f
 1032 0019 00000000 		.4byte	0
 1033 001d 00000000 		.4byte	0
 1034              	.LLST1:
 1035 0021 00000000 		.4byte	.LVL0
 1036 0025 10000000 		.4byte	.LVL2
 1037 0029 0100     		.2byte	0x1
 1038 002b 52       		.byte	0x52
 1039 002c 12000000 		.4byte	.LVL3
 1040 0030 24000000 		.4byte	.LVL7
 1041 0034 0100     		.2byte	0x1
 1042 0036 52       		.byte	0x52
 1043 0037 26000000 		.4byte	.LVL8
 1044 003b 38000000 		.4byte	.LFE65
 1045 003f 0100     		.2byte	0x1
 1046 0041 52       		.byte	0x52
 1047 0042 00000000 		.4byte	0
 1048 0046 00000000 		.4byte	0
 1049              	.LLST2:
 1050 004a 08000000 		.4byte	.LVL1
 1051 004e 14000000 		.4byte	.LVL4
 1052 0052 0100     		.2byte	0x1
 1053 0054 53       		.byte	0x53
 1054 0055 16000000 		.4byte	.LVL5
 1055 0059 1C000000 		.4byte	.LVL6
 1056 005d 0100     		.2byte	0x1
 1057 005f 53       		.byte	0x53
 1058 0060 00000000 		.4byte	0
 1059 0064 00000000 		.4byte	0
 1060              	.LLST3:
 1061 0068 1C000000 		.4byte	.LVL6
 1062 006c 28000000 		.4byte	.LVL9
 1063 0070 0100     		.2byte	0x1
 1064 0072 53       		.byte	0x53
 1065 0073 2A000000 		.4byte	.LVL10
 1066 0077 2E000000 		.4byte	.LVL11
 1067 007b 0100     		.2byte	0x1
 1068 007d 53       		.byte	0x53
 1069 007e 00000000 		.4byte	0
 1070 0082 00000000 		.4byte	0
 1071              	.LLST4:
 1072 0086 00000000 		.4byte	.LVL12
ARM GAS  C:\Users\teo8d\AppData\Local\Temp\ccyob2jq.s 			page 22


 1073 008a 0B000000 		.4byte	.LVL14-1
 1074 008e 0100     		.2byte	0x1
 1075 0090 50       		.byte	0x50
 1076 0091 0B000000 		.4byte	.LVL14-1
 1077 0095 28000000 		.4byte	.LFE64
 1078 0099 0400     		.2byte	0x4
 1079 009b F3       		.byte	0xf3
 1080 009c 01       		.uleb128 0x1
 1081 009d 50       		.byte	0x50
 1082 009e 9F       		.byte	0x9f
 1083 009f 00000000 		.4byte	0
 1084 00a3 00000000 		.4byte	0
 1085              	.LLST5:
 1086 00a7 00000000 		.4byte	.LVL12
 1087 00ab 0B000000 		.4byte	.LVL14-1
 1088 00af 0100     		.2byte	0x1
 1089 00b1 51       		.byte	0x51
 1090 00b2 0B000000 		.4byte	.LVL14-1
 1091 00b6 28000000 		.4byte	.LFE64
 1092 00ba 0400     		.2byte	0x4
 1093 00bc F3       		.byte	0xf3
 1094 00bd 01       		.uleb128 0x1
 1095 00be 51       		.byte	0x51
 1096 00bf 9F       		.byte	0x9f
 1097 00c0 00000000 		.4byte	0
 1098 00c4 00000000 		.4byte	0
 1099              	.LLST6:
 1100 00c8 06000000 		.4byte	.LVL13
 1101 00cc 0C000000 		.4byte	.LVL14
 1102 00d0 0200     		.2byte	0x2
 1103 00d2 30       		.byte	0x30
 1104 00d3 9F       		.byte	0x9f
 1105 00d4 0C000000 		.4byte	.LVL14
 1106 00d8 14000000 		.4byte	.LVL15
 1107 00dc 0100     		.2byte	0x1
 1108 00de 50       		.byte	0x50
 1109 00df 18000000 		.4byte	.LVL16
 1110 00e3 28000000 		.4byte	.LFE64
 1111 00e7 0100     		.2byte	0x1
 1112 00e9 50       		.byte	0x50
 1113 00ea 00000000 		.4byte	0
 1114 00ee 00000000 		.4byte	0
 1115              	.LLST7:
 1116 00f2 00000000 		.4byte	.LVL18
 1117 00f6 04000000 		.4byte	.LVL19
 1118 00fa 0200     		.2byte	0x2
 1119 00fc 30       		.byte	0x30
 1120 00fd 9F       		.byte	0x9f
 1121 00fe 04000000 		.4byte	.LVL19
 1122 0102 28000000 		.4byte	.LFE66
 1123 0106 0100     		.2byte	0x1
 1124 0108 53       		.byte	0x53
 1125 0109 00000000 		.4byte	0
 1126 010d 00000000 		.4byte	0
 1127              		.section	.debug_aranges,"",%progbits
 1128 0000 2C000000 		.4byte	0x2c
 1129 0004 0200     		.2byte	0x2
ARM GAS  C:\Users\teo8d\AppData\Local\Temp\ccyob2jq.s 			page 23


 1130 0006 00000000 		.4byte	.Ldebug_info0
 1131 000a 04       		.byte	0x4
 1132 000b 00       		.byte	0
 1133 000c 0000     		.2byte	0
 1134 000e 0000     		.2byte	0
 1135 0010 00000000 		.4byte	.LFB65
 1136 0014 38000000 		.4byte	.LFE65-.LFB65
 1137 0018 00000000 		.4byte	.LFB64
 1138 001c 28000000 		.4byte	.LFE64-.LFB64
 1139 0020 00000000 		.4byte	.LFB66
 1140 0024 28000000 		.4byte	.LFE66-.LFB66
 1141 0028 00000000 		.4byte	0
 1142 002c 00000000 		.4byte	0
 1143              		.section	.debug_ranges,"",%progbits
 1144              	.Ldebug_ranges0:
 1145 0000 00000000 		.4byte	.LFB65
 1146 0004 38000000 		.4byte	.LFE65
 1147 0008 00000000 		.4byte	.LFB64
 1148 000c 28000000 		.4byte	.LFE64
 1149 0010 00000000 		.4byte	.LFB66
 1150 0014 28000000 		.4byte	.LFE66
 1151 0018 00000000 		.4byte	0
 1152 001c 00000000 		.4byte	0
 1153              		.section	.debug_line,"",%progbits
 1154              	.Ldebug_line0:
 1155 0000 DC010000 		.section	.debug_str,"MS",%progbits,1
 1155      02006B01 
 1155      00000201 
 1155      FB0E0D00 
 1155      01010101 
 1156              	.LASF52:
 1157 0000 75415F70 		.ascii	"uA_per_adc_count\000"
 1157      65725F61 
 1157      64635F63 
 1157      6F756E74 
 1157      00
 1158              	.LASF18:
 1159 0011 666C6F61 		.ascii	"float32\000"
 1159      74333200 
 1160              	.LASF25:
 1161 0019 696E6465 		.ascii	"index\000"
 1161      7800
 1162              	.LASF51:
 1163 001f 4144435F 		.ascii	"ADC_CV_array\000"
 1163      43565F61 
 1163      72726179 
 1163      00
 1164              	.LASF53:
 1165 002c 73746172 		.ascii	"start_dac_value\000"
 1165      745F6461 
 1165      635F7661 
 1165      6C756500 
 1166              	.LASF2:
 1167 003c 73686F72 		.ascii	"short int\000"
 1167      7420696E 
 1167      7400
 1168              	.LASF60:
ARM GAS  C:\Users\teo8d\AppData\Local\Temp\ccyob2jq.s 			page 24


 1169 0046 6C75745F 		.ascii	"lut_functions.c\000"
 1169      66756E63 
 1169      74696F6E 
 1169      732E6300 
 1170              	.LASF47:
 1171 0056 6461635F 		.ascii	"dac_ground_value\000"
 1171      67726F75 
 1171      6E645F76 
 1171      616C7565 
 1171      00
 1172              	.LASF28:
 1173 0067 4C55545F 		.ascii	"LUT_MakeTriangle_Wave\000"
 1173      4D616B65 
 1173      54726961 
 1173      6E676C65 
 1173      5F576176 
 1174              	.LASF4:
 1175 007d 5F5F7569 		.ascii	"__uint16_t\000"
 1175      6E743136 
 1175      5F7400
 1176              	.LASF26:
 1177 0088 76616C75 		.ascii	"value\000"
 1177      6500
 1178              	.LASF16:
 1179 008e 75696E74 		.ascii	"uint16\000"
 1179      313600
 1180              	.LASF43:
 1181 0095 55706461 		.ascii	"Update_scanrate_Flag\000"
 1181      74655F73 
 1181      63616E72 
 1181      6174655F 
 1181      466C6167 
 1182              	.LASF29:
 1183 00aa 73746172 		.ascii	"start_value\000"
 1183      745F7661 
 1183      6C756500 
 1184              	.LASF17:
 1185 00b6 696E7431 		.ascii	"int16\000"
 1185      3600
 1186              	.LASF40:
 1187 00bc 43565F72 		.ascii	"CV_ready_Flag\000"
 1187      65616479 
 1187      5F466C61 
 1187      6700
 1188              	.LASF15:
 1189 00ca 75696E74 		.ascii	"uint8\000"
 1189      3800
 1190              	.LASF58:
 1191 00d0 636F6D6D 		.ascii	"command_lenght\000"
 1191      616E645F 
 1191      6C656E67 
 1191      687400
 1192              	.LASF19:
 1193 00df 666C6F61 		.ascii	"float\000"
 1193      7400
 1194              	.LASF30:
 1195 00e5 656E645F 		.ascii	"end_value\000"
ARM GAS  C:\Users\teo8d\AppData\Local\Temp\ccyob2jq.s 			page 25


 1195      76616C75 
 1195      6500
 1196              	.LASF62:
 1197 00ef 4C55545F 		.ascii	"LUT_MakePulse\000"
 1197      4D616B65 
 1197      50756C73 
 1197      6500
 1198              	.LASF9:
 1199 00fd 6C6F6E67 		.ascii	"long long int\000"
 1199      206C6F6E 
 1199      6720696E 
 1199      7400
 1200              	.LASF39:
 1201 010b 5449415F 		.ascii	"TIA_Calibration_ended_Flag\000"
 1201      43616C69 
 1201      62726174 
 1201      696F6E5F 
 1201      656E6465 
 1202              	.LASF7:
 1203 0126 6C6F6E67 		.ascii	"long int\000"
 1203      20696E74 
 1203      00
 1204              	.LASF3:
 1205 012f 5F5F7569 		.ascii	"__uint8_t\000"
 1205      6E74385F 
 1205      7400
 1206              	.LASF27:
 1207 0139 4C55545F 		.ascii	"LUT_make_line\000"
 1207      6D616B65 
 1207      5F6C696E 
 1207      6500
 1208              	.LASF36:
 1209 0147 77617665 		.ascii	"waveform_amp_lut\000"
 1209      666F726D 
 1209      5F616D70 
 1209      5F6C7574 
 1209      00
 1210              	.LASF55:
 1211 0158 706F7465 		.ascii	"potential_max_current\000"
 1211      6E746961 
 1211      6C5F6D61 
 1211      785F6375 
 1211      7272656E 
 1212              	.LASF61:
 1213 016e 433A5C55 		.ascii	"C:\\Users\\teo8d\\Desktop\\progetto lab sensori\\CO"
 1213      73657273 
 1213      5C74656F 
 1213      38645C44 
 1213      65736B74 
 1214 019c 44494349 		.ascii	"DICI\\PSOC\\FinalProjects\\Group2.cydsn\000"
 1214      5C50534F 
 1214      435C4669 
 1214      6E616C50 
 1214      726F6A65 
 1215              	.LASF56:
 1216 01c1 73656C65 		.ascii	"selected_scan_rate\000"
 1216      63746564 
ARM GAS  C:\Users\teo8d\AppData\Local\Temp\ccyob2jq.s 			page 26


 1216      5F736361 
 1216      6E5F7261 
 1216      746500
 1217              	.LASF22:
 1218 01d4 6C6F6E67 		.ascii	"long double\000"
 1218      20646F75 
 1218      626C6500 
 1219              	.LASF31:
 1220 01e0 5F6C7574 		.ascii	"_lut_index\000"
 1220      5F696E64 
 1220      657800
 1221              	.LASF1:
 1222 01eb 756E7369 		.ascii	"unsigned char\000"
 1222      676E6564 
 1222      20636861 
 1222      7200
 1223              	.LASF35:
 1224 01f9 77617665 		.ascii	"waveform_CV_lut\000"
 1224      666F726D 
 1224      5F43565F 
 1224      6C757400 
 1225              	.LASF45:
 1226 0209 55706461 		.ascii	"Update_endvalue_Flag\000"
 1226      74655F65 
 1226      6E647661 
 1226      6C75655F 
 1226      466C6167 
 1227              	.LASF0:
 1228 021e 7369676E 		.ascii	"signed char\000"
 1228      65642063 
 1228      68617200 
 1229              	.LASF10:
 1230 022a 6C6F6E67 		.ascii	"long long unsigned int\000"
 1230      206C6F6E 
 1230      6720756E 
 1230      7369676E 
 1230      65642069 
 1231              	.LASF11:
 1232 0241 756E7369 		.ascii	"unsigned int\000"
 1232      676E6564 
 1232      20696E74 
 1232      00
 1233              	.LASF13:
 1234 024e 75696E74 		.ascii	"uint16_t\000"
 1234      31365F74 
 1234      00
 1235              	.LASF33:
 1236 0257 70756C73 		.ascii	"pulse\000"
 1236      6500
 1237              	.LASF24:
 1238 025d 73746172 		.ascii	"start\000"
 1238      7400
 1239              	.LASF5:
 1240 0263 73686F72 		.ascii	"short unsigned int\000"
 1240      7420756E 
 1240      7369676E 
 1240      65642069 
ARM GAS  C:\Users\teo8d\AppData\Local\Temp\ccyob2jq.s 			page 27


 1240      6E7400
 1241              	.LASF21:
 1242 0276 63686172 		.ascii	"char\000"
 1242      00
 1243              	.LASF48:
 1244 027b 6C75745F 		.ascii	"lut_value\000"
 1244      76616C75 
 1244      6500
 1245              	.LASF14:
 1246 0285 696E7433 		.ascii	"int32_t\000"
 1246      325F7400 
 1247              	.LASF49:
 1248 028d 6C75745F 		.ascii	"lut_index\000"
 1248      696E6465 
 1248      7800
 1249              	.LASF41:
 1250 0297 414D505F 		.ascii	"AMP_ready_Flag\000"
 1250      72656164 
 1250      795F466C 
 1250      616700
 1251              	.LASF8:
 1252 02a6 6C6F6E67 		.ascii	"long unsigned int\000"
 1252      20756E73 
 1252      69676E65 
 1252      6420696E 
 1252      7400
 1253              	.LASF42:
 1254 02b8 4C6F6164 		.ascii	"Load_EEPROM_Flag\000"
 1254      5F454550 
 1254      524F4D5F 
 1254      466C6167 
 1254      00
 1255              	.LASF20:
 1256 02c9 646F7562 		.ascii	"double\000"
 1256      6C6500
 1257              	.LASF44:
 1258 02d0 55706461 		.ascii	"Update_startvalue_Flag\000"
 1258      74655F73 
 1258      74617274 
 1258      76616C75 
 1258      655F466C 
 1259              	.LASF6:
 1260 02e7 5F5F696E 		.ascii	"__int32_t\000"
 1260      7433325F 
 1260      7400
 1261              	.LASF12:
 1262 02f1 75696E74 		.ascii	"uint8_t\000"
 1262      385F7400 
 1263              	.LASF46:
 1264 02f9 55706461 		.ascii	"Update_timevalue_Flag\000"
 1264      74655F74 
 1264      696D6576 
 1264      616C7565 
 1264      5F466C61 
 1265              	.LASF38:
 1266 030f 436F6D6D 		.ascii	"Command_ready_Flag\000"
 1266      616E645F 
ARM GAS  C:\Users\teo8d\AppData\Local\Temp\ccyob2jq.s 			page 28


 1266      72656164 
 1266      795F466C 
 1266      616700
 1267              	.LASF23:
 1268 0322 73697A65 		.ascii	"sizetype\000"
 1268      74797065 
 1268      00
 1269              	.LASF50:
 1270 032b 6C75745F 		.ascii	"lut_length\000"
 1270      6C656E67 
 1270      746800
 1271              	.LASF34:
 1272 0336 49544D5F 		.ascii	"ITM_RxBuffer\000"
 1272      52784275 
 1272      66666572 
 1272      00
 1273              	.LASF59:
 1274 0343 474E5520 		.ascii	"GNU C11 5.4.1 20160609 (release) [ARM/embedded-5-br"
 1274      43313120 
 1274      352E342E 
 1274      31203230 
 1274      31363036 
 1275 0376 616E6368 		.ascii	"anch revision 237715] -mcpu=cortex-m3 -mthumb -g -O"
 1275      20726576 
 1275      6973696F 
 1275      6E203233 
 1275      37373135 
 1276 03a9 67202D66 		.ascii	"g -ffunction-sections -ffat-lto-objects\000"
 1276      66756E63 
 1276      74696F6E 
 1276      2D736563 
 1276      74696F6E 
 1277              	.LASF32:
 1278 03d1 62617365 		.ascii	"base\000"
 1278      00
 1279              	.LASF37:
 1280 03d6 496E7075 		.ascii	"Input_Flag\000"
 1280      745F466C 
 1280      616700
 1281              	.LASF57:
 1282 03e1 636F6D6D 		.ascii	"command\000"
 1282      616E6400 
 1283              	.LASF54:
 1284 03e9 656E645F 		.ascii	"end_dac_value\000"
 1284      6461635F 
 1284      76616C75 
 1284      6500
 1285              		.ident	"GCC: (GNU Tools for ARM Embedded Processors) 5.4.1 20160609 (release) [ARM/embedded-5-bran
