ARM GAS  C:\Users\teo8d\AppData\Local\Temp\ccSpzkrN.s 			page 1


   1              		.syntax unified
   2              		.cpu cortex-m3
   3              		.fpu softvfp
   4              		.eabi_attribute 20, 1
   5              		.eabi_attribute 21, 1
   6              		.eabi_attribute 23, 3
   7              		.eabi_attribute 24, 1
   8              		.eabi_attribute 25, 1
   9              		.eabi_attribute 26, 1
  10              		.eabi_attribute 30, 1
  11              		.eabi_attribute 34, 1
  12              		.eabi_attribute 18, 4
  13              		.thumb
  14              		.syntax unified
  15              		.file	"main.c"
  16              		.text
  17              	.Ltext0:
  18              		.cfi_sections	.debug_frame
  19              		.section	.text.main,"ax",%progbits
  20              		.align	2
  21              		.global	main
  22              		.thumb
  23              		.thumb_func
  24              		.type	main, %function
  25              	main:
  26              	.LFB64:
  27              		.file 1 "main.c"
   1:main.c        **** /*********************************************************************************
   2:main.c        **** * File Name: main.c
   3:main.c        **** *
   4:main.c        **** * Description:
   5:main.c        **** *  Main program to use PSoC 5LP as an electrochemcial device
   6:main.c        **** *
   7:main.c        **** * Necessary updates:
   8:main.c        **** *   - Add everything about LCD, EEPROM, RTC
   9:main.c        **** *   - Calibration curve to extract glucose measurement after chronoamperometry
  10:main.c        **** *   - Add SET_TIME_DURATION case for a CV scan 
  11:main.c        **** **********************************************************************************/
  12:main.c        **** 
  13:main.c        **** #include <project.h>
  14:main.c        **** #include "stdio.h"
  15:main.c        **** #include "stdlib.h"
  16:main.c        **** // local files
  17:main.c        **** #include "Calibration.h"
  18:main.c        **** #include "DVDAC.h"
  19:main.c        **** #include "Global_variables.h"
  20:main.c        **** #include "Helper_functions.h"
  21:main.c        **** #include "InterruptRoutines.h"
  22:main.c        **** #include "user_selections.h"
  23:main.c        **** 
  24:main.c        **** char DataBuffer[TRANMSIT_BUFFER_SIZE];
  25:main.c        **** uint8 ch_received;
  26:main.c        **** char str[64];
  27:main.c        **** 
  28:main.c        **** int main(void)
  29:main.c        **** {
  28              		.loc 1 29 0
ARM GAS  C:\Users\teo8d\AppData\Local\Temp\ccSpzkrN.s 			page 2


  29              		.cfi_startproc
  30              		@ args = 0, pretend = 0, frame = 0
  31              		@ frame_needed = 0, uses_anonymous_args = 0
  32 0000 10B5     		push	{r4, lr}
  33              		.cfi_def_cfa_offset 8
  34              		.cfi_offset 4, -8
  35              		.cfi_offset 14, -4
  30:main.c        ****     
  31:main.c        ****     CyGlobalIntEnable; /* Enable global interrupts. */
  36              		.loc 1 31 0
  37              		.syntax unified
  38              	@ 31 "main.c" 1
  39 0002 62B6     		CPSIE   i
  40              	@ 0 "" 2
  32:main.c        **** 
  33:main.c        ****     //Initialize some variables values
  34:main.c        ****     Input_Flag=false;
  41              		.loc 1 34 0
  42              		.thumb
  43              		.syntax unified
  44 0004 0024     		movs	r4, #0
  45 0006 954B     		ldr	r3, .L21
  46 0008 1C70     		strb	r4, [r3]
  35:main.c        ****     Command_ready_Flag=false;
  47              		.loc 1 35 0
  48 000a 954B     		ldr	r3, .L21+4
  49 000c 1C70     		strb	r4, [r3]
  36:main.c        ****     TIA_Calibration_ended_Flag=false;
  50              		.loc 1 36 0
  51 000e 954B     		ldr	r3, .L21+8
  52 0010 1C70     		strb	r4, [r3]
  37:main.c        ****     CV_ready_Flag=false;
  53              		.loc 1 37 0
  54 0012 954B     		ldr	r3, .L21+12
  55 0014 1C70     		strb	r4, [r3]
  38:main.c        ****     AMP_ready_Flag=false;
  56              		.loc 1 38 0
  57 0016 954B     		ldr	r3, .L21+16
  58 0018 1C70     		strb	r4, [r3]
  39:main.c        ****     Load_EEPROM_Flag=false;
  59              		.loc 1 39 0
  60 001a 954B     		ldr	r3, .L21+20
  61 001c 1C70     		strb	r4, [r3]
  40:main.c        ****     Update_scanrate_Flag=false;
  62              		.loc 1 40 0
  63 001e 954B     		ldr	r3, .L21+24
  64 0020 1C70     		strb	r4, [r3]
  41:main.c        ****     Update_startvalue_Flag=false;
  65              		.loc 1 41 0
  66 0022 954B     		ldr	r3, .L21+28
  67 0024 1C70     		strb	r4, [r3]
  42:main.c        ****     Update_endvalue_Flag=false;
  68              		.loc 1 42 0
  69 0026 954B     		ldr	r3, .L21+32
  70 0028 1C70     		strb	r4, [r3]
  43:main.c        ****     Update_timevalue_Flag=false;
  71              		.loc 1 43 0
ARM GAS  C:\Users\teo8d\AppData\Local\Temp\ccSpzkrN.s 			page 3


  72 002a 954B     		ldr	r3, .L21+36
  73 002c 1C70     		strb	r4, [r3]
  44:main.c        ****     
  45:main.c        ****     lut_length=5000; // how long the look up table is,initialize large so when starting isr the end
  74              		.loc 1 45 0
  75 002e 41F28832 		movw	r2, #5000
  76 0032 944B     		ldr	r3, .L21+40
  77 0034 1A80     		strh	r2, [r3]	@ movhi
  46:main.c        ****     command_lenght = 0;
  78              		.loc 1 46 0
  79 0036 944B     		ldr	r3, .L21+44
  80 0038 1C70     		strb	r4, [r3]
  47:main.c        ****     
  48:main.c        ****     /* Place your initialization/startup code here (e.g. MyInst_Start()) */
  49:main.c        ****     helper_HardwareSetup();  //user-defined function to initialize the HW 
  81              		.loc 1 49 0
  82 003a FFF7FEFF 		bl	helper_HardwareSetup
  83              	.LVL0:
  50:main.c        ****     
  51:main.c        ****     
  52:main.c        ****     ADC_SigDel_SelectConfiguration(2, DO_NOT_RESTART_ADC); // select the configuration to be used f
  84              		.loc 1 52 0
  85 003e 2146     		mov	r1, r4
  86 0040 0220     		movs	r0, #2
  87 0042 FFF7FEFF 		bl	ADC_SigDel_SelectConfiguration
  88              	.LVL1:
  53:main.c        ****     
  54:main.c        ****     
  55:main.c        ****     //LOAD VALUES FROM THE EEPROM --> TO BE ADDED (set the Load_EEPROM_Flag=true when ended)
  56:main.c        ****     
  57:main.c        ****     
  58:main.c        ****     //Start the UART (used by the BT) and the corresponding isr
  59:main.c        ****     UART_Start();
  89              		.loc 1 59 0
  90 0046 FFF7FEFF 		bl	UART_Start
  91              	.LVL2:
  60:main.c        **** 
  61:main.c        ****     
  62:main.c        ****     //Initialize other isr
  63:main.c        ****     isr_dac_StartEx(dacInterrupt);
  92              		.loc 1 63 0
  93 004a 9048     		ldr	r0, .L21+48
  94 004c FFF7FEFF 		bl	isr_dac_StartEx
  95              	.LVL3:
  64:main.c        ****     isr_dac_Disable();  
  96              		.loc 1 64 0
  97 0050 FFF7FEFF 		bl	isr_dac_Disable
  98              	.LVL4:
  65:main.c        ****     
  66:main.c        ****     isr_adc_StartEx(adcInterrupt);
  99              		.loc 1 66 0
 100 0054 8E48     		ldr	r0, .L21+52
 101 0056 FFF7FEFF 		bl	isr_adc_StartEx
 102              	.LVL5:
  67:main.c        ****     isr_adc_Disable();
 103              		.loc 1 67 0
 104 005a FFF7FEFF 		bl	isr_adc_Disable
ARM GAS  C:\Users\teo8d\AppData\Local\Temp\ccSpzkrN.s 			page 4


 105              	.LVL6:
  68:main.c        ****     
  69:main.c        ****     isr_adcAmp_StartEx(adcAmpInterrupt);
 106              		.loc 1 69 0
 107 005e 8D48     		ldr	r0, .L21+56
 108 0060 FFF7FEFF 		bl	isr_adcAmp_StartEx
 109              	.LVL7:
  70:main.c        ****     isr_adcAmp_Disable();
 110              		.loc 1 70 0
 111 0064 FFF7FEFF 		bl	isr_adcAmp_Disable
 112              	.LVL8:
  71:main.c        ****     
  72:main.c        ****     //TIA calibration
  73:main.c        ****     calibrate_TIA();  // manca gestione della scelta della resistenza da usare per calibrare
 113              		.loc 1 73 0
 114 0068 FFF7FEFF 		bl	calibrate_TIA
 115              	.LVL9:
  74:main.c        ****     
  75:main.c        ****     
  76:main.c        ****     //Start the watchdog timer --> SERVE DAVVERO??
  77:main.c        ****     CyWdtStart(CYWDT_1024_TICKS, CYWDT_LPMODE_NOCHANGE); // it enables the watchdog timer (period b
 116              		.loc 1 77 0
 117 006c 2146     		mov	r1, r4
 118 006e 0320     		movs	r0, #3
 119 0070 FFF7FEFF 		bl	CyWdtStart
 120              	.LVL10:
 121              	.L4:
  78:main.c        ****     
  79:main.c        **** 
  80:main.c        ****     for(;;) {
  81:main.c        ****         CyWdtClear(); //The watchdog must be cleared using the CyWdtClear() function before three t
 122              		.loc 1 81 0
 123 0074 FFF7FEFF 		bl	CyWdtClear
 124              	.LVL11:
  82:main.c        ****         
  83:main.c        ****         if (UART_GetRxBufferSize() > 0 && Command_ready_Flag==false) // Continuously check if somet
 125              		.loc 1 83 0
 126 0078 FFF7FEFF 		bl	UART_GetRxBufferSize
 127              	.LVL12:
 128 007c 68B1     		cbz	r0, .L2
 129              		.loc 1 83 0 is_stmt 0 discriminator 1
 130 007e 784B     		ldr	r3, .L21+4
 131 0080 1B78     		ldrb	r3, [r3]	@ zero_extendqisi2
 132 0082 53B9     		cbnz	r3, .L2
 133              	.LBB2:
  84:main.c        ****         {
  85:main.c        ****             Input_Flag=true;
 134              		.loc 1 85 0 is_stmt 1
 135 0084 0122     		movs	r2, #1
 136 0086 754B     		ldr	r3, .L21
 137 0088 1A70     		strb	r2, [r3]
  86:main.c        ****             uint8_t received_char = UART_GetChar();
 138              		.loc 1 86 0
 139 008a FFF7FEFF 		bl	UART_GetChar
 140              	.LVL13:
  87:main.c        ****             command[command_lenght] = received_char;
 141              		.loc 1 87 0
ARM GAS  C:\Users\teo8d\AppData\Local\Temp\ccSpzkrN.s 			page 5


 142 008e 7E4A     		ldr	r2, .L21+44
 143 0090 1378     		ldrb	r3, [r2]	@ zero_extendqisi2
 144 0092 8149     		ldr	r1, .L21+60
 145 0094 C854     		strb	r0, [r1, r3]
  88:main.c        ****             command_lenght += 1;
 146              		.loc 1 88 0
 147 0096 0133     		adds	r3, r3, #1
 148 0098 1370     		strb	r3, [r2]
 149              	.LVL14:
 150              	.L2:
 151              	.LBE2:
  89:main.c        ****             
  90:main.c        ****         }
  91:main.c        ****         
  92:main.c        ****         if(Input_Flag==true && UART_GetRxBufferSize()==0){
 152              		.loc 1 92 0
 153 009a 704B     		ldr	r3, .L21
 154 009c 1B78     		ldrb	r3, [r3]	@ zero_extendqisi2
 155 009e 012B     		cmp	r3, #1
 156 00a0 0FD1     		bne	.L3
 157              		.loc 1 92 0 is_stmt 0 discriminator 1
 158 00a2 FFF7FEFF 		bl	UART_GetRxBufferSize
 159              	.LVL15:
 160 00a6 60B9     		cbnz	r0, .L3
  93:main.c        **** 
  94:main.c        ****             if (command[command_lenght-1]=='z') //This is necessary in order to understand if the m
 161              		.loc 1 94 0 is_stmt 1
 162 00a8 774B     		ldr	r3, .L21+44
 163 00aa 1B78     		ldrb	r3, [r3]	@ zero_extendqisi2
 164 00ac 013B     		subs	r3, r3, #1
 165 00ae 7A4A     		ldr	r2, .L21+60
 166 00b0 D35C     		ldrb	r3, [r2, r3]	@ zero_extendqisi2
 167 00b2 7A2B     		cmp	r3, #122
 168 00b4 05D1     		bne	.L3
  95:main.c        ****             {   
  96:main.c        **** 
  97:main.c        ****                 Input_Flag=false;
 169              		.loc 1 97 0
 170 00b6 0022     		movs	r2, #0
 171 00b8 684B     		ldr	r3, .L21
 172 00ba 1A70     		strb	r2, [r3]
  98:main.c        ****                 Command_ready_Flag=true;
 173              		.loc 1 98 0
 174 00bc 0122     		movs	r2, #1
 175 00be 684B     		ldr	r3, .L21+4
 176 00c0 1A70     		strb	r2, [r3]
 177              	.L3:
  99:main.c        ****                 
 100:main.c        ****             }
 101:main.c        ****         }
 102:main.c        ****         
 103:main.c        ****         
 104:main.c        ****         
 105:main.c        ****         //Check if something has been received by the UART 
 106:main.c        ****         if (Command_ready_Flag == true) {
 178              		.loc 1 106 0
 179 00c2 674B     		ldr	r3, .L21+4
ARM GAS  C:\Users\teo8d\AppData\Local\Temp\ccSpzkrN.s 			page 6


 180 00c4 1B78     		ldrb	r3, [r3]	@ zero_extendqisi2
 181 00c6 012B     		cmp	r3, #1
 182 00c8 D4D1     		bne	.L4
 107:main.c        ****             
 108:main.c        ****             //Switch case based on the first character that is received
 109:main.c        ****             switch (command[0]) { 
 183              		.loc 1 109 0
 184 00ca 734B     		ldr	r3, .L21+60
 185 00cc 1B78     		ldrb	r3, [r3]	@ zero_extendqisi2
 186 00ce 413B     		subs	r3, r3, #65
 187 00d0 062B     		cmp	r3, #6
 188 00d2 00F2B180 		bhi	.L5
 189 00d6 DFE803F0 		tbb	[pc, r3]
 190              	.L7:
 191 00da 04       		.byte	(.L6-.L7)/2
 192 00db 0E       		.byte	(.L8-.L7)/2
 193 00dc 31       		.byte	(.L9-.L7)/2
 194 00dd 54       		.byte	(.L10-.L7)/2
 195 00de 77       		.byte	(.L11-.L7)/2
 196 00df 9A       		.byte	(.L12-.L7)/2
 197 00e0 A5       		.byte	(.L13-.L7)/2
 198 00e1 00       		.p2align 1
 199              	.L6:
 200              	.LBB3:
 110:main.c        ****             
 111:main.c        ****             case CONNECT_TO_COM_PORT: // 'A' Connect to the BT COM port
 112:main.c        ****                 
 113:main.c        ****                 sprintf(DataBuffer, "Glucose $$$");
 201              		.loc 1 113 0
 202 00e2 6E4C     		ldr	r4, .L21+64
 203 00e4 6E4B     		ldr	r3, .L21+68
 204 00e6 07CB     		ldmia	r3!, {r0, r1, r2}
 205 00e8 2060     		str	r0, [r4]	@ unaligned
 206 00ea 6160     		str	r1, [r4, #4]	@ unaligned
 207 00ec A260     		str	r2, [r4, #8]	@ unaligned
 114:main.c        ****                 UART_PutString(DataBuffer);
 208              		.loc 1 114 0
 209 00ee 2046     		mov	r0, r4
 210 00f0 FFF7FEFF 		bl	UART_PutString
 211              	.LVL16:
 115:main.c        ****                 
 116:main.c        ****                 break;
 212              		.loc 1 116 0
 213 00f4 A0E0     		b	.L5
 214              	.L8:
 117:main.c        ****            
 118:main.c        ****             
 119:main.c        ****                 
 120:main.c        ****             case SET_SCAN_RATE: ; // 'B' Set the scan rate (in mV per second) by properly setting t
 121:main.c        ****                 
 122:main.c        ****                 selected_scan_rate = (command[1]<<8) | (command[2]&(0xFF));
 215              		.loc 1 122 0
 216 00f6 684B     		ldr	r3, .L21+60
 217 00f8 5878     		ldrb	r0, [r3, #1]	@ zero_extendqisi2
 218 00fa 9B78     		ldrb	r3, [r3, #2]	@ zero_extendqisi2
 219 00fc 43EA0020 		orr	r0, r3, r0, lsl #8
 220 0100 684B     		ldr	r3, .L21+72
ARM GAS  C:\Users\teo8d\AppData\Local\Temp\ccSpzkrN.s 			page 7


 221 0102 1880     		strh	r0, [r3]	@ movhi
 123:main.c        ****                 user_set_isr_timer(selected_scan_rate);
 222              		.loc 1 123 0
 223 0104 FFF7FEFF 		bl	user_set_isr_timer
 224              	.LVL17:
 124:main.c        ****                 Update_scanrate_Flag=true;
 225              		.loc 1 124 0
 226 0108 0122     		movs	r2, #1
 227 010a 5A4B     		ldr	r3, .L21+24
 228 010c 1A70     		strb	r2, [r3]
 125:main.c        ****                 
 126:main.c        ****                 if(Update_scanrate_Flag && Update_startvalue_Flag && Update_endvalue_Flag){
 229              		.loc 1 126 0
 230 010e 5A4B     		ldr	r3, .L21+28
 231 0110 1B78     		ldrb	r3, [r3]	@ zero_extendqisi2
 232 0112 002B     		cmp	r3, #0
 233 0114 00F09080 		beq	.L5
 234              		.loc 1 126 0 is_stmt 0 discriminator 2
 235 0118 584B     		ldr	r3, .L21+32
 236 011a 1B78     		ldrb	r3, [r3]	@ zero_extendqisi2
 237 011c 002B     		cmp	r3, #0
 238 011e 00F08B80 		beq	.L5
 127:main.c        ****                     
 128:main.c        ****                     
 129:main.c        ****                     CV_ready_Flag = true;
 239              		.loc 1 129 0 is_stmt 1
 240 0122 514B     		ldr	r3, .L21+12
 241 0124 1A70     		strb	r2, [r3]
 130:main.c        ****                     
 131:main.c        ****                     // Send a UART message so that the red "NOT READY LABEL", turns into a green "R
 132:main.c        ****                     sprintf(DataBuffer, "CV ready");
 242              		.loc 1 132 0
 243 0126 5D4A     		ldr	r2, .L21+64
 244 0128 5F4B     		ldr	r3, .L21+76
 245 012a 03CB     		ldmia	r3!, {r0, r1}
 246 012c 1060     		str	r0, [r2]	@ unaligned
 247 012e 5160     		str	r1, [r2, #4]	@ unaligned
 248 0130 1B78     		ldrb	r3, [r3]	@ zero_extendqisi2
 249 0132 1372     		strb	r3, [r2, #8]
 133:main.c        ****                     UART_PutString(DataBuffer);
 250              		.loc 1 133 0
 251 0134 1046     		mov	r0, r2
 252 0136 FFF7FEFF 		bl	UART_PutString
 253              	.LVL18:
 254 013a 7DE0     		b	.L5
 255              	.L9:
 134:main.c        ****                     
 135:main.c        ****                 }
 136:main.c        ****                 
 137:main.c        ****                 break;
 138:main.c        ****             
 139:main.c        **** 
 140:main.c        ****             case SET_CV_START_VALUE: // 'C' Set the initial value for the CV scan (in mV)
 141:main.c        ****                 
 142:main.c        ****                 start_dac_value = (command[1]<<8) | (command[2]&(0xFF));
 256              		.loc 1 142 0
 257 013c 564A     		ldr	r2, .L21+60
ARM GAS  C:\Users\teo8d\AppData\Local\Temp\ccSpzkrN.s 			page 8


 258 013e 5178     		ldrb	r1, [r2, #1]	@ zero_extendqisi2
 259 0140 9378     		ldrb	r3, [r2, #2]	@ zero_extendqisi2
 260 0142 43EA0123 		orr	r3, r3, r1, lsl #8
 261 0146 594A     		ldr	r2, .L21+80
 262 0148 1380     		strh	r3, [r2]	@ movhi
 143:main.c        ****                 Update_startvalue_Flag=true;
 263              		.loc 1 143 0
 264 014a 0122     		movs	r2, #1
 265 014c 4A4B     		ldr	r3, .L21+28
 266 014e 1A70     		strb	r2, [r3]
 144:main.c        ****                 
 145:main.c        ****                 if((Update_scanrate_Flag||Update_timevalue_Flag) && Update_startvalue_Flag && Updat
 267              		.loc 1 145 0
 268 0150 484B     		ldr	r3, .L21+24
 269 0152 1B78     		ldrb	r3, [r3]	@ zero_extendqisi2
 270 0154 1BB9     		cbnz	r3, .L14
 271              		.loc 1 145 0 is_stmt 0 discriminator 2
 272 0156 4A4B     		ldr	r3, .L21+36
 273 0158 1B78     		ldrb	r3, [r3]	@ zero_extendqisi2
 274 015a 002B     		cmp	r3, #0
 275 015c 6CD0     		beq	.L5
 276              	.L14:
 277              		.loc 1 145 0 discriminator 4
 278 015e 474B     		ldr	r3, .L21+32
 279 0160 1B78     		ldrb	r3, [r3]	@ zero_extendqisi2
 280 0162 002B     		cmp	r3, #0
 281 0164 68D0     		beq	.L5
 146:main.c        ****                     
 147:main.c        ****                     CV_ready_Flag = true;
 282              		.loc 1 147 0 is_stmt 1
 283 0166 0122     		movs	r2, #1
 284 0168 3F4B     		ldr	r3, .L21+12
 285 016a 1A70     		strb	r2, [r3]
 148:main.c        ****                     
 149:main.c        ****                     // Send a UART message so that the red "NOT READY LABEL", turns into a green "R
 150:main.c        ****                     sprintf(DataBuffer, "CV ready");
 286              		.loc 1 150 0
 287 016c 4B4A     		ldr	r2, .L21+64
 288 016e 4E4B     		ldr	r3, .L21+76
 289 0170 03CB     		ldmia	r3!, {r0, r1}
 290 0172 1060     		str	r0, [r2]	@ unaligned
 291 0174 5160     		str	r1, [r2, #4]	@ unaligned
 292 0176 1B78     		ldrb	r3, [r3]	@ zero_extendqisi2
 293 0178 1372     		strb	r3, [r2, #8]
 151:main.c        ****                     UART_PutString(DataBuffer);
 294              		.loc 1 151 0
 295 017a 1046     		mov	r0, r2
 296 017c FFF7FEFF 		bl	UART_PutString
 297              	.LVL19:
 298 0180 5AE0     		b	.L5
 299              	.L10:
 152:main.c        ****                 }
 153:main.c        ****                 
 154:main.c        ****     
 155:main.c        ****                 break;
 156:main.c        ****                 
 157:main.c        ****             case SET_CV_END_VALUE: // 'D' Set the initial value for the CV scan (in mV)
ARM GAS  C:\Users\teo8d\AppData\Local\Temp\ccSpzkrN.s 			page 9


 158:main.c        ****                 
 159:main.c        ****                 end_dac_value = (command[1]<<8) | (command[2]&(0xFF));
 300              		.loc 1 159 0
 301 0182 454A     		ldr	r2, .L21+60
 302 0184 5178     		ldrb	r1, [r2, #1]	@ zero_extendqisi2
 303 0186 9378     		ldrb	r3, [r2, #2]	@ zero_extendqisi2
 304 0188 43EA0123 		orr	r3, r3, r1, lsl #8
 305 018c 484A     		ldr	r2, .L21+84
 306 018e 1380     		strh	r3, [r2]	@ movhi
 160:main.c        ****                 
 161:main.c        ****                 Update_endvalue_Flag=true;                
 307              		.loc 1 161 0
 308 0190 0122     		movs	r2, #1
 309 0192 3A4B     		ldr	r3, .L21+32
 310 0194 1A70     		strb	r2, [r3]
 162:main.c        **** 
 163:main.c        ****                 if((Update_scanrate_Flag||Update_timevalue_Flag) && Update_startvalue_Flag && Updat
 311              		.loc 1 163 0
 312 0196 374B     		ldr	r3, .L21+24
 313 0198 1B78     		ldrb	r3, [r3]	@ zero_extendqisi2
 314 019a 1BB9     		cbnz	r3, .L15
 315              		.loc 1 163 0 is_stmt 0 discriminator 2
 316 019c 384B     		ldr	r3, .L21+36
 317 019e 1B78     		ldrb	r3, [r3]	@ zero_extendqisi2
 318 01a0 002B     		cmp	r3, #0
 319 01a2 49D0     		beq	.L5
 320              	.L15:
 321              		.loc 1 163 0 discriminator 3
 322 01a4 344B     		ldr	r3, .L21+28
 323 01a6 1B78     		ldrb	r3, [r3]	@ zero_extendqisi2
 324 01a8 002B     		cmp	r3, #0
 325 01aa 45D0     		beq	.L5
 164:main.c        ****                     
 165:main.c        ****                     CV_ready_Flag = true;
 326              		.loc 1 165 0 is_stmt 1
 327 01ac 0122     		movs	r2, #1
 328 01ae 2E4B     		ldr	r3, .L21+12
 329 01b0 1A70     		strb	r2, [r3]
 166:main.c        ****                     // Send a UART message so that the red "NOT READY LABEL", turns into a green "R
 167:main.c        ****                     sprintf(DataBuffer, "CV ready");
 330              		.loc 1 167 0
 331 01b2 3A4A     		ldr	r2, .L21+64
 332 01b4 3C4B     		ldr	r3, .L21+76
 333 01b6 03CB     		ldmia	r3!, {r0, r1}
 334 01b8 1060     		str	r0, [r2]	@ unaligned
 335 01ba 5160     		str	r1, [r2, #4]	@ unaligned
 336 01bc 1B78     		ldrb	r3, [r3]	@ zero_extendqisi2
 337 01be 1372     		strb	r3, [r2, #8]
 168:main.c        ****                     UART_PutString(DataBuffer);
 338              		.loc 1 168 0
 339 01c0 1046     		mov	r0, r2
 340 01c2 FFF7FEFF 		bl	UART_PutString
 341              	.LVL20:
 342 01c6 37E0     		b	.L5
 343              	.L11:
 169:main.c        ****                 
 170:main.c        ****                 }
ARM GAS  C:\Users\teo8d\AppData\Local\Temp\ccSpzkrN.s 			page 10


 171:main.c        ****                 
 172:main.c        ****                 break;             
 173:main.c        **** 
 174:main.c        ****             case SET_CV_TIME: // 'E' Set the time duration for the CV scan (in seconds)
 175:main.c        ****                 
 176:main.c        ****                 Update_timevalue_Flag=true;
 344              		.loc 1 176 0
 345 01c8 0122     		movs	r2, #1
 346 01ca 2D4B     		ldr	r3, .L21+36
 347 01cc 1A70     		strb	r2, [r3]
 177:main.c        ****                 uint8 selected_time = command[1];
 348              		.loc 1 177 0
 349 01ce 324B     		ldr	r3, .L21+60
 350 01d0 5978     		ldrb	r1, [r3, #1]	@ zero_extendqisi2
 351              	.LVL21:
 178:main.c        ****                 
 179:main.c        ****                 if(Update_startvalue_Flag && Update_endvalue_Flag && Update_timevalue_Flag){
 352              		.loc 1 179 0
 353 01d2 294A     		ldr	r2, .L21+28
 354 01d4 1278     		ldrb	r2, [r2]	@ zero_extendqisi2
 355 01d6 002A     		cmp	r2, #0
 356 01d8 2ED0     		beq	.L5
 357              		.loc 1 179 0 is_stmt 0 discriminator 1
 358 01da 284B     		ldr	r3, .L21+32
 359 01dc 1B78     		ldrb	r3, [r3]	@ zero_extendqisi2
 360 01de 5BB3     		cbz	r3, .L5
 180:main.c        ****                     
 181:main.c        ****                     selected_scan_rate = (end_dac_value - start_dac_value)/selected_time;
 361              		.loc 1 181 0 is_stmt 1
 362 01e0 334B     		ldr	r3, .L21+84
 363 01e2 1A88     		ldrh	r2, [r3]
 364 01e4 314B     		ldr	r3, .L21+80
 365 01e6 1B88     		ldrh	r3, [r3]
 366 01e8 D31A     		subs	r3, r2, r3
 367 01ea 93FBF1F3 		sdiv	r3, r3, r1
 368 01ee 2D4A     		ldr	r2, .L21+72
 369 01f0 1380     		strh	r3, [r2]	@ movhi
 182:main.c        ****                     
 183:main.c        ****                     CV_ready_Flag = true;
 370              		.loc 1 183 0
 371 01f2 0122     		movs	r2, #1
 372 01f4 1C4B     		ldr	r3, .L21+12
 373 01f6 1A70     		strb	r2, [r3]
 184:main.c        ****                     // Send a UART message so that the red "NOT READY LABEL", turns into a green "R
 185:main.c        ****                     sprintf(DataBuffer, "CV ready");
 374              		.loc 1 185 0
 375 01f8 284A     		ldr	r2, .L21+64
 376 01fa 2B4B     		ldr	r3, .L21+76
 377 01fc 03CB     		ldmia	r3!, {r0, r1}
 378              	.LVL22:
 379 01fe 1060     		str	r0, [r2]	@ unaligned
 380 0200 5160     		str	r1, [r2, #4]	@ unaligned
 381 0202 1B78     		ldrb	r3, [r3]	@ zero_extendqisi2
 382 0204 1372     		strb	r3, [r2, #8]
 186:main.c        ****                     UART_PutString(DataBuffer);
 383              		.loc 1 186 0
 384 0206 1046     		mov	r0, r2
ARM GAS  C:\Users\teo8d\AppData\Local\Temp\ccSpzkrN.s 			page 11


 385 0208 FFF7FEFF 		bl	UART_PutString
 386              	.LVL23:
 387 020c 14E0     		b	.L5
 388              	.L12:
 187:main.c        ****                 
 188:main.c        ****                 }
 189:main.c        ****                 
 190:main.c        ****                 break;    
 191:main.c        ****                 
 192:main.c        ****                 
 193:main.c        ****             case START_CYCLIC_VOLTAMMETRY: ;  // 'F' Start a cyclic voltammetry experiment
 194:main.c        ****                 
 195:main.c        ****                 if(CV_ready_Flag==true){
 389              		.loc 1 195 0
 390 020e 164B     		ldr	r3, .L21+12
 391 0210 1B78     		ldrb	r3, [r3]	@ zero_extendqisi2
 392 0212 012B     		cmp	r3, #1
 393 0214 10D1     		bne	.L5
 196:main.c        ****                 
 197:main.c        ****                     lut_length = user_lookup_table_maker(); //scan rate, start and initial values s
 394              		.loc 1 197 0
 395 0216 FFF7FEFF 		bl	user_lookup_table_maker
 396              	.LVL24:
 397 021a 1A4B     		ldr	r3, .L21+40
 398 021c 1880     		strh	r0, [r3]	@ movhi
 198:main.c        ****                     
 199:main.c        ****                     // Send a UART message so that the red "NOT READY LABEL", turns into a green "R
 200:main.c        ****                     
 201:main.c        ****                     user_start_cv_run();
 399              		.loc 1 201 0
 400 021e FFF7FEFF 		bl	user_start_cv_run
 401              	.LVL25:
 402 0222 09E0     		b	.L5
 403              	.L13:
 202:main.c        ****                     
 203:main.c        ****                 }
 204:main.c        ****                 
 205:main.c        ****                 break;
 206:main.c        ****             
 207:main.c        **** 
 208:main.c        ****             case RUN_AMPEROMETRY: ; // 'G' run an amperometric experiment --> set the dac to a cert
 209:main.c        ****                 
 210:main.c        ****                 if(AMP_ready_Flag || Load_EEPROM_Flag){
 404              		.loc 1 210 0
 405 0224 114B     		ldr	r3, .L21+16
 406 0226 1B78     		ldrb	r3, [r3]	@ zero_extendqisi2
 407 0228 13B9     		cbnz	r3, .L16
 408              		.loc 1 210 0 is_stmt 0 discriminator 1
 409 022a 114B     		ldr	r3, .L21+20
 410 022c 1B78     		ldrb	r3, [r3]	@ zero_extendqisi2
 411 022e 1BB1     		cbz	r3, .L5
 412              	.L16:
 211:main.c        ****                     
 212:main.c        ****                     user_chrono_lut_maker();   // Create a look up table for chronoamperometry     
 413              		.loc 1 212 0 is_stmt 1
 414 0230 FFF7FEFF 		bl	user_chrono_lut_maker
 415              	.LVL26:
ARM GAS  C:\Users\teo8d\AppData\Local\Temp\ccSpzkrN.s 			page 12


 213:main.c        ****                     user_run_amperometry();
 416              		.loc 1 213 0
 417 0234 FFF7FEFF 		bl	user_run_amperometry
 418              	.LVL27:
 419              	.L5:
 420              	.LBE3:
 214:main.c        ****                 
 215:main.c        ****                 }
 216:main.c        **** 
 217:main.c        ****                 break;
 218:main.c        ****                 
 219:main.c        ****                 
 220:main.c        ****             }  // end of switch statment
 221:main.c        ****             Input_Flag = false;  // turn off input flag because it has been processed
 421              		.loc 1 221 0
 422 0238 0023     		movs	r3, #0
 423 023a 084A     		ldr	r2, .L21
 424 023c 1370     		strb	r3, [r2]
 222:main.c        ****             Command_ready_Flag=false;
 425              		.loc 1 222 0
 426 023e 084A     		ldr	r2, .L21+4
 427 0240 1370     		strb	r3, [r2]
 428              	.LVL28:
 429              	.LBB4:
 223:main.c        ****             
 224:main.c        ****             for (uint8_t i = 0; i < MAX_COMMAND_LENGTH; i++) //clear the command and wait for the n
 430              		.loc 1 224 0
 431 0242 04E0     		b	.L17
 432              	.LVL29:
 433              	.L18:
 225:main.c        ****             {
 226:main.c        ****                 command[i] = 0;
 434              		.loc 1 226 0 discriminator 3
 435 0244 0021     		movs	r1, #0
 436 0246 144A     		ldr	r2, .L21+60
 437 0248 D154     		strb	r1, [r2, r3]
 224:main.c        ****             {
 438              		.loc 1 224 0 discriminator 3
 439 024a 0133     		adds	r3, r3, #1
 440              	.LVL30:
 441 024c DBB2     		uxtb	r3, r3
 442              	.LVL31:
 443              	.L17:
 224:main.c        ****             {
 444              		.loc 1 224 0 is_stmt 0 discriminator 1
 445 024e 272B     		cmp	r3, #39
 446 0250 F8D9     		bls	.L18
 447              	.LBE4:
 227:main.c        ****             }
 228:main.c        ****             command_lenght = 0;
 448              		.loc 1 228 0 is_stmt 1
 449 0252 0022     		movs	r2, #0
 450 0254 0C4B     		ldr	r3, .L21+44
 451              	.LVL32:
 452 0256 1A70     		strb	r2, [r3]
 453 0258 0CE7     		b	.L4
 454              	.L22:
ARM GAS  C:\Users\teo8d\AppData\Local\Temp\ccSpzkrN.s 			page 13


 455 025a 00BF     		.align	2
 456              	.L21:
 457 025c 00000000 		.word	Input_Flag
 458 0260 00000000 		.word	Command_ready_Flag
 459 0264 00000000 		.word	TIA_Calibration_ended_Flag
 460 0268 00000000 		.word	CV_ready_Flag
 461 026c 00000000 		.word	AMP_ready_Flag
 462 0270 00000000 		.word	Load_EEPROM_Flag
 463 0274 00000000 		.word	Update_scanrate_Flag
 464 0278 00000000 		.word	Update_startvalue_Flag
 465 027c 00000000 		.word	Update_endvalue_Flag
 466 0280 00000000 		.word	Update_timevalue_Flag
 467 0284 00000000 		.word	lut_length
 468 0288 00000000 		.word	command_lenght
 469 028c 00000000 		.word	dacInterrupt
 470 0290 00000000 		.word	adcInterrupt
 471 0294 00000000 		.word	adcAmpInterrupt
 472 0298 00000000 		.word	command
 473 029c 00000000 		.word	DataBuffer
 474 02a0 00000000 		.word	.LC0
 475 02a4 00000000 		.word	selected_scan_rate
 476 02a8 0C000000 		.word	.LC1
 477 02ac 00000000 		.word	start_dac_value
 478 02b0 00000000 		.word	end_dac_value
 479              		.cfi_endproc
 480              	.LFE64:
 481              		.size	main, .-main
 482              		.comm	str,64,4
 483              		.comm	ch_received,1,1
 484              		.comm	DataBuffer,16,4
 485              		.comm	selected_voltage_source,1,1
 486              		.comm	command_lenght,1,1
 487              		.comm	command,40,4
 488              		.comm	selected_scan_rate,2,2
 489              		.comm	potential_max_current,2,2
 490              		.comm	end_dac_value,2,2
 491              		.comm	start_dac_value,2,2
 492              		.comm	uA_per_adc_count,4,4
 493              		.comm	ADC_CV_array,10000,4
 494              		.comm	lut_length,2,2
 495              		.comm	lut_index,2,2
 496              		.comm	waveform_amp_lut,4000,4
 497              		.comm	waveform_CV_lut,10000,4
 498              		.comm	lut_value,2,2
 499              		.comm	dac_ground_value,2,2
 500              		.comm	Update_timevalue_Flag,1,1
 501              		.comm	Update_endvalue_Flag,1,1
 502              		.comm	Update_startvalue_Flag,1,1
 503              		.comm	Update_scanrate_Flag,1,1
 504              		.comm	Load_EEPROM_Flag,1,1
 505              		.comm	AMP_ready_Flag,1,1
 506              		.comm	CV_ready_Flag,1,1
 507              		.comm	TIA_Calibration_ended_Flag,1,1
 508              		.comm	Command_ready_Flag,1,1
 509              		.comm	Input_Flag,1,1
 510              		.comm	ADC_buffer_index,1,1
 511              		.comm	TIA_resistor_value_index,1,1
ARM GAS  C:\Users\teo8d\AppData\Local\Temp\ccSpzkrN.s 			page 14


 512              		.comm	CalibrationBuffer,20,4
 513              		.section	.rodata.str1.4,"aMS",%progbits,1
 514              		.align	2
 515              	.LC0:
 516 0000 476C7563 		.ascii	"Glucose $$$\000"
 516      6F736520 
 516      24242400 
 517              	.LC1:
 518 000c 43562072 		.ascii	"CV ready\000"
 518      65616479 
 518      00
 519              		.text
 520              	.Letext0:
 521              		.file 2 "c:\\program files (x86)\\cypress\\psoc creator\\4.4\\psoc creator\\import\\gnu\\arm\\5.4.
 522              		.file 3 "c:\\program files (x86)\\cypress\\psoc creator\\4.4\\psoc creator\\import\\gnu\\arm\\5.4.
 523              		.file 4 "Generated_Source\\PSoC5/cytypes.h"
 524              		.file 5 "Generated_Source\\PSoC5/core_cm3.h"
 525              		.file 6 "Calibration.h"
 526              		.file 7 "user_selections.h"
 527              		.file 8 "Global_variables.h"
 528              		.file 9 "DVDAC.h"
 529              		.file 10 "Generated_Source\\PSoC5/UART.h"
 530              		.file 11 "Helper_functions.h"
 531              		.file 12 "Generated_Source\\PSoC5/ADC_SigDel.h"
 532              		.file 13 "Generated_Source\\PSoC5/isr_dac.h"
 533              		.file 14 "Generated_Source\\PSoC5/isr_adc.h"
 534              		.file 15 "Generated_Source\\PSoC5/isr_adcAmp.h"
 535              		.file 16 "Generated_Source\\PSoC5/CyLib.h"
 536              		.section	.debug_info,"",%progbits
 537              	.Ldebug_info0:
 538 0000 0E060000 		.4byte	0x60e
 539 0004 0400     		.2byte	0x4
 540 0006 00000000 		.4byte	.Ldebug_abbrev0
 541 000a 04       		.byte	0x4
 542 000b 01       		.uleb128 0x1
 543 000c 90040000 		.4byte	.LASF77
 544 0010 0C       		.byte	0xc
 545 0011 E3030000 		.4byte	.LASF78
 546 0015 DD010000 		.4byte	.LASF79
 547 0019 00000000 		.4byte	.Ldebug_ranges0+0
 548 001d 00000000 		.4byte	0
 549 0021 00000000 		.4byte	.Ldebug_line0
 550 0025 02       		.uleb128 0x2
 551 0026 01       		.byte	0x1
 552 0027 06       		.byte	0x6
 553 0028 35040000 		.4byte	.LASF0
 554 002c 03       		.uleb128 0x3
 555 002d A0010000 		.4byte	.LASF3
 556 0031 02       		.byte	0x2
 557 0032 1D       		.byte	0x1d
 558 0033 37000000 		.4byte	0x37
 559 0037 02       		.uleb128 0x2
 560 0038 01       		.byte	0x1
 561 0039 08       		.byte	0x8
 562 003a 4F020000 		.4byte	.LASF1
 563 003e 02       		.uleb128 0x2
 564 003f 02       		.byte	0x2
ARM GAS  C:\Users\teo8d\AppData\Local\Temp\ccSpzkrN.s 			page 15


 565 0040 05       		.byte	0x5
 566 0041 4C000000 		.4byte	.LASF2
 567 0045 03       		.uleb128 0x3
 568 0046 C3000000 		.4byte	.LASF4
 569 004a 02       		.byte	0x2
 570 004b 2B       		.byte	0x2b
 571 004c 50000000 		.4byte	0x50
 572 0050 02       		.uleb128 0x2
 573 0051 02       		.byte	0x2
 574 0052 07       		.byte	0x7
 575 0053 34030000 		.4byte	.LASF5
 576 0057 03       		.uleb128 0x3
 577 0058 2B040000 		.4byte	.LASF6
 578 005c 02       		.byte	0x2
 579 005d 3F       		.byte	0x3f
 580 005e 62000000 		.4byte	0x62
 581 0062 02       		.uleb128 0x2
 582 0063 04       		.byte	0x4
 583 0064 05       		.byte	0x5
 584 0065 97010000 		.4byte	.LASF7
 585 0069 02       		.uleb128 0x2
 586 006a 04       		.byte	0x4
 587 006b 07       		.byte	0x7
 588 006c EA030000 		.4byte	.LASF8
 589 0070 02       		.uleb128 0x2
 590 0071 08       		.byte	0x8
 591 0072 05       		.byte	0x5
 592 0073 6E010000 		.4byte	.LASF9
 593 0077 02       		.uleb128 0x2
 594 0078 08       		.byte	0x8
 595 0079 07       		.byte	0x7
 596 007a CA020000 		.4byte	.LASF10
 597 007e 04       		.uleb128 0x4
 598 007f 04       		.byte	0x4
 599 0080 05       		.byte	0x5
 600 0081 696E7400 		.ascii	"int\000"
 601 0085 02       		.uleb128 0x2
 602 0086 04       		.byte	0x4
 603 0087 07       		.byte	0x7
 604 0088 F3020000 		.4byte	.LASF11
 605 008c 03       		.uleb128 0x3
 606 008d 41040000 		.4byte	.LASF12
 607 0091 03       		.byte	0x3
 608 0092 18       		.byte	0x18
 609 0093 2C000000 		.4byte	0x2c
 610 0097 03       		.uleb128 0x3
 611 0098 00030000 		.4byte	.LASF13
 612 009c 03       		.byte	0x3
 613 009d 24       		.byte	0x24
 614 009e 45000000 		.4byte	0x45
 615 00a2 03       		.uleb128 0x3
 616 00a3 C2020000 		.4byte	.LASF14
 617 00a7 03       		.byte	0x3
 618 00a8 2C       		.byte	0x2c
 619 00a9 57000000 		.4byte	0x57
 620 00ad 05       		.uleb128 0x5
 621 00ae 7D040000 		.4byte	.LASF15
ARM GAS  C:\Users\teo8d\AppData\Local\Temp\ccSpzkrN.s 			page 16


 622 00b2 04       		.byte	0x4
 623 00b3 E901     		.2byte	0x1e9
 624 00b5 37000000 		.4byte	0x37
 625 00b9 05       		.uleb128 0x5
 626 00ba C9030000 		.4byte	.LASF16
 627 00be 04       		.byte	0x4
 628 00bf EA01     		.2byte	0x1ea
 629 00c1 50000000 		.4byte	0x50
 630 00c5 05       		.uleb128 0x5
 631 00c6 28010000 		.4byte	.LASF17
 632 00ca 04       		.byte	0x4
 633 00cb ED01     		.2byte	0x1ed
 634 00cd 3E000000 		.4byte	0x3e
 635 00d1 05       		.uleb128 0x5
 636 00d2 3C050000 		.4byte	.LASF18
 637 00d6 04       		.byte	0x4
 638 00d7 EF01     		.2byte	0x1ef
 639 00d9 DD000000 		.4byte	0xdd
 640 00dd 02       		.uleb128 0x2
 641 00de 04       		.byte	0x4
 642 00df 04       		.byte	0x4
 643 00e0 5B010000 		.4byte	.LASF19
 644 00e4 02       		.uleb128 0x2
 645 00e5 08       		.byte	0x8
 646 00e6 04       		.byte	0x4
 647 00e7 0D040000 		.4byte	.LASF20
 648 00eb 02       		.uleb128 0x2
 649 00ec 01       		.byte	0x1
 650 00ed 08       		.byte	0x8
 651 00ee 55030000 		.4byte	.LASF21
 652 00f2 02       		.uleb128 0x2
 653 00f3 08       		.byte	0x8
 654 00f4 04       		.byte	0x4
 655 00f5 43020000 		.4byte	.LASF22
 656 00f9 02       		.uleb128 0x2
 657 00fa 04       		.byte	0x4
 658 00fb 07       		.byte	0x7
 659 00fc 6F000000 		.4byte	.LASF23
 660 0100 06       		.uleb128 0x6
 661 0101 A6000000 		.4byte	.LASF80
 662 0105 01       		.byte	0x1
 663 0106 1C       		.byte	0x1c
 664 0107 7E000000 		.4byte	0x7e
 665 010b 00000000 		.4byte	.LFB64
 666 010f B4020000 		.4byte	.LFE64-.LFB64
 667 0113 01       		.uleb128 0x1
 668 0114 9C       		.byte	0x9c
 669 0115 B3020000 		.4byte	0x2b3
 670 0119 07       		.uleb128 0x7
 671 011a 84000000 		.4byte	.LBB2
 672 011e 16000000 		.4byte	.LBE2-.LBB2
 673 0122 3F010000 		.4byte	0x13f
 674 0126 08       		.uleb128 0x8
 675 0127 1A010000 		.4byte	.LASF24
 676 012b 01       		.byte	0x1
 677 012c 56       		.byte	0x56
 678 012d 8C000000 		.4byte	0x8c
ARM GAS  C:\Users\teo8d\AppData\Local\Temp\ccSpzkrN.s 			page 17


 679 0131 00000000 		.4byte	.LLST0
 680 0135 09       		.uleb128 0x9
 681 0136 8E000000 		.4byte	.LVL13
 682 013a 35050000 		.4byte	0x535
 683 013e 00       		.byte	0
 684 013f 07       		.uleb128 0x7
 685 0140 E2000000 		.4byte	.LBB3
 686 0144 56010000 		.4byte	.LBE3-.LBB3
 687 0148 F9010000 		.4byte	0x1f9
 688 014c 08       		.uleb128 0x8
 689 014d 75030000 		.4byte	.LASF25
 690 0151 01       		.byte	0x1
 691 0152 B1       		.byte	0xb1
 692 0153 AD000000 		.4byte	0xad
 693 0157 13000000 		.4byte	.LLST1
 694 015b 0A       		.uleb128 0xa
 695 015c F4000000 		.4byte	.LVL16
 696 0160 40050000 		.4byte	0x540
 697 0164 6F010000 		.4byte	0x16f
 698 0168 0B       		.uleb128 0xb
 699 0169 01       		.uleb128 0x1
 700 016a 50       		.byte	0x50
 701 016b 02       		.uleb128 0x2
 702 016c 74       		.byte	0x74
 703 016d 00       		.sleb128 0
 704 016e 00       		.byte	0
 705 016f 09       		.uleb128 0x9
 706 0170 08010000 		.4byte	.LVL17
 707 0174 4B050000 		.4byte	0x54b
 708 0178 0A       		.uleb128 0xa
 709 0179 3A010000 		.4byte	.LVL18
 710 017d 40050000 		.4byte	0x540
 711 0181 8F010000 		.4byte	0x18f
 712 0185 0B       		.uleb128 0xb
 713 0186 01       		.uleb128 0x1
 714 0187 50       		.byte	0x50
 715 0188 05       		.uleb128 0x5
 716 0189 03       		.byte	0x3
 717 018a 00000000 		.4byte	DataBuffer
 718 018e 00       		.byte	0
 719 018f 0A       		.uleb128 0xa
 720 0190 80010000 		.4byte	.LVL19
 721 0194 40050000 		.4byte	0x540
 722 0198 A6010000 		.4byte	0x1a6
 723 019c 0B       		.uleb128 0xb
 724 019d 01       		.uleb128 0x1
 725 019e 50       		.byte	0x50
 726 019f 05       		.uleb128 0x5
 727 01a0 03       		.byte	0x3
 728 01a1 00000000 		.4byte	DataBuffer
 729 01a5 00       		.byte	0
 730 01a6 0A       		.uleb128 0xa
 731 01a7 C6010000 		.4byte	.LVL20
 732 01ab 40050000 		.4byte	0x540
 733 01af BD010000 		.4byte	0x1bd
 734 01b3 0B       		.uleb128 0xb
 735 01b4 01       		.uleb128 0x1
ARM GAS  C:\Users\teo8d\AppData\Local\Temp\ccSpzkrN.s 			page 18


 736 01b5 50       		.byte	0x50
 737 01b6 05       		.uleb128 0x5
 738 01b7 03       		.byte	0x3
 739 01b8 00000000 		.4byte	DataBuffer
 740 01bc 00       		.byte	0
 741 01bd 0A       		.uleb128 0xa
 742 01be 0C020000 		.4byte	.LVL23
 743 01c2 40050000 		.4byte	0x540
 744 01c6 D4010000 		.4byte	0x1d4
 745 01ca 0B       		.uleb128 0xb
 746 01cb 01       		.uleb128 0x1
 747 01cc 50       		.byte	0x50
 748 01cd 05       		.uleb128 0x5
 749 01ce 03       		.byte	0x3
 750 01cf 00000000 		.4byte	DataBuffer
 751 01d3 00       		.byte	0
 752 01d4 09       		.uleb128 0x9
 753 01d5 1A020000 		.4byte	.LVL24
 754 01d9 56050000 		.4byte	0x556
 755 01dd 09       		.uleb128 0x9
 756 01de 22020000 		.4byte	.LVL25
 757 01e2 61050000 		.4byte	0x561
 758 01e6 09       		.uleb128 0x9
 759 01e7 34020000 		.4byte	.LVL26
 760 01eb 6C050000 		.4byte	0x56c
 761 01ef 09       		.uleb128 0x9
 762 01f0 38020000 		.4byte	.LVL27
 763 01f4 77050000 		.4byte	0x577
 764 01f8 00       		.byte	0
 765 01f9 07       		.uleb128 0x7
 766 01fa 42020000 		.4byte	.LBB4
 767 01fe 10000000 		.4byte	.LBE4-.LBB4
 768 0202 14020000 		.4byte	0x214
 769 0206 0C       		.uleb128 0xc
 770 0207 6900     		.ascii	"i\000"
 771 0209 01       		.byte	0x1
 772 020a E0       		.byte	0xe0
 773 020b 8C000000 		.4byte	0x8c
 774 020f 35000000 		.4byte	.LLST2
 775 0213 00       		.byte	0
 776 0214 09       		.uleb128 0x9
 777 0215 3E000000 		.4byte	.LVL0
 778 0219 82050000 		.4byte	0x582
 779 021d 0A       		.uleb128 0xa
 780 021e 46000000 		.4byte	.LVL1
 781 0222 8D050000 		.4byte	0x58d
 782 0226 36020000 		.4byte	0x236
 783 022a 0B       		.uleb128 0xb
 784 022b 01       		.uleb128 0x1
 785 022c 50       		.byte	0x50
 786 022d 01       		.uleb128 0x1
 787 022e 32       		.byte	0x32
 788 022f 0B       		.uleb128 0xb
 789 0230 01       		.uleb128 0x1
 790 0231 51       		.byte	0x51
 791 0232 02       		.uleb128 0x2
 792 0233 74       		.byte	0x74
ARM GAS  C:\Users\teo8d\AppData\Local\Temp\ccSpzkrN.s 			page 19


 793 0234 00       		.sleb128 0
 794 0235 00       		.byte	0
 795 0236 09       		.uleb128 0x9
 796 0237 4A000000 		.4byte	.LVL2
 797 023b 98050000 		.4byte	0x598
 798 023f 09       		.uleb128 0x9
 799 0240 50000000 		.4byte	.LVL3
 800 0244 A3050000 		.4byte	0x5a3
 801 0248 09       		.uleb128 0x9
 802 0249 54000000 		.4byte	.LVL4
 803 024d AE050000 		.4byte	0x5ae
 804 0251 09       		.uleb128 0x9
 805 0252 5A000000 		.4byte	.LVL5
 806 0256 B9050000 		.4byte	0x5b9
 807 025a 09       		.uleb128 0x9
 808 025b 5E000000 		.4byte	.LVL6
 809 025f C4050000 		.4byte	0x5c4
 810 0263 09       		.uleb128 0x9
 811 0264 64000000 		.4byte	.LVL7
 812 0268 CF050000 		.4byte	0x5cf
 813 026c 09       		.uleb128 0x9
 814 026d 68000000 		.4byte	.LVL8
 815 0271 DA050000 		.4byte	0x5da
 816 0275 09       		.uleb128 0x9
 817 0276 6C000000 		.4byte	.LVL9
 818 027a E5050000 		.4byte	0x5e5
 819 027e 0A       		.uleb128 0xa
 820 027f 74000000 		.4byte	.LVL10
 821 0283 F0050000 		.4byte	0x5f0
 822 0287 97020000 		.4byte	0x297
 823 028b 0B       		.uleb128 0xb
 824 028c 01       		.uleb128 0x1
 825 028d 50       		.byte	0x50
 826 028e 01       		.uleb128 0x1
 827 028f 33       		.byte	0x33
 828 0290 0B       		.uleb128 0xb
 829 0291 01       		.uleb128 0x1
 830 0292 51       		.byte	0x51
 831 0293 02       		.uleb128 0x2
 832 0294 74       		.byte	0x74
 833 0295 00       		.sleb128 0
 834 0296 00       		.byte	0
 835 0297 09       		.uleb128 0x9
 836 0298 78000000 		.4byte	.LVL11
 837 029c FB050000 		.4byte	0x5fb
 838 02a0 09       		.uleb128 0x9
 839 02a1 7C000000 		.4byte	.LVL12
 840 02a5 06060000 		.4byte	0x606
 841 02a9 09       		.uleb128 0x9
 842 02aa A6000000 		.4byte	.LVL15
 843 02ae 06060000 		.4byte	0x606
 844 02b2 00       		.byte	0
 845 02b3 0D       		.uleb128 0xd
 846 02b4 83040000 		.4byte	.LASF26
 847 02b8 05       		.byte	0x5
 848 02b9 1207     		.2byte	0x712
 849 02bb BF020000 		.4byte	0x2bf
ARM GAS  C:\Users\teo8d\AppData\Local\Temp\ccSpzkrN.s 			page 20


 850 02bf 0E       		.uleb128 0xe
 851 02c0 A2000000 		.4byte	0xa2
 852 02c4 0F       		.uleb128 0xf
 853 02c5 B9000000 		.4byte	0xb9
 854 02c9 D4020000 		.4byte	0x2d4
 855 02cd 10       		.uleb128 0x10
 856 02ce F9000000 		.4byte	0xf9
 857 02d2 09       		.byte	0x9
 858 02d3 00       		.byte	0
 859 02d4 11       		.uleb128 0x11
 860 02d5 E1020000 		.4byte	.LASF27
 861 02d9 06       		.byte	0x6
 862 02da 1A       		.byte	0x1a
 863 02db C4020000 		.4byte	0x2c4
 864 02df 05       		.uleb128 0x5
 865 02e0 03       		.byte	0x3
 866 02e1 00000000 		.4byte	CalibrationBuffer
 867 02e5 11       		.uleb128 0x11
 868 02e6 56000000 		.4byte	.LASF28
 869 02ea 07       		.byte	0x7
 870 02eb 2C       		.byte	0x2c
 871 02ec AD000000 		.4byte	0xad
 872 02f0 05       		.uleb128 0x5
 873 02f1 03       		.byte	0x3
 874 02f2 00000000 		.4byte	TIA_resistor_value_index
 875 02f6 11       		.uleb128 0x11
 876 02f7 64030000 		.4byte	.LASF29
 877 02fb 07       		.byte	0x7
 878 02fc 2D       		.byte	0x2d
 879 02fd AD000000 		.4byte	0xad
 880 0301 05       		.uleb128 0x5
 881 0302 03       		.byte	0x3
 882 0303 00000000 		.4byte	ADC_buffer_index
 883 0307 11       		.uleb128 0x11
 884 0308 1E050000 		.4byte	.LASF30
 885 030c 08       		.byte	0x8
 886 030d 1F       		.byte	0x1f
 887 030e AD000000 		.4byte	0xad
 888 0312 05       		.uleb128 0x5
 889 0313 03       		.byte	0x3
 890 0314 00000000 		.4byte	Input_Flag
 891 0318 11       		.uleb128 0x11
 892 0319 5F040000 		.4byte	.LASF31
 893 031d 08       		.byte	0x8
 894 031e 20       		.byte	0x20
 895 031f AD000000 		.4byte	0xad
 896 0323 05       		.uleb128 0x5
 897 0324 03       		.byte	0x3
 898 0325 00000000 		.4byte	Command_ready_Flag
 899 0329 11       		.uleb128 0x11
 900 032a 7C010000 		.4byte	.LASF32
 901 032e 08       		.byte	0x8
 902 032f 21       		.byte	0x21
 903 0330 8C000000 		.4byte	0x8c
 904 0334 05       		.uleb128 0x5
 905 0335 03       		.byte	0x3
 906 0336 00000000 		.4byte	TIA_Calibration_ended_Flag
ARM GAS  C:\Users\teo8d\AppData\Local\Temp\ccSpzkrN.s 			page 21


 907 033a 11       		.uleb128 0x11
 908 033b 2E010000 		.4byte	.LASF33
 909 033f 08       		.byte	0x8
 910 0340 22       		.byte	0x22
 911 0341 8C000000 		.4byte	0x8c
 912 0345 05       		.uleb128 0x5
 913 0346 03       		.byte	0x3
 914 0347 00000000 		.4byte	CV_ready_Flag
 915 034b 11       		.uleb128 0x11
 916 034c 8D030000 		.4byte	.LASF34
 917 0350 08       		.byte	0x8
 918 0351 23       		.byte	0x23
 919 0352 8C000000 		.4byte	0x8c
 920 0356 05       		.uleb128 0x5
 921 0357 03       		.byte	0x3
 922 0358 00000000 		.4byte	AMP_ready_Flag
 923 035c 11       		.uleb128 0x11
 924 035d FC030000 		.4byte	.LASF35
 925 0361 08       		.byte	0x8
 926 0362 24       		.byte	0x24
 927 0363 8C000000 		.4byte	0x8c
 928 0367 05       		.uleb128 0x5
 929 0368 03       		.byte	0x3
 930 0369 00000000 		.4byte	Load_EEPROM_Flag
 931 036d 11       		.uleb128 0x11
 932 036e 05010000 		.4byte	.LASF36
 933 0372 08       		.byte	0x8
 934 0373 25       		.byte	0x25
 935 0374 8C000000 		.4byte	0x8c
 936 0378 05       		.uleb128 0x5
 937 0379 03       		.byte	0x3
 938 037a 00000000 		.4byte	Update_scanrate_Flag
 939 037e 11       		.uleb128 0x11
 940 037f 14040000 		.4byte	.LASF37
 941 0383 08       		.byte	0x8
 942 0384 26       		.byte	0x26
 943 0385 8C000000 		.4byte	0x8c
 944 0389 05       		.uleb128 0x5
 945 038a 03       		.byte	0x3
 946 038b 00000000 		.4byte	Update_startvalue_Flag
 947 038f 11       		.uleb128 0x11
 948 0390 82020000 		.4byte	.LASF38
 949 0394 08       		.byte	0x8
 950 0395 27       		.byte	0x27
 951 0396 8C000000 		.4byte	0x8c
 952 039a 05       		.uleb128 0x5
 953 039b 03       		.byte	0x3
 954 039c 00000000 		.4byte	Update_endvalue_Flag
 955 03a0 11       		.uleb128 0x11
 956 03a1 49040000 		.4byte	.LASF39
 957 03a5 08       		.byte	0x8
 958 03a6 28       		.byte	0x28
 959 03a7 8C000000 		.4byte	0x8c
 960 03ab 05       		.uleb128 0x5
 961 03ac 03       		.byte	0x3
 962 03ad 00000000 		.4byte	Update_timevalue_Flag
 963 03b1 11       		.uleb128 0x11
ARM GAS  C:\Users\teo8d\AppData\Local\Temp\ccSpzkrN.s 			page 22


 964 03b2 8A000000 		.4byte	.LASF40
 965 03b6 08       		.byte	0x8
 966 03b7 43       		.byte	0x43
 967 03b8 B9000000 		.4byte	0xb9
 968 03bc 05       		.uleb128 0x5
 969 03bd 03       		.byte	0x3
 970 03be 00000000 		.4byte	dac_ground_value
 971 03c2 11       		.uleb128 0x11
 972 03c3 5A030000 		.4byte	.LASF41
 973 03c7 08       		.byte	0x8
 974 03c8 47       		.byte	0x47
 975 03c9 B9000000 		.4byte	0xb9
 976 03cd 05       		.uleb128 0x5
 977 03ce 03       		.byte	0x3
 978 03cf 00000000 		.4byte	lut_value
 979 03d3 0F       		.uleb128 0xf
 980 03d4 B9000000 		.4byte	0xb9
 981 03d8 E4030000 		.4byte	0x3e4
 982 03dc 12       		.uleb128 0x12
 983 03dd F9000000 		.4byte	0xf9
 984 03e1 8713     		.2byte	0x1387
 985 03e3 00       		.byte	0
 986 03e4 11       		.uleb128 0x11
 987 03e5 72020000 		.4byte	.LASF42
 988 03e9 08       		.byte	0x8
 989 03ea 48       		.byte	0x48
 990 03eb D3030000 		.4byte	0x3d3
 991 03ef 05       		.uleb128 0x5
 992 03f0 03       		.byte	0x3
 993 03f1 00000000 		.4byte	waveform_CV_lut
 994 03f5 0F       		.uleb128 0xf
 995 03f6 B9000000 		.4byte	0xb9
 996 03fa 06040000 		.4byte	0x406
 997 03fe 12       		.uleb128 0x12
 998 03ff F9000000 		.4byte	0xf9
 999 0403 CF07     		.2byte	0x7cf
 1000 0405 00       		.byte	0
 1001 0406 11       		.uleb128 0x11
 1002 0407 B6010000 		.4byte	.LASF43
 1003 040b 08       		.byte	0x8
 1004 040c 49       		.byte	0x49
 1005 040d F5030000 		.4byte	0x3f5
 1006 0411 05       		.uleb128 0x5
 1007 0412 03       		.byte	0x3
 1008 0413 00000000 		.4byte	waveform_amp_lut
 1009 0417 11       		.uleb128 0x11
 1010 0418 83030000 		.4byte	.LASF44
 1011 041c 08       		.byte	0x8
 1012 041d 4A       		.byte	0x4a
 1013 041e B9000000 		.4byte	0xb9
 1014 0422 05       		.uleb128 0x5
 1015 0423 03       		.byte	0x3
 1016 0424 00000000 		.4byte	lut_index
 1017 0428 11       		.uleb128 0x11
 1018 0429 72040000 		.4byte	.LASF45
 1019 042d 08       		.byte	0x8
 1020 042e 4B       		.byte	0x4b
ARM GAS  C:\Users\teo8d\AppData\Local\Temp\ccSpzkrN.s 			page 23


 1021 042f 97000000 		.4byte	0x97
 1022 0433 05       		.uleb128 0x5
 1023 0434 03       		.byte	0x3
 1024 0435 00000000 		.4byte	lut_length
 1025 0439 11       		.uleb128 0x11
 1026 043a 61010000 		.4byte	.LASF46
 1027 043e 08       		.byte	0x8
 1028 043f 4C       		.byte	0x4c
 1029 0440 D3030000 		.4byte	0x3d3
 1030 0444 05       		.uleb128 0x5
 1031 0445 03       		.byte	0x3
 1032 0446 00000000 		.4byte	ADC_CV_array
 1033 044a 11       		.uleb128 0x11
 1034 044b 2B000000 		.4byte	.LASF47
 1035 044f 08       		.byte	0x8
 1036 0450 4D       		.byte	0x4d
 1037 0451 D1000000 		.4byte	0xd1
 1038 0455 05       		.uleb128 0x5
 1039 0456 03       		.byte	0x3
 1040 0457 00000000 		.4byte	uA_per_adc_count
 1041 045b 11       		.uleb128 0x11
 1042 045c 3C000000 		.4byte	.LASF48
 1043 0460 08       		.byte	0x8
 1044 0461 50       		.byte	0x50
 1045 0462 B9000000 		.4byte	0xb9
 1046 0466 05       		.uleb128 0x5
 1047 0467 03       		.byte	0x3
 1048 0468 00000000 		.4byte	start_dac_value
 1049 046c 11       		.uleb128 0x11
 1050 046d 47030000 		.4byte	.LASF49
 1051 0471 08       		.byte	0x8
 1052 0472 51       		.byte	0x51
 1053 0473 B9000000 		.4byte	0xb9
 1054 0477 05       		.uleb128 0x5
 1055 0478 03       		.byte	0x3
 1056 0479 00000000 		.4byte	end_dac_value
 1057 047d 11       		.uleb128 0x11
 1058 047e C7010000 		.4byte	.LASF50
 1059 0482 08       		.byte	0x8
 1060 0483 52       		.byte	0x52
 1061 0484 C5000000 		.4byte	0xc5
 1062 0488 05       		.uleb128 0x5
 1063 0489 03       		.byte	0x3
 1064 048a 00000000 		.4byte	potential_max_current
 1065 048e 11       		.uleb128 0x11
 1066 048f 30020000 		.4byte	.LASF51
 1067 0493 08       		.byte	0x8
 1068 0494 53       		.byte	0x53
 1069 0495 B9000000 		.4byte	0xb9
 1070 0499 05       		.uleb128 0x5
 1071 049a 03       		.byte	0x3
 1072 049b 00000000 		.4byte	selected_scan_rate
 1073 049f 0F       		.uleb128 0xf
 1074 04a0 8C000000 		.4byte	0x8c
 1075 04a4 AF040000 		.4byte	0x4af
 1076 04a8 10       		.uleb128 0x10
 1077 04a9 F9000000 		.4byte	0xf9
ARM GAS  C:\Users\teo8d\AppData\Local\Temp\ccSpzkrN.s 			page 24


 1078 04ad 27       		.byte	0x27
 1079 04ae 00       		.byte	0
 1080 04af 11       		.uleb128 0x11
 1081 04b0 44050000 		.4byte	.LASF52
 1082 04b4 08       		.byte	0x8
 1083 04b5 58       		.byte	0x58
 1084 04b6 9F040000 		.4byte	0x49f
 1085 04ba 05       		.uleb128 0x5
 1086 04bb 03       		.byte	0x3
 1087 04bc 00000000 		.4byte	command
 1088 04c0 11       		.uleb128 0x11
 1089 04c1 4C010000 		.4byte	.LASF53
 1090 04c5 08       		.byte	0x8
 1091 04c6 59       		.byte	0x59
 1092 04c7 8C000000 		.4byte	0x8c
 1093 04cb 05       		.uleb128 0x5
 1094 04cc 03       		.byte	0x3
 1095 04cd 00000000 		.4byte	command_lenght
 1096 04d1 11       		.uleb128 0x11
 1097 04d2 09030000 		.4byte	.LASF54
 1098 04d6 09       		.byte	0x9
 1099 04d7 1E       		.byte	0x1e
 1100 04d8 AD000000 		.4byte	0xad
 1101 04dc 05       		.uleb128 0x5
 1102 04dd 03       		.byte	0x3
 1103 04de 00000000 		.4byte	selected_voltage_source
 1104 04e2 0F       		.uleb128 0xf
 1105 04e3 EB000000 		.4byte	0xeb
 1106 04e7 F2040000 		.4byte	0x4f2
 1107 04eb 10       		.uleb128 0x10
 1108 04ec F9000000 		.4byte	0xf9
 1109 04f0 0F       		.byte	0xf
 1110 04f1 00       		.byte	0
 1111 04f2 11       		.uleb128 0x11
 1112 04f3 9B000000 		.4byte	.LASF55
 1113 04f7 01       		.byte	0x1
 1114 04f8 18       		.byte	0x18
 1115 04f9 E2040000 		.4byte	0x4e2
 1116 04fd 05       		.uleb128 0x5
 1117 04fe 03       		.byte	0x3
 1118 04ff 00000000 		.4byte	DataBuffer
 1119 0503 11       		.uleb128 0x11
 1120 0504 AA010000 		.4byte	.LASF56
 1121 0508 01       		.byte	0x1
 1122 0509 19       		.byte	0x19
 1123 050a AD000000 		.4byte	0xad
 1124 050e 05       		.uleb128 0x5
 1125 050f 03       		.byte	0x3
 1126 0510 00000000 		.4byte	ch_received
 1127 0514 0F       		.uleb128 0xf
 1128 0515 EB000000 		.4byte	0xeb
 1129 0519 24050000 		.4byte	0x524
 1130 051d 10       		.uleb128 0x10
 1131 051e F9000000 		.4byte	0xf9
 1132 0522 3F       		.byte	0x3f
 1133 0523 00       		.byte	0
 1134 0524 13       		.uleb128 0x13
ARM GAS  C:\Users\teo8d\AppData\Local\Temp\ccSpzkrN.s 			page 25


 1135 0525 73747200 		.ascii	"str\000"
 1136 0529 01       		.byte	0x1
 1137 052a 1A       		.byte	0x1a
 1138 052b 14050000 		.4byte	0x514
 1139 052f 05       		.uleb128 0x5
 1140 0530 03       		.byte	0x3
 1141 0531 00000000 		.4byte	str
 1142 0535 14       		.uleb128 0x14
 1143 0536 D9000000 		.4byte	.LASF57
 1144 053a D9000000 		.4byte	.LASF57
 1145 053e 0A       		.byte	0xa
 1146 053f 71       		.byte	0x71
 1147 0540 14       		.uleb128 0x14
 1148 0541 E6000000 		.4byte	.LASF58
 1149 0545 E6000000 		.4byte	.LASF58
 1150 0549 0A       		.byte	0xa
 1151 054a 8B       		.byte	0x8b
 1152 054b 14       		.uleb128 0x14
 1153 054c 21030000 		.4byte	.LASF59
 1154 0550 21030000 		.4byte	.LASF59
 1155 0554 07       		.byte	0x7
 1156 0555 22       		.byte	0x22
 1157 0556 14       		.uleb128 0x14
 1158 0557 AB000000 		.4byte	.LASF60
 1159 055b AB000000 		.4byte	.LASF60
 1160 055f 07       		.byte	0x7
 1161 0560 24       		.byte	0x24
 1162 0561 14       		.uleb128 0x14
 1163 0562 78000000 		.4byte	.LASF61
 1164 0566 78000000 		.4byte	.LASF61
 1165 056a 07       		.byte	0x7
 1166 056b 1F       		.byte	0x1f
 1167 056c 14       		.uleb128 0x14
 1168 056d AC020000 		.4byte	.LASF62
 1169 0571 AC020000 		.4byte	.LASF62
 1170 0575 07       		.byte	0x7
 1171 0576 23       		.byte	0x23
 1172 0577 14       		.uleb128 0x14
 1173 0578 4C050000 		.4byte	.LASF63
 1174 057c 4C050000 		.4byte	.LASF63
 1175 0580 07       		.byte	0x7
 1176 0581 25       		.byte	0x25
 1177 0582 14       		.uleb128 0x14
 1178 0583 5D020000 		.4byte	.LASF64
 1179 0587 5D020000 		.4byte	.LASF64
 1180 058b 0B       		.byte	0xb
 1181 058c 21       		.byte	0x21
 1182 058d 14       		.uleb128 0x14
 1183 058e 9C030000 		.4byte	.LASF65
 1184 0592 9C030000 		.4byte	.LASF65
 1185 0596 0C       		.byte	0xc
 1186 0597 44       		.byte	0x44
 1187 0598 14       		.uleb128 0x14
 1188 0599 20000000 		.4byte	.LASF66
 1189 059d 20000000 		.4byte	.LASF66
 1190 05a1 0A       		.byte	0xa
 1191 05a2 54       		.byte	0x54
ARM GAS  C:\Users\teo8d\AppData\Local\Temp\ccSpzkrN.s 			page 26


 1192 05a3 14       		.uleb128 0x14
 1193 05a4 3C010000 		.4byte	.LASF67
 1194 05a8 3C010000 		.4byte	.LASF67
 1195 05ac 0D       		.byte	0xd
 1196 05ad 18       		.byte	0x18
 1197 05ae 14       		.uleb128 0x14
 1198 05af 10000000 		.4byte	.LASF68
 1199 05b3 10000000 		.4byte	.LASF68
 1200 05b7 0D       		.byte	0xd
 1201 05b8 25       		.byte	0x25
 1202 05b9 14       		.uleb128 0x14
 1203 05ba F5000000 		.4byte	.LASF69
 1204 05be F5000000 		.4byte	.LASF69
 1205 05c2 0E       		.byte	0xe
 1206 05c3 18       		.byte	0x18
 1207 05c4 14       		.uleb128 0x14
 1208 05c5 00000000 		.4byte	.LASF70
 1209 05c9 00000000 		.4byte	.LASF70
 1210 05cd 0E       		.byte	0xe
 1211 05ce 25       		.byte	0x25
 1212 05cf 14       		.uleb128 0x14
 1213 05d0 29050000 		.4byte	.LASF71
 1214 05d4 29050000 		.4byte	.LASF71
 1215 05d8 0F       		.byte	0xf
 1216 05d9 18       		.byte	0x18
 1217 05da 14       		.uleb128 0x14
 1218 05db D0030000 		.4byte	.LASF72
 1219 05df D0030000 		.4byte	.LASF72
 1220 05e3 0F       		.byte	0xf
 1221 05e4 25       		.byte	0x25
 1222 05e5 14       		.uleb128 0x14
 1223 05e6 BB030000 		.4byte	.LASF73
 1224 05ea BB030000 		.4byte	.LASF73
 1225 05ee 06       		.byte	0x6
 1226 05ef 29       		.byte	0x29
 1227 05f0 14       		.uleb128 0x14
 1228 05f1 CE000000 		.4byte	.LASF74
 1229 05f5 CE000000 		.4byte	.LASF74
 1230 05f9 10       		.byte	0x10
 1231 05fa 72       		.byte	0x72
 1232 05fb 14       		.uleb128 0x14
 1233 05fc 61050000 		.4byte	.LASF75
 1234 0600 61050000 		.4byte	.LASF75
 1235 0604 10       		.byte	0x10
 1236 0605 73       		.byte	0x73
 1237 0606 14       		.uleb128 0x14
 1238 0607 97020000 		.4byte	.LASF76
 1239 060b 97020000 		.4byte	.LASF76
 1240 060f 0A       		.byte	0xa
 1241 0610 73       		.byte	0x73
 1242 0611 00       		.byte	0
 1243              		.section	.debug_abbrev,"",%progbits
 1244              	.Ldebug_abbrev0:
 1245 0000 01       		.uleb128 0x1
 1246 0001 11       		.uleb128 0x11
 1247 0002 01       		.byte	0x1
 1248 0003 25       		.uleb128 0x25
ARM GAS  C:\Users\teo8d\AppData\Local\Temp\ccSpzkrN.s 			page 27


 1249 0004 0E       		.uleb128 0xe
 1250 0005 13       		.uleb128 0x13
 1251 0006 0B       		.uleb128 0xb
 1252 0007 03       		.uleb128 0x3
 1253 0008 0E       		.uleb128 0xe
 1254 0009 1B       		.uleb128 0x1b
 1255 000a 0E       		.uleb128 0xe
 1256 000b 55       		.uleb128 0x55
 1257 000c 17       		.uleb128 0x17
 1258 000d 11       		.uleb128 0x11
 1259 000e 01       		.uleb128 0x1
 1260 000f 10       		.uleb128 0x10
 1261 0010 17       		.uleb128 0x17
 1262 0011 00       		.byte	0
 1263 0012 00       		.byte	0
 1264 0013 02       		.uleb128 0x2
 1265 0014 24       		.uleb128 0x24
 1266 0015 00       		.byte	0
 1267 0016 0B       		.uleb128 0xb
 1268 0017 0B       		.uleb128 0xb
 1269 0018 3E       		.uleb128 0x3e
 1270 0019 0B       		.uleb128 0xb
 1271 001a 03       		.uleb128 0x3
 1272 001b 0E       		.uleb128 0xe
 1273 001c 00       		.byte	0
 1274 001d 00       		.byte	0
 1275 001e 03       		.uleb128 0x3
 1276 001f 16       		.uleb128 0x16
 1277 0020 00       		.byte	0
 1278 0021 03       		.uleb128 0x3
 1279 0022 0E       		.uleb128 0xe
 1280 0023 3A       		.uleb128 0x3a
 1281 0024 0B       		.uleb128 0xb
 1282 0025 3B       		.uleb128 0x3b
 1283 0026 0B       		.uleb128 0xb
 1284 0027 49       		.uleb128 0x49
 1285 0028 13       		.uleb128 0x13
 1286 0029 00       		.byte	0
 1287 002a 00       		.byte	0
 1288 002b 04       		.uleb128 0x4
 1289 002c 24       		.uleb128 0x24
 1290 002d 00       		.byte	0
 1291 002e 0B       		.uleb128 0xb
 1292 002f 0B       		.uleb128 0xb
 1293 0030 3E       		.uleb128 0x3e
 1294 0031 0B       		.uleb128 0xb
 1295 0032 03       		.uleb128 0x3
 1296 0033 08       		.uleb128 0x8
 1297 0034 00       		.byte	0
 1298 0035 00       		.byte	0
 1299 0036 05       		.uleb128 0x5
 1300 0037 16       		.uleb128 0x16
 1301 0038 00       		.byte	0
 1302 0039 03       		.uleb128 0x3
 1303 003a 0E       		.uleb128 0xe
 1304 003b 3A       		.uleb128 0x3a
 1305 003c 0B       		.uleb128 0xb
ARM GAS  C:\Users\teo8d\AppData\Local\Temp\ccSpzkrN.s 			page 28


 1306 003d 3B       		.uleb128 0x3b
 1307 003e 05       		.uleb128 0x5
 1308 003f 49       		.uleb128 0x49
 1309 0040 13       		.uleb128 0x13
 1310 0041 00       		.byte	0
 1311 0042 00       		.byte	0
 1312 0043 06       		.uleb128 0x6
 1313 0044 2E       		.uleb128 0x2e
 1314 0045 01       		.byte	0x1
 1315 0046 3F       		.uleb128 0x3f
 1316 0047 19       		.uleb128 0x19
 1317 0048 03       		.uleb128 0x3
 1318 0049 0E       		.uleb128 0xe
 1319 004a 3A       		.uleb128 0x3a
 1320 004b 0B       		.uleb128 0xb
 1321 004c 3B       		.uleb128 0x3b
 1322 004d 0B       		.uleb128 0xb
 1323 004e 27       		.uleb128 0x27
 1324 004f 19       		.uleb128 0x19
 1325 0050 49       		.uleb128 0x49
 1326 0051 13       		.uleb128 0x13
 1327 0052 8701     		.uleb128 0x87
 1328 0054 19       		.uleb128 0x19
 1329 0055 11       		.uleb128 0x11
 1330 0056 01       		.uleb128 0x1
 1331 0057 12       		.uleb128 0x12
 1332 0058 06       		.uleb128 0x6
 1333 0059 40       		.uleb128 0x40
 1334 005a 18       		.uleb128 0x18
 1335 005b 9742     		.uleb128 0x2117
 1336 005d 19       		.uleb128 0x19
 1337 005e 01       		.uleb128 0x1
 1338 005f 13       		.uleb128 0x13
 1339 0060 00       		.byte	0
 1340 0061 00       		.byte	0
 1341 0062 07       		.uleb128 0x7
 1342 0063 0B       		.uleb128 0xb
 1343 0064 01       		.byte	0x1
 1344 0065 11       		.uleb128 0x11
 1345 0066 01       		.uleb128 0x1
 1346 0067 12       		.uleb128 0x12
 1347 0068 06       		.uleb128 0x6
 1348 0069 01       		.uleb128 0x1
 1349 006a 13       		.uleb128 0x13
 1350 006b 00       		.byte	0
 1351 006c 00       		.byte	0
 1352 006d 08       		.uleb128 0x8
 1353 006e 34       		.uleb128 0x34
 1354 006f 00       		.byte	0
 1355 0070 03       		.uleb128 0x3
 1356 0071 0E       		.uleb128 0xe
 1357 0072 3A       		.uleb128 0x3a
 1358 0073 0B       		.uleb128 0xb
 1359 0074 3B       		.uleb128 0x3b
 1360 0075 0B       		.uleb128 0xb
 1361 0076 49       		.uleb128 0x49
 1362 0077 13       		.uleb128 0x13
ARM GAS  C:\Users\teo8d\AppData\Local\Temp\ccSpzkrN.s 			page 29


 1363 0078 02       		.uleb128 0x2
 1364 0079 17       		.uleb128 0x17
 1365 007a 00       		.byte	0
 1366 007b 00       		.byte	0
 1367 007c 09       		.uleb128 0x9
 1368 007d 898201   		.uleb128 0x4109
 1369 0080 00       		.byte	0
 1370 0081 11       		.uleb128 0x11
 1371 0082 01       		.uleb128 0x1
 1372 0083 31       		.uleb128 0x31
 1373 0084 13       		.uleb128 0x13
 1374 0085 00       		.byte	0
 1375 0086 00       		.byte	0
 1376 0087 0A       		.uleb128 0xa
 1377 0088 898201   		.uleb128 0x4109
 1378 008b 01       		.byte	0x1
 1379 008c 11       		.uleb128 0x11
 1380 008d 01       		.uleb128 0x1
 1381 008e 31       		.uleb128 0x31
 1382 008f 13       		.uleb128 0x13
 1383 0090 01       		.uleb128 0x1
 1384 0091 13       		.uleb128 0x13
 1385 0092 00       		.byte	0
 1386 0093 00       		.byte	0
 1387 0094 0B       		.uleb128 0xb
 1388 0095 8A8201   		.uleb128 0x410a
 1389 0098 00       		.byte	0
 1390 0099 02       		.uleb128 0x2
 1391 009a 18       		.uleb128 0x18
 1392 009b 9142     		.uleb128 0x2111
 1393 009d 18       		.uleb128 0x18
 1394 009e 00       		.byte	0
 1395 009f 00       		.byte	0
 1396 00a0 0C       		.uleb128 0xc
 1397 00a1 34       		.uleb128 0x34
 1398 00a2 00       		.byte	0
 1399 00a3 03       		.uleb128 0x3
 1400 00a4 08       		.uleb128 0x8
 1401 00a5 3A       		.uleb128 0x3a
 1402 00a6 0B       		.uleb128 0xb
 1403 00a7 3B       		.uleb128 0x3b
 1404 00a8 0B       		.uleb128 0xb
 1405 00a9 49       		.uleb128 0x49
 1406 00aa 13       		.uleb128 0x13
 1407 00ab 02       		.uleb128 0x2
 1408 00ac 17       		.uleb128 0x17
 1409 00ad 00       		.byte	0
 1410 00ae 00       		.byte	0
 1411 00af 0D       		.uleb128 0xd
 1412 00b0 34       		.uleb128 0x34
 1413 00b1 00       		.byte	0
 1414 00b2 03       		.uleb128 0x3
 1415 00b3 0E       		.uleb128 0xe
 1416 00b4 3A       		.uleb128 0x3a
 1417 00b5 0B       		.uleb128 0xb
 1418 00b6 3B       		.uleb128 0x3b
 1419 00b7 05       		.uleb128 0x5
ARM GAS  C:\Users\teo8d\AppData\Local\Temp\ccSpzkrN.s 			page 30


 1420 00b8 49       		.uleb128 0x49
 1421 00b9 13       		.uleb128 0x13
 1422 00ba 3F       		.uleb128 0x3f
 1423 00bb 19       		.uleb128 0x19
 1424 00bc 3C       		.uleb128 0x3c
 1425 00bd 19       		.uleb128 0x19
 1426 00be 00       		.byte	0
 1427 00bf 00       		.byte	0
 1428 00c0 0E       		.uleb128 0xe
 1429 00c1 35       		.uleb128 0x35
 1430 00c2 00       		.byte	0
 1431 00c3 49       		.uleb128 0x49
 1432 00c4 13       		.uleb128 0x13
 1433 00c5 00       		.byte	0
 1434 00c6 00       		.byte	0
 1435 00c7 0F       		.uleb128 0xf
 1436 00c8 01       		.uleb128 0x1
 1437 00c9 01       		.byte	0x1
 1438 00ca 49       		.uleb128 0x49
 1439 00cb 13       		.uleb128 0x13
 1440 00cc 01       		.uleb128 0x1
 1441 00cd 13       		.uleb128 0x13
 1442 00ce 00       		.byte	0
 1443 00cf 00       		.byte	0
 1444 00d0 10       		.uleb128 0x10
 1445 00d1 21       		.uleb128 0x21
 1446 00d2 00       		.byte	0
 1447 00d3 49       		.uleb128 0x49
 1448 00d4 13       		.uleb128 0x13
 1449 00d5 2F       		.uleb128 0x2f
 1450 00d6 0B       		.uleb128 0xb
 1451 00d7 00       		.byte	0
 1452 00d8 00       		.byte	0
 1453 00d9 11       		.uleb128 0x11
 1454 00da 34       		.uleb128 0x34
 1455 00db 00       		.byte	0
 1456 00dc 03       		.uleb128 0x3
 1457 00dd 0E       		.uleb128 0xe
 1458 00de 3A       		.uleb128 0x3a
 1459 00df 0B       		.uleb128 0xb
 1460 00e0 3B       		.uleb128 0x3b
 1461 00e1 0B       		.uleb128 0xb
 1462 00e2 49       		.uleb128 0x49
 1463 00e3 13       		.uleb128 0x13
 1464 00e4 3F       		.uleb128 0x3f
 1465 00e5 19       		.uleb128 0x19
 1466 00e6 02       		.uleb128 0x2
 1467 00e7 18       		.uleb128 0x18
 1468 00e8 00       		.byte	0
 1469 00e9 00       		.byte	0
 1470 00ea 12       		.uleb128 0x12
 1471 00eb 21       		.uleb128 0x21
 1472 00ec 00       		.byte	0
 1473 00ed 49       		.uleb128 0x49
 1474 00ee 13       		.uleb128 0x13
 1475 00ef 2F       		.uleb128 0x2f
 1476 00f0 05       		.uleb128 0x5
ARM GAS  C:\Users\teo8d\AppData\Local\Temp\ccSpzkrN.s 			page 31


 1477 00f1 00       		.byte	0
 1478 00f2 00       		.byte	0
 1479 00f3 13       		.uleb128 0x13
 1480 00f4 34       		.uleb128 0x34
 1481 00f5 00       		.byte	0
 1482 00f6 03       		.uleb128 0x3
 1483 00f7 08       		.uleb128 0x8
 1484 00f8 3A       		.uleb128 0x3a
 1485 00f9 0B       		.uleb128 0xb
 1486 00fa 3B       		.uleb128 0x3b
 1487 00fb 0B       		.uleb128 0xb
 1488 00fc 49       		.uleb128 0x49
 1489 00fd 13       		.uleb128 0x13
 1490 00fe 3F       		.uleb128 0x3f
 1491 00ff 19       		.uleb128 0x19
 1492 0100 02       		.uleb128 0x2
 1493 0101 18       		.uleb128 0x18
 1494 0102 00       		.byte	0
 1495 0103 00       		.byte	0
 1496 0104 14       		.uleb128 0x14
 1497 0105 2E       		.uleb128 0x2e
 1498 0106 00       		.byte	0
 1499 0107 3F       		.uleb128 0x3f
 1500 0108 19       		.uleb128 0x19
 1501 0109 3C       		.uleb128 0x3c
 1502 010a 19       		.uleb128 0x19
 1503 010b 6E       		.uleb128 0x6e
 1504 010c 0E       		.uleb128 0xe
 1505 010d 03       		.uleb128 0x3
 1506 010e 0E       		.uleb128 0xe
 1507 010f 3A       		.uleb128 0x3a
 1508 0110 0B       		.uleb128 0xb
 1509 0111 3B       		.uleb128 0x3b
 1510 0112 0B       		.uleb128 0xb
 1511 0113 00       		.byte	0
 1512 0114 00       		.byte	0
 1513 0115 00       		.byte	0
 1514              		.section	.debug_loc,"",%progbits
 1515              	.Ldebug_loc0:
 1516              	.LLST0:
 1517 0000 8E000000 		.4byte	.LVL13
 1518 0004 9A000000 		.4byte	.LVL14
 1519 0008 0100     		.2byte	0x1
 1520 000a 50       		.byte	0x50
 1521 000b 00000000 		.4byte	0
 1522 000f 00000000 		.4byte	0
 1523              	.LLST1:
 1524 0013 D2010000 		.4byte	.LVL21
 1525 0017 FE010000 		.4byte	.LVL22
 1526 001b 0100     		.2byte	0x1
 1527 001d 51       		.byte	0x51
 1528 001e FE010000 		.4byte	.LVL22
 1529 0022 0B020000 		.4byte	.LVL23-1
 1530 0026 0500     		.2byte	0x5
 1531 0028 03       		.byte	0x3
 1532 0029 01000000 		.4byte	command+1
 1533 002d 00000000 		.4byte	0
ARM GAS  C:\Users\teo8d\AppData\Local\Temp\ccSpzkrN.s 			page 32


 1534 0031 00000000 		.4byte	0
 1535              	.LLST2:
 1536 0035 42020000 		.4byte	.LVL28
 1537 0039 44020000 		.4byte	.LVL29
 1538 003d 0200     		.2byte	0x2
 1539 003f 30       		.byte	0x30
 1540 0040 9F       		.byte	0x9f
 1541 0041 44020000 		.4byte	.LVL29
 1542 0045 4C020000 		.4byte	.LVL30
 1543 0049 0100     		.2byte	0x1
 1544 004b 53       		.byte	0x53
 1545 004c 4E020000 		.4byte	.LVL31
 1546 0050 56020000 		.4byte	.LVL32
 1547 0054 0100     		.2byte	0x1
 1548 0056 53       		.byte	0x53
 1549 0057 00000000 		.4byte	0
 1550 005b 00000000 		.4byte	0
 1551              		.section	.debug_aranges,"",%progbits
 1552 0000 1C000000 		.4byte	0x1c
 1553 0004 0200     		.2byte	0x2
 1554 0006 00000000 		.4byte	.Ldebug_info0
 1555 000a 04       		.byte	0x4
 1556 000b 00       		.byte	0
 1557 000c 0000     		.2byte	0
 1558 000e 0000     		.2byte	0
 1559 0010 00000000 		.4byte	.LFB64
 1560 0014 B4020000 		.4byte	.LFE64-.LFB64
 1561 0018 00000000 		.4byte	0
 1562 001c 00000000 		.4byte	0
 1563              		.section	.debug_ranges,"",%progbits
 1564              	.Ldebug_ranges0:
 1565 0000 00000000 		.4byte	.LFB64
 1566 0004 B4020000 		.4byte	.LFE64
 1567 0008 00000000 		.4byte	0
 1568 000c 00000000 		.4byte	0
 1569              		.section	.debug_line,"",%progbits
 1570              	.Ldebug_line0:
 1571 0000 AA020000 		.section	.debug_str,"MS",%progbits,1
 1571      0200F801 
 1571      00000201 
 1571      FB0E0D00 
 1571      01010101 
 1572              	.LASF70:
 1573 0000 6973725F 		.ascii	"isr_adc_Disable\000"
 1573      6164635F 
 1573      44697361 
 1573      626C6500 
 1574              	.LASF68:
 1575 0010 6973725F 		.ascii	"isr_dac_Disable\000"
 1575      6461635F 
 1575      44697361 
 1575      626C6500 
 1576              	.LASF66:
 1577 0020 55415254 		.ascii	"UART_Start\000"
 1577      5F537461 
 1577      727400
 1578              	.LASF47:
ARM GAS  C:\Users\teo8d\AppData\Local\Temp\ccSpzkrN.s 			page 33


 1579 002b 75415F70 		.ascii	"uA_per_adc_count\000"
 1579      65725F61 
 1579      64635F63 
 1579      6F756E74 
 1579      00
 1580              	.LASF48:
 1581 003c 73746172 		.ascii	"start_dac_value\000"
 1581      745F6461 
 1581      635F7661 
 1581      6C756500 
 1582              	.LASF2:
 1583 004c 73686F72 		.ascii	"short int\000"
 1583      7420696E 
 1583      7400
 1584              	.LASF28:
 1585 0056 5449415F 		.ascii	"TIA_resistor_value_index\000"
 1585      72657369 
 1585      73746F72 
 1585      5F76616C 
 1585      75655F69 
 1586              	.LASF23:
 1587 006f 73697A65 		.ascii	"sizetype\000"
 1587      74797065 
 1587      00
 1588              	.LASF61:
 1589 0078 75736572 		.ascii	"user_start_cv_run\000"
 1589      5F737461 
 1589      72745F63 
 1589      765F7275 
 1589      6E00
 1590              	.LASF40:
 1591 008a 6461635F 		.ascii	"dac_ground_value\000"
 1591      67726F75 
 1591      6E645F76 
 1591      616C7565 
 1591      00
 1592              	.LASF55:
 1593 009b 44617461 		.ascii	"DataBuffer\000"
 1593      42756666 
 1593      657200
 1594              	.LASF80:
 1595 00a6 6D61696E 		.ascii	"main\000"
 1595      00
 1596              	.LASF60:
 1597 00ab 75736572 		.ascii	"user_lookup_table_maker\000"
 1597      5F6C6F6F 
 1597      6B75705F 
 1597      7461626C 
 1597      655F6D61 
 1598              	.LASF4:
 1599 00c3 5F5F7569 		.ascii	"__uint16_t\000"
 1599      6E743136 
 1599      5F7400
 1600              	.LASF74:
 1601 00ce 43795764 		.ascii	"CyWdtStart\000"
 1601      74537461 
 1601      727400
ARM GAS  C:\Users\teo8d\AppData\Local\Temp\ccSpzkrN.s 			page 34


 1602              	.LASF57:
 1603 00d9 55415254 		.ascii	"UART_GetChar\000"
 1603      5F476574 
 1603      43686172 
 1603      00
 1604              	.LASF58:
 1605 00e6 55415254 		.ascii	"UART_PutString\000"
 1605      5F507574 
 1605      53747269 
 1605      6E6700
 1606              	.LASF69:
 1607 00f5 6973725F 		.ascii	"isr_adc_StartEx\000"
 1607      6164635F 
 1607      53746172 
 1607      74457800 
 1608              	.LASF36:
 1609 0105 55706461 		.ascii	"Update_scanrate_Flag\000"
 1609      74655F73 
 1609      63616E72 
 1609      6174655F 
 1609      466C6167 
 1610              	.LASF24:
 1611 011a 72656365 		.ascii	"received_char\000"
 1611      69766564 
 1611      5F636861 
 1611      7200
 1612              	.LASF17:
 1613 0128 696E7431 		.ascii	"int16\000"
 1613      3600
 1614              	.LASF33:
 1615 012e 43565F72 		.ascii	"CV_ready_Flag\000"
 1615      65616479 
 1615      5F466C61 
 1615      6700
 1616              	.LASF67:
 1617 013c 6973725F 		.ascii	"isr_dac_StartEx\000"
 1617      6461635F 
 1617      53746172 
 1617      74457800 
 1618              	.LASF53:
 1619 014c 636F6D6D 		.ascii	"command_lenght\000"
 1619      616E645F 
 1619      6C656E67 
 1619      687400
 1620              	.LASF19:
 1621 015b 666C6F61 		.ascii	"float\000"
 1621      7400
 1622              	.LASF46:
 1623 0161 4144435F 		.ascii	"ADC_CV_array\000"
 1623      43565F61 
 1623      72726179 
 1623      00
 1624              	.LASF9:
 1625 016e 6C6F6E67 		.ascii	"long long int\000"
 1625      206C6F6E 
 1625      6720696E 
 1625      7400
ARM GAS  C:\Users\teo8d\AppData\Local\Temp\ccSpzkrN.s 			page 35


 1626              	.LASF32:
 1627 017c 5449415F 		.ascii	"TIA_Calibration_ended_Flag\000"
 1627      43616C69 
 1627      62726174 
 1627      696F6E5F 
 1627      656E6465 
 1628              	.LASF7:
 1629 0197 6C6F6E67 		.ascii	"long int\000"
 1629      20696E74 
 1629      00
 1630              	.LASF3:
 1631 01a0 5F5F7569 		.ascii	"__uint8_t\000"
 1631      6E74385F 
 1631      7400
 1632              	.LASF56:
 1633 01aa 63685F72 		.ascii	"ch_received\000"
 1633      65636569 
 1633      76656400 
 1634              	.LASF43:
 1635 01b6 77617665 		.ascii	"waveform_amp_lut\000"
 1635      666F726D 
 1635      5F616D70 
 1635      5F6C7574 
 1635      00
 1636              	.LASF50:
 1637 01c7 706F7465 		.ascii	"potential_max_current\000"
 1637      6E746961 
 1637      6C5F6D61 
 1637      785F6375 
 1637      7272656E 
 1638              	.LASF79:
 1639 01dd 433A5C55 		.ascii	"C:\\Users\\teo8d\\Desktop\\progetto lab sensori\\CO"
 1639      73657273 
 1639      5C74656F 
 1639      38645C44 
 1639      65736B74 
 1640 020b 44494349 		.ascii	"DICI\\PSOC\\FinalProjects\\Group2.cydsn\000"
 1640      5C50534F 
 1640      435C4669 
 1640      6E616C50 
 1640      726F6A65 
 1641              	.LASF51:
 1642 0230 73656C65 		.ascii	"selected_scan_rate\000"
 1642      63746564 
 1642      5F736361 
 1642      6E5F7261 
 1642      746500
 1643              	.LASF22:
 1644 0243 6C6F6E67 		.ascii	"long double\000"
 1644      20646F75 
 1644      626C6500 
 1645              	.LASF1:
 1646 024f 756E7369 		.ascii	"unsigned char\000"
 1646      676E6564 
 1646      20636861 
 1646      7200
 1647              	.LASF64:
ARM GAS  C:\Users\teo8d\AppData\Local\Temp\ccSpzkrN.s 			page 36


 1648 025d 68656C70 		.ascii	"helper_HardwareSetup\000"
 1648      65725F48 
 1648      61726477 
 1648      61726553 
 1648      65747570 
 1649              	.LASF42:
 1650 0272 77617665 		.ascii	"waveform_CV_lut\000"
 1650      666F726D 
 1650      5F43565F 
 1650      6C757400 
 1651              	.LASF38:
 1652 0282 55706461 		.ascii	"Update_endvalue_Flag\000"
 1652      74655F65 
 1652      6E647661 
 1652      6C75655F 
 1652      466C6167 
 1653              	.LASF76:
 1654 0297 55415254 		.ascii	"UART_GetRxBufferSize\000"
 1654      5F476574 
 1654      52784275 
 1654      66666572 
 1654      53697A65 
 1655              	.LASF62:
 1656 02ac 75736572 		.ascii	"user_chrono_lut_maker\000"
 1656      5F636872 
 1656      6F6E6F5F 
 1656      6C75745F 
 1656      6D616B65 
 1657              	.LASF14:
 1658 02c2 696E7433 		.ascii	"int32_t\000"
 1658      325F7400 
 1659              	.LASF10:
 1660 02ca 6C6F6E67 		.ascii	"long long unsigned int\000"
 1660      206C6F6E 
 1660      6720756E 
 1660      7369676E 
 1660      65642069 
 1661              	.LASF27:
 1662 02e1 43616C69 		.ascii	"CalibrationBuffer\000"
 1662      62726174 
 1662      696F6E42 
 1662      75666665 
 1662      7200
 1663              	.LASF11:
 1664 02f3 756E7369 		.ascii	"unsigned int\000"
 1664      676E6564 
 1664      20696E74 
 1664      00
 1665              	.LASF13:
 1666 0300 75696E74 		.ascii	"uint16_t\000"
 1666      31365F74 
 1666      00
 1667              	.LASF54:
 1668 0309 73656C65 		.ascii	"selected_voltage_source\000"
 1668      63746564 
 1668      5F766F6C 
 1668      74616765 
ARM GAS  C:\Users\teo8d\AppData\Local\Temp\ccSpzkrN.s 			page 37


 1668      5F736F75 
 1669              	.LASF59:
 1670 0321 75736572 		.ascii	"user_set_isr_timer\000"
 1670      5F736574 
 1670      5F697372 
 1670      5F74696D 
 1670      657200
 1671              	.LASF5:
 1672 0334 73686F72 		.ascii	"short unsigned int\000"
 1672      7420756E 
 1672      7369676E 
 1672      65642069 
 1672      6E7400
 1673              	.LASF49:
 1674 0347 656E645F 		.ascii	"end_dac_value\000"
 1674      6461635F 
 1674      76616C75 
 1674      6500
 1675              	.LASF21:
 1676 0355 63686172 		.ascii	"char\000"
 1676      00
 1677              	.LASF41:
 1678 035a 6C75745F 		.ascii	"lut_value\000"
 1678      76616C75 
 1678      6500
 1679              	.LASF29:
 1680 0364 4144435F 		.ascii	"ADC_buffer_index\000"
 1680      62756666 
 1680      65725F69 
 1680      6E646578 
 1680      00
 1681              	.LASF25:
 1682 0375 73656C65 		.ascii	"selected_time\000"
 1682      63746564 
 1682      5F74696D 
 1682      6500
 1683              	.LASF44:
 1684 0383 6C75745F 		.ascii	"lut_index\000"
 1684      696E6465 
 1684      7800
 1685              	.LASF34:
 1686 038d 414D505F 		.ascii	"AMP_ready_Flag\000"
 1686      72656164 
 1686      795F466C 
 1686      616700
 1687              	.LASF65:
 1688 039c 4144435F 		.ascii	"ADC_SigDel_SelectConfiguration\000"
 1688      53696744 
 1688      656C5F53 
 1688      656C6563 
 1688      74436F6E 
 1689              	.LASF73:
 1690 03bb 63616C69 		.ascii	"calibrate_TIA\000"
 1690      62726174 
 1690      655F5449 
 1690      4100
 1691              	.LASF16:
ARM GAS  C:\Users\teo8d\AppData\Local\Temp\ccSpzkrN.s 			page 38


 1692 03c9 75696E74 		.ascii	"uint16\000"
 1692      313600
 1693              	.LASF72:
 1694 03d0 6973725F 		.ascii	"isr_adcAmp_Disable\000"
 1694      61646341 
 1694      6D705F44 
 1694      69736162 
 1694      6C6500
 1695              	.LASF78:
 1696 03e3 6D61696E 		.ascii	"main.c\000"
 1696      2E6300
 1697              	.LASF8:
 1698 03ea 6C6F6E67 		.ascii	"long unsigned int\000"
 1698      20756E73 
 1698      69676E65 
 1698      6420696E 
 1698      7400
 1699              	.LASF35:
 1700 03fc 4C6F6164 		.ascii	"Load_EEPROM_Flag\000"
 1700      5F454550 
 1700      524F4D5F 
 1700      466C6167 
 1700      00
 1701              	.LASF20:
 1702 040d 646F7562 		.ascii	"double\000"
 1702      6C6500
 1703              	.LASF37:
 1704 0414 55706461 		.ascii	"Update_startvalue_Flag\000"
 1704      74655F73 
 1704      74617274 
 1704      76616C75 
 1704      655F466C 
 1705              	.LASF6:
 1706 042b 5F5F696E 		.ascii	"__int32_t\000"
 1706      7433325F 
 1706      7400
 1707              	.LASF0:
 1708 0435 7369676E 		.ascii	"signed char\000"
 1708      65642063 
 1708      68617200 
 1709              	.LASF12:
 1710 0441 75696E74 		.ascii	"uint8_t\000"
 1710      385F7400 
 1711              	.LASF39:
 1712 0449 55706461 		.ascii	"Update_timevalue_Flag\000"
 1712      74655F74 
 1712      696D6576 
 1712      616C7565 
 1712      5F466C61 
 1713              	.LASF31:
 1714 045f 436F6D6D 		.ascii	"Command_ready_Flag\000"
 1714      616E645F 
 1714      72656164 
 1714      795F466C 
 1714      616700
 1715              	.LASF45:
 1716 0472 6C75745F 		.ascii	"lut_length\000"
ARM GAS  C:\Users\teo8d\AppData\Local\Temp\ccSpzkrN.s 			page 39


 1716      6C656E67 
 1716      746800
 1717              	.LASF15:
 1718 047d 75696E74 		.ascii	"uint8\000"
 1718      3800
 1719              	.LASF26:
 1720 0483 49544D5F 		.ascii	"ITM_RxBuffer\000"
 1720      52784275 
 1720      66666572 
 1720      00
 1721              	.LASF77:
 1722 0490 474E5520 		.ascii	"GNU C11 5.4.1 20160609 (release) [ARM/embedded-5-br"
 1722      43313120 
 1722      352E342E 
 1722      31203230 
 1722      31363036 
 1723 04c3 616E6368 		.ascii	"anch revision 237715] -mcpu=cortex-m3 -mthumb -g -O"
 1723      20726576 
 1723      6973696F 
 1723      6E203233 
 1723      37373135 
 1724 04f6 67202D66 		.ascii	"g -ffunction-sections -ffat-lto-objects\000"
 1724      66756E63 
 1724      74696F6E 
 1724      2D736563 
 1724      74696F6E 
 1725              	.LASF30:
 1726 051e 496E7075 		.ascii	"Input_Flag\000"
 1726      745F466C 
 1726      616700
 1727              	.LASF71:
 1728 0529 6973725F 		.ascii	"isr_adcAmp_StartEx\000"
 1728      61646341 
 1728      6D705F53 
 1728      74617274 
 1728      457800
 1729              	.LASF18:
 1730 053c 666C6F61 		.ascii	"float32\000"
 1730      74333200 
 1731              	.LASF52:
 1732 0544 636F6D6D 		.ascii	"command\000"
 1732      616E6400 
 1733              	.LASF63:
 1734 054c 75736572 		.ascii	"user_run_amperometry\000"
 1734      5F72756E 
 1734      5F616D70 
 1734      65726F6D 
 1734      65747279 
 1735              	.LASF75:
 1736 0561 43795764 		.ascii	"CyWdtClear\000"
 1736      74436C65 
 1736      617200
 1737              		.ident	"GCC: (GNU Tools for ARM Embedded Processors) 5.4.1 20160609 (release) [ARM/embedded-5-bran
