ARM GAS  C:\Users\teo8d\AppData\Local\Temp\ccMDaN7f.s 			page 1


   1              		.syntax unified
   2              		.cpu cortex-m3
   3              		.fpu softvfp
   4              		.eabi_attribute 20, 1
   5              		.eabi_attribute 21, 1
   6              		.eabi_attribute 23, 3
   7              		.eabi_attribute 24, 1
   8              		.eabi_attribute 25, 1
   9              		.eabi_attribute 26, 1
  10              		.eabi_attribute 30, 1
  11              		.eabi_attribute 34, 1
  12              		.eabi_attribute 18, 4
  13              		.thumb
  14              		.syntax unified
  15              		.file	"user_selections.c"
  16              		.text
  17              	.Ltext0:
  18              		.cfi_sections	.debug_frame
  19              		.section	.text.user_start_cv_run,"ax",%progbits
  20              		.align	2
  21              		.global	user_start_cv_run
  22              		.thumb
  23              		.thumb_func
  24              		.type	user_start_cv_run, %function
  25              	user_start_cv_run:
  26              	.LFB64:
  27              		.file 1 "user_selections.c"
   1:user_selections.c **** /*******************************************************************************
   2:user_selections.c **** * File Name: user_selections.c
   3:user_selections.c **** *
   4:user_selections.c **** * Description:
   5:user_selections.c **** *  Make some of functions the user can call through the UART. 
   6:user_selections.c **** *  Only for the longer functions to keep main clearer
   7:user_selections.c **** *
   8:user_selections.c **** *********************************************************************************/
   9:user_selections.c **** 
  10:user_selections.c **** #include <project.h>
  11:user_selections.c **** 
  12:user_selections.c **** #include "user_selections.h"
  13:user_selections.c **** #include "InterruptRoutines.h"
  14:user_selections.c **** #include "lut_functions.h"
  15:user_selections.c **** 
  16:user_selections.c **** 
  17:user_selections.c **** 
  18:user_selections.c **** 
  19:user_selections.c **** /******************************************************************************
  20:user_selections.c **** * Function Name: user_start_cv_run
  21:user_selections.c **** *******************************************************************************
  22:user_selections.c **** *
  23:user_selections.c **** * Summary:
  24:user_selections.c **** *  Start a cyclic voltammetry experiment.  The look up table in waveform_CV_lut should
  25:user_selections.c **** *  already be created.  If the dac isr is already running this will not start and throws
  26:user_selections.c **** *  and error through the USB.  
  27:user_selections.c **** *  
  28:user_selections.c **** * Global variables:
  29:user_selections.c **** *  uint16 lut_value: value gotten from the look up table that is to be applied to the DAC
  30:user_selections.c **** *  uint16 lut_index: current index of the look up table
ARM GAS  C:\Users\teo8d\AppData\Local\Temp\ccMDaN7f.s 			page 2


  31:user_selections.c **** *  uint16 waveform_CV_lut[]:  look up table of the waveform to apply to the DAC
  32:user_selections.c **** *
  33:user_selections.c **** * Parameters:
  34:user_selections.c **** *  None
  35:user_selections.c **** *
  36:user_selections.c **** * Return:
  37:user_selections.c **** *  Starts the isr's used to perform an experiment else if the dac is already running,
  38:user_selections.c **** *  possibly because another experiment is already running, return an error through the USB
  39:user_selections.c **** *
  40:user_selections.c **** *******************************************************************************/
  41:user_selections.c **** 
  42:user_selections.c **** // It is used to setup everything that is needed for a CV scan, then the look up table is actually 
  43:user_selections.c **** void user_start_cv_run(void){
  28              		.loc 1 43 0
  29              		.cfi_startproc
  30              		@ args = 0, pretend = 0, frame = 0
  31              		@ frame_needed = 0, uses_anonymous_args = 0
  32 0000 10B5     		push	{r4, lr}
  33              		.cfi_def_cfa_offset 8
  34              		.cfi_offset 4, -8
  35              		.cfi_offset 14, -4
  44:user_selections.c ****     if (!isr_dac_GetState()){  // enable the dac isr if it isn't already enabled
  36              		.loc 1 44 0
  37 0002 FFF7FEFF 		bl	isr_dac_GetState
  38              	.LVL0:
  39 0006 E0B9     		cbnz	r0, .L1
  45:user_selections.c ****         if (isr_adcAmp_GetState()) {  // User has started cyclic voltammetry while amp is already r
  40              		.loc 1 45 0
  41 0008 FFF7FEFF 		bl	isr_adcAmp_GetState
  42              	.LVL1:
  43 000c 08B1     		cbz	r0, .L3
  46:user_selections.c ****             isr_adcAmp_Disable();
  44              		.loc 1 46 0
  45 000e FFF7FEFF 		bl	isr_adcAmp_Disable
  46              	.LVL2:
  47              	.L3:
  47:user_selections.c ****         }
  48:user_selections.c ****         lut_index = 0;  // start at the beginning of the look up table
  48              		.loc 1 48 0
  49 0012 0022     		movs	r2, #0
  50 0014 0B4B     		ldr	r3, .L5
  51 0016 1A80     		strh	r2, [r3]	@ movhi
  49:user_selections.c ****         lut_value = waveform_CV_lut[0];
  52              		.loc 1 49 0
  53 0018 0B4B     		ldr	r3, .L5+4
  54 001a 1B88     		ldrh	r3, [r3]
  55 001c 0B4C     		ldr	r4, .L5+8
  56 001e 2380     		strh	r3, [r4]	@ movhi
  50:user_selections.c ****         helper_HardwareWakeup();  // start the hardware
  57              		.loc 1 50 0
  58 0020 FFF7FEFF 		bl	helper_HardwareWakeup
  59              	.LVL3:
  51:user_selections.c ****         DVDAC_SetValue(lut_value);  // let the electrode equilibriate
  60              		.loc 1 51 0
  61 0024 2088     		ldrh	r0, [r4]
  62 0026 FFF7FEFF 		bl	DVDAC_SetValue
  63              	.LVL4:
ARM GAS  C:\Users\teo8d\AppData\Local\Temp\ccMDaN7f.s 			page 3


  52:user_selections.c ****         CyDelay(1);  // let the electrode voltage settle
  64              		.loc 1 52 0
  65 002a 0120     		movs	r0, #1
  66 002c FFF7FEFF 		bl	CyDelay
  67              	.LVL5:
  53:user_selections.c ****         ADC_SigDel_StartConvert();  // start the converstion process of the delta sigma adc so it w
  68              		.loc 1 53 0
  69 0030 FFF7FEFF 		bl	ADC_SigDel_StartConvert
  70              	.LVL6:
  54:user_selections.c ****         CyDelay(20);
  71              		.loc 1 54 0
  72 0034 1420     		movs	r0, #20
  73 0036 FFF7FEFF 		bl	CyDelay
  74              	.LVL7:
  55:user_selections.c ****         //ADC_array[0].data[lut_index] = ADC_SigDel_GetResult16();  // Hack, get first adc reading,
  56:user_selections.c ****         isr_dac_Enable();  // enable the interrupts to start the dac
  75              		.loc 1 56 0
  76 003a FFF7FEFF 		bl	isr_dac_Enable
  77              	.LVL8:
  57:user_selections.c ****         isr_adc_Enable();  // and the adc
  78              		.loc 1 57 0
  79 003e FFF7FEFF 		bl	isr_adc_Enable
  80              	.LVL9:
  81              	.L1:
  82 0042 10BD     		pop	{r4, pc}
  83              	.L6:
  84              		.align	2
  85              	.L5:
  86 0044 00000000 		.word	lut_index
  87 0048 00000000 		.word	waveform_CV_lut
  88 004c 00000000 		.word	lut_value
  89              		.cfi_endproc
  90              	.LFE64:
  91              		.size	user_start_cv_run, .-user_start_cv_run
  92              		.section	.text.user_reset_device,"ax",%progbits
  93              		.align	2
  94              		.global	user_reset_device
  95              		.thumb
  96              		.thumb_func
  97              		.type	user_reset_device, %function
  98              	user_reset_device:
  99              	.LFB65:
  58:user_selections.c ****     }
  59:user_selections.c **** 
  60:user_selections.c **** }
  61:user_selections.c **** 
  62:user_selections.c **** /******************************************************************************
  63:user_selections.c **** * Function Name: user_reset_device
  64:user_selections.c **** *******************************************************************************
  65:user_selections.c **** *
  66:user_selections.c **** * Summary:
  67:user_selections.c **** *  Stop all operations by disabling all the isrs and reset the look up table index to 0
  68:user_selections.c **** *  
  69:user_selections.c **** * Global variables:
  70:user_selections.c **** *  uint16 lut_index: current index of the look up table
  71:user_selections.c **** *
  72:user_selections.c **** * Parameters:
ARM GAS  C:\Users\teo8d\AppData\Local\Temp\ccMDaN7f.s 			page 4


  73:user_selections.c **** *  None
  74:user_selections.c **** *
  75:user_selections.c **** * Return:
  76:user_selections.c **** *  None
  77:user_selections.c **** *
  78:user_selections.c **** *******************************************************************************/
  79:user_selections.c **** 
  80:user_selections.c **** void user_reset_device(void) {
 100              		.loc 1 80 0
 101              		.cfi_startproc
 102              		@ args = 0, pretend = 0, frame = 0
 103              		@ frame_needed = 0, uses_anonymous_args = 0
 104 0000 08B5     		push	{r3, lr}
 105              		.cfi_def_cfa_offset 8
 106              		.cfi_offset 3, -8
 107              		.cfi_offset 14, -4
  81:user_selections.c ****     isr_dac_Disable();
 108              		.loc 1 81 0
 109 0002 FFF7FEFF 		bl	isr_dac_Disable
 110              	.LVL10:
  82:user_selections.c ****     isr_adc_Disable();
 111              		.loc 1 82 0
 112 0006 FFF7FEFF 		bl	isr_adc_Disable
 113              	.LVL11:
  83:user_selections.c ****     isr_adcAmp_Disable();
 114              		.loc 1 83 0
 115 000a FFF7FEFF 		bl	isr_adcAmp_Disable
 116              	.LVL12:
  84:user_selections.c ****     helper_HardwareSleep();
 117              		.loc 1 84 0
 118 000e FFF7FEFF 		bl	helper_HardwareSleep
 119              	.LVL13:
  85:user_selections.c ****     
  86:user_selections.c ****     lut_index = 0;  
 120              		.loc 1 86 0
 121 0012 0022     		movs	r2, #0
 122 0014 014B     		ldr	r3, .L9
 123 0016 1A80     		strh	r2, [r3]	@ movhi
 124 0018 08BD     		pop	{r3, pc}
 125              	.L10:
 126 001a 00BF     		.align	2
 127              	.L9:
 128 001c 00000000 		.word	lut_index
 129              		.cfi_endproc
 130              	.LFE65:
 131              		.size	user_reset_device, .-user_reset_device
 132              		.section	.text.user_set_isr_timer,"ax",%progbits
 133              		.align	2
 134              		.global	user_set_isr_timer
 135              		.thumb
 136              		.thumb_func
 137              		.type	user_set_isr_timer, %function
 138              	user_set_isr_timer:
 139              	.LFB66:
  87:user_selections.c **** }
  88:user_selections.c **** 
  89:user_selections.c **** 
ARM GAS  C:\Users\teo8d\AppData\Local\Temp\ccMDaN7f.s 			page 5


  90:user_selections.c **** 
  91:user_selections.c **** /******************************************************************************
  92:user_selections.c **** * Function Name: user_set_isr_timer
  93:user_selections.c **** *******************************************************************************
  94:user_selections.c **** *
  95:user_selections.c **** * Summary:
  96:user_selections.c **** *  Set the PWM that is used as the isr timer
  97:user_selections.c **** * 
  98:user_selections.c **** * Parameters:
  99:user_selections.c **** *  uint8 command
 100:user_selections.c **** *
 101:user_selections.c **** * Explanation:
 102:user_selections.c **** * the look up table for CV is created with all values in mV between the start and the end value
 103:user_selections.c **** * Then this look up table is scanned in the interrupt of the DAC a value at a time based on the isr
 104:user_selections.c **** * By setting a proper period for PWM, the look up table will be scanned with different speeds
 105:user_selections.c **** * ex. scan rate=100 mV/sec --> PWM period = 1000 (i.e. 1 sec) / 100 = 10 ms (i.e. 100Hz) --> look u
 106:user_selections.c **** *  
 107:user_selections.c **** * Return:
 108:user_selections.c **** *  Set the period register of the pwm 
 109:user_selections.c **** *
 110:user_selections.c **** *******************************************************************************/
 111:user_selections.c **** 
 112:user_selections.c **** 
 113:user_selections.c **** void user_set_isr_timer(uint16 scan_rate) {
 140              		.loc 1 113 0
 141              		.cfi_startproc
 142              		@ args = 0, pretend = 0, frame = 0
 143              		@ frame_needed = 0, uses_anonymous_args = 0
 144              	.LVL14:
 145 0000 10B5     		push	{r4, lr}
 146              		.cfi_def_cfa_offset 8
 147              		.cfi_offset 4, -8
 148              		.cfi_offset 14, -4
 149 0002 0446     		mov	r4, r0
 114:user_selections.c ****     
 115:user_selections.c ****     PWM_isr_Wakeup();
 150              		.loc 1 115 0
 151 0004 FFF7FEFF 		bl	PWM_isr_Wakeup
 152              	.LVL15:
 116:user_selections.c ****     uint16 new_period = 1000/scan_rate;
 153              		.loc 1 116 0
 154 0008 4FF47A70 		mov	r0, #1000
 155 000c 90FBF4F4 		sdiv	r4, r0, r4
 156              	.LVL16:
 117:user_selections.c ****     PWM_isr_WritePeriod((new_period*PWM_PERIOD_10_ms)/10); //that's needed because a period value o
 157              		.loc 1 117 0
 158 0010 40F65F13 		movw	r3, #2399
 159 0014 03FB04F3 		mul	r3, r3, r4
 160 0018 0848     		ldr	r0, .L13
 161 001a 80FB0320 		smull	r2, r0, r0, r3
 162 001e DB17     		asrs	r3, r3, #31
 163 0020 C3EBA000 		rsb	r0, r3, r0, asr #2
 164 0024 80B2     		uxth	r0, r0
 165 0026 FFF7FEFF 		bl	PWM_isr_WritePeriod
 166              	.LVL17:
 118:user_selections.c ****     PWM_isr_WriteCompare(new_period/2+1); //keep a DC value of 50%
 167              		.loc 1 118 0
ARM GAS  C:\Users\teo8d\AppData\Local\Temp\ccMDaN7f.s 			page 6


 168 002a 6008     		lsrs	r0, r4, #1
 169 002c 0130     		adds	r0, r0, #1
 170 002e 80B2     		uxth	r0, r0
 171 0030 FFF7FEFF 		bl	PWM_isr_WriteCompare
 172              	.LVL18:
 119:user_selections.c ****     PWM_isr_Sleep();
 173              		.loc 1 119 0
 174 0034 FFF7FEFF 		bl	PWM_isr_Sleep
 175              	.LVL19:
 176 0038 10BD     		pop	{r4, pc}
 177              	.LVL20:
 178              	.L14:
 179 003a 00BF     		.align	2
 180              	.L13:
 181 003c 67666666 		.word	1717986919
 182              		.cfi_endproc
 183              	.LFE66:
 184              		.size	user_set_isr_timer, .-user_set_isr_timer
 185              		.section	.text.user_chrono_lut_maker,"ax",%progbits
 186              		.align	2
 187              		.global	user_chrono_lut_maker
 188              		.thumb
 189              		.thumb_func
 190              		.type	user_chrono_lut_maker, %function
 191              	user_chrono_lut_maker:
 192              	.LFB67:
 120:user_selections.c **** }
 121:user_selections.c **** 
 122:user_selections.c **** /******************************************************************************
 123:user_selections.c **** * Function Name: user_chrono_lut_maker
 124:user_selections.c **** *******************************************************************************
 125:user_selections.c **** *
 126:user_selections.c **** * Summary:
 127:user_selections.c **** *  Make a look up table that will run a chronoamperometry experiment.  Hackish now
 128:user_selections.c **** * 
 129:user_selections.c **** *
 130:user_selections.c **** *  
 131:user_selections.c **** * Global variables:
 132:user_selections.c **** *  uint16 lut_value: value gotten from the look up table that is to be applied to the DAC
 133:user_selections.c **** *  uint16 waveform_amp_lut[]:  look up table of the waveform to apply to the DAC
 134:user_selections.c **** *  
 135:user_selections.c **** * Return:
 136:user_selections.c **** *  4000 - how long the look up table will be
 137:user_selections.c **** *
 138:user_selections.c **** *******************************************************************************/
 139:user_selections.c **** 
 140:user_selections.c **** void user_chrono_lut_maker() {
 193              		.loc 1 140 0
 194              		.cfi_startproc
 195              		@ args = 0, pretend = 0, frame = 0
 196              		@ frame_needed = 0, uses_anonymous_args = 0
 197 0000 08B5     		push	{r3, lr}
 198              		.cfi_def_cfa_offset 8
 199              		.cfi_offset 3, -8
 200              		.cfi_offset 14, -4
 141:user_selections.c ****     PWM_isr_Wakeup();
 201              		.loc 1 141 0
ARM GAS  C:\Users\teo8d\AppData\Local\Temp\ccMDaN7f.s 			page 7


 202 0002 FFF7FEFF 		bl	PWM_isr_Wakeup
 203              	.LVL21:
 142:user_selections.c ****     
 143:user_selections.c ****     PWM_isr_WritePeriod(PWM_PERIOD_10_ms);  //period of the PWM fixed at 10 ms for a chronoamperome
 204              		.loc 1 143 0
 205 0006 40F65F10 		movw	r0, #2399
 206 000a FFF7FEFF 		bl	PWM_isr_WritePeriod
 207              	.LVL22:
 144:user_selections.c ****     LUT_MakePulse(0, potential_max_current); //it creates a look up table for chronoamperometry bas
 208              		.loc 1 144 0
 209 000e 064B     		ldr	r3, .L17
 210 0010 1988     		ldrh	r1, [r3]
 211 0012 0020     		movs	r0, #0
 212 0014 FFF7FEFF 		bl	LUT_MakePulse
 213              	.LVL23:
 145:user_selections.c ****     lut_value = waveform_amp_lut[0];  // setup the dac so when it starts it will be at the correct 
 214              		.loc 1 145 0
 215 0018 044B     		ldr	r3, .L17+4
 216 001a 1A88     		ldrh	r2, [r3]
 217 001c 044B     		ldr	r3, .L17+8
 218 001e 1A80     		strh	r2, [r3]	@ movhi
 146:user_selections.c ****                 
 147:user_selections.c ****     PWM_isr_Sleep();
 219              		.loc 1 147 0
 220 0020 FFF7FEFF 		bl	PWM_isr_Sleep
 221              	.LVL24:
 222 0024 08BD     		pop	{r3, pc}
 223              	.L18:
 224 0026 00BF     		.align	2
 225              	.L17:
 226 0028 00000000 		.word	potential_max_current
 227 002c 00000000 		.word	waveform_amp_lut
 228 0030 00000000 		.word	lut_value
 229              		.cfi_endproc
 230              	.LFE67:
 231              		.size	user_chrono_lut_maker, .-user_chrono_lut_maker
 232              		.section	.text.user_lookup_table_maker,"ax",%progbits
 233              		.align	2
 234              		.global	user_lookup_table_maker
 235              		.thumb
 236              		.thumb_func
 237              		.type	user_lookup_table_maker, %function
 238              	user_lookup_table_maker:
 239              	.LFB68:
 148:user_selections.c **** 
 149:user_selections.c **** }
 150:user_selections.c **** 
 151:user_selections.c **** /******************************************************************************
 152:user_selections.c **** * Function Name: user_lookup_table_maker
 153:user_selections.c **** *******************************************************************************
 154:user_selections.c **** *
 155:user_selections.c **** * Summary:
 156:user_selections.c **** *  Make a look up table for CV
 157:user_selections.c **** * 
 158:user_selections.c **** * Global variables:
 159:user_selections.c **** *  uint16 lut_value: value to get from the look up table and apply to the DAC
 160:user_selections.c **** *  uint16 waveform_CV_lut[]:  look up table of the waveform to apply to the DAC
ARM GAS  C:\Users\teo8d\AppData\Local\Temp\ccMDaN7f.s 			page 8


 161:user_selections.c **** *  
 162:user_selections.c **** * Return:
 163:user_selections.c **** *  uint16 lut_length - how many look up table elements there are
 164:user_selections.c **** *
 165:user_selections.c **** *******************************************************************************/
 166:user_selections.c **** 
 167:user_selections.c **** uint16 user_lookup_table_maker(void) {
 240              		.loc 1 167 0
 241              		.cfi_startproc
 242              		@ args = 0, pretend = 0, frame = 0
 243              		@ frame_needed = 0, uses_anonymous_args = 0
 244 0000 10B5     		push	{r4, lr}
 245              		.cfi_def_cfa_offset 8
 246              		.cfi_offset 4, -8
 247              		.cfi_offset 14, -4
 168:user_selections.c ****     PWM_isr_Wakeup();
 248              		.loc 1 168 0
 249 0002 FFF7FEFF 		bl	PWM_isr_Wakeup
 250              	.LVL25:
 169:user_selections.c **** 
 170:user_selections.c ****     uint16 lut_length;
 171:user_selections.c **** 
 172:user_selections.c ****     lut_length = LUT_MakeTriangle_Wave(start_dac_value, end_dac_value); // these values are loaded 
 251              		.loc 1 172 0
 252 0006 074B     		ldr	r3, .L21
 253 0008 1988     		ldrh	r1, [r3]
 254 000a 074B     		ldr	r3, .L21+4
 255 000c 1888     		ldrh	r0, [r3]
 256 000e FFF7FEFF 		bl	LUT_MakeTriangle_Wave
 257              	.LVL26:
 258 0012 0446     		mov	r4, r0
 259              	.LVL27:
 173:user_selections.c ****      
 174:user_selections.c ****     lut_value = waveform_CV_lut[0];  // Initialize for the start of the experiment
 260              		.loc 1 174 0
 261 0014 054B     		ldr	r3, .L21+8
 262 0016 1A88     		ldrh	r2, [r3]
 263 0018 054B     		ldr	r3, .L21+12
 264 001a 1A80     		strh	r2, [r3]	@ movhi
 175:user_selections.c ****     PWM_isr_Sleep();
 265              		.loc 1 175 0
 266 001c FFF7FEFF 		bl	PWM_isr_Sleep
 267              	.LVL28:
 176:user_selections.c ****     
 177:user_selections.c ****     return lut_length;
 178:user_selections.c **** }
 268              		.loc 1 178 0
 269 0020 2046     		mov	r0, r4
 270 0022 10BD     		pop	{r4, pc}
 271              	.LVL29:
 272              	.L22:
 273              		.align	2
 274              	.L21:
 275 0024 00000000 		.word	end_dac_value
 276 0028 00000000 		.word	start_dac_value
 277 002c 00000000 		.word	waveform_CV_lut
 278 0030 00000000 		.word	lut_value
ARM GAS  C:\Users\teo8d\AppData\Local\Temp\ccMDaN7f.s 			page 9


 279              		.cfi_endproc
 280              	.LFE68:
 281              		.size	user_lookup_table_maker, .-user_lookup_table_maker
 282              		.section	.text.user_run_amperometry,"ax",%progbits
 283              		.align	2
 284              		.global	user_run_amperometry
 285              		.thumb
 286              		.thumb_func
 287              		.type	user_run_amperometry, %function
 288              	user_run_amperometry:
 289              	.LFB69:
 179:user_selections.c **** 
 180:user_selections.c **** /******************************************************************************
 181:user_selections.c **** * Function Name: user_run_amperometry
 182:user_selections.c **** 
 183:user_selections.c **** *******************************************************************************/
 184:user_selections.c **** 
 185:user_selections.c **** void user_run_amperometry(void) {
 290              		.loc 1 185 0
 291              		.cfi_startproc
 292              		@ args = 0, pretend = 0, frame = 0
 293              		@ frame_needed = 0, uses_anonymous_args = 0
 294 0000 08B5     		push	{r3, lr}
 295              		.cfi_def_cfa_offset 8
 296              		.cfi_offset 3, -8
 297              		.cfi_offset 14, -4
 186:user_selections.c ****     helper_HardwareWakeup();  
 298              		.loc 1 186 0
 299 0002 FFF7FEFF 		bl	helper_HardwareWakeup
 300              	.LVL30:
 187:user_selections.c ****     if (!isr_adcAmp_GetState()) {  // enable isr if it is not already
 301              		.loc 1 187 0
 302 0006 FFF7FEFF 		bl	isr_adcAmp_GetState
 303              	.LVL31:
 304 000a 30B9     		cbnz	r0, .L24
 188:user_selections.c ****         if (isr_dac_GetState()) {  // User selected to run amperometry but a CV is still running 
 305              		.loc 1 188 0
 306 000c FFF7FEFF 		bl	isr_dac_GetState
 307              	.LVL32:
 308 0010 18B1     		cbz	r0, .L24
 189:user_selections.c ****             isr_dac_Disable();
 309              		.loc 1 189 0
 310 0012 FFF7FEFF 		bl	isr_dac_Disable
 311              	.LVL33:
 190:user_selections.c ****             isr_adc_Disable();
 312              		.loc 1 190 0
 313 0016 FFF7FEFF 		bl	isr_adc_Disable
 314              	.LVL34:
 315              	.L24:
 191:user_selections.c ****         }
 192:user_selections.c ****     }
 193:user_selections.c ****     uint16 dac_value = 0;  // Start by setting 0 to the DAC
 194:user_selections.c ****     lut_index = 0;
 316              		.loc 1 194 0
 317 001a 0020     		movs	r0, #0
 318 001c 054B     		ldr	r3, .L26
 319 001e 1880     		strh	r0, [r3]	@ movhi
ARM GAS  C:\Users\teo8d\AppData\Local\Temp\ccMDaN7f.s 			page 10


 195:user_selections.c ****     DVDAC_SetValue(dac_value);
 320              		.loc 1 195 0
 321 0020 FFF7FEFF 		bl	DVDAC_SetValue
 322              	.LVL35:
 196:user_selections.c ****     
 197:user_selections.c ****     ADC_SigDel_StartConvert(); // looh at the isr_adcamp in the main.c for the actual operation 
 323              		.loc 1 197 0
 324 0024 FFF7FEFF 		bl	ADC_SigDel_StartConvert
 325              	.LVL36:
 198:user_selections.c ****     CyDelay(15);
 326              		.loc 1 198 0
 327 0028 0F20     		movs	r0, #15
 328 002a FFF7FEFF 		bl	CyDelay
 329              	.LVL37:
 199:user_selections.c ****     isr_adcAmp_Enable();
 330              		.loc 1 199 0
 331 002e FFF7FEFF 		bl	isr_adcAmp_Enable
 332              	.LVL38:
 333 0032 08BD     		pop	{r3, pc}
 334              	.L27:
 335              		.align	2
 336              	.L26:
 337 0034 00000000 		.word	lut_index
 338              		.cfi_endproc
 339              	.LFE69:
 340              		.size	user_run_amperometry, .-user_run_amperometry
 341              		.comm	selected_voltage_source,1,1
 342              		.comm	command_lenght,1,1
 343              		.comm	command,40,4
 344              		.comm	selected_scan_rate,2,2
 345              		.comm	potential_max_current,2,2
 346              		.comm	end_dac_value,2,2
 347              		.comm	start_dac_value,2,2
 348              		.comm	uA_per_adc_count,4,4
 349              		.comm	ADC_CV_array,10000,4
 350              		.comm	lut_length,2,2
 351              		.comm	lut_index,2,2
 352              		.comm	waveform_amp_lut,4000,4
 353              		.comm	waveform_CV_lut,10000,4
 354              		.comm	lut_value,2,2
 355              		.comm	dac_ground_value,2,2
 356              		.comm	Update_timevalue_Flag,1,1
 357              		.comm	Update_endvalue_Flag,1,1
 358              		.comm	Update_startvalue_Flag,1,1
 359              		.comm	Update_scanrate_Flag,1,1
 360              		.comm	Load_EEPROM_Flag,1,1
 361              		.comm	AMP_ready_Flag,1,1
 362              		.comm	CV_ready_Flag,1,1
 363              		.comm	TIA_Calibration_ended_Flag,1,1
 364              		.comm	Command_ready_Flag,1,1
 365              		.comm	Input_Flag,1,1
 366              		.text
 367              	.Letext0:
 368              		.file 2 "c:\\program files (x86)\\cypress\\psoc creator\\4.4\\psoc creator\\import\\gnu\\arm\\5.4.
 369              		.file 3 "c:\\program files (x86)\\cypress\\psoc creator\\4.4\\psoc creator\\import\\gnu\\arm\\5.4.
 370              		.file 4 "Generated_Source\\PSoC5/cytypes.h"
 371              		.file 5 "Generated_Source\\PSoC5/core_cm3.h"
ARM GAS  C:\Users\teo8d\AppData\Local\Temp\ccMDaN7f.s 			page 11


 372              		.file 6 "Global_variables.h"
 373              		.file 7 "lut_functions.h"
 374              		.file 8 "Helper_functions.h"
 375              		.file 9 "Generated_Source\\PSoC5/isr_dac.h"
 376              		.file 10 "Generated_Source\\PSoC5/isr_adcAmp.h"
 377              		.file 11 "DVDAC.h"
 378              		.file 12 "Generated_Source\\PSoC5/CyLib.h"
 379              		.file 13 "Generated_Source\\PSoC5/ADC_SigDel.h"
 380              		.file 14 "Generated_Source\\PSoC5/isr_adc.h"
 381              		.file 15 "Generated_Source\\PSoC5/PWM_isr.h"
 382              		.section	.debug_info,"",%progbits
 383              	.Ldebug_info0:
 384 0000 27060000 		.4byte	0x627
 385 0004 0400     		.2byte	0x4
 386 0006 00000000 		.4byte	.Ldebug_abbrev0
 387 000a 04       		.byte	0x4
 388 000b 01       		.uleb128 0x1
 389 000c AB040000 		.4byte	.LASF75
 390 0010 0C       		.byte	0xc
 391 0011 BF010000 		.4byte	.LASF76
 392 0015 1F020000 		.4byte	.LASF77
 393 0019 00000000 		.4byte	.Ldebug_ranges0+0
 394 001d 00000000 		.4byte	0
 395 0021 00000000 		.4byte	.Ldebug_line0
 396 0025 02       		.uleb128 0x2
 397 0026 08       		.byte	0x8
 398 0027 07       		.byte	0x7
 399 0028 DA020000 		.4byte	.LASF0
 400 002c 02       		.uleb128 0x2
 401 002d 04       		.byte	0x4
 402 002e 07       		.byte	0x7
 403 002f F1020000 		.4byte	.LASF1
 404 0033 03       		.uleb128 0x3
 405 0034 04       		.byte	0x4
 406 0035 05       		.byte	0x5
 407 0036 696E7400 		.ascii	"int\000"
 408 003a 02       		.uleb128 0x2
 409 003b 01       		.byte	0x1
 410 003c 06       		.byte	0x6
 411 003d 4F040000 		.4byte	.LASF2
 412 0041 04       		.uleb128 0x4
 413 0042 EE010000 		.4byte	.LASF5
 414 0046 02       		.byte	0x2
 415 0047 1D       		.byte	0x1d
 416 0048 4C000000 		.4byte	0x4c
 417 004c 02       		.uleb128 0x2
 418 004d 01       		.byte	0x1
 419 004e 08       		.byte	0x8
 420 004f 91020000 		.4byte	.LASF3
 421 0053 02       		.uleb128 0x2
 422 0054 02       		.byte	0x2
 423 0055 05       		.byte	0x5
 424 0056 7E000000 		.4byte	.LASF4
 425 005a 04       		.uleb128 0x4
 426 005b F8000000 		.4byte	.LASF6
 427 005f 02       		.byte	0x2
 428 0060 2B       		.byte	0x2b
ARM GAS  C:\Users\teo8d\AppData\Local\Temp\ccMDaN7f.s 			page 12


 429 0061 65000000 		.4byte	0x65
 430 0065 02       		.uleb128 0x2
 431 0066 02       		.byte	0x2
 432 0067 07       		.byte	0x7
 433 0068 32030000 		.4byte	.LASF7
 434 006c 04       		.uleb128 0x4
 435 006d 45040000 		.4byte	.LASF8
 436 0071 02       		.byte	0x2
 437 0072 3F       		.byte	0x3f
 438 0073 77000000 		.4byte	0x77
 439 0077 02       		.uleb128 0x2
 440 0078 04       		.byte	0x4
 441 0079 05       		.byte	0x5
 442 007a D1010000 		.4byte	.LASF9
 443 007e 02       		.uleb128 0x2
 444 007f 04       		.byte	0x4
 445 0080 07       		.byte	0x7
 446 0081 BD030000 		.4byte	.LASF10
 447 0085 02       		.uleb128 0x2
 448 0086 08       		.byte	0x8
 449 0087 05       		.byte	0x5
 450 0088 96010000 		.4byte	.LASF11
 451 008c 04       		.uleb128 0x4
 452 008d 5B040000 		.4byte	.LASF12
 453 0091 03       		.byte	0x3
 454 0092 18       		.byte	0x18
 455 0093 41000000 		.4byte	0x41
 456 0097 04       		.uleb128 0x4
 457 0098 FE020000 		.4byte	.LASF13
 458 009c 03       		.byte	0x3
 459 009d 24       		.byte	0x24
 460 009e 5A000000 		.4byte	0x5a
 461 00a2 04       		.uleb128 0x4
 462 00a3 5E030000 		.4byte	.LASF14
 463 00a7 03       		.byte	0x3
 464 00a8 2C       		.byte	0x2c
 465 00a9 6C000000 		.4byte	0x6c
 466 00ad 05       		.uleb128 0x5
 467 00ae 45010000 		.4byte	.LASF15
 468 00b2 04       		.byte	0x4
 469 00b3 E901     		.2byte	0x1e9
 470 00b5 4C000000 		.4byte	0x4c
 471 00b9 05       		.uleb128 0x5
 472 00ba 15010000 		.4byte	.LASF16
 473 00be 04       		.byte	0x4
 474 00bf EA01     		.2byte	0x1ea
 475 00c1 65000000 		.4byte	0x65
 476 00c5 05       		.uleb128 0x5
 477 00c6 31010000 		.4byte	.LASF17
 478 00ca 04       		.byte	0x4
 479 00cb ED01     		.2byte	0x1ed
 480 00cd 53000000 		.4byte	0x53
 481 00d1 05       		.uleb128 0x5
 482 00d2 59000000 		.4byte	.LASF18
 483 00d6 04       		.byte	0x4
 484 00d7 EF01     		.2byte	0x1ef
 485 00d9 DD000000 		.4byte	0xdd
ARM GAS  C:\Users\teo8d\AppData\Local\Temp\ccMDaN7f.s 			page 13


 486 00dd 02       		.uleb128 0x2
 487 00de 04       		.byte	0x4
 488 00df 04       		.byte	0x4
 489 00e0 73010000 		.4byte	.LASF19
 490 00e4 02       		.uleb128 0x2
 491 00e5 08       		.byte	0x8
 492 00e6 04       		.byte	0x4
 493 00e7 97040000 		.4byte	.LASF20
 494 00eb 02       		.uleb128 0x2
 495 00ec 01       		.byte	0x1
 496 00ed 08       		.byte	0x8
 497 00ee 45030000 		.4byte	.LASF21
 498 00f2 02       		.uleb128 0x2
 499 00f3 08       		.byte	0x8
 500 00f4 04       		.byte	0x4
 501 00f5 85020000 		.4byte	.LASF22
 502 00f9 02       		.uleb128 0x2
 503 00fa 04       		.byte	0x4
 504 00fb 07       		.byte	0x7
 505 00fc 9C000000 		.4byte	.LASF23
 506 0100 06       		.uleb128 0x6
 507 0101 A5000000 		.4byte	.LASF24
 508 0105 01       		.byte	0x1
 509 0106 2B       		.byte	0x2b
 510 0107 00000000 		.4byte	.LFB64
 511 010b 50000000 		.4byte	.LFE64-.LFB64
 512 010f 01       		.uleb128 0x1
 513 0110 9C       		.byte	0x9c
 514 0111 84010000 		.4byte	0x184
 515 0115 07       		.uleb128 0x7
 516 0116 06000000 		.4byte	.LVL0
 517 011a 59050000 		.4byte	0x559
 518 011e 07       		.uleb128 0x7
 519 011f 0C000000 		.4byte	.LVL1
 520 0123 64050000 		.4byte	0x564
 521 0127 07       		.uleb128 0x7
 522 0128 12000000 		.4byte	.LVL2
 523 012c 6F050000 		.4byte	0x56f
 524 0130 07       		.uleb128 0x7
 525 0131 24000000 		.4byte	.LVL3
 526 0135 7A050000 		.4byte	0x57a
 527 0139 07       		.uleb128 0x7
 528 013a 2A000000 		.4byte	.LVL4
 529 013e 85050000 		.4byte	0x585
 530 0142 08       		.uleb128 0x8
 531 0143 30000000 		.4byte	.LVL5
 532 0147 90050000 		.4byte	0x590
 533 014b 55010000 		.4byte	0x155
 534 014f 09       		.uleb128 0x9
 535 0150 01       		.uleb128 0x1
 536 0151 50       		.byte	0x50
 537 0152 01       		.uleb128 0x1
 538 0153 31       		.byte	0x31
 539 0154 00       		.byte	0
 540 0155 07       		.uleb128 0x7
 541 0156 34000000 		.4byte	.LVL6
 542 015a 9B050000 		.4byte	0x59b
ARM GAS  C:\Users\teo8d\AppData\Local\Temp\ccMDaN7f.s 			page 14


 543 015e 08       		.uleb128 0x8
 544 015f 3A000000 		.4byte	.LVL7
 545 0163 90050000 		.4byte	0x590
 546 0167 71010000 		.4byte	0x171
 547 016b 09       		.uleb128 0x9
 548 016c 01       		.uleb128 0x1
 549 016d 50       		.byte	0x50
 550 016e 01       		.uleb128 0x1
 551 016f 44       		.byte	0x44
 552 0170 00       		.byte	0
 553 0171 07       		.uleb128 0x7
 554 0172 3E000000 		.4byte	.LVL8
 555 0176 A6050000 		.4byte	0x5a6
 556 017a 07       		.uleb128 0x7
 557 017b 42000000 		.4byte	.LVL9
 558 017f B1050000 		.4byte	0x5b1
 559 0183 00       		.byte	0
 560 0184 06       		.uleb128 0x6
 561 0185 03010000 		.4byte	.LASF25
 562 0189 01       		.byte	0x1
 563 018a 50       		.byte	0x50
 564 018b 00000000 		.4byte	.LFB65
 565 018f 20000000 		.4byte	.LFE65-.LFB65
 566 0193 01       		.uleb128 0x1
 567 0194 9C       		.byte	0x9c
 568 0195 BE010000 		.4byte	0x1be
 569 0199 07       		.uleb128 0x7
 570 019a 06000000 		.4byte	.LVL10
 571 019e BC050000 		.4byte	0x5bc
 572 01a2 07       		.uleb128 0x7
 573 01a3 0A000000 		.4byte	.LVL11
 574 01a7 C7050000 		.4byte	0x5c7
 575 01ab 07       		.uleb128 0x7
 576 01ac 0E000000 		.4byte	.LVL12
 577 01b0 6F050000 		.4byte	0x56f
 578 01b4 07       		.uleb128 0x7
 579 01b5 12000000 		.4byte	.LVL13
 580 01b9 D2050000 		.4byte	0x5d2
 581 01bd 00       		.byte	0
 582 01be 06       		.uleb128 0x6
 583 01bf 1F030000 		.4byte	.LASF26
 584 01c3 01       		.byte	0x1
 585 01c4 71       		.byte	0x71
 586 01c5 00000000 		.4byte	.LFB66
 587 01c9 40000000 		.4byte	.LFE66-.LFB66
 588 01cd 01       		.uleb128 0x1
 589 01ce 9C       		.byte	0x9c
 590 01cf 52020000 		.4byte	0x252
 591 01d3 0A       		.uleb128 0xa
 592 01d4 4A030000 		.4byte	.LASF78
 593 01d8 01       		.byte	0x1
 594 01d9 71       		.byte	0x71
 595 01da B9000000 		.4byte	0xb9
 596 01de 00000000 		.4byte	.LLST0
 597 01e2 0B       		.uleb128 0xb
 598 01e3 4E000000 		.4byte	.LASF27
 599 01e7 01       		.byte	0x1
ARM GAS  C:\Users\teo8d\AppData\Local\Temp\ccMDaN7f.s 			page 15


 600 01e8 74       		.byte	0x74
 601 01e9 B9000000 		.4byte	0xb9
 602 01ed 21000000 		.4byte	.LLST1
 603 01f1 07       		.uleb128 0x7
 604 01f2 08000000 		.4byte	.LVL15
 605 01f6 DD050000 		.4byte	0x5dd
 606 01fa 08       		.uleb128 0x8
 607 01fb 2A000000 		.4byte	.LVL17
 608 01ff E8050000 		.4byte	0x5e8
 609 0203 30020000 		.4byte	0x230
 610 0207 09       		.uleb128 0x9
 611 0208 01       		.uleb128 0x1
 612 0209 50       		.byte	0x50
 613 020a 24       		.uleb128 0x24
 614 020b 74       		.byte	0x74
 615 020c 00       		.sleb128 0
 616 020d 0A       		.byte	0xa
 617 020e 5F09     		.2byte	0x95f
 618 0210 1E       		.byte	0x1e
 619 0211 F7       		.byte	0xf7
 620 0212 33       		.uleb128 0x33
 621 0213 F7       		.byte	0xf7
 622 0214 25       		.uleb128 0x25
 623 0215 0C       		.byte	0xc
 624 0216 67666666 		.4byte	0x66666667
 625 021a F7       		.byte	0xf7
 626 021b 25       		.uleb128 0x25
 627 021c 1E       		.byte	0x1e
 628 021d 08       		.byte	0x8
 629 021e 20       		.byte	0x20
 630 021f F7       		.byte	0xf7
 631 0220 25       		.uleb128 0x25
 632 0221 25       		.byte	0x25
 633 0222 F7       		.byte	0xf7
 634 0223 2C       		.uleb128 0x2c
 635 0224 32       		.byte	0x32
 636 0225 26       		.byte	0x26
 637 0226 74       		.byte	0x74
 638 0227 00       		.sleb128 0
 639 0228 0A       		.byte	0xa
 640 0229 5F09     		.2byte	0x95f
 641 022b 1E       		.byte	0x1e
 642 022c 4F       		.byte	0x4f
 643 022d 26       		.byte	0x26
 644 022e 1C       		.byte	0x1c
 645 022f 00       		.byte	0
 646 0230 08       		.uleb128 0x8
 647 0231 34000000 		.4byte	.LVL18
 648 0235 F3050000 		.4byte	0x5f3
 649 0239 48020000 		.4byte	0x248
 650 023d 09       		.uleb128 0x9
 651 023e 01       		.uleb128 0x1
 652 023f 50       		.byte	0x50
 653 0240 06       		.uleb128 0x6
 654 0241 74       		.byte	0x74
 655 0242 00       		.sleb128 0
 656 0243 31       		.byte	0x31
ARM GAS  C:\Users\teo8d\AppData\Local\Temp\ccMDaN7f.s 			page 16


 657 0244 25       		.byte	0x25
 658 0245 23       		.byte	0x23
 659 0246 01       		.uleb128 0x1
 660 0247 00       		.byte	0
 661 0248 07       		.uleb128 0x7
 662 0249 38000000 		.4byte	.LVL19
 663 024d FE050000 		.4byte	0x5fe
 664 0251 00       		.byte	0
 665 0252 0C       		.uleb128 0xc
 666 0253 C4020000 		.4byte	.LASF79
 667 0257 01       		.byte	0x1
 668 0258 8C       		.byte	0x8c
 669 0259 00000000 		.4byte	.LFB67
 670 025d 34000000 		.4byte	.LFE67-.LFB67
 671 0261 01       		.uleb128 0x1
 672 0262 9C       		.byte	0x9c
 673 0263 A2020000 		.4byte	0x2a2
 674 0267 07       		.uleb128 0x7
 675 0268 06000000 		.4byte	.LVL21
 676 026c DD050000 		.4byte	0x5dd
 677 0270 08       		.uleb128 0x8
 678 0271 0E000000 		.4byte	.LVL22
 679 0275 E8050000 		.4byte	0x5e8
 680 0279 85020000 		.4byte	0x285
 681 027d 09       		.uleb128 0x9
 682 027e 01       		.uleb128 0x1
 683 027f 50       		.byte	0x50
 684 0280 03       		.uleb128 0x3
 685 0281 0A       		.byte	0xa
 686 0282 5F09     		.2byte	0x95f
 687 0284 00       		.byte	0
 688 0285 08       		.uleb128 0x8
 689 0286 18000000 		.4byte	.LVL23
 690 028a 09060000 		.4byte	0x609
 691 028e 98020000 		.4byte	0x298
 692 0292 09       		.uleb128 0x9
 693 0293 01       		.uleb128 0x1
 694 0294 50       		.byte	0x50
 695 0295 01       		.uleb128 0x1
 696 0296 30       		.byte	0x30
 697 0297 00       		.byte	0
 698 0298 07       		.uleb128 0x7
 699 0299 24000000 		.4byte	.LVL24
 700 029d FE050000 		.4byte	0x5fe
 701 02a1 00       		.byte	0
 702 02a2 0D       		.uleb128 0xd
 703 02a3 E0000000 		.4byte	.LASF80
 704 02a7 01       		.byte	0x1
 705 02a8 A7       		.byte	0xa7
 706 02a9 B9000000 		.4byte	0xb9
 707 02ad 00000000 		.4byte	.LFB68
 708 02b1 34000000 		.4byte	.LFE68-.LFB68
 709 02b5 01       		.uleb128 0x1
 710 02b6 9C       		.byte	0x9c
 711 02b7 E6020000 		.4byte	0x2e6
 712 02bb 0B       		.uleb128 0xb
 713 02bc 8C040000 		.4byte	.LASF28
ARM GAS  C:\Users\teo8d\AppData\Local\Temp\ccMDaN7f.s 			page 17


 714 02c0 01       		.byte	0x1
 715 02c1 AA       		.byte	0xaa
 716 02c2 B9000000 		.4byte	0xb9
 717 02c6 34000000 		.4byte	.LLST2
 718 02ca 07       		.uleb128 0x7
 719 02cb 06000000 		.4byte	.LVL25
 720 02cf DD050000 		.4byte	0x5dd
 721 02d3 07       		.uleb128 0x7
 722 02d4 12000000 		.4byte	.LVL26
 723 02d8 14060000 		.4byte	0x614
 724 02dc 07       		.uleb128 0x7
 725 02dd 20000000 		.4byte	.LVL28
 726 02e1 FE050000 		.4byte	0x5fe
 727 02e5 00       		.byte	0
 728 02e6 06       		.uleb128 0x6
 729 02e7 54050000 		.4byte	.LASF29
 730 02eb 01       		.byte	0x1
 731 02ec B9       		.byte	0xb9
 732 02ed 00000000 		.4byte	.LFB69
 733 02f1 38000000 		.4byte	.LFE69-.LFB69
 734 02f5 01       		.uleb128 0x1
 735 02f6 9C       		.byte	0x9c
 736 02f7 6D030000 		.4byte	0x36d
 737 02fb 0E       		.uleb128 0xe
 738 02fc 4B010000 		.4byte	.LASF30
 739 0300 01       		.byte	0x1
 740 0301 C1       		.byte	0xc1
 741 0302 B9000000 		.4byte	0xb9
 742 0306 00       		.byte	0
 743 0307 07       		.uleb128 0x7
 744 0308 06000000 		.4byte	.LVL30
 745 030c 7A050000 		.4byte	0x57a
 746 0310 07       		.uleb128 0x7
 747 0311 0A000000 		.4byte	.LVL31
 748 0315 64050000 		.4byte	0x564
 749 0319 07       		.uleb128 0x7
 750 031a 10000000 		.4byte	.LVL32
 751 031e 59050000 		.4byte	0x559
 752 0322 07       		.uleb128 0x7
 753 0323 16000000 		.4byte	.LVL33
 754 0327 BC050000 		.4byte	0x5bc
 755 032b 07       		.uleb128 0x7
 756 032c 1A000000 		.4byte	.LVL34
 757 0330 C7050000 		.4byte	0x5c7
 758 0334 08       		.uleb128 0x8
 759 0335 24000000 		.4byte	.LVL35
 760 0339 85050000 		.4byte	0x585
 761 033d 47030000 		.4byte	0x347
 762 0341 09       		.uleb128 0x9
 763 0342 01       		.uleb128 0x1
 764 0343 50       		.byte	0x50
 765 0344 01       		.uleb128 0x1
 766 0345 30       		.byte	0x30
 767 0346 00       		.byte	0
 768 0347 07       		.uleb128 0x7
 769 0348 28000000 		.4byte	.LVL36
 770 034c 9B050000 		.4byte	0x59b
ARM GAS  C:\Users\teo8d\AppData\Local\Temp\ccMDaN7f.s 			page 18


 771 0350 08       		.uleb128 0x8
 772 0351 2E000000 		.4byte	.LVL37
 773 0355 90050000 		.4byte	0x590
 774 0359 63030000 		.4byte	0x363
 775 035d 09       		.uleb128 0x9
 776 035e 01       		.uleb128 0x1
 777 035f 50       		.byte	0x50
 778 0360 01       		.uleb128 0x1
 779 0361 3F       		.byte	0x3f
 780 0362 00       		.byte	0
 781 0363 07       		.uleb128 0x7
 782 0364 32000000 		.4byte	.LVL38
 783 0368 1F060000 		.4byte	0x61f
 784 036c 00       		.byte	0
 785 036d 0F       		.uleb128 0xf
 786 036e 9E040000 		.4byte	.LASF31
 787 0372 05       		.byte	0x5
 788 0373 1207     		.2byte	0x712
 789 0375 79030000 		.4byte	0x379
 790 0379 10       		.uleb128 0x10
 791 037a A2000000 		.4byte	0xa2
 792 037e 11       		.uleb128 0x11
 793 037f 41050000 		.4byte	.LASF32
 794 0383 06       		.byte	0x6
 795 0384 1F       		.byte	0x1f
 796 0385 AD000000 		.4byte	0xad
 797 0389 05       		.uleb128 0x5
 798 038a 03       		.byte	0x3
 799 038b 00000000 		.4byte	Input_Flag
 800 038f 11       		.uleb128 0x11
 801 0390 79040000 		.4byte	.LASF33
 802 0394 06       		.byte	0x6
 803 0395 20       		.byte	0x20
 804 0396 AD000000 		.4byte	0xad
 805 039a 05       		.uleb128 0x5
 806 039b 03       		.byte	0x3
 807 039c 00000000 		.4byte	Command_ready_Flag
 808 03a0 11       		.uleb128 0x11
 809 03a1 A4010000 		.4byte	.LASF34
 810 03a5 06       		.byte	0x6
 811 03a6 21       		.byte	0x21
 812 03a7 8C000000 		.4byte	0x8c
 813 03ab 05       		.uleb128 0x5
 814 03ac 03       		.byte	0x3
 815 03ad 00000000 		.4byte	TIA_Calibration_ended_Flag
 816 03b1 11       		.uleb128 0x11
 817 03b2 37010000 		.4byte	.LASF35
 818 03b6 06       		.byte	0x6
 819 03b7 22       		.byte	0x22
 820 03b8 8C000000 		.4byte	0x8c
 821 03bc 05       		.uleb128 0x5
 822 03bd 03       		.byte	0x3
 823 03be 00000000 		.4byte	CV_ready_Flag
 824 03c2 11       		.uleb128 0x11
 825 03c3 70030000 		.4byte	.LASF36
 826 03c7 06       		.byte	0x6
 827 03c8 23       		.byte	0x23
ARM GAS  C:\Users\teo8d\AppData\Local\Temp\ccMDaN7f.s 			page 19


 828 03c9 8C000000 		.4byte	0x8c
 829 03cd 05       		.uleb128 0x5
 830 03ce 03       		.byte	0x3
 831 03cf 00000000 		.4byte	AMP_ready_Flag
 832 03d3 11       		.uleb128 0x11
 833 03d4 CF030000 		.4byte	.LASF37
 834 03d8 06       		.byte	0x6
 835 03d9 24       		.byte	0x24
 836 03da 8C000000 		.4byte	0x8c
 837 03de 05       		.uleb128 0x5
 838 03df 03       		.byte	0x3
 839 03e0 00000000 		.4byte	Load_EEPROM_Flag
 840 03e4 11       		.uleb128 0x11
 841 03e5 1C010000 		.4byte	.LASF38
 842 03e9 06       		.byte	0x6
 843 03ea 25       		.byte	0x25
 844 03eb 8C000000 		.4byte	0x8c
 845 03ef 05       		.uleb128 0x5
 846 03f0 03       		.byte	0x3
 847 03f1 00000000 		.4byte	Update_scanrate_Flag
 848 03f5 11       		.uleb128 0x11
 849 03f6 07040000 		.4byte	.LASF39
 850 03fa 06       		.byte	0x6
 851 03fb 26       		.byte	0x26
 852 03fc 8C000000 		.4byte	0x8c
 853 0400 05       		.uleb128 0x5
 854 0401 03       		.byte	0x3
 855 0402 00000000 		.4byte	Update_startvalue_Flag
 856 0406 11       		.uleb128 0x11
 857 0407 AF020000 		.4byte	.LASF40
 858 040b 06       		.byte	0x6
 859 040c 27       		.byte	0x27
 860 040d 8C000000 		.4byte	0x8c
 861 0411 05       		.uleb128 0x5
 862 0412 03       		.byte	0x3
 863 0413 00000000 		.4byte	Update_endvalue_Flag
 864 0417 11       		.uleb128 0x11
 865 0418 63040000 		.4byte	.LASF41
 866 041c 06       		.byte	0x6
 867 041d 28       		.byte	0x28
 868 041e 8C000000 		.4byte	0x8c
 869 0422 05       		.uleb128 0x5
 870 0423 03       		.byte	0x3
 871 0424 00000000 		.4byte	Update_timevalue_Flag
 872 0428 11       		.uleb128 0x11
 873 0429 B7000000 		.4byte	.LASF42
 874 042d 06       		.byte	0x6
 875 042e 43       		.byte	0x43
 876 042f B9000000 		.4byte	0xb9
 877 0433 05       		.uleb128 0x5
 878 0434 03       		.byte	0x3
 879 0435 00000000 		.4byte	dac_ground_value
 880 0439 11       		.uleb128 0x11
 881 043a 54030000 		.4byte	.LASF43
 882 043e 06       		.byte	0x6
 883 043f 47       		.byte	0x47
 884 0440 B9000000 		.4byte	0xb9
ARM GAS  C:\Users\teo8d\AppData\Local\Temp\ccMDaN7f.s 			page 20


 885 0444 05       		.uleb128 0x5
 886 0445 03       		.byte	0x3
 887 0446 00000000 		.4byte	lut_value
 888 044a 12       		.uleb128 0x12
 889 044b B9000000 		.4byte	0xb9
 890 044f 5B040000 		.4byte	0x45b
 891 0453 13       		.uleb128 0x13
 892 0454 F9000000 		.4byte	0xf9
 893 0458 8713     		.2byte	0x1387
 894 045a 00       		.byte	0
 895 045b 11       		.uleb128 0x11
 896 045c 9F020000 		.4byte	.LASF44
 897 0460 07       		.byte	0x7
 898 0461 1B       		.byte	0x1b
 899 0462 4A040000 		.4byte	0x44a
 900 0466 05       		.uleb128 0x5
 901 0467 03       		.byte	0x3
 902 0468 00000000 		.4byte	waveform_CV_lut
 903 046c 12       		.uleb128 0x12
 904 046d B9000000 		.4byte	0xb9
 905 0471 7D040000 		.4byte	0x47d
 906 0475 13       		.uleb128 0x13
 907 0476 F9000000 		.4byte	0xf9
 908 047a CF07     		.2byte	0x7cf
 909 047c 00       		.byte	0
 910 047d 11       		.uleb128 0x11
 911 047e F8010000 		.4byte	.LASF45
 912 0482 07       		.byte	0x7
 913 0483 1C       		.byte	0x1c
 914 0484 6C040000 		.4byte	0x46c
 915 0488 05       		.uleb128 0x5
 916 0489 03       		.byte	0x3
 917 048a 00000000 		.4byte	waveform_amp_lut
 918 048e 11       		.uleb128 0x11
 919 048f 66030000 		.4byte	.LASF46
 920 0493 06       		.byte	0x6
 921 0494 4A       		.byte	0x4a
 922 0495 B9000000 		.4byte	0xb9
 923 0499 05       		.uleb128 0x5
 924 049a 03       		.byte	0x3
 925 049b 00000000 		.4byte	lut_index
 926 049f 11       		.uleb128 0x11
 927 04a0 8C040000 		.4byte	.LASF28
 928 04a4 06       		.byte	0x6
 929 04a5 4B       		.byte	0x4b
 930 04a6 97000000 		.4byte	0x97
 931 04aa 05       		.uleb128 0x5
 932 04ab 03       		.byte	0x3
 933 04ac 00000000 		.4byte	lut_length
 934 04b0 11       		.uleb128 0x11
 935 04b1 61000000 		.4byte	.LASF47
 936 04b5 06       		.byte	0x6
 937 04b6 4C       		.byte	0x4c
 938 04b7 4A040000 		.4byte	0x44a
 939 04bb 05       		.uleb128 0x5
 940 04bc 03       		.byte	0x3
 941 04bd 00000000 		.4byte	ADC_CV_array
ARM GAS  C:\Users\teo8d\AppData\Local\Temp\ccMDaN7f.s 			page 21


 942 04c1 11       		.uleb128 0x11
 943 04c2 2E000000 		.4byte	.LASF48
 944 04c6 06       		.byte	0x6
 945 04c7 4D       		.byte	0x4d
 946 04c8 D1000000 		.4byte	0xd1
 947 04cc 05       		.uleb128 0x5
 948 04cd 03       		.byte	0x3
 949 04ce 00000000 		.4byte	uA_per_adc_count
 950 04d2 11       		.uleb128 0x11
 951 04d3 6E000000 		.4byte	.LASF49
 952 04d7 06       		.byte	0x6
 953 04d8 50       		.byte	0x50
 954 04d9 B9000000 		.4byte	0xb9
 955 04dd 05       		.uleb128 0x5
 956 04de 03       		.byte	0x3
 957 04df 00000000 		.4byte	start_dac_value
 958 04e3 11       		.uleb128 0x11
 959 04e4 78050000 		.4byte	.LASF50
 960 04e8 06       		.byte	0x6
 961 04e9 51       		.byte	0x51
 962 04ea B9000000 		.4byte	0xb9
 963 04ee 05       		.uleb128 0x5
 964 04ef 03       		.byte	0x3
 965 04f0 00000000 		.4byte	end_dac_value
 966 04f4 11       		.uleb128 0x11
 967 04f5 09020000 		.4byte	.LASF51
 968 04f9 06       		.byte	0x6
 969 04fa 52       		.byte	0x52
 970 04fb C5000000 		.4byte	0xc5
 971 04ff 05       		.uleb128 0x5
 972 0500 03       		.byte	0x3
 973 0501 00000000 		.4byte	potential_max_current
 974 0505 11       		.uleb128 0x11
 975 0506 72020000 		.4byte	.LASF52
 976 050a 06       		.byte	0x6
 977 050b 53       		.byte	0x53
 978 050c B9000000 		.4byte	0xb9
 979 0510 05       		.uleb128 0x5
 980 0511 03       		.byte	0x3
 981 0512 00000000 		.4byte	selected_scan_rate
 982 0516 12       		.uleb128 0x12
 983 0517 8C000000 		.4byte	0x8c
 984 051b 26050000 		.4byte	0x526
 985 051f 14       		.uleb128 0x14
 986 0520 F9000000 		.4byte	0xf9
 987 0524 27       		.byte	0x27
 988 0525 00       		.byte	0
 989 0526 11       		.uleb128 0x11
 990 0527 4C050000 		.4byte	.LASF53
 991 052b 06       		.byte	0x6
 992 052c 58       		.byte	0x58
 993 052d 16050000 		.4byte	0x516
 994 0531 05       		.uleb128 0x5
 995 0532 03       		.byte	0x3
 996 0533 00000000 		.4byte	command
 997 0537 11       		.uleb128 0x11
 998 0538 64010000 		.4byte	.LASF54
ARM GAS  C:\Users\teo8d\AppData\Local\Temp\ccMDaN7f.s 			page 22


 999 053c 06       		.byte	0x6
 1000 053d 59       		.byte	0x59
 1001 053e 8C000000 		.4byte	0x8c
 1002 0542 05       		.uleb128 0x5
 1003 0543 03       		.byte	0x3
 1004 0544 00000000 		.4byte	command_lenght
 1005 0548 11       		.uleb128 0x11
 1006 0549 07030000 		.4byte	.LASF55
 1007 054d 08       		.byte	0x8
 1008 054e 15       		.byte	0x15
 1009 054f AD000000 		.4byte	0xad
 1010 0553 05       		.uleb128 0x5
 1011 0554 03       		.byte	0x3
 1012 0555 00000000 		.4byte	selected_voltage_source
 1013 0559 15       		.uleb128 0x15
 1014 055a 1E040000 		.4byte	.LASF56
 1015 055e 1E040000 		.4byte	.LASF56
 1016 0562 09       		.byte	0x9
 1017 0563 24       		.byte	0x24
 1018 0564 15       		.uleb128 0x15
 1019 0565 88000000 		.4byte	.LASF57
 1020 0569 88000000 		.4byte	.LASF57
 1021 056d 0A       		.byte	0xa
 1022 056e 24       		.byte	0x24
 1023 056f 15       		.uleb128 0x15
 1024 0570 95030000 		.4byte	.LASF58
 1025 0574 95030000 		.4byte	.LASF58
 1026 0578 0A       		.byte	0xa
 1027 0579 25       		.byte	0x25
 1028 057a 15       		.uleb128 0x15
 1029 057b 2F040000 		.4byte	.LASF59
 1030 057f 2F040000 		.4byte	.LASF59
 1031 0583 08       		.byte	0x8
 1032 0584 24       		.byte	0x24
 1033 0585 15       		.uleb128 0x15
 1034 0586 69050000 		.4byte	.LASF60
 1035 058a 69050000 		.4byte	.LASF60
 1036 058e 0B       		.byte	0xb
 1037 058f 28       		.byte	0x28
 1038 0590 15       		.uleb128 0x15
 1039 0591 39050000 		.4byte	.LASF61
 1040 0595 39050000 		.4byte	.LASF61
 1041 0599 0C       		.byte	0xc
 1042 059a 76       		.byte	0x76
 1043 059b 15       		.uleb128 0x15
 1044 059c C8000000 		.4byte	.LASF62
 1045 05a0 C8000000 		.4byte	.LASF62
 1046 05a4 0D       		.byte	0xd
 1047 05a5 3D       		.byte	0x3d
 1048 05a6 15       		.uleb128 0x15
 1049 05a7 3F000000 		.4byte	.LASF63
 1050 05ab 3F000000 		.4byte	.LASF63
 1051 05af 09       		.byte	0x9
 1052 05b0 23       		.byte	0x23
 1053 05b1 15       		.uleb128 0x15
 1054 05b2 87010000 		.4byte	.LASF64
 1055 05b6 87010000 		.4byte	.LASF64
ARM GAS  C:\Users\teo8d\AppData\Local\Temp\ccMDaN7f.s 			page 23


 1056 05ba 0E       		.byte	0xe
 1057 05bb 23       		.byte	0x23
 1058 05bc 15       		.uleb128 0x15
 1059 05bd 1E000000 		.4byte	.LASF65
 1060 05c1 1E000000 		.4byte	.LASF65
 1061 05c5 09       		.byte	0x9
 1062 05c6 25       		.byte	0x25
 1063 05c7 15       		.uleb128 0x15
 1064 05c8 0E000000 		.4byte	.LASF66
 1065 05cc 0E000000 		.4byte	.LASF66
 1066 05d0 0E       		.byte	0xe
 1067 05d1 25       		.byte	0x25
 1068 05d2 15       		.uleb128 0x15
 1069 05d3 E0030000 		.4byte	.LASF67
 1070 05d7 E0030000 		.4byte	.LASF67
 1071 05db 08       		.byte	0x8
 1072 05dc 23       		.byte	0x23
 1073 05dd 15       		.uleb128 0x15
 1074 05de 55010000 		.4byte	.LASF68
 1075 05e2 55010000 		.4byte	.LASF68
 1076 05e6 0F       		.byte	0xf
 1077 05e7 DD       		.byte	0xdd
 1078 05e8 15       		.uleb128 0x15
 1079 05e9 DA010000 		.4byte	.LASF69
 1080 05ed DA010000 		.4byte	.LASF69
 1081 05f1 0F       		.byte	0xf
 1082 05f2 BE       		.byte	0xbe
 1083 05f3 15       		.uleb128 0x15
 1084 05f4 A8030000 		.4byte	.LASF70
 1085 05f8 A8030000 		.4byte	.LASF70
 1086 05fc 0F       		.byte	0xf
 1087 05fd C3       		.byte	0xc3
 1088 05fe 15       		.uleb128 0x15
 1089 05ff 00000000 		.4byte	.LASF71
 1090 0603 00000000 		.4byte	.LASF71
 1091 0607 0F       		.byte	0xf
 1092 0608 DC       		.byte	0xdc
 1093 0609 15       		.uleb128 0x15
 1094 060a 79010000 		.4byte	.LASF72
 1095 060e 79010000 		.4byte	.LASF72
 1096 0612 07       		.byte	0x7
 1097 0613 15       		.byte	0x15
 1098 0614 15       		.uleb128 0x15
 1099 0615 7F030000 		.4byte	.LASF73
 1100 0619 7F030000 		.4byte	.LASF73
 1101 061d 07       		.byte	0x7
 1102 061e 14       		.byte	0x14
 1103 061f 15       		.uleb128 0x15
 1104 0620 F5030000 		.4byte	.LASF74
 1105 0624 F5030000 		.4byte	.LASF74
 1106 0628 0A       		.byte	0xa
 1107 0629 23       		.byte	0x23
 1108 062a 00       		.byte	0
 1109              		.section	.debug_abbrev,"",%progbits
 1110              	.Ldebug_abbrev0:
 1111 0000 01       		.uleb128 0x1
 1112 0001 11       		.uleb128 0x11
ARM GAS  C:\Users\teo8d\AppData\Local\Temp\ccMDaN7f.s 			page 24


 1113 0002 01       		.byte	0x1
 1114 0003 25       		.uleb128 0x25
 1115 0004 0E       		.uleb128 0xe
 1116 0005 13       		.uleb128 0x13
 1117 0006 0B       		.uleb128 0xb
 1118 0007 03       		.uleb128 0x3
 1119 0008 0E       		.uleb128 0xe
 1120 0009 1B       		.uleb128 0x1b
 1121 000a 0E       		.uleb128 0xe
 1122 000b 55       		.uleb128 0x55
 1123 000c 17       		.uleb128 0x17
 1124 000d 11       		.uleb128 0x11
 1125 000e 01       		.uleb128 0x1
 1126 000f 10       		.uleb128 0x10
 1127 0010 17       		.uleb128 0x17
 1128 0011 00       		.byte	0
 1129 0012 00       		.byte	0
 1130 0013 02       		.uleb128 0x2
 1131 0014 24       		.uleb128 0x24
 1132 0015 00       		.byte	0
 1133 0016 0B       		.uleb128 0xb
 1134 0017 0B       		.uleb128 0xb
 1135 0018 3E       		.uleb128 0x3e
 1136 0019 0B       		.uleb128 0xb
 1137 001a 03       		.uleb128 0x3
 1138 001b 0E       		.uleb128 0xe
 1139 001c 00       		.byte	0
 1140 001d 00       		.byte	0
 1141 001e 03       		.uleb128 0x3
 1142 001f 24       		.uleb128 0x24
 1143 0020 00       		.byte	0
 1144 0021 0B       		.uleb128 0xb
 1145 0022 0B       		.uleb128 0xb
 1146 0023 3E       		.uleb128 0x3e
 1147 0024 0B       		.uleb128 0xb
 1148 0025 03       		.uleb128 0x3
 1149 0026 08       		.uleb128 0x8
 1150 0027 00       		.byte	0
 1151 0028 00       		.byte	0
 1152 0029 04       		.uleb128 0x4
 1153 002a 16       		.uleb128 0x16
 1154 002b 00       		.byte	0
 1155 002c 03       		.uleb128 0x3
 1156 002d 0E       		.uleb128 0xe
 1157 002e 3A       		.uleb128 0x3a
 1158 002f 0B       		.uleb128 0xb
 1159 0030 3B       		.uleb128 0x3b
 1160 0031 0B       		.uleb128 0xb
 1161 0032 49       		.uleb128 0x49
 1162 0033 13       		.uleb128 0x13
 1163 0034 00       		.byte	0
 1164 0035 00       		.byte	0
 1165 0036 05       		.uleb128 0x5
 1166 0037 16       		.uleb128 0x16
 1167 0038 00       		.byte	0
 1168 0039 03       		.uleb128 0x3
 1169 003a 0E       		.uleb128 0xe
ARM GAS  C:\Users\teo8d\AppData\Local\Temp\ccMDaN7f.s 			page 25


 1170 003b 3A       		.uleb128 0x3a
 1171 003c 0B       		.uleb128 0xb
 1172 003d 3B       		.uleb128 0x3b
 1173 003e 05       		.uleb128 0x5
 1174 003f 49       		.uleb128 0x49
 1175 0040 13       		.uleb128 0x13
 1176 0041 00       		.byte	0
 1177 0042 00       		.byte	0
 1178 0043 06       		.uleb128 0x6
 1179 0044 2E       		.uleb128 0x2e
 1180 0045 01       		.byte	0x1
 1181 0046 3F       		.uleb128 0x3f
 1182 0047 19       		.uleb128 0x19
 1183 0048 03       		.uleb128 0x3
 1184 0049 0E       		.uleb128 0xe
 1185 004a 3A       		.uleb128 0x3a
 1186 004b 0B       		.uleb128 0xb
 1187 004c 3B       		.uleb128 0x3b
 1188 004d 0B       		.uleb128 0xb
 1189 004e 27       		.uleb128 0x27
 1190 004f 19       		.uleb128 0x19
 1191 0050 11       		.uleb128 0x11
 1192 0051 01       		.uleb128 0x1
 1193 0052 12       		.uleb128 0x12
 1194 0053 06       		.uleb128 0x6
 1195 0054 40       		.uleb128 0x40
 1196 0055 18       		.uleb128 0x18
 1197 0056 9742     		.uleb128 0x2117
 1198 0058 19       		.uleb128 0x19
 1199 0059 01       		.uleb128 0x1
 1200 005a 13       		.uleb128 0x13
 1201 005b 00       		.byte	0
 1202 005c 00       		.byte	0
 1203 005d 07       		.uleb128 0x7
 1204 005e 898201   		.uleb128 0x4109
 1205 0061 00       		.byte	0
 1206 0062 11       		.uleb128 0x11
 1207 0063 01       		.uleb128 0x1
 1208 0064 31       		.uleb128 0x31
 1209 0065 13       		.uleb128 0x13
 1210 0066 00       		.byte	0
 1211 0067 00       		.byte	0
 1212 0068 08       		.uleb128 0x8
 1213 0069 898201   		.uleb128 0x4109
 1214 006c 01       		.byte	0x1
 1215 006d 11       		.uleb128 0x11
 1216 006e 01       		.uleb128 0x1
 1217 006f 31       		.uleb128 0x31
 1218 0070 13       		.uleb128 0x13
 1219 0071 01       		.uleb128 0x1
 1220 0072 13       		.uleb128 0x13
 1221 0073 00       		.byte	0
 1222 0074 00       		.byte	0
 1223 0075 09       		.uleb128 0x9
 1224 0076 8A8201   		.uleb128 0x410a
 1225 0079 00       		.byte	0
 1226 007a 02       		.uleb128 0x2
ARM GAS  C:\Users\teo8d\AppData\Local\Temp\ccMDaN7f.s 			page 26


 1227 007b 18       		.uleb128 0x18
 1228 007c 9142     		.uleb128 0x2111
 1229 007e 18       		.uleb128 0x18
 1230 007f 00       		.byte	0
 1231 0080 00       		.byte	0
 1232 0081 0A       		.uleb128 0xa
 1233 0082 05       		.uleb128 0x5
 1234 0083 00       		.byte	0
 1235 0084 03       		.uleb128 0x3
 1236 0085 0E       		.uleb128 0xe
 1237 0086 3A       		.uleb128 0x3a
 1238 0087 0B       		.uleb128 0xb
 1239 0088 3B       		.uleb128 0x3b
 1240 0089 0B       		.uleb128 0xb
 1241 008a 49       		.uleb128 0x49
 1242 008b 13       		.uleb128 0x13
 1243 008c 02       		.uleb128 0x2
 1244 008d 17       		.uleb128 0x17
 1245 008e 00       		.byte	0
 1246 008f 00       		.byte	0
 1247 0090 0B       		.uleb128 0xb
 1248 0091 34       		.uleb128 0x34
 1249 0092 00       		.byte	0
 1250 0093 03       		.uleb128 0x3
 1251 0094 0E       		.uleb128 0xe
 1252 0095 3A       		.uleb128 0x3a
 1253 0096 0B       		.uleb128 0xb
 1254 0097 3B       		.uleb128 0x3b
 1255 0098 0B       		.uleb128 0xb
 1256 0099 49       		.uleb128 0x49
 1257 009a 13       		.uleb128 0x13
 1258 009b 02       		.uleb128 0x2
 1259 009c 17       		.uleb128 0x17
 1260 009d 00       		.byte	0
 1261 009e 00       		.byte	0
 1262 009f 0C       		.uleb128 0xc
 1263 00a0 2E       		.uleb128 0x2e
 1264 00a1 01       		.byte	0x1
 1265 00a2 3F       		.uleb128 0x3f
 1266 00a3 19       		.uleb128 0x19
 1267 00a4 03       		.uleb128 0x3
 1268 00a5 0E       		.uleb128 0xe
 1269 00a6 3A       		.uleb128 0x3a
 1270 00a7 0B       		.uleb128 0xb
 1271 00a8 3B       		.uleb128 0x3b
 1272 00a9 0B       		.uleb128 0xb
 1273 00aa 11       		.uleb128 0x11
 1274 00ab 01       		.uleb128 0x1
 1275 00ac 12       		.uleb128 0x12
 1276 00ad 06       		.uleb128 0x6
 1277 00ae 40       		.uleb128 0x40
 1278 00af 18       		.uleb128 0x18
 1279 00b0 9742     		.uleb128 0x2117
 1280 00b2 19       		.uleb128 0x19
 1281 00b3 01       		.uleb128 0x1
 1282 00b4 13       		.uleb128 0x13
 1283 00b5 00       		.byte	0
ARM GAS  C:\Users\teo8d\AppData\Local\Temp\ccMDaN7f.s 			page 27


 1284 00b6 00       		.byte	0
 1285 00b7 0D       		.uleb128 0xd
 1286 00b8 2E       		.uleb128 0x2e
 1287 00b9 01       		.byte	0x1
 1288 00ba 3F       		.uleb128 0x3f
 1289 00bb 19       		.uleb128 0x19
 1290 00bc 03       		.uleb128 0x3
 1291 00bd 0E       		.uleb128 0xe
 1292 00be 3A       		.uleb128 0x3a
 1293 00bf 0B       		.uleb128 0xb
 1294 00c0 3B       		.uleb128 0x3b
 1295 00c1 0B       		.uleb128 0xb
 1296 00c2 27       		.uleb128 0x27
 1297 00c3 19       		.uleb128 0x19
 1298 00c4 49       		.uleb128 0x49
 1299 00c5 13       		.uleb128 0x13
 1300 00c6 11       		.uleb128 0x11
 1301 00c7 01       		.uleb128 0x1
 1302 00c8 12       		.uleb128 0x12
 1303 00c9 06       		.uleb128 0x6
 1304 00ca 40       		.uleb128 0x40
 1305 00cb 18       		.uleb128 0x18
 1306 00cc 9742     		.uleb128 0x2117
 1307 00ce 19       		.uleb128 0x19
 1308 00cf 01       		.uleb128 0x1
 1309 00d0 13       		.uleb128 0x13
 1310 00d1 00       		.byte	0
 1311 00d2 00       		.byte	0
 1312 00d3 0E       		.uleb128 0xe
 1313 00d4 34       		.uleb128 0x34
 1314 00d5 00       		.byte	0
 1315 00d6 03       		.uleb128 0x3
 1316 00d7 0E       		.uleb128 0xe
 1317 00d8 3A       		.uleb128 0x3a
 1318 00d9 0B       		.uleb128 0xb
 1319 00da 3B       		.uleb128 0x3b
 1320 00db 0B       		.uleb128 0xb
 1321 00dc 49       		.uleb128 0x49
 1322 00dd 13       		.uleb128 0x13
 1323 00de 1C       		.uleb128 0x1c
 1324 00df 0B       		.uleb128 0xb
 1325 00e0 00       		.byte	0
 1326 00e1 00       		.byte	0
 1327 00e2 0F       		.uleb128 0xf
 1328 00e3 34       		.uleb128 0x34
 1329 00e4 00       		.byte	0
 1330 00e5 03       		.uleb128 0x3
 1331 00e6 0E       		.uleb128 0xe
 1332 00e7 3A       		.uleb128 0x3a
 1333 00e8 0B       		.uleb128 0xb
 1334 00e9 3B       		.uleb128 0x3b
 1335 00ea 05       		.uleb128 0x5
 1336 00eb 49       		.uleb128 0x49
 1337 00ec 13       		.uleb128 0x13
 1338 00ed 3F       		.uleb128 0x3f
 1339 00ee 19       		.uleb128 0x19
 1340 00ef 3C       		.uleb128 0x3c
ARM GAS  C:\Users\teo8d\AppData\Local\Temp\ccMDaN7f.s 			page 28


 1341 00f0 19       		.uleb128 0x19
 1342 00f1 00       		.byte	0
 1343 00f2 00       		.byte	0
 1344 00f3 10       		.uleb128 0x10
 1345 00f4 35       		.uleb128 0x35
 1346 00f5 00       		.byte	0
 1347 00f6 49       		.uleb128 0x49
 1348 00f7 13       		.uleb128 0x13
 1349 00f8 00       		.byte	0
 1350 00f9 00       		.byte	0
 1351 00fa 11       		.uleb128 0x11
 1352 00fb 34       		.uleb128 0x34
 1353 00fc 00       		.byte	0
 1354 00fd 03       		.uleb128 0x3
 1355 00fe 0E       		.uleb128 0xe
 1356 00ff 3A       		.uleb128 0x3a
 1357 0100 0B       		.uleb128 0xb
 1358 0101 3B       		.uleb128 0x3b
 1359 0102 0B       		.uleb128 0xb
 1360 0103 49       		.uleb128 0x49
 1361 0104 13       		.uleb128 0x13
 1362 0105 3F       		.uleb128 0x3f
 1363 0106 19       		.uleb128 0x19
 1364 0107 02       		.uleb128 0x2
 1365 0108 18       		.uleb128 0x18
 1366 0109 00       		.byte	0
 1367 010a 00       		.byte	0
 1368 010b 12       		.uleb128 0x12
 1369 010c 01       		.uleb128 0x1
 1370 010d 01       		.byte	0x1
 1371 010e 49       		.uleb128 0x49
 1372 010f 13       		.uleb128 0x13
 1373 0110 01       		.uleb128 0x1
 1374 0111 13       		.uleb128 0x13
 1375 0112 00       		.byte	0
 1376 0113 00       		.byte	0
 1377 0114 13       		.uleb128 0x13
 1378 0115 21       		.uleb128 0x21
 1379 0116 00       		.byte	0
 1380 0117 49       		.uleb128 0x49
 1381 0118 13       		.uleb128 0x13
 1382 0119 2F       		.uleb128 0x2f
 1383 011a 05       		.uleb128 0x5
 1384 011b 00       		.byte	0
 1385 011c 00       		.byte	0
 1386 011d 14       		.uleb128 0x14
 1387 011e 21       		.uleb128 0x21
 1388 011f 00       		.byte	0
 1389 0120 49       		.uleb128 0x49
 1390 0121 13       		.uleb128 0x13
 1391 0122 2F       		.uleb128 0x2f
 1392 0123 0B       		.uleb128 0xb
 1393 0124 00       		.byte	0
 1394 0125 00       		.byte	0
 1395 0126 15       		.uleb128 0x15
 1396 0127 2E       		.uleb128 0x2e
 1397 0128 00       		.byte	0
ARM GAS  C:\Users\teo8d\AppData\Local\Temp\ccMDaN7f.s 			page 29


 1398 0129 3F       		.uleb128 0x3f
 1399 012a 19       		.uleb128 0x19
 1400 012b 3C       		.uleb128 0x3c
 1401 012c 19       		.uleb128 0x19
 1402 012d 6E       		.uleb128 0x6e
 1403 012e 0E       		.uleb128 0xe
 1404 012f 03       		.uleb128 0x3
 1405 0130 0E       		.uleb128 0xe
 1406 0131 3A       		.uleb128 0x3a
 1407 0132 0B       		.uleb128 0xb
 1408 0133 3B       		.uleb128 0x3b
 1409 0134 0B       		.uleb128 0xb
 1410 0135 00       		.byte	0
 1411 0136 00       		.byte	0
 1412 0137 00       		.byte	0
 1413              		.section	.debug_loc,"",%progbits
 1414              	.Ldebug_loc0:
 1415              	.LLST0:
 1416 0000 00000000 		.4byte	.LVL14
 1417 0004 07000000 		.4byte	.LVL15-1
 1418 0008 0100     		.2byte	0x1
 1419 000a 50       		.byte	0x50
 1420 000b 07000000 		.4byte	.LVL15-1
 1421 000f 40000000 		.4byte	.LFE66
 1422 0013 0400     		.2byte	0x4
 1423 0015 F3       		.byte	0xf3
 1424 0016 01       		.uleb128 0x1
 1425 0017 50       		.byte	0x50
 1426 0018 9F       		.byte	0x9f
 1427 0019 00000000 		.4byte	0
 1428 001d 00000000 		.4byte	0
 1429              	.LLST1:
 1430 0021 10000000 		.4byte	.LVL16
 1431 0025 3A000000 		.4byte	.LVL20
 1432 0029 0100     		.2byte	0x1
 1433 002b 54       		.byte	0x54
 1434 002c 00000000 		.4byte	0
 1435 0030 00000000 		.4byte	0
 1436              	.LLST2:
 1437 0034 14000000 		.4byte	.LVL27
 1438 0038 24000000 		.4byte	.LVL29
 1439 003c 0100     		.2byte	0x1
 1440 003e 54       		.byte	0x54
 1441 003f 00000000 		.4byte	0
 1442 0043 00000000 		.4byte	0
 1443              		.section	.debug_aranges,"",%progbits
 1444 0000 44000000 		.4byte	0x44
 1445 0004 0200     		.2byte	0x2
 1446 0006 00000000 		.4byte	.Ldebug_info0
 1447 000a 04       		.byte	0x4
 1448 000b 00       		.byte	0
 1449 000c 0000     		.2byte	0
 1450 000e 0000     		.2byte	0
 1451 0010 00000000 		.4byte	.LFB64
 1452 0014 50000000 		.4byte	.LFE64-.LFB64
 1453 0018 00000000 		.4byte	.LFB65
 1454 001c 20000000 		.4byte	.LFE65-.LFB65
ARM GAS  C:\Users\teo8d\AppData\Local\Temp\ccMDaN7f.s 			page 30


 1455 0020 00000000 		.4byte	.LFB66
 1456 0024 40000000 		.4byte	.LFE66-.LFB66
 1457 0028 00000000 		.4byte	.LFB67
 1458 002c 34000000 		.4byte	.LFE67-.LFB67
 1459 0030 00000000 		.4byte	.LFB68
 1460 0034 34000000 		.4byte	.LFE68-.LFB68
 1461 0038 00000000 		.4byte	.LFB69
 1462 003c 38000000 		.4byte	.LFE69-.LFB69
 1463 0040 00000000 		.4byte	0
 1464 0044 00000000 		.4byte	0
 1465              		.section	.debug_ranges,"",%progbits
 1466              	.Ldebug_ranges0:
 1467 0000 00000000 		.4byte	.LFB64
 1468 0004 50000000 		.4byte	.LFE64
 1469 0008 00000000 		.4byte	.LFB65
 1470 000c 20000000 		.4byte	.LFE65
 1471 0010 00000000 		.4byte	.LFB66
 1472 0014 40000000 		.4byte	.LFE66
 1473 0018 00000000 		.4byte	.LFB67
 1474 001c 34000000 		.4byte	.LFE67
 1475 0020 00000000 		.4byte	.LFB68
 1476 0024 34000000 		.4byte	.LFE68
 1477 0028 00000000 		.4byte	.LFB69
 1478 002c 38000000 		.4byte	.LFE69
 1479 0030 00000000 		.4byte	0
 1480 0034 00000000 		.4byte	0
 1481              		.section	.debug_line,"",%progbits
 1482              	.Ldebug_line0:
 1483 0000 82020000 		.section	.debug_str,"MS",%progbits,1
 1483      0200F301 
 1483      00000201 
 1483      FB0E0D00 
 1483      01010101 
 1484              	.LASF71:
 1485 0000 50574D5F 		.ascii	"PWM_isr_Sleep\000"
 1485      6973725F 
 1485      536C6565 
 1485      7000
 1486              	.LASF66:
 1487 000e 6973725F 		.ascii	"isr_adc_Disable\000"
 1487      6164635F 
 1487      44697361 
 1487      626C6500 
 1488              	.LASF65:
 1489 001e 6973725F 		.ascii	"isr_dac_Disable\000"
 1489      6461635F 
 1489      44697361 
 1489      626C6500 
 1490              	.LASF48:
 1491 002e 75415F70 		.ascii	"uA_per_adc_count\000"
 1491      65725F61 
 1491      64635F63 
 1491      6F756E74 
 1491      00
 1492              	.LASF63:
 1493 003f 6973725F 		.ascii	"isr_dac_Enable\000"
 1493      6461635F 
ARM GAS  C:\Users\teo8d\AppData\Local\Temp\ccMDaN7f.s 			page 31


 1493      456E6162 
 1493      6C6500
 1494              	.LASF27:
 1495 004e 6E65775F 		.ascii	"new_period\000"
 1495      70657269 
 1495      6F6400
 1496              	.LASF18:
 1497 0059 666C6F61 		.ascii	"float32\000"
 1497      74333200 
 1498              	.LASF47:
 1499 0061 4144435F 		.ascii	"ADC_CV_array\000"
 1499      43565F61 
 1499      72726179 
 1499      00
 1500              	.LASF49:
 1501 006e 73746172 		.ascii	"start_dac_value\000"
 1501      745F6461 
 1501      635F7661 
 1501      6C756500 
 1502              	.LASF4:
 1503 007e 73686F72 		.ascii	"short int\000"
 1503      7420696E 
 1503      7400
 1504              	.LASF57:
 1505 0088 6973725F 		.ascii	"isr_adcAmp_GetState\000"
 1505      61646341 
 1505      6D705F47 
 1505      65745374 
 1505      61746500 
 1506              	.LASF23:
 1507 009c 73697A65 		.ascii	"sizetype\000"
 1507      74797065 
 1507      00
 1508              	.LASF24:
 1509 00a5 75736572 		.ascii	"user_start_cv_run\000"
 1509      5F737461 
 1509      72745F63 
 1509      765F7275 
 1509      6E00
 1510              	.LASF42:
 1511 00b7 6461635F 		.ascii	"dac_ground_value\000"
 1511      67726F75 
 1511      6E645F76 
 1511      616C7565 
 1511      00
 1512              	.LASF62:
 1513 00c8 4144435F 		.ascii	"ADC_SigDel_StartConvert\000"
 1513      53696744 
 1513      656C5F53 
 1513      74617274 
 1513      436F6E76 
 1514              	.LASF80:
 1515 00e0 75736572 		.ascii	"user_lookup_table_maker\000"
 1515      5F6C6F6F 
 1515      6B75705F 
 1515      7461626C 
 1515      655F6D61 
ARM GAS  C:\Users\teo8d\AppData\Local\Temp\ccMDaN7f.s 			page 32


 1516              	.LASF6:
 1517 00f8 5F5F7569 		.ascii	"__uint16_t\000"
 1517      6E743136 
 1517      5F7400
 1518              	.LASF25:
 1519 0103 75736572 		.ascii	"user_reset_device\000"
 1519      5F726573 
 1519      65745F64 
 1519      65766963 
 1519      6500
 1520              	.LASF16:
 1521 0115 75696E74 		.ascii	"uint16\000"
 1521      313600
 1522              	.LASF38:
 1523 011c 55706461 		.ascii	"Update_scanrate_Flag\000"
 1523      74655F73 
 1523      63616E72 
 1523      6174655F 
 1523      466C6167 
 1524              	.LASF17:
 1525 0131 696E7431 		.ascii	"int16\000"
 1525      3600
 1526              	.LASF35:
 1527 0137 43565F72 		.ascii	"CV_ready_Flag\000"
 1527      65616479 
 1527      5F466C61 
 1527      6700
 1528              	.LASF15:
 1529 0145 75696E74 		.ascii	"uint8\000"
 1529      3800
 1530              	.LASF30:
 1531 014b 6461635F 		.ascii	"dac_value\000"
 1531      76616C75 
 1531      6500
 1532              	.LASF68:
 1533 0155 50574D5F 		.ascii	"PWM_isr_Wakeup\000"
 1533      6973725F 
 1533      57616B65 
 1533      757000
 1534              	.LASF54:
 1535 0164 636F6D6D 		.ascii	"command_lenght\000"
 1535      616E645F 
 1535      6C656E67 
 1535      687400
 1536              	.LASF19:
 1537 0173 666C6F61 		.ascii	"float\000"
 1537      7400
 1538              	.LASF72:
 1539 0179 4C55545F 		.ascii	"LUT_MakePulse\000"
 1539      4D616B65 
 1539      50756C73 
 1539      6500
 1540              	.LASF64:
 1541 0187 6973725F 		.ascii	"isr_adc_Enable\000"
 1541      6164635F 
 1541      456E6162 
 1541      6C6500
ARM GAS  C:\Users\teo8d\AppData\Local\Temp\ccMDaN7f.s 			page 33


 1542              	.LASF11:
 1543 0196 6C6F6E67 		.ascii	"long long int\000"
 1543      206C6F6E 
 1543      6720696E 
 1543      7400
 1544              	.LASF34:
 1545 01a4 5449415F 		.ascii	"TIA_Calibration_ended_Flag\000"
 1545      43616C69 
 1545      62726174 
 1545      696F6E5F 
 1545      656E6465 
 1546              	.LASF76:
 1547 01bf 75736572 		.ascii	"user_selections.c\000"
 1547      5F73656C 
 1547      65637469 
 1547      6F6E732E 
 1547      6300
 1548              	.LASF9:
 1549 01d1 6C6F6E67 		.ascii	"long int\000"
 1549      20696E74 
 1549      00
 1550              	.LASF69:
 1551 01da 50574D5F 		.ascii	"PWM_isr_WritePeriod\000"
 1551      6973725F 
 1551      57726974 
 1551      65506572 
 1551      696F6400 
 1552              	.LASF5:
 1553 01ee 5F5F7569 		.ascii	"__uint8_t\000"
 1553      6E74385F 
 1553      7400
 1554              	.LASF45:
 1555 01f8 77617665 		.ascii	"waveform_amp_lut\000"
 1555      666F726D 
 1555      5F616D70 
 1555      5F6C7574 
 1555      00
 1556              	.LASF51:
 1557 0209 706F7465 		.ascii	"potential_max_current\000"
 1557      6E746961 
 1557      6C5F6D61 
 1557      785F6375 
 1557      7272656E 
 1558              	.LASF77:
 1559 021f 433A5C55 		.ascii	"C:\\Users\\teo8d\\Desktop\\progetto lab sensori\\CO"
 1559      73657273 
 1559      5C74656F 
 1559      38645C44 
 1559      65736B74 
 1560 024d 44494349 		.ascii	"DICI\\PSOC\\FinalProjects\\Group2.cydsn\000"
 1560      5C50534F 
 1560      435C4669 
 1560      6E616C50 
 1560      726F6A65 
 1561              	.LASF52:
 1562 0272 73656C65 		.ascii	"selected_scan_rate\000"
 1562      63746564 
ARM GAS  C:\Users\teo8d\AppData\Local\Temp\ccMDaN7f.s 			page 34


 1562      5F736361 
 1562      6E5F7261 
 1562      746500
 1563              	.LASF22:
 1564 0285 6C6F6E67 		.ascii	"long double\000"
 1564      20646F75 
 1564      626C6500 
 1565              	.LASF3:
 1566 0291 756E7369 		.ascii	"unsigned char\000"
 1566      676E6564 
 1566      20636861 
 1566      7200
 1567              	.LASF44:
 1568 029f 77617665 		.ascii	"waveform_CV_lut\000"
 1568      666F726D 
 1568      5F43565F 
 1568      6C757400 
 1569              	.LASF40:
 1570 02af 55706461 		.ascii	"Update_endvalue_Flag\000"
 1570      74655F65 
 1570      6E647661 
 1570      6C75655F 
 1570      466C6167 
 1571              	.LASF79:
 1572 02c4 75736572 		.ascii	"user_chrono_lut_maker\000"
 1572      5F636872 
 1572      6F6E6F5F 
 1572      6C75745F 
 1572      6D616B65 
 1573              	.LASF0:
 1574 02da 6C6F6E67 		.ascii	"long long unsigned int\000"
 1574      206C6F6E 
 1574      6720756E 
 1574      7369676E 
 1574      65642069 
 1575              	.LASF1:
 1576 02f1 756E7369 		.ascii	"unsigned int\000"
 1576      676E6564 
 1576      20696E74 
 1576      00
 1577              	.LASF13:
 1578 02fe 75696E74 		.ascii	"uint16_t\000"
 1578      31365F74 
 1578      00
 1579              	.LASF55:
 1580 0307 73656C65 		.ascii	"selected_voltage_source\000"
 1580      63746564 
 1580      5F766F6C 
 1580      74616765 
 1580      5F736F75 
 1581              	.LASF26:
 1582 031f 75736572 		.ascii	"user_set_isr_timer\000"
 1582      5F736574 
 1582      5F697372 
 1582      5F74696D 
 1582      657200
 1583              	.LASF7:
ARM GAS  C:\Users\teo8d\AppData\Local\Temp\ccMDaN7f.s 			page 35


 1584 0332 73686F72 		.ascii	"short unsigned int\000"
 1584      7420756E 
 1584      7369676E 
 1584      65642069 
 1584      6E7400
 1585              	.LASF21:
 1586 0345 63686172 		.ascii	"char\000"
 1586      00
 1587              	.LASF78:
 1588 034a 7363616E 		.ascii	"scan_rate\000"
 1588      5F726174 
 1588      6500
 1589              	.LASF43:
 1590 0354 6C75745F 		.ascii	"lut_value\000"
 1590      76616C75 
 1590      6500
 1591              	.LASF14:
 1592 035e 696E7433 		.ascii	"int32_t\000"
 1592      325F7400 
 1593              	.LASF46:
 1594 0366 6C75745F 		.ascii	"lut_index\000"
 1594      696E6465 
 1594      7800
 1595              	.LASF36:
 1596 0370 414D505F 		.ascii	"AMP_ready_Flag\000"
 1596      72656164 
 1596      795F466C 
 1596      616700
 1597              	.LASF73:
 1598 037f 4C55545F 		.ascii	"LUT_MakeTriangle_Wave\000"
 1598      4D616B65 
 1598      54726961 
 1598      6E676C65 
 1598      5F576176 
 1599              	.LASF58:
 1600 0395 6973725F 		.ascii	"isr_adcAmp_Disable\000"
 1600      61646341 
 1600      6D705F44 
 1600      69736162 
 1600      6C6500
 1601              	.LASF70:
 1602 03a8 50574D5F 		.ascii	"PWM_isr_WriteCompare\000"
 1602      6973725F 
 1602      57726974 
 1602      65436F6D 
 1602      70617265 
 1603              	.LASF10:
 1604 03bd 6C6F6E67 		.ascii	"long unsigned int\000"
 1604      20756E73 
 1604      69676E65 
 1604      6420696E 
 1604      7400
 1605              	.LASF37:
 1606 03cf 4C6F6164 		.ascii	"Load_EEPROM_Flag\000"
 1606      5F454550 
 1606      524F4D5F 
 1606      466C6167 
ARM GAS  C:\Users\teo8d\AppData\Local\Temp\ccMDaN7f.s 			page 36


 1606      00
 1607              	.LASF67:
 1608 03e0 68656C70 		.ascii	"helper_HardwareSleep\000"
 1608      65725F48 
 1608      61726477 
 1608      61726553 
 1608      6C656570 
 1609              	.LASF74:
 1610 03f5 6973725F 		.ascii	"isr_adcAmp_Enable\000"
 1610      61646341 
 1610      6D705F45 
 1610      6E61626C 
 1610      6500
 1611              	.LASF39:
 1612 0407 55706461 		.ascii	"Update_startvalue_Flag\000"
 1612      74655F73 
 1612      74617274 
 1612      76616C75 
 1612      655F466C 
 1613              	.LASF56:
 1614 041e 6973725F 		.ascii	"isr_dac_GetState\000"
 1614      6461635F 
 1614      47657453 
 1614      74617465 
 1614      00
 1615              	.LASF59:
 1616 042f 68656C70 		.ascii	"helper_HardwareWakeup\000"
 1616      65725F48 
 1616      61726477 
 1616      61726557 
 1616      616B6575 
 1617              	.LASF8:
 1618 0445 5F5F696E 		.ascii	"__int32_t\000"
 1618      7433325F 
 1618      7400
 1619              	.LASF2:
 1620 044f 7369676E 		.ascii	"signed char\000"
 1620      65642063 
 1620      68617200 
 1621              	.LASF12:
 1622 045b 75696E74 		.ascii	"uint8_t\000"
 1622      385F7400 
 1623              	.LASF41:
 1624 0463 55706461 		.ascii	"Update_timevalue_Flag\000"
 1624      74655F74 
 1624      696D6576 
 1624      616C7565 
 1624      5F466C61 
 1625              	.LASF33:
 1626 0479 436F6D6D 		.ascii	"Command_ready_Flag\000"
 1626      616E645F 
 1626      72656164 
 1626      795F466C 
 1626      616700
 1627              	.LASF28:
 1628 048c 6C75745F 		.ascii	"lut_length\000"
 1628      6C656E67 
ARM GAS  C:\Users\teo8d\AppData\Local\Temp\ccMDaN7f.s 			page 37


 1628      746800
 1629              	.LASF20:
 1630 0497 646F7562 		.ascii	"double\000"
 1630      6C6500
 1631              	.LASF31:
 1632 049e 49544D5F 		.ascii	"ITM_RxBuffer\000"
 1632      52784275 
 1632      66666572 
 1632      00
 1633              	.LASF75:
 1634 04ab 474E5520 		.ascii	"GNU C11 5.4.1 20160609 (release) [ARM/embedded-5-br"
 1634      43313120 
 1634      352E342E 
 1634      31203230 
 1634      31363036 
 1635 04de 616E6368 		.ascii	"anch revision 237715] -mcpu=cortex-m3 -mthumb -g -O"
 1635      20726576 
 1635      6973696F 
 1635      6E203233 
 1635      37373135 
 1636 0511 67202D66 		.ascii	"g -ffunction-sections -ffat-lto-objects\000"
 1636      66756E63 
 1636      74696F6E 
 1636      2D736563 
 1636      74696F6E 
 1637              	.LASF61:
 1638 0539 43794465 		.ascii	"CyDelay\000"
 1638      6C617900 
 1639              	.LASF32:
 1640 0541 496E7075 		.ascii	"Input_Flag\000"
 1640      745F466C 
 1640      616700
 1641              	.LASF53:
 1642 054c 636F6D6D 		.ascii	"command\000"
 1642      616E6400 
 1643              	.LASF29:
 1644 0554 75736572 		.ascii	"user_run_amperometry\000"
 1644      5F72756E 
 1644      5F616D70 
 1644      65726F6D 
 1644      65747279 
 1645              	.LASF60:
 1646 0569 44564441 		.ascii	"DVDAC_SetValue\000"
 1646      435F5365 
 1646      7456616C 
 1646      756500
 1647              	.LASF50:
 1648 0578 656E645F 		.ascii	"end_dac_value\000"
 1648      6461635F 
 1648      76616C75 
 1648      6500
 1649              		.ident	"GCC: (GNU Tools for ARM Embedded Processors) 5.4.1 20160609 (release) [ARM/embedded-5-bran
