ARM GAS  C:\Users\lucac\AppData\Local\Temp\ccxBOxel.s 			page 1


   1              		.syntax unified
   2              		.cpu cortex-m3
   3              		.fpu softvfp
   4              		.eabi_attribute 20, 1
   5              		.eabi_attribute 21, 1
   6              		.eabi_attribute 23, 3
   7              		.eabi_attribute 24, 1
   8              		.eabi_attribute 25, 1
   9              		.eabi_attribute 26, 1
  10              		.eabi_attribute 30, 1
  11              		.eabi_attribute 34, 1
  12              		.eabi_attribute 18, 4
  13              		.thumb
  14              		.syntax unified
  15              		.file	"cymetadata.c"
  16              		.text
  17              	.Ltext0:
  18              		.cfi_sections	.debug_frame
  19              		.global	cy_metadata
  20              		.global	cy_meta_flashprotect
  21              		.global	cy_meta_wonvl
  22              		.global	cy_meta_custnvl
  23              		.global	cy_meta_configecc
  24              		.section	.cyconfigecc,"a",%progbits
  25              		.align	2
  26              		.type	cy_meta_configecc, %object
  27              		.size	cy_meta_configecc, 896
  28              	cy_meta_configecc:
  29 0000 03       		.byte	3
  30 0001 65       		.byte	101
  31 0002 00       		.byte	0
  32 0003 40       		.byte	64
  33 0004 03       		.byte	3
  34 0005 15       		.byte	21
  35 0006 01       		.byte	1
  36 0007 40       		.byte	64
  37 0008 02       		.byte	2
  38 0009 17       		.byte	23
  39 000a 01       		.byte	1
  40 000b 40       		.byte	64
  41 000c 14       		.byte	20
  42 000d 18       		.byte	24
  43 000e 01       		.byte	1
  44 000f 40       		.byte	64
  45 0010 3F       		.byte	63
  46 0011 19       		.byte	25
  47 0012 01       		.byte	1
  48 0013 40       		.byte	64
  49 0014 70       		.byte	112
  50 0015 1A       		.byte	26
  51 0016 01       		.byte	1
  52 0017 40       		.byte	64
  53 0018 52       		.byte	82
  54 0019 1B       		.byte	27
  55 001a 01       		.byte	1
  56 001b 40       		.byte	64
  57 001c 02       		.byte	2
ARM GAS  C:\Users\lucac\AppData\Local\Temp\ccxBOxel.s 			page 2


  58 001d 42       		.byte	66
  59 001e 01       		.byte	1
  60 001f 40       		.byte	64
  61 0020 01       		.byte	1
  62 0021 43       		.byte	67
  63 0022 01       		.byte	1
  64 0023 40       		.byte	64
  65 0024 05       		.byte	5
  66 0025 48       		.byte	72
  67 0026 01       		.byte	1
  68 0027 40       		.byte	64
  69 0028 0F       		.byte	15
  70 0029 49       		.byte	73
  71 002a 01       		.byte	1
  72 002b 40       		.byte	64
  73 002c 0A       		.byte	10
  74 002d 4C       		.byte	76
  75 002e 01       		.byte	1
  76 002f 40       		.byte	64
  77 0030 0C       		.byte	12
  78 0031 4D       		.byte	77
  79 0032 01       		.byte	1
  80 0033 40       		.byte	64
  81 0034 02       		.byte	2
  82 0035 50       		.byte	80
  83 0036 01       		.byte	1
  84 0037 40       		.byte	64
  85 0038 01       		.byte	1
  86 0039 51       		.byte	81
  87 003a 01       		.byte	1
  88 003b 40       		.byte	64
  89 003c 88       		.byte	-120
  90 003d 72       		.byte	114
  91 003e 89       		.byte	-119
  92 003f 38       		.byte	56
  93 0040 8B       		.byte	-117
  94 0041 0F       		.byte	15
  95 0042 E0       		.byte	-32
  96 0043 08       		.byte	8
  97 0044 E4       		.byte	-28
  98 0045 01       		.byte	1
  99 0046 EA       		.byte	-22
 100 0047 01       		.byte	1
 101 0048 E2       		.byte	-30
 102 0049 04       		.byte	4
 103 004a E6       		.byte	-26
 104 004b 08       		.byte	8
 105 004c 86       		.byte	-122
 106 004d 04       		.byte	4
 107 004e 8A       		.byte	-118
 108 004f 02       		.byte	2
 109 0050 92       		.byte	-110
 110 0051 04       		.byte	4
 111 0052 9A       		.byte	-102
 112 0053 02       		.byte	2
 113 0054 A4       		.byte	-92
 114 0055 01       		.byte	1
ARM GAS  C:\Users\lucac\AppData\Local\Temp\ccxBOxel.s 			page 3


 115 0056 A8       		.byte	-88
 116 0057 01       		.byte	1
 117 0058 A9       		.byte	-87
 118 0059 01       		.byte	1
 119 005a AC       		.byte	-84
 120 005b 01       		.byte	1
 121 005c B0       		.byte	-80
 122 005d 02       		.byte	2
 123 005e B2       		.byte	-78
 124 005f 04       		.byte	4
 125 0060 B5       		.byte	-75
 126 0061 01       		.byte	1
 127 0062 B6       		.byte	-74
 128 0063 01       		.byte	1
 129 0064 BB       		.byte	-69
 130 0065 02       		.byte	2
 131 0066 BE       		.byte	-66
 132 0067 05       		.byte	5
 133 0068 BF       		.byte	-65
 134 0069 10       		.byte	16
 135 006a D4       		.byte	-44
 136 006b 18       		.byte	24
 137 006c D8       		.byte	-40
 138 006d 04       		.byte	4
 139 006e D9       		.byte	-39
 140 006f 04       		.byte	4
 141 0070 DB       		.byte	-37
 142 0071 04       		.byte	4
 143 0072 DF       		.byte	-33
 144 0073 01       		.byte	1
 145 0074 00       		.byte	0
 146 0075 10       		.byte	16
 147 0076 03       		.byte	3
 148 0077 20       		.byte	32
 149 0078 04       		.byte	4
 150 0079 80       		.byte	-128
 151 007a 05       		.byte	5
 152 007b 0C       		.byte	12
 153 007c 06       		.byte	6
 154 007d 80       		.byte	-128
 155 007e 07       		.byte	7
 156 007f 04       		.byte	4
 157 0080 09       		.byte	9
 158 0081 01       		.byte	1
 159 0082 0B       		.byte	11
 160 0083 04       		.byte	4
 161 0084 0D       		.byte	13
 162 0085 20       		.byte	32
 163 0086 0E       		.byte	14
 164 0087 61       		.byte	97
 165 0088 10       		.byte	16
 166 0089 22       		.byte	34
 167 008a 11       		.byte	17
 168 008b 10       		.byte	16
 169 008c 15       		.byte	21
 170 008d 46       		.byte	70
 171 008e 17       		.byte	23
ARM GAS  C:\Users\lucac\AppData\Local\Temp\ccxBOxel.s 			page 4


 172 008f 28       		.byte	40
 173 0090 1A       		.byte	26
 174 0091 01       		.byte	1
 175 0092 1B       		.byte	27
 176 0093 45       		.byte	69
 177 0094 1C       		.byte	28
 178 0095 04       		.byte	4
 179 0096 1D       		.byte	29
 180 0097 0D       		.byte	13
 181 0098 1E       		.byte	30
 182 0099 42       		.byte	66
 183 009a 1F       		.byte	31
 184 009b 08       		.byte	8
 185 009c 21       		.byte	33
 186 009d 03       		.byte	3
 187 009e 22       		.byte	34
 188 009f 10       		.byte	16
 189 00a0 23       		.byte	35
 190 00a1 40       		.byte	64
 191 00a2 24       		.byte	36
 192 00a3 10       		.byte	16
 193 00a4 25       		.byte	37
 194 00a5 01       		.byte	1
 195 00a6 26       		.byte	38
 196 00a7 28       		.byte	40
 197 00a8 27       		.byte	39
 198 00a9 04       		.byte	4
 199 00aa 29       		.byte	41
 200 00ab 20       		.byte	32
 201 00ac 2D       		.byte	45
 202 00ad C8       		.byte	-56
 203 00ae 2E       		.byte	46
 204 00af 01       		.byte	1
 205 00b0 2F       		.byte	47
 206 00b1 04       		.byte	4
 207 00b2 35       		.byte	53
 208 00b3 01       		.byte	1
 209 00b4 37       		.byte	55
 210 00b5 14       		.byte	20
 211 00b6 3D       		.byte	61
 212 00b7 04       		.byte	4
 213 00b8 3E       		.byte	62
 214 00b9 20       		.byte	32
 215 00ba 3F       		.byte	63
 216 00bb 40       		.byte	64
 217 00bc 45       		.byte	69
 218 00bd 0A       		.byte	10
 219 00be 47       		.byte	71
 220 00bf 40       		.byte	64
 221 00c0 4E       		.byte	78
 222 00c1 0A       		.byte	10
 223 00c2 4F       		.byte	79
 224 00c3 84       		.byte	-124
 225 00c4 57       		.byte	87
 226 00c5 20       		.byte	32
 227 00c6 5B       		.byte	91
 228 00c7 01       		.byte	1
ARM GAS  C:\Users\lucac\AppData\Local\Temp\ccxBOxel.s 			page 5


 229 00c8 5E       		.byte	94
 230 00c9 02       		.byte	2
 231 00ca 63       		.byte	99
 232 00cb 0A       		.byte	10
 233 00cc 6C       		.byte	108
 234 00cd 22       		.byte	34
 235 00ce 6D       		.byte	109
 236 00cf 10       		.byte	16
 237 00d0 75       		.byte	117
 238 00d1 80       		.byte	-128
 239 00d2 76       		.byte	118
 240 00d3 20       		.byte	32
 241 00d4 77       		.byte	119
 242 00d5 28       		.byte	40
 243 00d6 82       		.byte	-126
 244 00d7 10       		.byte	16
 245 00d8 C0       		.byte	-64
 246 00d9 F6       		.byte	-10
 247 00da C2       		.byte	-62
 248 00db FA       		.byte	-6
 249 00dc C4       		.byte	-60
 250 00dd F7       		.byte	-9
 251 00de CA       		.byte	-54
 252 00df F4       		.byte	-12
 253 00e0 CC       		.byte	-52
 254 00e1 E0       		.byte	-32
 255 00e2 CE       		.byte	-50
 256 00e3 70       		.byte	112
 257 00e4 D0       		.byte	-48
 258 00e5 D0       		.byte	-48
 259 00e6 D2       		.byte	-46
 260 00e7 30       		.byte	48
 261 00e8 D6       		.byte	-42
 262 00e9 81       		.byte	-127
 263 00ea D8       		.byte	-40
 264 00eb 0C       		.byte	12
 265 00ec E2       		.byte	-30
 266 00ed 04       		.byte	4
 267 00ee E4       		.byte	-28
 268 00ef 04       		.byte	4
 269 00f0 E6       		.byte	-26
 270 00f1 08       		.byte	8
 271 00f2 00       		.byte	0
 272 00f3 10       		.byte	16
 273 00f4 02       		.byte	2
 274 00f5 40       		.byte	64
 275 00f6 04       		.byte	4
 276 00f7 10       		.byte	16
 277 00f8 06       		.byte	6
 278 00f9 AC       		.byte	-84
 279 00fa 09       		.byte	9
 280 00fb 80       		.byte	-128
 281 00fc 0A       		.byte	10
 282 00fd 03       		.byte	3
 283 00fe 0B       		.byte	11
 284 00ff 13       		.byte	19
 285 0100 0C       		.byte	12
ARM GAS  C:\Users\lucac\AppData\Local\Temp\ccxBOxel.s 			page 6


 286 0101 0C       		.byte	12
 287 0102 0E       		.byte	14
 288 0103 71       		.byte	113
 289 0104 13       		.byte	19
 290 0105 0C       		.byte	12
 291 0106 14       		.byte	20
 292 0107 14       		.byte	20
 293 0108 15       		.byte	21
 294 0109 2C       		.byte	44
 295 010a 17       		.byte	23
 296 010b 43       		.byte	67
 297 010c 1C       		.byte	28
 298 010d 09       		.byte	9
 299 010e 1E       		.byte	30
 300 010f D0       		.byte	-48
 301 0110 1F       		.byte	31
 302 0111 08       		.byte	8
 303 0112 21       		.byte	33
 304 0113 71       		.byte	113
 305 0114 23       		.byte	35
 306 0115 0E       		.byte	14
 307 0116 25       		.byte	37
 308 0117 71       		.byte	113
 309 0118 26       		.byte	38
 310 0119 20       		.byte	32
 311 011a 27       		.byte	39
 312 011b 06       		.byte	6
 313 011c 28       		.byte	40
 314 011d DC       		.byte	-36
 315 011e 2A       		.byte	42
 316 011f 22       		.byte	34
 317 0120 30       		.byte	48
 318 0121 E0       		.byte	-32
 319 0122 31       		.byte	49
 320 0123 C0       		.byte	-64
 321 0124 33       		.byte	51
 322 0125 0F       		.byte	15
 323 0126 34       		.byte	52
 324 0127 1F       		.byte	31
 325 0128 35       		.byte	53
 326 0129 30       		.byte	48
 327 012a 39       		.byte	57
 328 012b 22       		.byte	34
 329 012c 3A       		.byte	58
 330 012d 02       		.byte	2
 331 012e 3B       		.byte	59
 332 012f 08       		.byte	8
 333 0130 3F       		.byte	63
 334 0131 10       		.byte	16
 335 0132 40       		.byte	64
 336 0133 02       		.byte	2
 337 0134 45       		.byte	69
 338 0135 40       		.byte	64
 339 0136 49       		.byte	73
 340 0137 FF       		.byte	-1
 341 0138 4A       		.byte	74
 342 0139 07       		.byte	7
ARM GAS  C:\Users\lucac\AppData\Local\Temp\ccxBOxel.s 			page 7


 343 013a 4B       		.byte	75
 344 013b FF       		.byte	-1
 345 013c 4C       		.byte	76
 346 013d 40       		.byte	64
 347 013e 4D       		.byte	77
 348 013f 20       		.byte	32
 349 0140 4E       		.byte	78
 350 0141 F0       		.byte	-16
 351 0142 4F       		.byte	79
 352 0143 05       		.byte	5
 353 0144 50       		.byte	80
 354 0145 08       		.byte	8
 355 0146 58       		.byte	88
 356 0147 04       		.byte	4
 357 0148 59       		.byte	89
 358 0149 04       		.byte	4
 359 014a 5A       		.byte	90
 360 014b 04       		.byte	4
 361 014c 5F       		.byte	95
 362 014d 01       		.byte	1
 363 014e 60       		.byte	96
 364 014f 40       		.byte	64
 365 0150 61       		.byte	97
 366 0151 A8       		.byte	-88
 367 0152 62       		.byte	98
 368 0153 40       		.byte	64
 369 0154 63       		.byte	99
 370 0155 20       		.byte	32
 371 0156 80       		.byte	-128
 372 0157 13       		.byte	19
 373 0158 81       		.byte	-127
 374 0159 11       		.byte	17
 375 015a 82       		.byte	-126
 376 015b 04       		.byte	4
 377 015c 83       		.byte	-125
 378 015d 68       		.byte	104
 379 015e 84       		.byte	-124
 380 015f 13       		.byte	19
 381 0160 85       		.byte	-123
 382 0161 03       		.byte	3
 383 0162 86       		.byte	-122
 384 0163 0C       		.byte	12
 385 0164 87       		.byte	-121
 386 0165 04       		.byte	4
 387 0166 88       		.byte	-120
 388 0167 80       		.byte	-128
 389 0168 89       		.byte	-119
 390 0169 30       		.byte	48
 391 016a 8A       		.byte	-118
 392 016b 20       		.byte	32
 393 016c 8C       		.byte	-116
 394 016d 40       		.byte	64
 395 016e 8D       		.byte	-115
 396 016f 03       		.byte	3
 397 0170 8E       		.byte	-114
 398 0171 20       		.byte	32
 399 0172 90       		.byte	-112
ARM GAS  C:\Users\lucac\AppData\Local\Temp\ccxBOxel.s 			page 8


 400 0173 20       		.byte	32
 401 0174 92       		.byte	-110
 402 0175 C0       		.byte	-64
 403 0176 93       		.byte	-109
 404 0177 03       		.byte	3
 405 0178 94       		.byte	-108
 406 0179 0A       		.byte	10
 407 017a 95       		.byte	-107
 408 017b 22       		.byte	34
 409 017c 96       		.byte	-106
 410 017d 14       		.byte	20
 411 017e 97       		.byte	-105
 412 017f 18       		.byte	24
 413 0180 98       		.byte	-104
 414 0181 E0       		.byte	-32
 415 0182 9B       		.byte	-101
 416 0183 03       		.byte	3
 417 0184 9C       		.byte	-100
 418 0185 03       		.byte	3
 419 0186 9E       		.byte	-98
 420 0187 14       		.byte	20
 421 0188 A2       		.byte	-94
 422 0189 08       		.byte	8
 423 018a A5       		.byte	-91
 424 018b 30       		.byte	48
 425 018c A6       		.byte	-90
 426 018d 15       		.byte	21
 427 018e A8       		.byte	-88
 428 018f E0       		.byte	-32
 429 0190 A9       		.byte	-87
 430 0191 03       		.byte	3
 431 0192 AF       		.byte	-81
 432 0193 03       		.byte	3
 433 0194 B0       		.byte	-80
 434 0195 10       		.byte	16
 435 0196 B1       		.byte	-79
 436 0197 0C       		.byte	12
 437 0198 B2       		.byte	-78
 438 0199 0F       		.byte	15
 439 019a B3       		.byte	-77
 440 019b 40       		.byte	64
 441 019c B4       		.byte	-76
 442 019d E0       		.byte	-32
 443 019e B5       		.byte	-75
 444 019f 30       		.byte	48
 445 01a0 B7       		.byte	-73
 446 01a1 03       		.byte	3
 447 01a2 BA       		.byte	-70
 448 01a3 08       		.byte	8
 449 01a4 BE       		.byte	-66
 450 01a5 01       		.byte	1
 451 01a6 BF       		.byte	-65
 452 01a7 01       		.byte	1
 453 01a8 C0       		.byte	-64
 454 01a9 23       		.byte	35
 455 01aa C1       		.byte	-63
 456 01ab 01       		.byte	1
ARM GAS  C:\Users\lucac\AppData\Local\Temp\ccxBOxel.s 			page 9


 457 01ac C5       		.byte	-59
 458 01ad 0B       		.byte	11
 459 01ae C6       		.byte	-58
 460 01af 0E       		.byte	14
 461 01b0 C7       		.byte	-57
 462 01b1 C0       		.byte	-64
 463 01b2 C8       		.byte	-56
 464 01b3 25       		.byte	37
 465 01b4 C9       		.byte	-55
 466 01b5 FF       		.byte	-1
 467 01b6 CA       		.byte	-54
 468 01b7 FF       		.byte	-1
 469 01b8 CB       		.byte	-53
 470 01b9 FF       		.byte	-1
 471 01ba CE       		.byte	-50
 472 01bb F0       		.byte	-16
 473 01bc CF       		.byte	-49
 474 01bd 44       		.byte	68
 475 01be D0       		.byte	-48
 476 01bf 0C       		.byte	12
 477 01c0 D4       		.byte	-44
 478 01c1 01       		.byte	1
 479 01c2 D8       		.byte	-40
 480 01c3 04       		.byte	4
 481 01c4 D9       		.byte	-39
 482 01c5 04       		.byte	4
 483 01c6 DA       		.byte	-38
 484 01c7 04       		.byte	4
 485 01c8 DB       		.byte	-37
 486 01c9 04       		.byte	4
 487 01ca DF       		.byte	-33
 488 01cb 01       		.byte	1
 489 01cc E6       		.byte	-26
 490 01cd C0       		.byte	-64
 491 01ce EA       		.byte	-22
 492 01cf 40       		.byte	64
 493 01d0 EB       		.byte	-21
 494 01d1 02       		.byte	2
 495 01d2 01       		.byte	1
 496 01d3 22       		.byte	34
 497 01d4 02       		.byte	2
 498 01d5 01       		.byte	1
 499 01d6 03       		.byte	3
 500 01d7 20       		.byte	32
 501 01d8 05       		.byte	5
 502 01d9 05       		.byte	5
 503 01da 06       		.byte	6
 504 01db 02       		.byte	2
 505 01dc 07       		.byte	7
 506 01dd 08       		.byte	8
 507 01de 0A       		.byte	10
 508 01df 22       		.byte	34
 509 01e0 0C       		.byte	12
 510 01e1 20       		.byte	32
 511 01e2 0D       		.byte	13
 512 01e3 4A       		.byte	74
 513 01e4 0F       		.byte	15
ARM GAS  C:\Users\lucac\AppData\Local\Temp\ccxBOxel.s 			page 10


 514 01e5 02       		.byte	2
 515 01e6 12       		.byte	18
 516 01e7 10       		.byte	16
 517 01e8 13       		.byte	19
 518 01e9 20       		.byte	32
 519 01ea 15       		.byte	21
 520 01eb 12       		.byte	18
 521 01ec 16       		.byte	22
 522 01ed 10       		.byte	16
 523 01ee 19       		.byte	25
 524 01ef 21       		.byte	33
 525 01f0 1C       		.byte	28
 526 01f1 40       		.byte	64
 527 01f2 1D       		.byte	29
 528 01f3 04       		.byte	4
 529 01f4 1E       		.byte	30
 530 01f5 04       		.byte	4
 531 01f6 21       		.byte	33
 532 01f7 19       		.byte	25
 533 01f8 22       		.byte	34
 534 01f9 01       		.byte	1
 535 01fa 23       		.byte	35
 536 01fb 20       		.byte	32
 537 01fc 25       		.byte	37
 538 01fd 20       		.byte	32
 539 01fe 27       		.byte	39
 540 01ff 59       		.byte	89
 541 0200 28       		.byte	40
 542 0201 02       		.byte	2
 543 0202 29       		.byte	41
 544 0203 05       		.byte	5
 545 0204 2A       		.byte	42
 546 0205 85       		.byte	-123
 547 0206 2B       		.byte	43
 548 0207 20       		.byte	32
 549 0208 2C       		.byte	44
 550 0209 20       		.byte	32
 551 020a 2E       		.byte	46
 552 020b 40       		.byte	64
 553 020c 2F       		.byte	47
 554 020d 08       		.byte	8
 555 020e 30       		.byte	48
 556 020f 80       		.byte	-128
 557 0210 31       		.byte	49
 558 0211 08       		.byte	8
 559 0212 32       		.byte	50
 560 0213 01       		.byte	1
 561 0214 36       		.byte	54
 562 0215 22       		.byte	34
 563 0216 37       		.byte	55
 564 0217 08       		.byte	8
 565 0218 38       		.byte	56
 566 0219 20       		.byte	32
 567 021a 3D       		.byte	61
 568 021b 10       		.byte	16
 569 021c 3E       		.byte	62
 570 021d 06       		.byte	6
ARM GAS  C:\Users\lucac\AppData\Local\Temp\ccxBOxel.s 			page 11


 571 021e 3F       		.byte	63
 572 021f 40       		.byte	64
 573 0220 41       		.byte	65
 574 0221 10       		.byte	16
 575 0222 46       		.byte	70
 576 0223 15       		.byte	21
 577 0224 48       		.byte	72
 578 0225 80       		.byte	-128
 579 0226 49       		.byte	73
 580 0227 02       		.byte	2
 581 0228 4E       		.byte	78
 582 0229 10       		.byte	16
 583 022a 50       		.byte	80
 584 022b 10       		.byte	16
 585 022c 52       		.byte	82
 586 022d 10       		.byte	16
 587 022e 56       		.byte	86
 588 022f 80       		.byte	-128
 589 0230 57       		.byte	87
 590 0231 01       		.byte	1
 591 0232 5C       		.byte	92
 592 0233 46       		.byte	70
 593 0234 5E       		.byte	94
 594 0235 10       		.byte	16
 595 0236 81       		.byte	-127
 596 0237 40       		.byte	64
 597 0238 82       		.byte	-126
 598 0239 10       		.byte	16
 599 023a 89       		.byte	-119
 600 023b 02       		.byte	2
 601 023c 8A       		.byte	-118
 602 023d 16       		.byte	22
 603 023e 8B       		.byte	-117
 604 023f 04       		.byte	4
 605 0240 8C       		.byte	-116
 606 0241 40       		.byte	64
 607 0242 8D       		.byte	-115
 608 0243 02       		.byte	2
 609 0244 90       		.byte	-112
 610 0245 04       		.byte	4
 611 0246 91       		.byte	-111
 612 0247 10       		.byte	16
 613 0248 92       		.byte	-110
 614 0249 40       		.byte	64
 615 024a 93       		.byte	-109
 616 024b 40       		.byte	64
 617 024c 94       		.byte	-108
 618 024d 80       		.byte	-128
 619 024e 97       		.byte	-105
 620 024f 08       		.byte	8
 621 0250 9D       		.byte	-99
 622 0251 20       		.byte	32
 623 0252 9E       		.byte	-98
 624 0253 80       		.byte	-128
 625 0254 9F       		.byte	-97
 626 0255 51       		.byte	81
 627 0256 A0       		.byte	-96
ARM GAS  C:\Users\lucac\AppData\Local\Temp\ccxBOxel.s 			page 12


 628 0257 20       		.byte	32
 629 0258 A2       		.byte	-94
 630 0259 22       		.byte	34
 631 025a A3       		.byte	-93
 632 025b 08       		.byte	8
 633 025c A5       		.byte	-91
 634 025d 20       		.byte	32
 635 025e A6       		.byte	-90
 636 025f 10       		.byte	16
 637 0260 C0       		.byte	-64
 638 0261 FF       		.byte	-1
 639 0262 C2       		.byte	-62
 640 0263 F5       		.byte	-11
 641 0264 C4       		.byte	-60
 642 0265 76       		.byte	118
 643 0266 CA       		.byte	-54
 644 0267 73       		.byte	115
 645 0268 CC       		.byte	-52
 646 0269 EB       		.byte	-21
 647 026a CE       		.byte	-50
 648 026b F4       		.byte	-12
 649 026c D0       		.byte	-48
 650 026d 74       		.byte	116
 651 026e D6       		.byte	-42
 652 026f F0       		.byte	-16
 653 0270 E0       		.byte	-32
 654 0271 08       		.byte	8
 655 0272 E4       		.byte	-28
 656 0273 01       		.byte	1
 657 0274 EA       		.byte	-22
 658 0275 01       		.byte	1
 659 0276 3E       		.byte	62
 660 0277 10       		.byte	16
 661 0278 CE       		.byte	-50
 662 0279 20       		.byte	32
 663 027a 96       		.byte	-106
 664 027b 10       		.byte	16
 665 027c 82       		.byte	-126
 666 027d 20       		.byte	32
 667 027e 85       		.byte	-123
 668 027f 08       		.byte	8
 669 0280 96       		.byte	-106
 670 0281 10       		.byte	16
 671 0282 E2       		.byte	-30
 672 0283 20       		.byte	32
 673 0284 E6       		.byte	-26
 674 0285 10       		.byte	16
 675 0286 12       		.byte	18
 676 0287 20       		.byte	32
 677 0288 16       		.byte	22
 678 0289 40       		.byte	64
 679 028a 72       		.byte	114
 680 028b 20       		.byte	32
 681 028c 75       		.byte	117
 682 028d 08       		.byte	8
 683 028e 82       		.byte	-126
 684 028f 20       		.byte	32
ARM GAS  C:\Users\lucac\AppData\Local\Temp\ccxBOxel.s 			page 13


 685 0290 86       		.byte	-122
 686 0291 40       		.byte	64
 687 0292 99       		.byte	-103
 688 0293 08       		.byte	8
 689 0294 9A       		.byte	-102
 690 0295 20       		.byte	32
 691 0296 AA       		.byte	-86
 692 0297 10       		.byte	16
 693 0298 C4       		.byte	-60
 694 0299 30       		.byte	48
 695 029a DC       		.byte	-36
 696 029b 80       		.byte	-128
 697 029c DE       		.byte	-34
 698 029d 20       		.byte	32
 699 029e E0       		.byte	-32
 700 029f 10       		.byte	16
 701 02a0 E4       		.byte	-28
 702 02a1 80       		.byte	-128
 703 02a2 EA       		.byte	-22
 704 02a3 80       		.byte	-128
 705 02a4 10       		.byte	16
 706 02a5 80       		.byte	-128
 707 02a6 13       		.byte	19
 708 02a7 20       		.byte	32
 709 02a8 14       		.byte	20
 710 02a9 40       		.byte	64
 711 02aa 7B       		.byte	123
 712 02ab 10       		.byte	16
 713 02ac 7F       		.byte	127
 714 02ad 40       		.byte	64
 715 02ae 80       		.byte	-128
 716 02af 80       		.byte	-128
 717 02b0 81       		.byte	-127
 718 02b1 02       		.byte	2
 719 02b2 84       		.byte	-124
 720 02b3 40       		.byte	64
 721 02b4 C4       		.byte	-60
 722 02b5 0E       		.byte	14
 723 02b6 DE       		.byte	-34
 724 02b7 03       		.byte	3
 725 02b8 10       		.byte	16
 726 02b9 40       		.byte	64
 727 02ba 75       		.byte	117
 728 02bb 02       		.byte	2
 729 02bc 83       		.byte	-125
 730 02bd 10       		.byte	16
 731 02be 87       		.byte	-121
 732 02bf 40       		.byte	64
 733 02c0 88       		.byte	-120
 734 02c1 40       		.byte	64
 735 02c2 97       		.byte	-105
 736 02c3 80       		.byte	-128
 737 02c4 99       		.byte	-103
 738 02c5 02       		.byte	2
 739 02c6 A7       		.byte	-89
 740 02c7 10       		.byte	16
 741 02c8 AB       		.byte	-85
ARM GAS  C:\Users\lucac\AppData\Local\Temp\ccxBOxel.s 			page 14


 742 02c9 20       		.byte	32
 743 02ca C4       		.byte	-60
 744 02cb 08       		.byte	8
 745 02cc DE       		.byte	-34
 746 02cd 04       		.byte	4
 747 02ce E2       		.byte	-30
 748 02cf 01       		.byte	1
 749 02d0 10       		.byte	16
 750 02d1 01       		.byte	1
 751 02d2 1C       		.byte	28
 752 02d3 01       		.byte	1
 753 02d4 03       		.byte	3
 754 02d5 C0       		.byte	-64
 755 02d6 00       		.byte	0
 756 02d7 00       		.byte	0
 757 02d8 82       		.byte	-126
 758 02d9 80       		.byte	-128
 759 02da 00       		.byte	0
 760 02db 00       		.byte	0
 761 02dc 40       		.byte	64
 762 02dd 00       		.byte	0
 763 02de 00       		.byte	0
 764 02df 00       		.byte	0
 765 02e0 40       		.byte	64
 766 02e1 00       		.byte	0
 767 02e2 00       		.byte	0
 768 02e3 00       		.byte	0
 769 02e4 33       		.byte	51
 770 02e5 08       		.byte	8
 771 02e6 0C       		.byte	12
 772 02e7 00       		.byte	0
 773 02e8 1C       		.byte	28
 774 02e9 18       		.byte	24
 775 02ea 23       		.byte	35
 776 02eb 00       		.byte	0
 777 02ec 03       		.byte	3
 778 02ed 7F       		.byte	127
 779 02ee 00       		.byte	0
 780 02ef 00       		.byte	0
 781 02f0 1F       		.byte	31
 782 02f1 1C       		.byte	28
 783 02f2 20       		.byte	32
 784 02f3 61       		.byte	97
 785 02f4 01       		.byte	1
 786 02f5 3C       		.byte	60
 787 02f6 00       		.byte	0
 788 02f7 42       		.byte	66
 789 02f8 02       		.byte	2
 790 02f9 00       		.byte	0
 791 02fa 00       		.byte	0
 792 02fb 04       		.byte	4
 793 02fc 00       		.byte	0
 794 02fd 00       		.byte	0
 795 02fe 23       		.byte	35
 796 02ff 00       		.byte	0
 797 0300 3F       		.byte	63
 798 0301 00       		.byte	0
ARM GAS  C:\Users\lucac\AppData\Local\Temp\ccxBOxel.s 			page 15


 799 0302 00       		.byte	0
 800 0303 23       		.byte	35
 801 0304 04       		.byte	4
 802 0305 67       		.byte	103
 803 0306 00       		.byte	0
 804 0307 18       		.byte	24
 805 0308 0C       		.byte	12
 806 0309 04       		.byte	4
 807 030a 00       		.byte	0
 808 030b 00       		.byte	0
 809 030c 08       		.byte	8
 810 030d 10       		.byte	16
 811 030e 00       		.byte	0
 812 030f 00       		.byte	0
 813 0310 2C       		.byte	44
 814 0311 40       		.byte	64
 815 0312 0F       		.byte	15
 816 0313 38       		.byte	56
 817 0314 40       		.byte	64
 818 0315 1F       		.byte	31
 819 0316 10       		.byte	16
 820 0317 00       		.byte	0
 821 0318 00       		.byte	0
 822 0319 02       		.byte	2
 823 031a 0A       		.byte	10
 824 031b 20       		.byte	32
 825 031c 00       		.byte	0
 826 031d 00       		.byte	0
 827 031e 50       		.byte	80
 828 031f 00       		.byte	0
 829 0320 35       		.byte	53
 830 0321 04       		.byte	4
 831 0322 06       		.byte	6
 832 0323 00       		.byte	0
 833 0324 01       		.byte	1
 834 0325 0C       		.byte	12
 835 0326 E0       		.byte	-32
 836 0327 00       		.byte	0
 837 0328 09       		.byte	9
 838 0329 FF       		.byte	-1
 839 032a FF       		.byte	-1
 840 032b FF       		.byte	-1
 841 032c 62       		.byte	98
 842 032d A0       		.byte	-96
 843 032e F0       		.byte	-16
 844 032f 41       		.byte	65
 845 0330 0C       		.byte	12
 846 0331 00       		.byte	0
 847 0332 00       		.byte	0
 848 0333 00       		.byte	0
 849 0334 00       		.byte	0
 850 0335 00       		.byte	0
 851 0336 02       		.byte	2
 852 0337 13       		.byte	19
 853 0338 04       		.byte	4
 854 0339 04       		.byte	4
 855 033a 04       		.byte	4
ARM GAS  C:\Users\lucac\AppData\Local\Temp\ccxBOxel.s 			page 16


 856 033b 04       		.byte	4
 857 033c 00       		.byte	0
 858 033d 00       		.byte	0
 859 033e 00       		.byte	0
 860 033f 01       		.byte	1
 861 0340 00       		.byte	0
 862 0341 00       		.byte	0
 863 0342 00       		.byte	0
 864 0343 00       		.byte	0
 865 0344 00       		.byte	0
 866 0345 00       		.byte	0
 867 0346 40       		.byte	64
 868 0347 02       		.byte	2
 869 0348 00       		.byte	0
 870 0349 10       		.byte	16
 871 034a 30       		.byte	48
 872 034b 10       		.byte	16
 873 034c 00       		.byte	0
 874 034d 10       		.byte	16
 875 034e 10       		.byte	16
 876 034f 12       		.byte	18
 877 0350 00       		.byte	0
 878 0351 00       		.byte	0
 879 0352 00       		.byte	0
 880 0353 00       		.byte	0
 881 0354 00       		.byte	0
 882 0355 00       		.byte	0
 883 0356 00       		.byte	0
 884 0357 00       		.byte	0
 885 0358 00       		.byte	0
 886 0359 00       		.byte	0
 887 035a 00       		.byte	0
 888 035b 00       		.byte	0
 889 035c 00       		.byte	0
 890 035d 00       		.byte	0
 891 035e 00       		.byte	0
 892 035f 00       		.byte	0
 893 0360 80       		.byte	-128
 894 0361 00       		.byte	0
 895 0362 40       		.byte	64
 896 0363 80       		.byte	-128
 897 0364 83       		.byte	-125
 898 0365 00       		.byte	0
 899 0366 83       		.byte	-125
 900 0367 00       		.byte	0
 901 0368 00       		.byte	0
 902 0369 00       		.byte	0
 903 036a 00       		.byte	0
 904 036b 00       		.byte	0
 905 036c 00       		.byte	0
 906 036d 0B       		.byte	11
 907 036e 0B       		.byte	11
 908 036f 00       		.byte	0
 909 0370 00       		.byte	0
 910 0371 00       		.byte	0
 911 0372 00       		.byte	0
 912 0373 00       		.byte	0
ARM GAS  C:\Users\lucac\AppData\Local\Temp\ccxBOxel.s 			page 17


 913 0374 80       		.byte	-128
 914 0375 00       		.byte	0
 915 0376 00       		.byte	0
 916 0377 80       		.byte	-128
 917 0378 00       		.byte	0
 918 0379 00       		.byte	0
 919 037a 00       		.byte	0
 920 037b 00       		.byte	0
 921 037c 00       		.byte	0
 922 037d 00       		.byte	0
 923 037e 00       		.byte	0
 924 037f 00       		.byte	0
 925              		.section	.cywolatch,"a",%progbits
 926              		.align	2
 927              		.type	cy_meta_wonvl, %object
 928              		.size	cy_meta_wonvl, 4
 929              	cy_meta_wonvl:
 930 0000 BC       		.byte	-68
 931 0001 90       		.byte	-112
 932 0002 AC       		.byte	-84
 933 0003 AF       		.byte	-81
 934              		.section	.cycustnvl,"a",%progbits
 935              		.align	2
 936              		.type	cy_meta_custnvl, %object
 937              		.size	cy_meta_custnvl, 4
 938              	cy_meta_custnvl:
 939 0000 00       		.byte	0
 940 0001 00       		.byte	0
 941 0002 40       		.byte	64
 942 0003 05       		.byte	5
 943              		.section	.cymeta,"a",%progbits
 944              		.align	2
 945              		.type	cy_metadata, %object
 946              		.size	cy_metadata, 12
 947              	cy_metadata:
 948 0000 00       		.byte	0
 949 0001 01       		.byte	1
 950 0002 2E       		.byte	46
 951 0003 16       		.byte	22
 952 0004 10       		.byte	16
 953 0005 69       		.byte	105
 954 0006 00       		.byte	0
 955 0007 01       		.byte	1
 956 0008 00       		.byte	0
 957 0009 00       		.byte	0
 958 000a 00       		.byte	0
 959 000b 00       		.byte	0
 960              		.section	.cyflashprotect,"a",%progbits
 961              		.align	2
 962              		.type	cy_meta_flashprotect, %object
 963              		.size	cy_meta_flashprotect, 256
 964              	cy_meta_flashprotect:
 965 0000 00000000 		.space	256
 965      00000000 
 965      00000000 
 965      00000000 
 965      00000000 
ARM GAS  C:\Users\lucac\AppData\Local\Temp\ccxBOxel.s 			page 18


 966              		.text
 967              	.Letext0:
 968              		.file 1 "c:\\program files (x86)\\cypress\\psoc creator\\4.4\\psoc creator\\import\\gnu\\arm\\5.4.
 969              		.file 2 "c:\\program files (x86)\\cypress\\psoc creator\\4.4\\psoc creator\\import\\gnu\\arm\\5.4.
 970              		.file 3 "Generated_Source\\PSoC5\\cymetadata.c"
 971              		.section	.debug_info,"",%progbits
 972              	.Ldebug_info0:
 973 0000 31010000 		.4byte	0x131
 974 0004 0400     		.2byte	0x4
 975 0006 00000000 		.4byte	.Ldebug_abbrev0
 976 000a 04       		.byte	0x4
 977 000b 01       		.uleb128 0x1
 978 000c 24000000 		.4byte	.LASF17
 979 0010 0C       		.byte	0xc
 980 0011 11020000 		.4byte	.LASF18
 981 0015 C4000000 		.4byte	.LASF19
 982 0019 00000000 		.4byte	.Ldebug_line0
 983 001d 02       		.uleb128 0x2
 984 001e 01       		.byte	0x1
 985 001f 06       		.byte	0x6
 986 0020 05020000 		.4byte	.LASF0
 987 0024 03       		.uleb128 0x3
 988 0025 00000000 		.4byte	.LASF9
 989 0029 01       		.byte	0x1
 990 002a 1D       		.byte	0x1d
 991 002b 2F000000 		.4byte	0x2f
 992 002f 02       		.uleb128 0x2
 993 0030 01       		.byte	0x1
 994 0031 08       		.byte	0x8
 995 0032 16000000 		.4byte	.LASF1
 996 0036 02       		.uleb128 0x2
 997 0037 02       		.byte	0x2
 998 0038 05       		.byte	0x5
 999 0039 F2010000 		.4byte	.LASF2
 1000 003d 02       		.uleb128 0x2
 1001 003e 02       		.byte	0x2
 1002 003f 07       		.byte	0x7
 1003 0040 57010000 		.4byte	.LASF3
 1004 0044 02       		.uleb128 0x2
 1005 0045 04       		.byte	0x4
 1006 0046 05       		.byte	0x5
 1007 0047 FC010000 		.4byte	.LASF4
 1008 004b 02       		.uleb128 0x2
 1009 004c 04       		.byte	0x4
 1010 004d 07       		.byte	0x7
 1011 004e B2000000 		.4byte	.LASF5
 1012 0052 02       		.uleb128 0x2
 1013 0053 08       		.byte	0x8
 1014 0054 05       		.byte	0x5
 1015 0055 E4010000 		.4byte	.LASF6
 1016 0059 02       		.uleb128 0x2
 1017 005a 08       		.byte	0x8
 1018 005b 07       		.byte	0x7
 1019 005c 99010000 		.4byte	.LASF7
 1020 0060 04       		.uleb128 0x4
 1021 0061 04       		.byte	0x4
 1022 0062 05       		.byte	0x5
ARM GAS  C:\Users\lucac\AppData\Local\Temp\ccxBOxel.s 			page 19


 1023 0063 696E7400 		.ascii	"int\000"
 1024 0067 02       		.uleb128 0x2
 1025 0068 04       		.byte	0x4
 1026 0069 07       		.byte	0x7
 1027 006a 8C010000 		.4byte	.LASF8
 1028 006e 03       		.uleb128 0x3
 1029 006f B0010000 		.4byte	.LASF10
 1030 0073 02       		.byte	0x2
 1031 0074 18       		.byte	0x18
 1032 0075 24000000 		.4byte	0x24
 1033 0079 05       		.uleb128 0x5
 1034 007a 91000000 		.4byte	0x91
 1035 007e 8A000000 		.4byte	0x8a
 1036 0082 06       		.uleb128 0x6
 1037 0083 8A000000 		.4byte	0x8a
 1038 0087 7F03     		.2byte	0x37f
 1039 0089 00       		.byte	0
 1040 008a 02       		.uleb128 0x2
 1041 008b 04       		.byte	0x4
 1042 008c 07       		.byte	0x7
 1043 008d DB010000 		.4byte	.LASF11
 1044 0091 07       		.uleb128 0x7
 1045 0092 6E000000 		.4byte	0x6e
 1046 0096 08       		.uleb128 0x8
 1047 0097 7A010000 		.4byte	.LASF12
 1048 009b 03       		.byte	0x3
 1049 009c 1F       		.byte	0x1f
 1050 009d A7000000 		.4byte	0xa7
 1051 00a1 05       		.uleb128 0x5
 1052 00a2 03       		.byte	0x3
 1053 00a3 00000000 		.4byte	cy_meta_configecc
 1054 00a7 07       		.uleb128 0x7
 1055 00a8 79000000 		.4byte	0x79
 1056 00ac 05       		.uleb128 0x5
 1057 00ad 91000000 		.4byte	0x91
 1058 00b1 BC000000 		.4byte	0xbc
 1059 00b5 09       		.uleb128 0x9
 1060 00b6 8A000000 		.4byte	0x8a
 1061 00ba 03       		.byte	0x3
 1062 00bb 00       		.byte	0
 1063 00bc 08       		.uleb128 0x8
 1064 00bd 6A010000 		.4byte	.LASF13
 1065 00c1 03       		.byte	0x3
 1066 00c2 9C       		.byte	0x9c
 1067 00c3 CD000000 		.4byte	0xcd
 1068 00c7 05       		.uleb128 0x5
 1069 00c8 03       		.byte	0x3
 1070 00c9 00000000 		.4byte	cy_meta_custnvl
 1071 00cd 07       		.uleb128 0x7
 1072 00ce AC000000 		.4byte	0xac
 1073 00d2 08       		.uleb128 0x8
 1074 00d3 CD010000 		.4byte	.LASF14
 1075 00d7 03       		.byte	0x3
 1076 00d8 AA       		.byte	0xaa
 1077 00d9 E3000000 		.4byte	0xe3
 1078 00dd 05       		.uleb128 0x5
 1079 00de 03       		.byte	0x3
ARM GAS  C:\Users\lucac\AppData\Local\Temp\ccxBOxel.s 			page 20


 1080 00df 00000000 		.4byte	cy_meta_wonvl
 1081 00e3 07       		.uleb128 0x7
 1082 00e4 AC000000 		.4byte	0xac
 1083 00e8 05       		.uleb128 0x5
 1084 00e9 91000000 		.4byte	0x91
 1085 00ed F8000000 		.4byte	0xf8
 1086 00f1 09       		.uleb128 0x9
 1087 00f2 8A000000 		.4byte	0x8a
 1088 00f6 FF       		.byte	0xff
 1089 00f7 00       		.byte	0
 1090 00f8 08       		.uleb128 0x8
 1091 00f9 B8010000 		.4byte	.LASF15
 1092 00fd 03       		.byte	0x3
 1093 00fe B8       		.byte	0xb8
 1094 00ff 09010000 		.4byte	0x109
 1095 0103 05       		.uleb128 0x5
 1096 0104 03       		.byte	0x3
 1097 0105 00000000 		.4byte	cy_meta_flashprotect
 1098 0109 07       		.uleb128 0x7
 1099 010a E8000000 		.4byte	0xe8
 1100 010e 05       		.uleb128 0x5
 1101 010f 91000000 		.4byte	0x91
 1102 0113 1E010000 		.4byte	0x11e
 1103 0117 09       		.uleb128 0x9
 1104 0118 8A000000 		.4byte	0x8a
 1105 011c 0B       		.byte	0xb
 1106 011d 00       		.byte	0
 1107 011e 08       		.uleb128 0x8
 1108 011f 0A000000 		.4byte	.LASF16
 1109 0123 03       		.byte	0x3
 1110 0124 E5       		.byte	0xe5
 1111 0125 2F010000 		.4byte	0x12f
 1112 0129 05       		.uleb128 0x5
 1113 012a 03       		.byte	0x3
 1114 012b 00000000 		.4byte	cy_metadata
 1115 012f 07       		.uleb128 0x7
 1116 0130 0E010000 		.4byte	0x10e
 1117 0134 00       		.byte	0
 1118              		.section	.debug_abbrev,"",%progbits
 1119              	.Ldebug_abbrev0:
 1120 0000 01       		.uleb128 0x1
 1121 0001 11       		.uleb128 0x11
 1122 0002 01       		.byte	0x1
 1123 0003 25       		.uleb128 0x25
 1124 0004 0E       		.uleb128 0xe
 1125 0005 13       		.uleb128 0x13
 1126 0006 0B       		.uleb128 0xb
 1127 0007 03       		.uleb128 0x3
 1128 0008 0E       		.uleb128 0xe
 1129 0009 1B       		.uleb128 0x1b
 1130 000a 0E       		.uleb128 0xe
 1131 000b 10       		.uleb128 0x10
 1132 000c 17       		.uleb128 0x17
 1133 000d 00       		.byte	0
 1134 000e 00       		.byte	0
 1135 000f 02       		.uleb128 0x2
 1136 0010 24       		.uleb128 0x24
ARM GAS  C:\Users\lucac\AppData\Local\Temp\ccxBOxel.s 			page 21


 1137 0011 00       		.byte	0
 1138 0012 0B       		.uleb128 0xb
 1139 0013 0B       		.uleb128 0xb
 1140 0014 3E       		.uleb128 0x3e
 1141 0015 0B       		.uleb128 0xb
 1142 0016 03       		.uleb128 0x3
 1143 0017 0E       		.uleb128 0xe
 1144 0018 00       		.byte	0
 1145 0019 00       		.byte	0
 1146 001a 03       		.uleb128 0x3
 1147 001b 16       		.uleb128 0x16
 1148 001c 00       		.byte	0
 1149 001d 03       		.uleb128 0x3
 1150 001e 0E       		.uleb128 0xe
 1151 001f 3A       		.uleb128 0x3a
 1152 0020 0B       		.uleb128 0xb
 1153 0021 3B       		.uleb128 0x3b
 1154 0022 0B       		.uleb128 0xb
 1155 0023 49       		.uleb128 0x49
 1156 0024 13       		.uleb128 0x13
 1157 0025 00       		.byte	0
 1158 0026 00       		.byte	0
 1159 0027 04       		.uleb128 0x4
 1160 0028 24       		.uleb128 0x24
 1161 0029 00       		.byte	0
 1162 002a 0B       		.uleb128 0xb
 1163 002b 0B       		.uleb128 0xb
 1164 002c 3E       		.uleb128 0x3e
 1165 002d 0B       		.uleb128 0xb
 1166 002e 03       		.uleb128 0x3
 1167 002f 08       		.uleb128 0x8
 1168 0030 00       		.byte	0
 1169 0031 00       		.byte	0
 1170 0032 05       		.uleb128 0x5
 1171 0033 01       		.uleb128 0x1
 1172 0034 01       		.byte	0x1
 1173 0035 49       		.uleb128 0x49
 1174 0036 13       		.uleb128 0x13
 1175 0037 01       		.uleb128 0x1
 1176 0038 13       		.uleb128 0x13
 1177 0039 00       		.byte	0
 1178 003a 00       		.byte	0
 1179 003b 06       		.uleb128 0x6
 1180 003c 21       		.uleb128 0x21
 1181 003d 00       		.byte	0
 1182 003e 49       		.uleb128 0x49
 1183 003f 13       		.uleb128 0x13
 1184 0040 2F       		.uleb128 0x2f
 1185 0041 05       		.uleb128 0x5
 1186 0042 00       		.byte	0
 1187 0043 00       		.byte	0
 1188 0044 07       		.uleb128 0x7
 1189 0045 26       		.uleb128 0x26
 1190 0046 00       		.byte	0
 1191 0047 49       		.uleb128 0x49
 1192 0048 13       		.uleb128 0x13
 1193 0049 00       		.byte	0
ARM GAS  C:\Users\lucac\AppData\Local\Temp\ccxBOxel.s 			page 22


 1194 004a 00       		.byte	0
 1195 004b 08       		.uleb128 0x8
 1196 004c 34       		.uleb128 0x34
 1197 004d 00       		.byte	0
 1198 004e 03       		.uleb128 0x3
 1199 004f 0E       		.uleb128 0xe
 1200 0050 3A       		.uleb128 0x3a
 1201 0051 0B       		.uleb128 0xb
 1202 0052 3B       		.uleb128 0x3b
 1203 0053 0B       		.uleb128 0xb
 1204 0054 49       		.uleb128 0x49
 1205 0055 13       		.uleb128 0x13
 1206 0056 3F       		.uleb128 0x3f
 1207 0057 19       		.uleb128 0x19
 1208 0058 02       		.uleb128 0x2
 1209 0059 18       		.uleb128 0x18
 1210 005a 00       		.byte	0
 1211 005b 00       		.byte	0
 1212 005c 09       		.uleb128 0x9
 1213 005d 21       		.uleb128 0x21
 1214 005e 00       		.byte	0
 1215 005f 49       		.uleb128 0x49
 1216 0060 13       		.uleb128 0x13
 1217 0061 2F       		.uleb128 0x2f
 1218 0062 0B       		.uleb128 0xb
 1219 0063 00       		.byte	0
 1220 0064 00       		.byte	0
 1221 0065 00       		.byte	0
 1222              		.section	.debug_aranges,"",%progbits
 1223 0000 14000000 		.4byte	0x14
 1224 0004 0200     		.2byte	0x2
 1225 0006 00000000 		.4byte	.Ldebug_info0
 1226 000a 04       		.byte	0x4
 1227 000b 00       		.byte	0
 1228 000c 0000     		.2byte	0
 1229 000e 0000     		.2byte	0
 1230 0010 00000000 		.4byte	0
 1231 0014 00000000 		.4byte	0
 1232              		.section	.debug_line,"",%progbits
 1233              	.Ldebug_line0:
 1234 0000 3D010000 		.section	.debug_str,"MS",%progbits,1
 1234      02003701 
 1234      00000201 
 1234      FB0E0D00 
 1234      01010101 
 1235              	.LASF9:
 1236 0000 5F5F7569 		.ascii	"__uint8_t\000"
 1236      6E74385F 
 1236      7400
 1237              	.LASF16:
 1238 000a 63795F6D 		.ascii	"cy_metadata\000"
 1238      65746164 
 1238      61746100 
 1239              	.LASF1:
 1240 0016 756E7369 		.ascii	"unsigned char\000"
 1240      676E6564 
 1240      20636861 
ARM GAS  C:\Users\lucac\AppData\Local\Temp\ccxBOxel.s 			page 23


 1240      7200
 1241              	.LASF17:
 1242 0024 474E5520 		.ascii	"GNU C11 5.4.1 20160609 (release) [ARM/embedded-5-br"
 1242      43313120 
 1242      352E342E 
 1242      31203230 
 1242      31363036 
 1243 0057 616E6368 		.ascii	"anch revision 237715] -mcpu=cortex-m3 -mthumb -g -O"
 1243      20726576 
 1243      6973696F 
 1243      6E203233 
 1243      37373135 
 1244 008a 67202D66 		.ascii	"g -ffunction-sections -ffat-lto-objects\000"
 1244      66756E63 
 1244      74696F6E 
 1244      2D736563 
 1244      74696F6E 
 1245              	.LASF5:
 1246 00b2 6C6F6E67 		.ascii	"long unsigned int\000"
 1246      20756E73 
 1246      69676E65 
 1246      6420696E 
 1246      7400
 1247              	.LASF19:
 1248 00c4 433A5C55 		.ascii	"C:\\Users\\lucac\\Desktop\\Luca\\PoliMi\\Magistrale"
 1248      73657273 
 1248      5C6C7563 
 1248      61635C44 
 1248      65736B74 
 1249 00f1 5C494920 		.ascii	"\\II anno\\Electronic technologies and biosensors l"
 1249      616E6E6F 
 1249      5C456C65 
 1249      6374726F 
 1249      6E696320 
 1250 0122 61626F72 		.ascii	"aboratory\\Projects\\Project_ETBL\\Project_design.c"
 1250      61746F72 
 1250      795C5072 
 1250      6F6A6563 
 1250      74735C50 
 1251 0152 7964736E 		.ascii	"ydsn\000"
 1251      00
 1252              	.LASF3:
 1253 0157 73686F72 		.ascii	"short unsigned int\000"
 1253      7420756E 
 1253      7369676E 
 1253      65642069 
 1253      6E7400
 1254              	.LASF13:
 1255 016a 63795F6D 		.ascii	"cy_meta_custnvl\000"
 1255      6574615F 
 1255      63757374 
 1255      6E766C00 
 1256              	.LASF12:
 1257 017a 63795F6D 		.ascii	"cy_meta_configecc\000"
 1257      6574615F 
 1257      636F6E66 
 1257      69676563 
ARM GAS  C:\Users\lucac\AppData\Local\Temp\ccxBOxel.s 			page 24


 1257      6300
 1258              	.LASF8:
 1259 018c 756E7369 		.ascii	"unsigned int\000"
 1259      676E6564 
 1259      20696E74 
 1259      00
 1260              	.LASF7:
 1261 0199 6C6F6E67 		.ascii	"long long unsigned int\000"
 1261      206C6F6E 
 1261      6720756E 
 1261      7369676E 
 1261      65642069 
 1262              	.LASF10:
 1263 01b0 75696E74 		.ascii	"uint8_t\000"
 1263      385F7400 
 1264              	.LASF15:
 1265 01b8 63795F6D 		.ascii	"cy_meta_flashprotect\000"
 1265      6574615F 
 1265      666C6173 
 1265      6870726F 
 1265      74656374 
 1266              	.LASF14:
 1267 01cd 63795F6D 		.ascii	"cy_meta_wonvl\000"
 1267      6574615F 
 1267      776F6E76 
 1267      6C00
 1268              	.LASF11:
 1269 01db 73697A65 		.ascii	"sizetype\000"
 1269      74797065 
 1269      00
 1270              	.LASF6:
 1271 01e4 6C6F6E67 		.ascii	"long long int\000"
 1271      206C6F6E 
 1271      6720696E 
 1271      7400
 1272              	.LASF2:
 1273 01f2 73686F72 		.ascii	"short int\000"
 1273      7420696E 
 1273      7400
 1274              	.LASF4:
 1275 01fc 6C6F6E67 		.ascii	"long int\000"
 1275      20696E74 
 1275      00
 1276              	.LASF0:
 1277 0205 7369676E 		.ascii	"signed char\000"
 1277      65642063 
 1277      68617200 
 1278              	.LASF18:
 1279 0211 47656E65 		.ascii	"Generated_Source\\PSoC5\\cymetadata.c\000"
 1279      72617465 
 1279      645F536F 
 1279      75726365 
 1279      5C50536F 
 1280              		.ident	"GCC: (GNU Tools for ARM Embedded Processors) 5.4.1 20160609 (release) [ARM/embedded-5-bran
