ARM GAS  C:\Users\lucac\AppData\Local\Temp\ccjf6WYp.s 			page 1


   1              		.syntax unified
   2              		.cpu cortex-m3
   3              		.fpu softvfp
   4              		.eabi_attribute 20, 1
   5              		.eabi_attribute 21, 1
   6              		.eabi_attribute 23, 3
   7              		.eabi_attribute 24, 1
   8              		.eabi_attribute 25, 1
   9              		.eabi_attribute 26, 1
  10              		.eabi_attribute 30, 1
  11              		.eabi_attribute 34, 1
  12              		.eabi_attribute 18, 4
  13              		.thumb
  14              		.syntax unified
  15              		.file	"EEPROM_Driver.c"
  16              		.text
  17              	.Ltext0:
  18              		.cfi_sections	.debug_frame
  19              		.section	.text.EEPROM_ReadRegister,"ax",%progbits
  20              		.align	2
  21              		.global	EEPROM_ReadRegister
  22              		.thumb
  23              		.thumb_func
  24              		.type	EEPROM_ReadRegister, %function
  25              	EEPROM_ReadRegister:
  26              	.LFB64:
  27              		.file 1 "EEPROM_Driver.c"
   1:EEPROM_Driver.c **** /* ========================================================================
   2:EEPROM_Driver.c ****  *
   3:EEPROM_Driver.c ****  * ELECTRONIC TECHNOLOGIES AND BIOSENSORS LABORATORY
   4:EEPROM_Driver.c ****  * Academic year 2021/22, II Semester
   5:EEPROM_Driver.c ****  * Final Project
   6:EEPROM_Driver.c ****  *
   7:EEPROM_Driver.c ****  * Authors: Group 2
   8:EEPROM_Driver.c ****  *
   9:EEPROM_Driver.c ****  * ----------------------- EEPROM Driver (source) -------------------------
  10:EEPROM_Driver.c ****  * 
  11:EEPROM_Driver.c ****  * ------------------------------------------------------------------------
  12:EEPROM_Driver.c ****  * 
  13:EEPROM_Driver.c ****  * ========================================================================
  14:EEPROM_Driver.c **** */
  15:EEPROM_Driver.c **** 
  16:EEPROM_Driver.c **** #include <project.h>
  17:EEPROM_Driver.c **** #include <stdlib.h>
  18:EEPROM_Driver.c **** #include <math.h>
  19:EEPROM_Driver.c **** #include <stdio.h>
  20:EEPROM_Driver.c **** 
  21:EEPROM_Driver.c **** #include "EEPROM_Driver.h"
  22:EEPROM_Driver.c **** 
  23:EEPROM_Driver.c **** /*------------------------------------------------------------------------
  24:EEPROM_Driver.c **** *                       FUNCTIONS IMPLEMENTATION
  25:EEPROM_Driver.c **** -------------------------------------------------------------------------*/
  26:EEPROM_Driver.c **** /*  EEPROM READ REGISTER
  27:EEPROM_Driver.c **** *   \brief: Function that reads slave register content
  28:EEPROM_Driver.c **** *   \Parameters:
  29:EEPROM_Driver.c **** *       @param device_address: 8-bit slave device address
  30:EEPROM_Driver.c **** *       @param register_address: 16-bit address of the register where content is stored
ARM GAS  C:\Users\lucac\AppData\Local\Temp\ccjf6WYp.s 			page 2


  31:EEPROM_Driver.c **** *       @param data: pointer to array where to store read value
  32:EEPROM_Driver.c **** *   \Return: error (if reading is successfull or not)
  33:EEPROM_Driver.c **** */
  34:EEPROM_Driver.c **** ErrorCode EEPROM_ReadRegister(uint8_t device_address, uint16_t register_address, uint8_t* data){
  28              		.loc 1 34 0
  29              		.cfi_startproc
  30              		@ args = 0, pretend = 0, frame = 0
  31              		@ frame_needed = 0, uses_anonymous_args = 0
  32              	.LVL0:
  33 0000 F8B5     		push	{r3, r4, r5, r6, r7, lr}
  34              		.cfi_def_cfa_offset 24
  35              		.cfi_offset 3, -24
  36              		.cfi_offset 4, -20
  37              		.cfi_offset 5, -16
  38              		.cfi_offset 6, -12
  39              		.cfi_offset 7, -8
  40              		.cfi_offset 14, -4
  41 0002 0646     		mov	r6, r0
  42 0004 0D46     		mov	r5, r1
  43 0006 1746     		mov	r7, r2
  35:EEPROM_Driver.c ****      
  36:EEPROM_Driver.c ****     //The function returns an ACK or NACK.
  37:EEPROM_Driver.c ****     uint8_t error = I2CMASTER_MasterSendStart(device_address, I2CMASTER_WRITE_XFER_MODE);          
  44              		.loc 1 37 0
  45 0008 0021     		movs	r1, #0
  46              	.LVL1:
  47 000a FFF7FEFF 		bl	I2CMASTER_MasterSendStart
  48              	.LVL2:
  38:EEPROM_Driver.c ****     if (error == I2CMASTER_MSTR_NO_ERROR)
  49              		.loc 1 38 0
  50 000e 0446     		mov	r4, r0
  51 0010 88B9     		cbnz	r0, .L2
  52              	.LVL3:
  53              	.LBB2:
  39:EEPROM_Driver.c ****     {
  40:EEPROM_Driver.c ****         //Write the register address to be read. HIGH byte first, LOW byte then
  41:EEPROM_Driver.c ****         uint8_t MSB = (register_address & 0xFF00)>>8;
  42:EEPROM_Driver.c ****         uint8_t LSB = register_address & 0x00FF;
  54              		.loc 1 42 0
  55 0012 ECB2     		uxtb	r4, r5
  56              	.LVL4:
  43:EEPROM_Driver.c ****         error = I2CMASTER_MasterWriteByte(MSB);
  57              		.loc 1 43 0
  58 0014 280A     		lsrs	r0, r5, #8
  59              	.LVL5:
  60 0016 FFF7FEFF 		bl	I2CMASTER_MasterWriteByte
  61              	.LVL6:
  44:EEPROM_Driver.c ****         error = I2CMASTER_MasterWriteByte(LSB);
  62              		.loc 1 44 0
  63 001a 2046     		mov	r0, r4
  64 001c FFF7FEFF 		bl	I2CMASTER_MasterWriteByte
  65              	.LVL7:
  45:EEPROM_Driver.c ****         if (error == I2CMASTER_MSTR_NO_ERROR)
  66              		.loc 1 45 0
  67 0020 0446     		mov	r4, r0
  68              	.LVL8:
  69 0022 40B9     		cbnz	r0, .L2
ARM GAS  C:\Users\lucac\AppData\Local\Temp\ccjf6WYp.s 			page 3


  46:EEPROM_Driver.c ****         {
  47:EEPROM_Driver.c ****             
  48:EEPROM_Driver.c ****             error = I2CMASTER_MasterSendRestart(device_address, I2CMASTER_READ_XFER_MODE);
  70              		.loc 1 48 0
  71 0024 0121     		movs	r1, #1
  72 0026 3046     		mov	r0, r6
  73              	.LVL9:
  74 0028 FFF7FEFF 		bl	I2CMASTER_MasterSendRestart
  75              	.LVL10:
  49:EEPROM_Driver.c ****             if (error == I2CMASTER_MSTR_NO_ERROR)
  76              		.loc 1 49 0
  77 002c 0446     		mov	r4, r0
  78 002e 10B9     		cbnz	r0, .L2
  50:EEPROM_Driver.c ****             {
  51:EEPROM_Driver.c ****                 *data = I2CMASTER_MasterReadByte(I2CMASTER_NAK_DATA); //The NACK is needed otherwis
  79              		.loc 1 51 0
  80 0030 FFF7FEFF 		bl	I2CMASTER_MasterReadByte
  81              	.LVL11:
  82 0034 3870     		strb	r0, [r7]
  83              	.LVL12:
  84              	.L2:
  85              	.LBE2:
  52:EEPROM_Driver.c ****             }
  53:EEPROM_Driver.c ****         }
  54:EEPROM_Driver.c ****     }
  55:EEPROM_Driver.c **** 
  56:EEPROM_Driver.c ****     I2CMASTER_MasterSendStop();
  86              		.loc 1 56 0
  87 0036 FFF7FEFF 		bl	I2CMASTER_MasterSendStop
  88              	.LVL13:
  57:EEPROM_Driver.c **** 
  58:EEPROM_Driver.c ****     return error ? ERROR : NO_ERROR;
  59:EEPROM_Driver.c **** }
  89              		.loc 1 59 0
  90 003a 201C     		adds	r0, r4, #0
  91 003c 18BF     		it	ne
  92 003e 0120     		movne	r0, #1
  93 0040 F8BD     		pop	{r3, r4, r5, r6, r7, pc}
  94              		.cfi_endproc
  95              	.LFE64:
  96              		.size	EEPROM_ReadRegister, .-EEPROM_ReadRegister
  97 0042 00BF     		.section	.text.EEPROM_WriteRegister,"ax",%progbits
  98              		.align	2
  99              		.global	EEPROM_WriteRegister
 100              		.thumb
 101              		.thumb_func
 102              		.type	EEPROM_WriteRegister, %function
 103              	EEPROM_WriteRegister:
 104              	.LFB65:
  60:EEPROM_Driver.c **** 
  61:EEPROM_Driver.c **** /*  EEPROM WRITE REGISTER
  62:EEPROM_Driver.c **** *   \brief: Function that sets slave register content
  63:EEPROM_Driver.c **** *   \Parameters:
  64:EEPROM_Driver.c **** *       @param device_address: 8-bit slave device address
  65:EEPROM_Driver.c **** *       @param register_address: 16-bit address of the register where content has to be written
  66:EEPROM_Driver.c **** *       @param data: pointer to array containing values to be written
  67:EEPROM_Driver.c **** *   \Return: error (if writing is successfull or not)
ARM GAS  C:\Users\lucac\AppData\Local\Temp\ccjf6WYp.s 			page 4


  68:EEPROM_Driver.c **** */
  69:EEPROM_Driver.c **** ErrorCode EEPROM_WriteRegister(uint8_t device_address, uint16_t register_address, uint8_t data){   
 105              		.loc 1 69 0
 106              		.cfi_startproc
 107              		@ args = 0, pretend = 0, frame = 0
 108              		@ frame_needed = 0, uses_anonymous_args = 0
 109              	.LVL14:
 110 0000 70B5     		push	{r4, r5, r6, lr}
 111              		.cfi_def_cfa_offset 16
 112              		.cfi_offset 4, -16
 113              		.cfi_offset 5, -12
 114              		.cfi_offset 6, -8
 115              		.cfi_offset 14, -4
 116 0002 0D46     		mov	r5, r1
 117 0004 1646     		mov	r6, r2
  70:EEPROM_Driver.c ****     
  71:EEPROM_Driver.c ****     uint8_t error = I2CMASTER_MasterSendStart(device_address, I2CMASTER_WRITE_XFER_MODE);
 118              		.loc 1 71 0
 119 0006 0021     		movs	r1, #0
 120              	.LVL15:
 121 0008 FFF7FEFF 		bl	I2CMASTER_MasterSendStart
 122              	.LVL16:
  72:EEPROM_Driver.c ****     
  73:EEPROM_Driver.c ****     if (error == I2CMASTER_MSTR_NO_ERROR)
 123              		.loc 1 73 0
 124 000c 0446     		mov	r4, r0
 125 000e 60B9     		cbnz	r0, .L5
 126              	.LVL17:
 127              	.LBB3:
  74:EEPROM_Driver.c ****     {
  75:EEPROM_Driver.c ****         // Write Register Address HIGH byte first, LOW byte then
  76:EEPROM_Driver.c ****         uint8_t MSB = (register_address & 0xFF00)>>8;
  77:EEPROM_Driver.c ****         uint8_t LSB = register_address & 0x00FF;
 128              		.loc 1 77 0
 129 0010 ECB2     		uxtb	r4, r5
 130              	.LVL18:
  78:EEPROM_Driver.c ****         error = I2CMASTER_MasterWriteByte(MSB);
 131              		.loc 1 78 0
 132 0012 280A     		lsrs	r0, r5, #8
 133              	.LVL19:
 134 0014 FFF7FEFF 		bl	I2CMASTER_MasterWriteByte
 135              	.LVL20:
  79:EEPROM_Driver.c ****         error = I2CMASTER_MasterWriteByte(LSB);
 136              		.loc 1 79 0
 137 0018 2046     		mov	r0, r4
 138 001a FFF7FEFF 		bl	I2CMASTER_MasterWriteByte
 139              	.LVL21:
  80:EEPROM_Driver.c ****         if (error == I2CMASTER_MSTR_NO_ERROR)
 140              		.loc 1 80 0
 141 001e 0446     		mov	r4, r0
 142              	.LVL22:
 143 0020 18B9     		cbnz	r0, .L5
  81:EEPROM_Driver.c ****         {
  82:EEPROM_Driver.c ****             // Write data byte content
  83:EEPROM_Driver.c ****             error = I2CMASTER_MasterWriteByte(data);
 144              		.loc 1 83 0
 145 0022 3046     		mov	r0, r6
ARM GAS  C:\Users\lucac\AppData\Local\Temp\ccjf6WYp.s 			page 5


 146              	.LVL23:
 147 0024 FFF7FEFF 		bl	I2CMASTER_MasterWriteByte
 148              	.LVL24:
 149 0028 0446     		mov	r4, r0
 150              	.LVL25:
 151              	.L5:
 152              	.LBE3:
  84:EEPROM_Driver.c ****         }
  85:EEPROM_Driver.c ****     }
  86:EEPROM_Driver.c **** 
  87:EEPROM_Driver.c ****     I2CMASTER_MasterSendStop();
 153              		.loc 1 87 0
 154 002a FFF7FEFF 		bl	I2CMASTER_MasterSendStop
 155              	.LVL26:
  88:EEPROM_Driver.c **** 
  89:EEPROM_Driver.c ****     return error ? ERROR : NO_ERROR;
  90:EEPROM_Driver.c **** }
 156              		.loc 1 90 0
 157 002e 201C     		adds	r0, r4, #0
 158 0030 18BF     		it	ne
 159 0032 0120     		movne	r0, #1
 160 0034 70BD     		pop	{r4, r5, r6, pc}
 161              		.cfi_endproc
 162              	.LFE65:
 163              		.size	EEPROM_WriteRegister, .-EEPROM_WriteRegister
 164 0036 00BF     		.section	.text.save_current_measurement,"ax",%progbits
 165              		.align	2
 166              		.global	save_current_measurement
 167              		.thumb
 168              		.thumb_func
 169              		.type	save_current_measurement, %function
 170              	save_current_measurement:
 171              	.LFB66:
  91:EEPROM_Driver.c **** 
  92:EEPROM_Driver.c **** /*  EEPROM SAVE CURRENT MEASUREMENT
  93:EEPROM_Driver.c **** *   \brief: Function that saves the timestamp of the measurement and 
  94:EEPROM_Driver.c **** *           the measurement itself
  95:EEPROM_Driver.c **** *   \Parameters:
  96:EEPROM_Driver.c **** *       @param glucose concentration: glucose concentration value
  97:EEPROM_Driver.c **** *   \Return: NONE
  98:EEPROM_Driver.c **** */
  99:EEPROM_Driver.c **** void save_current_measurement(uint8_t glucose_concentration) {
 172              		.loc 1 99 0
 173              		.cfi_startproc
 174              		@ args = 0, pretend = 0, frame = 0
 175              		@ frame_needed = 0, uses_anonymous_args = 0
 176              	.LVL27:
 177 0000 10B5     		push	{r4, lr}
 178              		.cfi_def_cfa_offset 8
 179              		.cfi_offset 4, -8
 180              		.cfi_offset 14, -4
 181 0002 0446     		mov	r4, r0
 100:EEPROM_Driver.c ****     
 101:EEPROM_Driver.c ****     ErrorCode error;
 102:EEPROM_Driver.c ****     
 103:EEPROM_Driver.c ****     error = EEPROM_WriteRegister(EEPROM_ADDRESS, eeprom_current_address, current_seconds);
 182              		.loc 1 103 0
ARM GAS  C:\Users\lucac\AppData\Local\Temp\ccjf6WYp.s 			page 6


 183 0004 3C4B     		ldr	r3, .L16
 184 0006 1A78     		ldrb	r2, [r3]	@ zero_extendqisi2
 185 0008 3C4B     		ldr	r3, .L16+4
 186 000a 1988     		ldrh	r1, [r3]
 187 000c 5020     		movs	r0, #80
 188              	.LVL28:
 189 000e FFF7FEFF 		bl	EEPROM_WriteRegister
 190              	.LVL29:
 104:EEPROM_Driver.c ****     if(error == ERROR) {
 191              		.loc 1 104 0
 192 0012 0128     		cmp	r0, #1
 193 0014 02D1     		bne	.L8
 105:EEPROM_Driver.c ****         UART_1_PutString("\nError in saving seconds in EEPROM memory\r\n");
 194              		.loc 1 105 0
 195 0016 3A48     		ldr	r0, .L16+8
 196              	.LVL30:
 197 0018 FFF7FEFF 		bl	UART_1_PutString
 198              	.LVL31:
 199              	.L8:
 106:EEPROM_Driver.c ****     }
 107:EEPROM_Driver.c ****     CyDelay(50);
 200              		.loc 1 107 0
 201 001c 3220     		movs	r0, #50
 202 001e FFF7FEFF 		bl	CyDelay
 203              	.LVL32:
 108:EEPROM_Driver.c ****     
 109:EEPROM_Driver.c ****     error = EEPROM_WriteRegister(EEPROM_ADDRESS, eeprom_current_address + 1, current_minutes);
 204              		.loc 1 109 0
 205 0022 364B     		ldr	r3, .L16+4
 206 0024 1988     		ldrh	r1, [r3]
 207 0026 0131     		adds	r1, r1, #1
 208 0028 364B     		ldr	r3, .L16+12
 209 002a 1A78     		ldrb	r2, [r3]	@ zero_extendqisi2
 210 002c 89B2     		uxth	r1, r1
 211 002e 5020     		movs	r0, #80
 212 0030 FFF7FEFF 		bl	EEPROM_WriteRegister
 213              	.LVL33:
 110:EEPROM_Driver.c ****     if(error == ERROR) {
 214              		.loc 1 110 0
 215 0034 0128     		cmp	r0, #1
 216 0036 02D1     		bne	.L9
 111:EEPROM_Driver.c ****         UART_1_PutString("\nError in saving minutes in EEPROM memory\r\n");
 217              		.loc 1 111 0
 218 0038 3348     		ldr	r0, .L16+16
 219              	.LVL34:
 220 003a FFF7FEFF 		bl	UART_1_PutString
 221              	.LVL35:
 222              	.L9:
 112:EEPROM_Driver.c ****     }
 113:EEPROM_Driver.c ****     CyDelay(50);
 223              		.loc 1 113 0
 224 003e 3220     		movs	r0, #50
 225 0040 FFF7FEFF 		bl	CyDelay
 226              	.LVL36:
 114:EEPROM_Driver.c ****     
 115:EEPROM_Driver.c ****     error = EEPROM_WriteRegister(EEPROM_ADDRESS, eeprom_current_address + 2, current_hours);
 227              		.loc 1 115 0
ARM GAS  C:\Users\lucac\AppData\Local\Temp\ccjf6WYp.s 			page 7


 228 0044 2D4B     		ldr	r3, .L16+4
 229 0046 1988     		ldrh	r1, [r3]
 230 0048 0231     		adds	r1, r1, #2
 231 004a 304B     		ldr	r3, .L16+20
 232 004c 1A78     		ldrb	r2, [r3]	@ zero_extendqisi2
 233 004e 89B2     		uxth	r1, r1
 234 0050 5020     		movs	r0, #80
 235 0052 FFF7FEFF 		bl	EEPROM_WriteRegister
 236              	.LVL37:
 116:EEPROM_Driver.c ****     if(error == ERROR) {
 237              		.loc 1 116 0
 238 0056 0128     		cmp	r0, #1
 239 0058 02D1     		bne	.L10
 117:EEPROM_Driver.c ****         UART_1_PutString("\nError in saving hours in EEPROM memory\r\n");
 240              		.loc 1 117 0
 241 005a 2D48     		ldr	r0, .L16+24
 242              	.LVL38:
 243 005c FFF7FEFF 		bl	UART_1_PutString
 244              	.LVL39:
 245              	.L10:
 118:EEPROM_Driver.c ****     }
 119:EEPROM_Driver.c ****     CyDelay(50);
 246              		.loc 1 119 0
 247 0060 3220     		movs	r0, #50
 248 0062 FFF7FEFF 		bl	CyDelay
 249              	.LVL40:
 120:EEPROM_Driver.c ****     
 121:EEPROM_Driver.c ****     error = EEPROM_WriteRegister(EEPROM_ADDRESS, eeprom_current_address + 3, current_date);
 250              		.loc 1 121 0
 251 0066 254B     		ldr	r3, .L16+4
 252 0068 1988     		ldrh	r1, [r3]
 253 006a 0331     		adds	r1, r1, #3
 254 006c 294B     		ldr	r3, .L16+28
 255 006e 1A78     		ldrb	r2, [r3]	@ zero_extendqisi2
 256 0070 89B2     		uxth	r1, r1
 257 0072 5020     		movs	r0, #80
 258 0074 FFF7FEFF 		bl	EEPROM_WriteRegister
 259              	.LVL41:
 122:EEPROM_Driver.c ****     if(error == ERROR) {
 260              		.loc 1 122 0
 261 0078 0128     		cmp	r0, #1
 262 007a 02D1     		bne	.L11
 123:EEPROM_Driver.c ****         UART_1_PutString("\nError in saving date in EEPROM memory\r\n");
 263              		.loc 1 123 0
 264 007c 2648     		ldr	r0, .L16+32
 265              	.LVL42:
 266 007e FFF7FEFF 		bl	UART_1_PutString
 267              	.LVL43:
 268              	.L11:
 124:EEPROM_Driver.c ****     }
 125:EEPROM_Driver.c ****     CyDelay(50);
 269              		.loc 1 125 0
 270 0082 3220     		movs	r0, #50
 271 0084 FFF7FEFF 		bl	CyDelay
 272              	.LVL44:
 126:EEPROM_Driver.c ****     
 127:EEPROM_Driver.c ****     error = EEPROM_WriteRegister(EEPROM_ADDRESS, eeprom_current_address + 4, current_month);
ARM GAS  C:\Users\lucac\AppData\Local\Temp\ccjf6WYp.s 			page 8


 273              		.loc 1 127 0
 274 0088 1C4B     		ldr	r3, .L16+4
 275 008a 1988     		ldrh	r1, [r3]
 276 008c 0431     		adds	r1, r1, #4
 277 008e 234B     		ldr	r3, .L16+36
 278 0090 1A78     		ldrb	r2, [r3]	@ zero_extendqisi2
 279 0092 89B2     		uxth	r1, r1
 280 0094 5020     		movs	r0, #80
 281 0096 FFF7FEFF 		bl	EEPROM_WriteRegister
 282              	.LVL45:
 128:EEPROM_Driver.c ****     if(error == ERROR) {
 283              		.loc 1 128 0
 284 009a 0128     		cmp	r0, #1
 285 009c 02D1     		bne	.L12
 129:EEPROM_Driver.c ****         UART_1_PutString("\nError in saving month in EEPROM memory\r\n");
 286              		.loc 1 129 0
 287 009e 2048     		ldr	r0, .L16+40
 288              	.LVL46:
 289 00a0 FFF7FEFF 		bl	UART_1_PutString
 290              	.LVL47:
 291              	.L12:
 130:EEPROM_Driver.c ****     }
 131:EEPROM_Driver.c ****     CyDelay(50);
 292              		.loc 1 131 0
 293 00a4 3220     		movs	r0, #50
 294 00a6 FFF7FEFF 		bl	CyDelay
 295              	.LVL48:
 132:EEPROM_Driver.c ****     
 133:EEPROM_Driver.c ****     error = EEPROM_WriteRegister(EEPROM_ADDRESS, eeprom_current_address + 5, current_year);
 296              		.loc 1 133 0
 297 00aa 144B     		ldr	r3, .L16+4
 298 00ac 1988     		ldrh	r1, [r3]
 299 00ae 0531     		adds	r1, r1, #5
 300 00b0 1C4B     		ldr	r3, .L16+44
 301 00b2 1A78     		ldrb	r2, [r3]	@ zero_extendqisi2
 302 00b4 89B2     		uxth	r1, r1
 303 00b6 5020     		movs	r0, #80
 304 00b8 FFF7FEFF 		bl	EEPROM_WriteRegister
 305              	.LVL49:
 134:EEPROM_Driver.c ****     if(error == ERROR) {
 306              		.loc 1 134 0
 307 00bc 0128     		cmp	r0, #1
 308 00be 02D1     		bne	.L13
 135:EEPROM_Driver.c ****         UART_1_PutString("\nError in saving year in EEPROM memory\r\n");
 309              		.loc 1 135 0
 310 00c0 1948     		ldr	r0, .L16+48
 311              	.LVL50:
 312 00c2 FFF7FEFF 		bl	UART_1_PutString
 313              	.LVL51:
 314              	.L13:
 136:EEPROM_Driver.c ****     }
 137:EEPROM_Driver.c ****     CyDelay(50);
 315              		.loc 1 137 0
 316 00c6 3220     		movs	r0, #50
 317 00c8 FFF7FEFF 		bl	CyDelay
 318              	.LVL52:
 138:EEPROM_Driver.c ****     
ARM GAS  C:\Users\lucac\AppData\Local\Temp\ccjf6WYp.s 			page 9


 139:EEPROM_Driver.c ****     error = EEPROM_WriteRegister(EEPROM_ADDRESS, eeprom_current_address + 6, glucose_concentration)
 319              		.loc 1 139 0
 320 00cc 0B4B     		ldr	r3, .L16+4
 321 00ce 1988     		ldrh	r1, [r3]
 322 00d0 0631     		adds	r1, r1, #6
 323 00d2 2246     		mov	r2, r4
 324 00d4 89B2     		uxth	r1, r1
 325 00d6 5020     		movs	r0, #80
 326 00d8 FFF7FEFF 		bl	EEPROM_WriteRegister
 327              	.LVL53:
 140:EEPROM_Driver.c ****     if(error == ERROR) {
 328              		.loc 1 140 0
 329 00dc 0128     		cmp	r0, #1
 330 00de 02D1     		bne	.L14
 141:EEPROM_Driver.c ****         UART_1_PutString("\nError in saving glucose data in EEPROM memory\r\n");
 331              		.loc 1 141 0
 332 00e0 1248     		ldr	r0, .L16+52
 333              	.LVL54:
 334 00e2 FFF7FEFF 		bl	UART_1_PutString
 335              	.LVL55:
 336              	.L14:
 142:EEPROM_Driver.c ****     }
 143:EEPROM_Driver.c ****     CyDelay(50);
 337              		.loc 1 143 0
 338 00e6 3220     		movs	r0, #50
 339 00e8 FFF7FEFF 		bl	CyDelay
 340              	.LVL56:
 144:EEPROM_Driver.c ****     
 145:EEPROM_Driver.c ****     eeprom_current_address += 7;
 341              		.loc 1 145 0
 342 00ec 034A     		ldr	r2, .L16+4
 343 00ee 1388     		ldrh	r3, [r2]
 344 00f0 0733     		adds	r3, r3, #7
 345 00f2 1380     		strh	r3, [r2]	@ movhi
 346 00f4 10BD     		pop	{r4, pc}
 347              	.L17:
 348 00f6 00BF     		.align	2
 349              	.L16:
 350 00f8 00000000 		.word	current_seconds
 351 00fc 00000000 		.word	eeprom_current_address
 352 0100 00000000 		.word	.LC0
 353 0104 00000000 		.word	current_minutes
 354 0108 2C000000 		.word	.LC1
 355 010c 00000000 		.word	current_hours
 356 0110 58000000 		.word	.LC2
 357 0114 00000000 		.word	current_date
 358 0118 84000000 		.word	.LC3
 359 011c 00000000 		.word	current_month
 360 0120 B0000000 		.word	.LC4
 361 0124 00000000 		.word	current_year
 362 0128 DC000000 		.word	.LC5
 363 012c 08010000 		.word	.LC6
 364              		.cfi_endproc
 365              	.LFE66:
 366              		.size	save_current_measurement, .-save_current_measurement
 367              		.section	.text.get_measurement_from_memory,"ax",%progbits
 368              		.align	2
ARM GAS  C:\Users\lucac\AppData\Local\Temp\ccjf6WYp.s 			page 10


 369              		.global	get_measurement_from_memory
 370              		.thumb
 371              		.thumb_func
 372              		.type	get_measurement_from_memory, %function
 373              	get_measurement_from_memory:
 374              	.LFB67:
 146:EEPROM_Driver.c **** }
 147:EEPROM_Driver.c **** 
 148:EEPROM_Driver.c **** /*  EEPROM GET MEASUREMENT FROM MEMORY
 149:EEPROM_Driver.c **** *   \brief: Function that recovers previous measured values from
 150:EEPROM_Driver.c **** *           EEPROM memory
 151:EEPROM_Driver.c **** *   \Parameters:
 152:EEPROM_Driver.c **** *       @param eeprom_address: 16-bit address where the data is saved
 153:EEPROM_Driver.c **** *   \Return: data: value stored in memory
 154:EEPROM_Driver.c **** */
 155:EEPROM_Driver.c **** uint8_t get_measurement_from_memory(uint16_t eeprom_address) {
 375              		.loc 1 155 0
 376              		.cfi_startproc
 377              		@ args = 0, pretend = 0, frame = 72
 378              		@ frame_needed = 0, uses_anonymous_args = 0
 379              	.LVL57:
 380 0000 00B5     		push	{lr}
 381              		.cfi_def_cfa_offset 4
 382              		.cfi_offset 14, -4
 383 0002 93B0     		sub	sp, sp, #76
 384              		.cfi_def_cfa_offset 80
 385              	.LVL58:
 156:EEPROM_Driver.c ****     
 157:EEPROM_Driver.c ****     ErrorCode error;
 158:EEPROM_Driver.c ****     uint8_t data;
 159:EEPROM_Driver.c ****     int len = 0;
 160:EEPROM_Driver.c ****     char str[64];
 161:EEPROM_Driver.c ****     
 162:EEPROM_Driver.c ****     error = EEPROM_ReadRegister(EEPROM_ADDRESS, eeprom_address, &data);
 386              		.loc 1 162 0
 387 0004 0DF14702 		add	r2, sp, #71
 388 0008 0146     		mov	r1, r0
 389 000a 5020     		movs	r0, #80
 390              	.LVL59:
 391 000c FFF7FEFF 		bl	EEPROM_ReadRegister
 392              	.LVL60:
 163:EEPROM_Driver.c ****     
 164:EEPROM_Driver.c ****     if(error == ERROR) {
 393              		.loc 1 164 0
 394 0010 0128     		cmp	r0, #1
 395 0012 02D1     		bne	.L19
 165:EEPROM_Driver.c ****         UART_1_PutString("\nError in reading data from EEPROM memory\r\n");
 396              		.loc 1 165 0
 397 0014 0848     		ldr	r0, .L21
 398              	.LVL61:
 399 0016 FFF7FEFF 		bl	UART_1_PutString
 400              	.LVL62:
 401              	.L19:
 166:EEPROM_Driver.c ****     }
 167:EEPROM_Driver.c ****     
 168:EEPROM_Driver.c ****     len = snprintf(str, sizeof(str), "\nFrom memory: %d\r\n\n", data);
 402              		.loc 1 168 0
ARM GAS  C:\Users\lucac\AppData\Local\Temp\ccjf6WYp.s 			page 11


 403 001a 9DF84730 		ldrb	r3, [sp, #71]	@ zero_extendqisi2
 404 001e 074A     		ldr	r2, .L21+4
 405 0020 4021     		movs	r1, #64
 406 0022 01A8     		add	r0, sp, #4
 407 0024 FFF7FEFF 		bl	snprintf
 408              	.LVL63:
 169:EEPROM_Driver.c ****     UART_1_PutString(str);
 409              		.loc 1 169 0
 410 0028 01A8     		add	r0, sp, #4
 411 002a FFF7FEFF 		bl	UART_1_PutString
 412              	.LVL64:
 170:EEPROM_Driver.c ****     
 171:EEPROM_Driver.c ****     return data;
 172:EEPROM_Driver.c **** }
 413              		.loc 1 172 0
 414 002e 9DF84700 		ldrb	r0, [sp, #71]	@ zero_extendqisi2
 415 0032 13B0     		add	sp, sp, #76
 416              		.cfi_def_cfa_offset 4
 417              		@ sp needed
 418 0034 5DF804FB 		ldr	pc, [sp], #4
 419              	.L22:
 420              		.align	2
 421              	.L21:
 422 0038 3C010000 		.word	.LC7
 423 003c 68010000 		.word	.LC8
 424              		.cfi_endproc
 425              	.LFE67:
 426              		.size	get_measurement_from_memory, .-get_measurement_from_memory
 427              		.comm	eeprom_current_address,2,2
 428              		.comm	current_year,2,2
 429              		.comm	current_month,1,1
 430              		.comm	current_date,1,1
 431              		.comm	current_hours,1,1
 432              		.comm	current_minutes,1,1
 433              		.comm	current_seconds,1,1
 434              		.comm	state,1,1
 435              		.section	.rodata.str1.4,"aMS",%progbits,1
 436              		.align	2
 437              	.LC0:
 438 0000 0A457272 		.ascii	"\012Error in saving seconds in EEPROM memory\015\012"
 438      6F722069 
 438      6E207361 
 438      76696E67 
 438      20736563 
 439 002b 00       		.ascii	"\000"
 440              	.LC1:
 441 002c 0A457272 		.ascii	"\012Error in saving minutes in EEPROM memory\015\012"
 441      6F722069 
 441      6E207361 
 441      76696E67 
 441      206D696E 
 442 0057 00       		.ascii	"\000"
 443              	.LC2:
 444 0058 0A457272 		.ascii	"\012Error in saving hours in EEPROM memory\015\012\000"
 444      6F722069 
 444      6E207361 
 444      76696E67 
ARM GAS  C:\Users\lucac\AppData\Local\Temp\ccjf6WYp.s 			page 12


 444      20686F75 
 445 0082 0000     		.space	2
 446              	.LC3:
 447 0084 0A457272 		.ascii	"\012Error in saving date in EEPROM memory\015\012\000"
 447      6F722069 
 447      6E207361 
 447      76696E67 
 447      20646174 
 448 00ad 000000   		.space	3
 449              	.LC4:
 450 00b0 0A457272 		.ascii	"\012Error in saving month in EEPROM memory\015\012\000"
 450      6F722069 
 450      6E207361 
 450      76696E67 
 450      206D6F6E 
 451 00da 0000     		.space	2
 452              	.LC5:
 453 00dc 0A457272 		.ascii	"\012Error in saving year in EEPROM memory\015\012\000"
 453      6F722069 
 453      6E207361 
 453      76696E67 
 453      20796561 
 454 0105 000000   		.space	3
 455              	.LC6:
 456 0108 0A457272 		.ascii	"\012Error in saving glucose data in EEPROM memory\015"
 456      6F722069 
 456      6E207361 
 456      76696E67 
 456      20676C75 
 457 0137 0A00     		.ascii	"\012\000"
 458 0139 000000   		.space	3
 459              	.LC7:
 460 013c 0A457272 		.ascii	"\012Error in reading data from EEPROM memory\015\012"
 460      6F722069 
 460      6E207265 
 460      6164696E 
 460      67206461 
 461 0167 00       		.ascii	"\000"
 462              	.LC8:
 463 0168 0A46726F 		.ascii	"\012From memory: %d\015\012\012\000"
 463      6D206D65 
 463      6D6F7279 
 463      3A202564 
 463      0D0A0A00 
 464              		.text
 465              	.Letext0:
 466              		.file 2 "c:\\program files (x86)\\cypress\\psoc creator\\4.4\\psoc creator\\import\\gnu\\arm\\5.4.
 467              		.file 3 "c:\\program files (x86)\\cypress\\psoc creator\\4.4\\psoc creator\\import\\gnu\\arm\\5.4.
 468              		.file 4 "ErrorCodes.h"
 469              		.file 5 "Generated_Source\\PSoC5/core_cm3.h"
 470              		.file 6 "Globals.h"
 471              		.file 7 "Generated_Source\\PSoC5/I2CMASTER.h"
 472              		.file 8 "Generated_Source\\PSoC5/UART_1.h"
 473              		.file 9 "Generated_Source\\PSoC5/CyLib.h"
 474              		.file 10 "c:\\program files (x86)\\cypress\\psoc creator\\4.4\\psoc creator\\import\\gnu\\arm\\5.4
 475              		.section	.debug_info,"",%progbits
 476              	.Ldebug_info0:
ARM GAS  C:\Users\lucac\AppData\Local\Temp\ccjf6WYp.s 			page 13


 477 0000 80060000 		.4byte	0x680
 478 0004 0400     		.2byte	0x4
 479 0006 00000000 		.4byte	.Ldebug_abbrev0
 480 000a 04       		.byte	0x4
 481 000b 01       		.uleb128 0x1
 482 000c FE000000 		.4byte	.LASF49
 483 0010 0C       		.byte	0xc
 484 0011 91000000 		.4byte	.LASF50
 485 0015 B4010000 		.4byte	.LASF51
 486 0019 00000000 		.4byte	.Ldebug_ranges0+0
 487 001d 00000000 		.4byte	0
 488 0021 00000000 		.4byte	.Ldebug_line0
 489 0025 02       		.uleb128 0x2
 490 0026 01       		.byte	0x1
 491 0027 06       		.byte	0x6
 492 0028 CA030000 		.4byte	.LASF0
 493 002c 03       		.uleb128 0x3
 494 002d 1C000000 		.4byte	.LASF3
 495 0031 02       		.byte	0x2
 496 0032 1D       		.byte	0x1d
 497 0033 37000000 		.4byte	0x37
 498 0037 02       		.uleb128 0x2
 499 0038 01       		.byte	0x1
 500 0039 08       		.byte	0x8
 501 003a F0000000 		.4byte	.LASF1
 502 003e 02       		.uleb128 0x2
 503 003f 02       		.byte	0x2
 504 0040 05       		.byte	0x5
 505 0041 7D030000 		.4byte	.LASF2
 506 0045 03       		.uleb128 0x3
 507 0046 78020000 		.4byte	.LASF4
 508 004a 02       		.byte	0x2
 509 004b 2B       		.byte	0x2b
 510 004c 50000000 		.4byte	0x50
 511 0050 02       		.uleb128 0x2
 512 0051 02       		.byte	0x2
 513 0052 07       		.byte	0x7
 514 0053 47020000 		.4byte	.LASF5
 515 0057 03       		.uleb128 0x3
 516 0058 5F000000 		.4byte	.LASF6
 517 005c 02       		.byte	0x2
 518 005d 3F       		.byte	0x3f
 519 005e 62000000 		.4byte	0x62
 520 0062 02       		.uleb128 0x2
 521 0063 04       		.byte	0x4
 522 0064 05       		.byte	0x5
 523 0065 7F000000 		.4byte	.LASF7
 524 0069 02       		.uleb128 0x2
 525 006a 04       		.byte	0x4
 526 006b 07       		.byte	0x7
 527 006c 83020000 		.4byte	.LASF8
 528 0070 02       		.uleb128 0x2
 529 0071 08       		.byte	0x8
 530 0072 05       		.byte	0x5
 531 0073 53030000 		.4byte	.LASF9
 532 0077 02       		.uleb128 0x2
 533 0078 08       		.byte	0x8
ARM GAS  C:\Users\lucac\AppData\Local\Temp\ccjf6WYp.s 			page 14


 534 0079 07       		.byte	0x7
 535 007a 03030000 		.4byte	.LASF10
 536 007e 04       		.uleb128 0x4
 537 007f 04       		.byte	0x4
 538 0080 05       		.byte	0x5
 539 0081 696E7400 		.ascii	"int\000"
 540 0085 02       		.uleb128 0x2
 541 0086 04       		.byte	0x4
 542 0087 07       		.byte	0x7
 543 0088 D9020000 		.4byte	.LASF11
 544 008c 03       		.uleb128 0x3
 545 008d 1A030000 		.4byte	.LASF12
 546 0091 03       		.byte	0x3
 547 0092 18       		.byte	0x18
 548 0093 2C000000 		.4byte	0x2c
 549 0097 03       		.uleb128 0x3
 550 0098 74030000 		.4byte	.LASF13
 551 009c 03       		.byte	0x3
 552 009d 24       		.byte	0x24
 553 009e 45000000 		.4byte	0x45
 554 00a2 03       		.uleb128 0x3
 555 00a3 3C030000 		.4byte	.LASF14
 556 00a7 03       		.byte	0x3
 557 00a8 2C       		.byte	0x2c
 558 00a9 57000000 		.4byte	0x57
 559 00ad 02       		.uleb128 0x2
 560 00ae 04       		.byte	0x4
 561 00af 04       		.byte	0x4
 562 00b0 E5000000 		.4byte	.LASF15
 563 00b4 02       		.uleb128 0x2
 564 00b5 08       		.byte	0x8
 565 00b6 04       		.byte	0x4
 566 00b7 AB000000 		.4byte	.LASF16
 567 00bb 02       		.uleb128 0x2
 568 00bc 01       		.byte	0x1
 569 00bd 08       		.byte	0x8
 570 00be 6F030000 		.4byte	.LASF17
 571 00c2 02       		.uleb128 0x2
 572 00c3 08       		.byte	0x8
 573 00c4 04       		.byte	0x4
 574 00c5 BE030000 		.4byte	.LASF18
 575 00c9 02       		.uleb128 0x2
 576 00ca 04       		.byte	0x4
 577 00cb 07       		.byte	0x7
 578 00cc 44030000 		.4byte	.LASF19
 579 00d0 05       		.uleb128 0x5
 580 00d1 01       		.byte	0x1
 581 00d2 37000000 		.4byte	0x37
 582 00d6 04       		.byte	0x4
 583 00d7 15       		.byte	0x15
 584 00d8 E9000000 		.4byte	0xe9
 585 00dc 06       		.uleb128 0x6
 586 00dd AF030000 		.4byte	.LASF20
 587 00e1 00       		.byte	0
 588 00e2 06       		.uleb128 0x6
 589 00e3 B8030000 		.4byte	.LASF21
 590 00e7 01       		.byte	0x1
ARM GAS  C:\Users\lucac\AppData\Local\Temp\ccjf6WYp.s 			page 15


 591 00e8 00       		.byte	0
 592 00e9 03       		.uleb128 0x3
 593 00ea A1000000 		.4byte	.LASF22
 594 00ee 04       		.byte	0x4
 595 00ef 18       		.byte	0x18
 596 00f0 D0000000 		.4byte	0xd0
 597 00f4 07       		.uleb128 0x7
 598 00f5 B8020000 		.4byte	.LASF27
 599 00f9 01       		.byte	0x1
 600 00fa 22       		.byte	0x22
 601 00fb E9000000 		.4byte	0xe9
 602 00ff 00000000 		.4byte	.LFB64
 603 0103 42000000 		.4byte	.LFE64-.LFB64
 604 0107 01       		.uleb128 0x1
 605 0108 9C       		.byte	0x9c
 606 0109 EB010000 		.4byte	0x1eb
 607 010d 08       		.uleb128 0x8
 608 010e 87030000 		.4byte	.LASF23
 609 0112 01       		.byte	0x1
 610 0113 22       		.byte	0x22
 611 0114 8C000000 		.4byte	0x8c
 612 0118 00000000 		.4byte	.LLST0
 613 011c 08       		.uleb128 0x8
 614 011d 5A020000 		.4byte	.LASF24
 615 0121 01       		.byte	0x1
 616 0122 22       		.byte	0x22
 617 0123 97000000 		.4byte	0x97
 618 0127 21000000 		.4byte	.LLST1
 619 012b 08       		.uleb128 0x8
 620 012c EB000000 		.4byte	.LASF25
 621 0130 01       		.byte	0x1
 622 0131 22       		.byte	0x22
 623 0132 EB010000 		.4byte	0x1eb
 624 0136 42000000 		.4byte	.LLST2
 625 013a 09       		.uleb128 0x9
 626 013b 4D030000 		.4byte	.LASF26
 627 013f 01       		.byte	0x1
 628 0140 25       		.byte	0x25
 629 0141 8C000000 		.4byte	0x8c
 630 0145 60000000 		.4byte	.LLST3
 631 0149 0A       		.uleb128 0xa
 632 014a 12000000 		.4byte	.LBB2
 633 014e 24000000 		.4byte	.LBE2-.LBB2
 634 0152 C8010000 		.4byte	0x1c8
 635 0156 0B       		.uleb128 0xb
 636 0157 4D534200 		.ascii	"MSB\000"
 637 015b 01       		.byte	0x1
 638 015c 29       		.byte	0x29
 639 015d 8C000000 		.4byte	0x8c
 640 0161 94000000 		.4byte	.LLST4
 641 0165 0B       		.uleb128 0xb
 642 0166 4C534200 		.ascii	"LSB\000"
 643 016a 01       		.byte	0x1
 644 016b 2A       		.byte	0x2a
 645 016c 8C000000 		.4byte	0x8c
 646 0170 AB000000 		.4byte	.LLST5
 647 0174 0C       		.uleb128 0xc
ARM GAS  C:\Users\lucac\AppData\Local\Temp\ccjf6WYp.s 			page 16


 648 0175 1A000000 		.4byte	.LVL6
 649 0179 2B060000 		.4byte	0x62b
 650 017d 8A010000 		.4byte	0x18a
 651 0181 0D       		.uleb128 0xd
 652 0182 01       		.uleb128 0x1
 653 0183 50       		.byte	0x50
 654 0184 04       		.uleb128 0x4
 655 0185 75       		.byte	0x75
 656 0186 00       		.sleb128 0
 657 0187 38       		.byte	0x38
 658 0188 25       		.byte	0x25
 659 0189 00       		.byte	0
 660 018a 0C       		.uleb128 0xc
 661 018b 20000000 		.4byte	.LVL7
 662 018f 2B060000 		.4byte	0x62b
 663 0193 9E010000 		.4byte	0x19e
 664 0197 0D       		.uleb128 0xd
 665 0198 01       		.uleb128 0x1
 666 0199 50       		.byte	0x50
 667 019a 02       		.uleb128 0x2
 668 019b 74       		.byte	0x74
 669 019c 00       		.sleb128 0
 670 019d 00       		.byte	0
 671 019e 0C       		.uleb128 0xc
 672 019f 2C000000 		.4byte	.LVL10
 673 01a3 36060000 		.4byte	0x636
 674 01a7 B7010000 		.4byte	0x1b7
 675 01ab 0D       		.uleb128 0xd
 676 01ac 01       		.uleb128 0x1
 677 01ad 50       		.byte	0x50
 678 01ae 02       		.uleb128 0x2
 679 01af 76       		.byte	0x76
 680 01b0 00       		.sleb128 0
 681 01b1 0D       		.uleb128 0xd
 682 01b2 01       		.uleb128 0x1
 683 01b3 51       		.byte	0x51
 684 01b4 01       		.uleb128 0x1
 685 01b5 31       		.byte	0x31
 686 01b6 00       		.byte	0
 687 01b7 0E       		.uleb128 0xe
 688 01b8 34000000 		.4byte	.LVL11
 689 01bc 41060000 		.4byte	0x641
 690 01c0 0D       		.uleb128 0xd
 691 01c1 01       		.uleb128 0x1
 692 01c2 50       		.byte	0x50
 693 01c3 02       		.uleb128 0x2
 694 01c4 74       		.byte	0x74
 695 01c5 00       		.sleb128 0
 696 01c6 00       		.byte	0
 697 01c7 00       		.byte	0
 698 01c8 0C       		.uleb128 0xc
 699 01c9 0E000000 		.4byte	.LVL2
 700 01cd 4C060000 		.4byte	0x64c
 701 01d1 E1010000 		.4byte	0x1e1
 702 01d5 0D       		.uleb128 0xd
 703 01d6 01       		.uleb128 0x1
 704 01d7 50       		.byte	0x50
ARM GAS  C:\Users\lucac\AppData\Local\Temp\ccjf6WYp.s 			page 17


 705 01d8 02       		.uleb128 0x2
 706 01d9 76       		.byte	0x76
 707 01da 00       		.sleb128 0
 708 01db 0D       		.uleb128 0xd
 709 01dc 01       		.uleb128 0x1
 710 01dd 51       		.byte	0x51
 711 01de 01       		.uleb128 0x1
 712 01df 30       		.byte	0x30
 713 01e0 00       		.byte	0
 714 01e1 0F       		.uleb128 0xf
 715 01e2 3A000000 		.4byte	.LVL13
 716 01e6 57060000 		.4byte	0x657
 717 01ea 00       		.byte	0
 718 01eb 10       		.uleb128 0x10
 719 01ec 04       		.byte	0x4
 720 01ed 8C000000 		.4byte	0x8c
 721 01f1 07       		.uleb128 0x7
 722 01f2 95020000 		.4byte	.LASF28
 723 01f6 01       		.byte	0x1
 724 01f7 45       		.byte	0x45
 725 01f8 E9000000 		.4byte	0xe9
 726 01fc 00000000 		.4byte	.LFB65
 727 0200 36000000 		.4byte	.LFE65-.LFB65
 728 0204 01       		.uleb128 0x1
 729 0205 9C       		.byte	0x9c
 730 0206 C9020000 		.4byte	0x2c9
 731 020a 08       		.uleb128 0x8
 732 020b 87030000 		.4byte	.LASF23
 733 020f 01       		.byte	0x1
 734 0210 45       		.byte	0x45
 735 0211 8C000000 		.4byte	0x8c
 736 0215 C9000000 		.4byte	.LLST6
 737 0219 08       		.uleb128 0x8
 738 021a 5A020000 		.4byte	.LASF24
 739 021e 01       		.byte	0x1
 740 021f 45       		.byte	0x45
 741 0220 97000000 		.4byte	0x97
 742 0224 EA000000 		.4byte	.LLST7
 743 0228 08       		.uleb128 0x8
 744 0229 EB000000 		.4byte	.LASF25
 745 022d 01       		.byte	0x1
 746 022e 45       		.byte	0x45
 747 022f 8C000000 		.4byte	0x8c
 748 0233 0B010000 		.4byte	.LLST8
 749 0237 09       		.uleb128 0x9
 750 0238 4D030000 		.4byte	.LASF26
 751 023c 01       		.byte	0x1
 752 023d 47       		.byte	0x47
 753 023e 8C000000 		.4byte	0x8c
 754 0242 2C010000 		.4byte	.LLST9
 755 0246 0A       		.uleb128 0xa
 756 0247 10000000 		.4byte	.LBB3
 757 024b 1A000000 		.4byte	.LBE3-.LBB3
 758 024f AC020000 		.4byte	0x2ac
 759 0253 0B       		.uleb128 0xb
 760 0254 4D534200 		.ascii	"MSB\000"
 761 0258 01       		.byte	0x1
ARM GAS  C:\Users\lucac\AppData\Local\Temp\ccjf6WYp.s 			page 18


 762 0259 4C       		.byte	0x4c
 763 025a 8C000000 		.4byte	0x8c
 764 025e 55010000 		.4byte	.LLST10
 765 0262 0B       		.uleb128 0xb
 766 0263 4C534200 		.ascii	"LSB\000"
 767 0267 01       		.byte	0x1
 768 0268 4D       		.byte	0x4d
 769 0269 8C000000 		.4byte	0x8c
 770 026d 6C010000 		.4byte	.LLST11
 771 0271 0C       		.uleb128 0xc
 772 0272 18000000 		.4byte	.LVL20
 773 0276 2B060000 		.4byte	0x62b
 774 027a 87020000 		.4byte	0x287
 775 027e 0D       		.uleb128 0xd
 776 027f 01       		.uleb128 0x1
 777 0280 50       		.byte	0x50
 778 0281 04       		.uleb128 0x4
 779 0282 75       		.byte	0x75
 780 0283 00       		.sleb128 0
 781 0284 38       		.byte	0x38
 782 0285 25       		.byte	0x25
 783 0286 00       		.byte	0
 784 0287 0C       		.uleb128 0xc
 785 0288 1E000000 		.4byte	.LVL21
 786 028c 2B060000 		.4byte	0x62b
 787 0290 9B020000 		.4byte	0x29b
 788 0294 0D       		.uleb128 0xd
 789 0295 01       		.uleb128 0x1
 790 0296 50       		.byte	0x50
 791 0297 02       		.uleb128 0x2
 792 0298 74       		.byte	0x74
 793 0299 00       		.sleb128 0
 794 029a 00       		.byte	0
 795 029b 0E       		.uleb128 0xe
 796 029c 28000000 		.4byte	.LVL24
 797 02a0 2B060000 		.4byte	0x62b
 798 02a4 0D       		.uleb128 0xd
 799 02a5 01       		.uleb128 0x1
 800 02a6 50       		.byte	0x50
 801 02a7 02       		.uleb128 0x2
 802 02a8 76       		.byte	0x76
 803 02a9 00       		.sleb128 0
 804 02aa 00       		.byte	0
 805 02ab 00       		.byte	0
 806 02ac 0C       		.uleb128 0xc
 807 02ad 0C000000 		.4byte	.LVL16
 808 02b1 4C060000 		.4byte	0x64c
 809 02b5 BF020000 		.4byte	0x2bf
 810 02b9 0D       		.uleb128 0xd
 811 02ba 01       		.uleb128 0x1
 812 02bb 51       		.byte	0x51
 813 02bc 01       		.uleb128 0x1
 814 02bd 30       		.byte	0x30
 815 02be 00       		.byte	0
 816 02bf 0F       		.uleb128 0xf
 817 02c0 2E000000 		.4byte	.LVL26
 818 02c4 57060000 		.4byte	0x657
ARM GAS  C:\Users\lucac\AppData\Local\Temp\ccjf6WYp.s 			page 19


 819 02c8 00       		.byte	0
 820 02c9 11       		.uleb128 0x11
 821 02ca 9B010000 		.4byte	.LASF52
 822 02ce 01       		.byte	0x1
 823 02cf 63       		.byte	0x63
 824 02d0 00000000 		.4byte	.LFB66
 825 02d4 30010000 		.4byte	.LFE66-.LFB66
 826 02d8 01       		.uleb128 0x1
 827 02d9 9C       		.byte	0x9c
 828 02da B8040000 		.4byte	0x4b8
 829 02de 08       		.uleb128 0x8
 830 02df 69000000 		.4byte	.LASF29
 831 02e3 01       		.byte	0x1
 832 02e4 63       		.byte	0x63
 833 02e5 8C000000 		.4byte	0x8c
 834 02e9 8A010000 		.4byte	.LLST12
 835 02ed 09       		.uleb128 0x9
 836 02ee 4D030000 		.4byte	.LASF26
 837 02f2 01       		.byte	0x1
 838 02f3 65       		.byte	0x65
 839 02f4 E9000000 		.4byte	0xe9
 840 02f8 AB010000 		.4byte	.LLST13
 841 02fc 0C       		.uleb128 0xc
 842 02fd 12000000 		.4byte	.LVL29
 843 0301 F1010000 		.4byte	0x1f1
 844 0305 10030000 		.4byte	0x310
 845 0309 0D       		.uleb128 0xd
 846 030a 01       		.uleb128 0x1
 847 030b 50       		.byte	0x50
 848 030c 02       		.uleb128 0x2
 849 030d 08       		.byte	0x8
 850 030e 50       		.byte	0x50
 851 030f 00       		.byte	0
 852 0310 0C       		.uleb128 0xc
 853 0311 1C000000 		.4byte	.LVL31
 854 0315 62060000 		.4byte	0x662
 855 0319 27030000 		.4byte	0x327
 856 031d 0D       		.uleb128 0xd
 857 031e 01       		.uleb128 0x1
 858 031f 50       		.byte	0x50
 859 0320 05       		.uleb128 0x5
 860 0321 03       		.byte	0x3
 861 0322 00000000 		.4byte	.LC0
 862 0326 00       		.byte	0
 863 0327 0C       		.uleb128 0xc
 864 0328 22000000 		.4byte	.LVL32
 865 032c 6D060000 		.4byte	0x66d
 866 0330 3B030000 		.4byte	0x33b
 867 0334 0D       		.uleb128 0xd
 868 0335 01       		.uleb128 0x1
 869 0336 50       		.byte	0x50
 870 0337 02       		.uleb128 0x2
 871 0338 08       		.byte	0x8
 872 0339 32       		.byte	0x32
 873 033a 00       		.byte	0
 874 033b 0C       		.uleb128 0xc
 875 033c 34000000 		.4byte	.LVL33
ARM GAS  C:\Users\lucac\AppData\Local\Temp\ccjf6WYp.s 			page 20


 876 0340 F1010000 		.4byte	0x1f1
 877 0344 4F030000 		.4byte	0x34f
 878 0348 0D       		.uleb128 0xd
 879 0349 01       		.uleb128 0x1
 880 034a 50       		.byte	0x50
 881 034b 02       		.uleb128 0x2
 882 034c 08       		.byte	0x8
 883 034d 50       		.byte	0x50
 884 034e 00       		.byte	0
 885 034f 0C       		.uleb128 0xc
 886 0350 3E000000 		.4byte	.LVL35
 887 0354 62060000 		.4byte	0x662
 888 0358 66030000 		.4byte	0x366
 889 035c 0D       		.uleb128 0xd
 890 035d 01       		.uleb128 0x1
 891 035e 50       		.byte	0x50
 892 035f 05       		.uleb128 0x5
 893 0360 03       		.byte	0x3
 894 0361 2C000000 		.4byte	.LC1
 895 0365 00       		.byte	0
 896 0366 0C       		.uleb128 0xc
 897 0367 44000000 		.4byte	.LVL36
 898 036b 6D060000 		.4byte	0x66d
 899 036f 7A030000 		.4byte	0x37a
 900 0373 0D       		.uleb128 0xd
 901 0374 01       		.uleb128 0x1
 902 0375 50       		.byte	0x50
 903 0376 02       		.uleb128 0x2
 904 0377 08       		.byte	0x8
 905 0378 32       		.byte	0x32
 906 0379 00       		.byte	0
 907 037a 0C       		.uleb128 0xc
 908 037b 56000000 		.4byte	.LVL37
 909 037f F1010000 		.4byte	0x1f1
 910 0383 8E030000 		.4byte	0x38e
 911 0387 0D       		.uleb128 0xd
 912 0388 01       		.uleb128 0x1
 913 0389 50       		.byte	0x50
 914 038a 02       		.uleb128 0x2
 915 038b 08       		.byte	0x8
 916 038c 50       		.byte	0x50
 917 038d 00       		.byte	0
 918 038e 0C       		.uleb128 0xc
 919 038f 60000000 		.4byte	.LVL39
 920 0393 62060000 		.4byte	0x662
 921 0397 A5030000 		.4byte	0x3a5
 922 039b 0D       		.uleb128 0xd
 923 039c 01       		.uleb128 0x1
 924 039d 50       		.byte	0x50
 925 039e 05       		.uleb128 0x5
 926 039f 03       		.byte	0x3
 927 03a0 58000000 		.4byte	.LC2
 928 03a4 00       		.byte	0
 929 03a5 0C       		.uleb128 0xc
 930 03a6 66000000 		.4byte	.LVL40
 931 03aa 6D060000 		.4byte	0x66d
 932 03ae B9030000 		.4byte	0x3b9
ARM GAS  C:\Users\lucac\AppData\Local\Temp\ccjf6WYp.s 			page 21


 933 03b2 0D       		.uleb128 0xd
 934 03b3 01       		.uleb128 0x1
 935 03b4 50       		.byte	0x50
 936 03b5 02       		.uleb128 0x2
 937 03b6 08       		.byte	0x8
 938 03b7 32       		.byte	0x32
 939 03b8 00       		.byte	0
 940 03b9 0C       		.uleb128 0xc
 941 03ba 78000000 		.4byte	.LVL41
 942 03be F1010000 		.4byte	0x1f1
 943 03c2 CD030000 		.4byte	0x3cd
 944 03c6 0D       		.uleb128 0xd
 945 03c7 01       		.uleb128 0x1
 946 03c8 50       		.byte	0x50
 947 03c9 02       		.uleb128 0x2
 948 03ca 08       		.byte	0x8
 949 03cb 50       		.byte	0x50
 950 03cc 00       		.byte	0
 951 03cd 0C       		.uleb128 0xc
 952 03ce 82000000 		.4byte	.LVL43
 953 03d2 62060000 		.4byte	0x662
 954 03d6 E4030000 		.4byte	0x3e4
 955 03da 0D       		.uleb128 0xd
 956 03db 01       		.uleb128 0x1
 957 03dc 50       		.byte	0x50
 958 03dd 05       		.uleb128 0x5
 959 03de 03       		.byte	0x3
 960 03df 84000000 		.4byte	.LC3
 961 03e3 00       		.byte	0
 962 03e4 0C       		.uleb128 0xc
 963 03e5 88000000 		.4byte	.LVL44
 964 03e9 6D060000 		.4byte	0x66d
 965 03ed F8030000 		.4byte	0x3f8
 966 03f1 0D       		.uleb128 0xd
 967 03f2 01       		.uleb128 0x1
 968 03f3 50       		.byte	0x50
 969 03f4 02       		.uleb128 0x2
 970 03f5 08       		.byte	0x8
 971 03f6 32       		.byte	0x32
 972 03f7 00       		.byte	0
 973 03f8 0C       		.uleb128 0xc
 974 03f9 9A000000 		.4byte	.LVL45
 975 03fd F1010000 		.4byte	0x1f1
 976 0401 0C040000 		.4byte	0x40c
 977 0405 0D       		.uleb128 0xd
 978 0406 01       		.uleb128 0x1
 979 0407 50       		.byte	0x50
 980 0408 02       		.uleb128 0x2
 981 0409 08       		.byte	0x8
 982 040a 50       		.byte	0x50
 983 040b 00       		.byte	0
 984 040c 0C       		.uleb128 0xc
 985 040d A4000000 		.4byte	.LVL47
 986 0411 62060000 		.4byte	0x662
 987 0415 23040000 		.4byte	0x423
 988 0419 0D       		.uleb128 0xd
 989 041a 01       		.uleb128 0x1
ARM GAS  C:\Users\lucac\AppData\Local\Temp\ccjf6WYp.s 			page 22


 990 041b 50       		.byte	0x50
 991 041c 05       		.uleb128 0x5
 992 041d 03       		.byte	0x3
 993 041e B0000000 		.4byte	.LC4
 994 0422 00       		.byte	0
 995 0423 0C       		.uleb128 0xc
 996 0424 AA000000 		.4byte	.LVL48
 997 0428 6D060000 		.4byte	0x66d
 998 042c 37040000 		.4byte	0x437
 999 0430 0D       		.uleb128 0xd
 1000 0431 01       		.uleb128 0x1
 1001 0432 50       		.byte	0x50
 1002 0433 02       		.uleb128 0x2
 1003 0434 08       		.byte	0x8
 1004 0435 32       		.byte	0x32
 1005 0436 00       		.byte	0
 1006 0437 0C       		.uleb128 0xc
 1007 0438 BC000000 		.4byte	.LVL49
 1008 043c F1010000 		.4byte	0x1f1
 1009 0440 4B040000 		.4byte	0x44b
 1010 0444 0D       		.uleb128 0xd
 1011 0445 01       		.uleb128 0x1
 1012 0446 50       		.byte	0x50
 1013 0447 02       		.uleb128 0x2
 1014 0448 08       		.byte	0x8
 1015 0449 50       		.byte	0x50
 1016 044a 00       		.byte	0
 1017 044b 0C       		.uleb128 0xc
 1018 044c C6000000 		.4byte	.LVL51
 1019 0450 62060000 		.4byte	0x662
 1020 0454 62040000 		.4byte	0x462
 1021 0458 0D       		.uleb128 0xd
 1022 0459 01       		.uleb128 0x1
 1023 045a 50       		.byte	0x50
 1024 045b 05       		.uleb128 0x5
 1025 045c 03       		.byte	0x3
 1026 045d DC000000 		.4byte	.LC5
 1027 0461 00       		.byte	0
 1028 0462 0C       		.uleb128 0xc
 1029 0463 CC000000 		.4byte	.LVL52
 1030 0467 6D060000 		.4byte	0x66d
 1031 046b 76040000 		.4byte	0x476
 1032 046f 0D       		.uleb128 0xd
 1033 0470 01       		.uleb128 0x1
 1034 0471 50       		.byte	0x50
 1035 0472 02       		.uleb128 0x2
 1036 0473 08       		.byte	0x8
 1037 0474 32       		.byte	0x32
 1038 0475 00       		.byte	0
 1039 0476 0C       		.uleb128 0xc
 1040 0477 DC000000 		.4byte	.LVL53
 1041 047b F1010000 		.4byte	0x1f1
 1042 047f 90040000 		.4byte	0x490
 1043 0483 0D       		.uleb128 0xd
 1044 0484 01       		.uleb128 0x1
 1045 0485 50       		.byte	0x50
 1046 0486 02       		.uleb128 0x2
ARM GAS  C:\Users\lucac\AppData\Local\Temp\ccjf6WYp.s 			page 23


 1047 0487 08       		.byte	0x8
 1048 0488 50       		.byte	0x50
 1049 0489 0D       		.uleb128 0xd
 1050 048a 01       		.uleb128 0x1
 1051 048b 52       		.byte	0x52
 1052 048c 02       		.uleb128 0x2
 1053 048d 74       		.byte	0x74
 1054 048e 00       		.sleb128 0
 1055 048f 00       		.byte	0
 1056 0490 0C       		.uleb128 0xc
 1057 0491 E6000000 		.4byte	.LVL55
 1058 0495 62060000 		.4byte	0x662
 1059 0499 A7040000 		.4byte	0x4a7
 1060 049d 0D       		.uleb128 0xd
 1061 049e 01       		.uleb128 0x1
 1062 049f 50       		.byte	0x50
 1063 04a0 05       		.uleb128 0x5
 1064 04a1 03       		.byte	0x3
 1065 04a2 08010000 		.4byte	.LC6
 1066 04a6 00       		.byte	0
 1067 04a7 0E       		.uleb128 0xe
 1068 04a8 EC000000 		.4byte	.LVL56
 1069 04ac 6D060000 		.4byte	0x66d
 1070 04b0 0D       		.uleb128 0xd
 1071 04b1 01       		.uleb128 0x1
 1072 04b2 50       		.byte	0x50
 1073 04b3 02       		.uleb128 0x2
 1074 04b4 08       		.byte	0x8
 1075 04b5 32       		.byte	0x32
 1076 04b6 00       		.byte	0
 1077 04b7 00       		.byte	0
 1078 04b8 07       		.uleb128 0x7
 1079 04b9 C9000000 		.4byte	.LASF30
 1080 04bd 01       		.byte	0x1
 1081 04be 9B       		.byte	0x9b
 1082 04bf 8C000000 		.4byte	0x8c
 1083 04c3 00000000 		.4byte	.LFB67
 1084 04c7 40000000 		.4byte	.LFE67-.LFB67
 1085 04cb 01       		.uleb128 0x1
 1086 04cc 9C       		.byte	0x9c
 1087 04cd 82050000 		.4byte	0x582
 1088 04d1 08       		.uleb128 0x8
 1089 04d2 8C010000 		.4byte	.LASF31
 1090 04d6 01       		.byte	0x1
 1091 04d7 9B       		.byte	0x9b
 1092 04d8 97000000 		.4byte	0x97
 1093 04dc 00020000 		.4byte	.LLST14
 1094 04e0 09       		.uleb128 0x9
 1095 04e1 4D030000 		.4byte	.LASF26
 1096 04e5 01       		.byte	0x1
 1097 04e6 9D       		.byte	0x9d
 1098 04e7 E9000000 		.4byte	0xe9
 1099 04eb 21020000 		.4byte	.LLST15
 1100 04ef 12       		.uleb128 0x12
 1101 04f0 EB000000 		.4byte	.LASF25
 1102 04f4 01       		.byte	0x1
 1103 04f5 9E       		.byte	0x9e
ARM GAS  C:\Users\lucac\AppData\Local\Temp\ccjf6WYp.s 			page 24


 1104 04f6 8C000000 		.4byte	0x8c
 1105 04fa 02       		.uleb128 0x2
 1106 04fb 91       		.byte	0x91
 1107 04fc 77       		.sleb128 -9
 1108 04fd 0B       		.uleb128 0xb
 1109 04fe 6C656E00 		.ascii	"len\000"
 1110 0502 01       		.byte	0x1
 1111 0503 9F       		.byte	0x9f
 1112 0504 7E000000 		.4byte	0x7e
 1113 0508 34020000 		.4byte	.LLST16
 1114 050c 13       		.uleb128 0x13
 1115 050d 73747200 		.ascii	"str\000"
 1116 0511 01       		.byte	0x1
 1117 0512 A0       		.byte	0xa0
 1118 0513 82050000 		.4byte	0x582
 1119 0517 03       		.uleb128 0x3
 1120 0518 91       		.byte	0x91
 1121 0519 B47F     		.sleb128 -76
 1122 051b 0C       		.uleb128 0xc
 1123 051c 10000000 		.4byte	.LVL60
 1124 0520 F4000000 		.4byte	0xf4
 1125 0524 35050000 		.4byte	0x535
 1126 0528 0D       		.uleb128 0xd
 1127 0529 01       		.uleb128 0x1
 1128 052a 50       		.byte	0x50
 1129 052b 02       		.uleb128 0x2
 1130 052c 08       		.byte	0x8
 1131 052d 50       		.byte	0x50
 1132 052e 0D       		.uleb128 0xd
 1133 052f 01       		.uleb128 0x1
 1134 0530 52       		.byte	0x52
 1135 0531 02       		.uleb128 0x2
 1136 0532 91       		.byte	0x91
 1137 0533 77       		.sleb128 -9
 1138 0534 00       		.byte	0
 1139 0535 0C       		.uleb128 0xc
 1140 0536 1A000000 		.4byte	.LVL62
 1141 053a 62060000 		.4byte	0x662
 1142 053e 4C050000 		.4byte	0x54c
 1143 0542 0D       		.uleb128 0xd
 1144 0543 01       		.uleb128 0x1
 1145 0544 50       		.byte	0x50
 1146 0545 05       		.uleb128 0x5
 1147 0546 03       		.byte	0x3
 1148 0547 3C010000 		.4byte	.LC7
 1149 054b 00       		.byte	0
 1150 054c 0C       		.uleb128 0xc
 1151 054d 28000000 		.4byte	.LVL63
 1152 0551 78060000 		.4byte	0x678
 1153 0555 70050000 		.4byte	0x570
 1154 0559 0D       		.uleb128 0xd
 1155 055a 01       		.uleb128 0x1
 1156 055b 50       		.byte	0x50
 1157 055c 03       		.uleb128 0x3
 1158 055d 91       		.byte	0x91
 1159 055e B47F     		.sleb128 -76
 1160 0560 0D       		.uleb128 0xd
ARM GAS  C:\Users\lucac\AppData\Local\Temp\ccjf6WYp.s 			page 25


 1161 0561 01       		.uleb128 0x1
 1162 0562 51       		.byte	0x51
 1163 0563 02       		.uleb128 0x2
 1164 0564 08       		.byte	0x8
 1165 0565 40       		.byte	0x40
 1166 0566 0D       		.uleb128 0xd
 1167 0567 01       		.uleb128 0x1
 1168 0568 52       		.byte	0x52
 1169 0569 05       		.uleb128 0x5
 1170 056a 03       		.byte	0x3
 1171 056b 68010000 		.4byte	.LC8
 1172 056f 00       		.byte	0
 1173 0570 0E       		.uleb128 0xe
 1174 0571 2E000000 		.4byte	.LVL64
 1175 0575 62060000 		.4byte	0x662
 1176 0579 0D       		.uleb128 0xd
 1177 057a 01       		.uleb128 0x1
 1178 057b 50       		.byte	0x50
 1179 057c 03       		.uleb128 0x3
 1180 057d 91       		.byte	0x91
 1181 057e B47F     		.sleb128 -76
 1182 0580 00       		.byte	0
 1183 0581 00       		.byte	0
 1184 0582 14       		.uleb128 0x14
 1185 0583 BB000000 		.4byte	0xbb
 1186 0587 92050000 		.4byte	0x592
 1187 058b 15       		.uleb128 0x15
 1188 058c C9000000 		.4byte	0xc9
 1189 0590 3F       		.byte	0x3f
 1190 0591 00       		.byte	0
 1191 0592 16       		.uleb128 0x16
 1192 0593 6B020000 		.4byte	.LASF32
 1193 0597 05       		.byte	0x5
 1194 0598 1207     		.2byte	0x712
 1195 059a 9E050000 		.4byte	0x59e
 1196 059e 17       		.uleb128 0x17
 1197 059f A2000000 		.4byte	0xa2
 1198 05a3 18       		.uleb128 0x18
 1199 05a4 26000000 		.4byte	.LASF33
 1200 05a8 06       		.byte	0x6
 1201 05a9 19       		.byte	0x19
 1202 05aa BB000000 		.4byte	0xbb
 1203 05ae 05       		.uleb128 0x5
 1204 05af 03       		.byte	0x3
 1205 05b0 00000000 		.4byte	state
 1206 05b4 18       		.uleb128 0x18
 1207 05b5 E6020000 		.4byte	.LASF34
 1208 05b9 06       		.byte	0x6
 1209 05ba 1C       		.byte	0x1c
 1210 05bb 8C000000 		.4byte	0x8c
 1211 05bf 05       		.uleb128 0x5
 1212 05c0 03       		.byte	0x3
 1213 05c1 00000000 		.4byte	current_seconds
 1214 05c5 18       		.uleb128 0x18
 1215 05c6 E7030000 		.4byte	.LASF35
 1216 05ca 06       		.byte	0x6
 1217 05cb 1D       		.byte	0x1d
ARM GAS  C:\Users\lucac\AppData\Local\Temp\ccjf6WYp.s 			page 26


 1218 05cc 8C000000 		.4byte	0x8c
 1219 05d0 05       		.uleb128 0x5
 1220 05d1 03       		.byte	0x3
 1221 05d2 00000000 		.4byte	current_minutes
 1222 05d6 18       		.uleb128 0x18
 1223 05d7 61030000 		.4byte	.LASF36
 1224 05db 06       		.byte	0x6
 1225 05dc 1E       		.byte	0x1e
 1226 05dd 8C000000 		.4byte	0x8c
 1227 05e1 05       		.uleb128 0x5
 1228 05e2 03       		.byte	0x3
 1229 05e3 00000000 		.4byte	current_hours
 1230 05e7 18       		.uleb128 0x18
 1231 05e8 F6020000 		.4byte	.LASF37
 1232 05ec 06       		.byte	0x6
 1233 05ed 1F       		.byte	0x1f
 1234 05ee 8C000000 		.4byte	0x8c
 1235 05f2 05       		.uleb128 0x5
 1236 05f3 03       		.byte	0x3
 1237 05f4 00000000 		.4byte	current_date
 1238 05f8 18       		.uleb128 0x18
 1239 05f9 AA020000 		.4byte	.LASF38
 1240 05fd 06       		.byte	0x6
 1241 05fe 20       		.byte	0x20
 1242 05ff 8C000000 		.4byte	0x8c
 1243 0603 05       		.uleb128 0x5
 1244 0604 03       		.byte	0x3
 1245 0605 00000000 		.4byte	current_month
 1246 0609 18       		.uleb128 0x18
 1247 060a CC020000 		.4byte	.LASF39
 1248 060e 06       		.byte	0x6
 1249 060f 21       		.byte	0x21
 1250 0610 97000000 		.4byte	0x97
 1251 0614 05       		.uleb128 0x5
 1252 0615 03       		.byte	0x3
 1253 0616 00000000 		.4byte	current_year
 1254 061a 18       		.uleb128 0x18
 1255 061b B2000000 		.4byte	.LASF40
 1256 061f 06       		.byte	0x6
 1257 0620 24       		.byte	0x24
 1258 0621 97000000 		.4byte	0x97
 1259 0625 05       		.uleb128 0x5
 1260 0626 03       		.byte	0x3
 1261 0627 00000000 		.4byte	eeprom_current_address
 1262 062b 19       		.uleb128 0x19
 1263 062c 22030000 		.4byte	.LASF41
 1264 0630 22030000 		.4byte	.LASF41
 1265 0634 07       		.byte	0x7
 1266 0635 B6       		.byte	0xb6
 1267 0636 19       		.uleb128 0x19
 1268 0637 00000000 		.4byte	.LASF42
 1269 063b 00000000 		.4byte	.LASF42
 1270 063f 07       		.byte	0x7
 1271 0640 B3       		.byte	0xb3
 1272 0641 19       		.uleb128 0x19
 1273 0642 96030000 		.4byte	.LASF43
 1274 0646 96030000 		.4byte	.LASF43
ARM GAS  C:\Users\lucac\AppData\Local\Temp\ccjf6WYp.s 			page 27


 1275 064a 07       		.byte	0x7
 1276 064b B7       		.byte	0xb7
 1277 064c 19       		.uleb128 0x19
 1278 064d 45000000 		.4byte	.LASF44
 1279 0651 45000000 		.4byte	.LASF44
 1280 0655 07       		.byte	0x7
 1281 0656 B1       		.byte	0xb1
 1282 0657 19       		.uleb128 0x19
 1283 0658 2C000000 		.4byte	.LASF45
 1284 065c 2C000000 		.4byte	.LASF45
 1285 0660 07       		.byte	0x7
 1286 0661 B5       		.byte	0xb5
 1287 0662 19       		.uleb128 0x19
 1288 0663 D6030000 		.4byte	.LASF46
 1289 0667 D6030000 		.4byte	.LASF46
 1290 066b 08       		.byte	0x8
 1291 066c 8B       		.byte	0x8b
 1292 066d 19       		.uleb128 0x19
 1293 066e F7030000 		.4byte	.LASF47
 1294 0672 F7030000 		.4byte	.LASF47
 1295 0676 09       		.byte	0x9
 1296 0677 76       		.byte	0x76
 1297 0678 19       		.uleb128 0x19
 1298 0679 88000000 		.4byte	.LASF48
 1299 067d 88000000 		.4byte	.LASF48
 1300 0681 0A       		.byte	0xa
 1301 0682 FD       		.byte	0xfd
 1302 0683 00       		.byte	0
 1303              		.section	.debug_abbrev,"",%progbits
 1304              	.Ldebug_abbrev0:
 1305 0000 01       		.uleb128 0x1
 1306 0001 11       		.uleb128 0x11
 1307 0002 01       		.byte	0x1
 1308 0003 25       		.uleb128 0x25
 1309 0004 0E       		.uleb128 0xe
 1310 0005 13       		.uleb128 0x13
 1311 0006 0B       		.uleb128 0xb
 1312 0007 03       		.uleb128 0x3
 1313 0008 0E       		.uleb128 0xe
 1314 0009 1B       		.uleb128 0x1b
 1315 000a 0E       		.uleb128 0xe
 1316 000b 55       		.uleb128 0x55
 1317 000c 17       		.uleb128 0x17
 1318 000d 11       		.uleb128 0x11
 1319 000e 01       		.uleb128 0x1
 1320 000f 10       		.uleb128 0x10
 1321 0010 17       		.uleb128 0x17
 1322 0011 00       		.byte	0
 1323 0012 00       		.byte	0
 1324 0013 02       		.uleb128 0x2
 1325 0014 24       		.uleb128 0x24
 1326 0015 00       		.byte	0
 1327 0016 0B       		.uleb128 0xb
 1328 0017 0B       		.uleb128 0xb
 1329 0018 3E       		.uleb128 0x3e
 1330 0019 0B       		.uleb128 0xb
 1331 001a 03       		.uleb128 0x3
ARM GAS  C:\Users\lucac\AppData\Local\Temp\ccjf6WYp.s 			page 28


 1332 001b 0E       		.uleb128 0xe
 1333 001c 00       		.byte	0
 1334 001d 00       		.byte	0
 1335 001e 03       		.uleb128 0x3
 1336 001f 16       		.uleb128 0x16
 1337 0020 00       		.byte	0
 1338 0021 03       		.uleb128 0x3
 1339 0022 0E       		.uleb128 0xe
 1340 0023 3A       		.uleb128 0x3a
 1341 0024 0B       		.uleb128 0xb
 1342 0025 3B       		.uleb128 0x3b
 1343 0026 0B       		.uleb128 0xb
 1344 0027 49       		.uleb128 0x49
 1345 0028 13       		.uleb128 0x13
 1346 0029 00       		.byte	0
 1347 002a 00       		.byte	0
 1348 002b 04       		.uleb128 0x4
 1349 002c 24       		.uleb128 0x24
 1350 002d 00       		.byte	0
 1351 002e 0B       		.uleb128 0xb
 1352 002f 0B       		.uleb128 0xb
 1353 0030 3E       		.uleb128 0x3e
 1354 0031 0B       		.uleb128 0xb
 1355 0032 03       		.uleb128 0x3
 1356 0033 08       		.uleb128 0x8
 1357 0034 00       		.byte	0
 1358 0035 00       		.byte	0
 1359 0036 05       		.uleb128 0x5
 1360 0037 04       		.uleb128 0x4
 1361 0038 01       		.byte	0x1
 1362 0039 0B       		.uleb128 0xb
 1363 003a 0B       		.uleb128 0xb
 1364 003b 49       		.uleb128 0x49
 1365 003c 13       		.uleb128 0x13
 1366 003d 3A       		.uleb128 0x3a
 1367 003e 0B       		.uleb128 0xb
 1368 003f 3B       		.uleb128 0x3b
 1369 0040 0B       		.uleb128 0xb
 1370 0041 01       		.uleb128 0x1
 1371 0042 13       		.uleb128 0x13
 1372 0043 00       		.byte	0
 1373 0044 00       		.byte	0
 1374 0045 06       		.uleb128 0x6
 1375 0046 28       		.uleb128 0x28
 1376 0047 00       		.byte	0
 1377 0048 03       		.uleb128 0x3
 1378 0049 0E       		.uleb128 0xe
 1379 004a 1C       		.uleb128 0x1c
 1380 004b 0B       		.uleb128 0xb
 1381 004c 00       		.byte	0
 1382 004d 00       		.byte	0
 1383 004e 07       		.uleb128 0x7
 1384 004f 2E       		.uleb128 0x2e
 1385 0050 01       		.byte	0x1
 1386 0051 3F       		.uleb128 0x3f
 1387 0052 19       		.uleb128 0x19
 1388 0053 03       		.uleb128 0x3
ARM GAS  C:\Users\lucac\AppData\Local\Temp\ccjf6WYp.s 			page 29


 1389 0054 0E       		.uleb128 0xe
 1390 0055 3A       		.uleb128 0x3a
 1391 0056 0B       		.uleb128 0xb
 1392 0057 3B       		.uleb128 0x3b
 1393 0058 0B       		.uleb128 0xb
 1394 0059 27       		.uleb128 0x27
 1395 005a 19       		.uleb128 0x19
 1396 005b 49       		.uleb128 0x49
 1397 005c 13       		.uleb128 0x13
 1398 005d 11       		.uleb128 0x11
 1399 005e 01       		.uleb128 0x1
 1400 005f 12       		.uleb128 0x12
 1401 0060 06       		.uleb128 0x6
 1402 0061 40       		.uleb128 0x40
 1403 0062 18       		.uleb128 0x18
 1404 0063 9742     		.uleb128 0x2117
 1405 0065 19       		.uleb128 0x19
 1406 0066 01       		.uleb128 0x1
 1407 0067 13       		.uleb128 0x13
 1408 0068 00       		.byte	0
 1409 0069 00       		.byte	0
 1410 006a 08       		.uleb128 0x8
 1411 006b 05       		.uleb128 0x5
 1412 006c 00       		.byte	0
 1413 006d 03       		.uleb128 0x3
 1414 006e 0E       		.uleb128 0xe
 1415 006f 3A       		.uleb128 0x3a
 1416 0070 0B       		.uleb128 0xb
 1417 0071 3B       		.uleb128 0x3b
 1418 0072 0B       		.uleb128 0xb
 1419 0073 49       		.uleb128 0x49
 1420 0074 13       		.uleb128 0x13
 1421 0075 02       		.uleb128 0x2
 1422 0076 17       		.uleb128 0x17
 1423 0077 00       		.byte	0
 1424 0078 00       		.byte	0
 1425 0079 09       		.uleb128 0x9
 1426 007a 34       		.uleb128 0x34
 1427 007b 00       		.byte	0
 1428 007c 03       		.uleb128 0x3
 1429 007d 0E       		.uleb128 0xe
 1430 007e 3A       		.uleb128 0x3a
 1431 007f 0B       		.uleb128 0xb
 1432 0080 3B       		.uleb128 0x3b
 1433 0081 0B       		.uleb128 0xb
 1434 0082 49       		.uleb128 0x49
 1435 0083 13       		.uleb128 0x13
 1436 0084 02       		.uleb128 0x2
 1437 0085 17       		.uleb128 0x17
 1438 0086 00       		.byte	0
 1439 0087 00       		.byte	0
 1440 0088 0A       		.uleb128 0xa
 1441 0089 0B       		.uleb128 0xb
 1442 008a 01       		.byte	0x1
 1443 008b 11       		.uleb128 0x11
 1444 008c 01       		.uleb128 0x1
 1445 008d 12       		.uleb128 0x12
ARM GAS  C:\Users\lucac\AppData\Local\Temp\ccjf6WYp.s 			page 30


 1446 008e 06       		.uleb128 0x6
 1447 008f 01       		.uleb128 0x1
 1448 0090 13       		.uleb128 0x13
 1449 0091 00       		.byte	0
 1450 0092 00       		.byte	0
 1451 0093 0B       		.uleb128 0xb
 1452 0094 34       		.uleb128 0x34
 1453 0095 00       		.byte	0
 1454 0096 03       		.uleb128 0x3
 1455 0097 08       		.uleb128 0x8
 1456 0098 3A       		.uleb128 0x3a
 1457 0099 0B       		.uleb128 0xb
 1458 009a 3B       		.uleb128 0x3b
 1459 009b 0B       		.uleb128 0xb
 1460 009c 49       		.uleb128 0x49
 1461 009d 13       		.uleb128 0x13
 1462 009e 02       		.uleb128 0x2
 1463 009f 17       		.uleb128 0x17
 1464 00a0 00       		.byte	0
 1465 00a1 00       		.byte	0
 1466 00a2 0C       		.uleb128 0xc
 1467 00a3 898201   		.uleb128 0x4109
 1468 00a6 01       		.byte	0x1
 1469 00a7 11       		.uleb128 0x11
 1470 00a8 01       		.uleb128 0x1
 1471 00a9 31       		.uleb128 0x31
 1472 00aa 13       		.uleb128 0x13
 1473 00ab 01       		.uleb128 0x1
 1474 00ac 13       		.uleb128 0x13
 1475 00ad 00       		.byte	0
 1476 00ae 00       		.byte	0
 1477 00af 0D       		.uleb128 0xd
 1478 00b0 8A8201   		.uleb128 0x410a
 1479 00b3 00       		.byte	0
 1480 00b4 02       		.uleb128 0x2
 1481 00b5 18       		.uleb128 0x18
 1482 00b6 9142     		.uleb128 0x2111
 1483 00b8 18       		.uleb128 0x18
 1484 00b9 00       		.byte	0
 1485 00ba 00       		.byte	0
 1486 00bb 0E       		.uleb128 0xe
 1487 00bc 898201   		.uleb128 0x4109
 1488 00bf 01       		.byte	0x1
 1489 00c0 11       		.uleb128 0x11
 1490 00c1 01       		.uleb128 0x1
 1491 00c2 31       		.uleb128 0x31
 1492 00c3 13       		.uleb128 0x13
 1493 00c4 00       		.byte	0
 1494 00c5 00       		.byte	0
 1495 00c6 0F       		.uleb128 0xf
 1496 00c7 898201   		.uleb128 0x4109
 1497 00ca 00       		.byte	0
 1498 00cb 11       		.uleb128 0x11
 1499 00cc 01       		.uleb128 0x1
 1500 00cd 31       		.uleb128 0x31
 1501 00ce 13       		.uleb128 0x13
 1502 00cf 00       		.byte	0
ARM GAS  C:\Users\lucac\AppData\Local\Temp\ccjf6WYp.s 			page 31


 1503 00d0 00       		.byte	0
 1504 00d1 10       		.uleb128 0x10
 1505 00d2 0F       		.uleb128 0xf
 1506 00d3 00       		.byte	0
 1507 00d4 0B       		.uleb128 0xb
 1508 00d5 0B       		.uleb128 0xb
 1509 00d6 49       		.uleb128 0x49
 1510 00d7 13       		.uleb128 0x13
 1511 00d8 00       		.byte	0
 1512 00d9 00       		.byte	0
 1513 00da 11       		.uleb128 0x11
 1514 00db 2E       		.uleb128 0x2e
 1515 00dc 01       		.byte	0x1
 1516 00dd 3F       		.uleb128 0x3f
 1517 00de 19       		.uleb128 0x19
 1518 00df 03       		.uleb128 0x3
 1519 00e0 0E       		.uleb128 0xe
 1520 00e1 3A       		.uleb128 0x3a
 1521 00e2 0B       		.uleb128 0xb
 1522 00e3 3B       		.uleb128 0x3b
 1523 00e4 0B       		.uleb128 0xb
 1524 00e5 27       		.uleb128 0x27
 1525 00e6 19       		.uleb128 0x19
 1526 00e7 11       		.uleb128 0x11
 1527 00e8 01       		.uleb128 0x1
 1528 00e9 12       		.uleb128 0x12
 1529 00ea 06       		.uleb128 0x6
 1530 00eb 40       		.uleb128 0x40
 1531 00ec 18       		.uleb128 0x18
 1532 00ed 9742     		.uleb128 0x2117
 1533 00ef 19       		.uleb128 0x19
 1534 00f0 01       		.uleb128 0x1
 1535 00f1 13       		.uleb128 0x13
 1536 00f2 00       		.byte	0
 1537 00f3 00       		.byte	0
 1538 00f4 12       		.uleb128 0x12
 1539 00f5 34       		.uleb128 0x34
 1540 00f6 00       		.byte	0
 1541 00f7 03       		.uleb128 0x3
 1542 00f8 0E       		.uleb128 0xe
 1543 00f9 3A       		.uleb128 0x3a
 1544 00fa 0B       		.uleb128 0xb
 1545 00fb 3B       		.uleb128 0x3b
 1546 00fc 0B       		.uleb128 0xb
 1547 00fd 49       		.uleb128 0x49
 1548 00fe 13       		.uleb128 0x13
 1549 00ff 02       		.uleb128 0x2
 1550 0100 18       		.uleb128 0x18
 1551 0101 00       		.byte	0
 1552 0102 00       		.byte	0
 1553 0103 13       		.uleb128 0x13
 1554 0104 34       		.uleb128 0x34
 1555 0105 00       		.byte	0
 1556 0106 03       		.uleb128 0x3
 1557 0107 08       		.uleb128 0x8
 1558 0108 3A       		.uleb128 0x3a
 1559 0109 0B       		.uleb128 0xb
ARM GAS  C:\Users\lucac\AppData\Local\Temp\ccjf6WYp.s 			page 32


 1560 010a 3B       		.uleb128 0x3b
 1561 010b 0B       		.uleb128 0xb
 1562 010c 49       		.uleb128 0x49
 1563 010d 13       		.uleb128 0x13
 1564 010e 02       		.uleb128 0x2
 1565 010f 18       		.uleb128 0x18
 1566 0110 00       		.byte	0
 1567 0111 00       		.byte	0
 1568 0112 14       		.uleb128 0x14
 1569 0113 01       		.uleb128 0x1
 1570 0114 01       		.byte	0x1
 1571 0115 49       		.uleb128 0x49
 1572 0116 13       		.uleb128 0x13
 1573 0117 01       		.uleb128 0x1
 1574 0118 13       		.uleb128 0x13
 1575 0119 00       		.byte	0
 1576 011a 00       		.byte	0
 1577 011b 15       		.uleb128 0x15
 1578 011c 21       		.uleb128 0x21
 1579 011d 00       		.byte	0
 1580 011e 49       		.uleb128 0x49
 1581 011f 13       		.uleb128 0x13
 1582 0120 2F       		.uleb128 0x2f
 1583 0121 0B       		.uleb128 0xb
 1584 0122 00       		.byte	0
 1585 0123 00       		.byte	0
 1586 0124 16       		.uleb128 0x16
 1587 0125 34       		.uleb128 0x34
 1588 0126 00       		.byte	0
 1589 0127 03       		.uleb128 0x3
 1590 0128 0E       		.uleb128 0xe
 1591 0129 3A       		.uleb128 0x3a
 1592 012a 0B       		.uleb128 0xb
 1593 012b 3B       		.uleb128 0x3b
 1594 012c 05       		.uleb128 0x5
 1595 012d 49       		.uleb128 0x49
 1596 012e 13       		.uleb128 0x13
 1597 012f 3F       		.uleb128 0x3f
 1598 0130 19       		.uleb128 0x19
 1599 0131 3C       		.uleb128 0x3c
 1600 0132 19       		.uleb128 0x19
 1601 0133 00       		.byte	0
 1602 0134 00       		.byte	0
 1603 0135 17       		.uleb128 0x17
 1604 0136 35       		.uleb128 0x35
 1605 0137 00       		.byte	0
 1606 0138 49       		.uleb128 0x49
 1607 0139 13       		.uleb128 0x13
 1608 013a 00       		.byte	0
 1609 013b 00       		.byte	0
 1610 013c 18       		.uleb128 0x18
 1611 013d 34       		.uleb128 0x34
 1612 013e 00       		.byte	0
 1613 013f 03       		.uleb128 0x3
 1614 0140 0E       		.uleb128 0xe
 1615 0141 3A       		.uleb128 0x3a
 1616 0142 0B       		.uleb128 0xb
ARM GAS  C:\Users\lucac\AppData\Local\Temp\ccjf6WYp.s 			page 33


 1617 0143 3B       		.uleb128 0x3b
 1618 0144 0B       		.uleb128 0xb
 1619 0145 49       		.uleb128 0x49
 1620 0146 13       		.uleb128 0x13
 1621 0147 3F       		.uleb128 0x3f
 1622 0148 19       		.uleb128 0x19
 1623 0149 02       		.uleb128 0x2
 1624 014a 18       		.uleb128 0x18
 1625 014b 00       		.byte	0
 1626 014c 00       		.byte	0
 1627 014d 19       		.uleb128 0x19
 1628 014e 2E       		.uleb128 0x2e
 1629 014f 00       		.byte	0
 1630 0150 3F       		.uleb128 0x3f
 1631 0151 19       		.uleb128 0x19
 1632 0152 3C       		.uleb128 0x3c
 1633 0153 19       		.uleb128 0x19
 1634 0154 6E       		.uleb128 0x6e
 1635 0155 0E       		.uleb128 0xe
 1636 0156 03       		.uleb128 0x3
 1637 0157 0E       		.uleb128 0xe
 1638 0158 3A       		.uleb128 0x3a
 1639 0159 0B       		.uleb128 0xb
 1640 015a 3B       		.uleb128 0x3b
 1641 015b 0B       		.uleb128 0xb
 1642 015c 00       		.byte	0
 1643 015d 00       		.byte	0
 1644 015e 00       		.byte	0
 1645              		.section	.debug_loc,"",%progbits
 1646              	.Ldebug_loc0:
 1647              	.LLST0:
 1648 0000 00000000 		.4byte	.LVL0
 1649 0004 0D000000 		.4byte	.LVL2-1
 1650 0008 0100     		.2byte	0x1
 1651 000a 50       		.byte	0x50
 1652 000b 0D000000 		.4byte	.LVL2-1
 1653 000f 42000000 		.4byte	.LFE64
 1654 0013 0400     		.2byte	0x4
 1655 0015 F3       		.byte	0xf3
 1656 0016 01       		.uleb128 0x1
 1657 0017 50       		.byte	0x50
 1658 0018 9F       		.byte	0x9f
 1659 0019 00000000 		.4byte	0
 1660 001d 00000000 		.4byte	0
 1661              	.LLST1:
 1662 0021 00000000 		.4byte	.LVL0
 1663 0025 0A000000 		.4byte	.LVL1
 1664 0029 0100     		.2byte	0x1
 1665 002b 51       		.byte	0x51
 1666 002c 0A000000 		.4byte	.LVL1
 1667 0030 42000000 		.4byte	.LFE64
 1668 0034 0400     		.2byte	0x4
 1669 0036 F3       		.byte	0xf3
 1670 0037 01       		.uleb128 0x1
 1671 0038 51       		.byte	0x51
 1672 0039 9F       		.byte	0x9f
 1673 003a 00000000 		.4byte	0
ARM GAS  C:\Users\lucac\AppData\Local\Temp\ccjf6WYp.s 			page 34


 1674 003e 00000000 		.4byte	0
 1675              	.LLST2:
 1676 0042 00000000 		.4byte	.LVL0
 1677 0046 0D000000 		.4byte	.LVL2-1
 1678 004a 0100     		.2byte	0x1
 1679 004c 52       		.byte	0x52
 1680 004d 0D000000 		.4byte	.LVL2-1
 1681 0051 42000000 		.4byte	.LFE64
 1682 0055 0100     		.2byte	0x1
 1683 0057 57       		.byte	0x57
 1684 0058 00000000 		.4byte	0
 1685 005c 00000000 		.4byte	0
 1686              	.LLST3:
 1687 0060 0E000000 		.4byte	.LVL2
 1688 0064 16000000 		.4byte	.LVL5
 1689 0068 0100     		.2byte	0x1
 1690 006a 50       		.byte	0x50
 1691 006b 20000000 		.4byte	.LVL7
 1692 006f 28000000 		.4byte	.LVL9
 1693 0073 0100     		.2byte	0x1
 1694 0075 50       		.byte	0x50
 1695 0076 2C000000 		.4byte	.LVL10
 1696 007a 33000000 		.4byte	.LVL11-1
 1697 007e 0100     		.2byte	0x1
 1698 0080 50       		.byte	0x50
 1699 0081 36000000 		.4byte	.LVL12
 1700 0085 42000000 		.4byte	.LFE64
 1701 0089 0100     		.2byte	0x1
 1702 008b 54       		.byte	0x54
 1703 008c 00000000 		.4byte	0
 1704 0090 00000000 		.4byte	0
 1705              	.LLST4:
 1706 0094 12000000 		.4byte	.LVL3
 1707 0098 36000000 		.4byte	.LVL12
 1708 009c 0500     		.2byte	0x5
 1709 009e 75       		.byte	0x75
 1710 009f 00       		.sleb128 0
 1711 00a0 38       		.byte	0x38
 1712 00a1 25       		.byte	0x25
 1713 00a2 9F       		.byte	0x9f
 1714 00a3 00000000 		.4byte	0
 1715 00a7 00000000 		.4byte	0
 1716              	.LLST5:
 1717 00ab 14000000 		.4byte	.LVL4
 1718 00af 22000000 		.4byte	.LVL8
 1719 00b3 0100     		.2byte	0x1
 1720 00b5 54       		.byte	0x54
 1721 00b6 22000000 		.4byte	.LVL8
 1722 00ba 36000000 		.4byte	.LVL12
 1723 00be 0100     		.2byte	0x1
 1724 00c0 55       		.byte	0x55
 1725 00c1 00000000 		.4byte	0
 1726 00c5 00000000 		.4byte	0
 1727              	.LLST6:
 1728 00c9 00000000 		.4byte	.LVL14
 1729 00cd 0B000000 		.4byte	.LVL16-1
 1730 00d1 0100     		.2byte	0x1
ARM GAS  C:\Users\lucac\AppData\Local\Temp\ccjf6WYp.s 			page 35


 1731 00d3 50       		.byte	0x50
 1732 00d4 0B000000 		.4byte	.LVL16-1
 1733 00d8 36000000 		.4byte	.LFE65
 1734 00dc 0400     		.2byte	0x4
 1735 00de F3       		.byte	0xf3
 1736 00df 01       		.uleb128 0x1
 1737 00e0 50       		.byte	0x50
 1738 00e1 9F       		.byte	0x9f
 1739 00e2 00000000 		.4byte	0
 1740 00e6 00000000 		.4byte	0
 1741              	.LLST7:
 1742 00ea 00000000 		.4byte	.LVL14
 1743 00ee 08000000 		.4byte	.LVL15
 1744 00f2 0100     		.2byte	0x1
 1745 00f4 51       		.byte	0x51
 1746 00f5 08000000 		.4byte	.LVL15
 1747 00f9 36000000 		.4byte	.LFE65
 1748 00fd 0400     		.2byte	0x4
 1749 00ff F3       		.byte	0xf3
 1750 0100 01       		.uleb128 0x1
 1751 0101 51       		.byte	0x51
 1752 0102 9F       		.byte	0x9f
 1753 0103 00000000 		.4byte	0
 1754 0107 00000000 		.4byte	0
 1755              	.LLST8:
 1756 010b 00000000 		.4byte	.LVL14
 1757 010f 0B000000 		.4byte	.LVL16-1
 1758 0113 0100     		.2byte	0x1
 1759 0115 52       		.byte	0x52
 1760 0116 0B000000 		.4byte	.LVL16-1
 1761 011a 36000000 		.4byte	.LFE65
 1762 011e 0400     		.2byte	0x4
 1763 0120 F3       		.byte	0xf3
 1764 0121 01       		.uleb128 0x1
 1765 0122 52       		.byte	0x52
 1766 0123 9F       		.byte	0x9f
 1767 0124 00000000 		.4byte	0
 1768 0128 00000000 		.4byte	0
 1769              	.LLST9:
 1770 012c 0C000000 		.4byte	.LVL16
 1771 0130 14000000 		.4byte	.LVL19
 1772 0134 0100     		.2byte	0x1
 1773 0136 50       		.byte	0x50
 1774 0137 1E000000 		.4byte	.LVL21
 1775 013b 24000000 		.4byte	.LVL23
 1776 013f 0100     		.2byte	0x1
 1777 0141 50       		.byte	0x50
 1778 0142 2A000000 		.4byte	.LVL25
 1779 0146 36000000 		.4byte	.LFE65
 1780 014a 0100     		.2byte	0x1
 1781 014c 54       		.byte	0x54
 1782 014d 00000000 		.4byte	0
 1783 0151 00000000 		.4byte	0
 1784              	.LLST10:
 1785 0155 10000000 		.4byte	.LVL17
 1786 0159 2A000000 		.4byte	.LVL25
 1787 015d 0500     		.2byte	0x5
ARM GAS  C:\Users\lucac\AppData\Local\Temp\ccjf6WYp.s 			page 36


 1788 015f 75       		.byte	0x75
 1789 0160 00       		.sleb128 0
 1790 0161 38       		.byte	0x38
 1791 0162 25       		.byte	0x25
 1792 0163 9F       		.byte	0x9f
 1793 0164 00000000 		.4byte	0
 1794 0168 00000000 		.4byte	0
 1795              	.LLST11:
 1796 016c 12000000 		.4byte	.LVL18
 1797 0170 20000000 		.4byte	.LVL22
 1798 0174 0100     		.2byte	0x1
 1799 0176 54       		.byte	0x54
 1800 0177 20000000 		.4byte	.LVL22
 1801 017b 2A000000 		.4byte	.LVL25
 1802 017f 0100     		.2byte	0x1
 1803 0181 55       		.byte	0x55
 1804 0182 00000000 		.4byte	0
 1805 0186 00000000 		.4byte	0
 1806              	.LLST12:
 1807 018a 00000000 		.4byte	.LVL27
 1808 018e 0E000000 		.4byte	.LVL28
 1809 0192 0100     		.2byte	0x1
 1810 0194 50       		.byte	0x50
 1811 0195 0E000000 		.4byte	.LVL28
 1812 0199 30010000 		.4byte	.LFE66
 1813 019d 0400     		.2byte	0x4
 1814 019f F3       		.byte	0xf3
 1815 01a0 01       		.uleb128 0x1
 1816 01a1 50       		.byte	0x50
 1817 01a2 9F       		.byte	0x9f
 1818 01a3 00000000 		.4byte	0
 1819 01a7 00000000 		.4byte	0
 1820              	.LLST13:
 1821 01ab 12000000 		.4byte	.LVL29
 1822 01af 18000000 		.4byte	.LVL30
 1823 01b3 0100     		.2byte	0x1
 1824 01b5 50       		.byte	0x50
 1825 01b6 34000000 		.4byte	.LVL33
 1826 01ba 3A000000 		.4byte	.LVL34
 1827 01be 0100     		.2byte	0x1
 1828 01c0 50       		.byte	0x50
 1829 01c1 56000000 		.4byte	.LVL37
 1830 01c5 5C000000 		.4byte	.LVL38
 1831 01c9 0100     		.2byte	0x1
 1832 01cb 50       		.byte	0x50
 1833 01cc 78000000 		.4byte	.LVL41
 1834 01d0 7E000000 		.4byte	.LVL42
 1835 01d4 0100     		.2byte	0x1
 1836 01d6 50       		.byte	0x50
 1837 01d7 9A000000 		.4byte	.LVL45
 1838 01db A0000000 		.4byte	.LVL46
 1839 01df 0100     		.2byte	0x1
 1840 01e1 50       		.byte	0x50
 1841 01e2 BC000000 		.4byte	.LVL49
 1842 01e6 C2000000 		.4byte	.LVL50
 1843 01ea 0100     		.2byte	0x1
 1844 01ec 50       		.byte	0x50
ARM GAS  C:\Users\lucac\AppData\Local\Temp\ccjf6WYp.s 			page 37


 1845 01ed DC000000 		.4byte	.LVL53
 1846 01f1 E2000000 		.4byte	.LVL54
 1847 01f5 0100     		.2byte	0x1
 1848 01f7 50       		.byte	0x50
 1849 01f8 00000000 		.4byte	0
 1850 01fc 00000000 		.4byte	0
 1851              	.LLST14:
 1852 0200 00000000 		.4byte	.LVL57
 1853 0204 0C000000 		.4byte	.LVL59
 1854 0208 0100     		.2byte	0x1
 1855 020a 50       		.byte	0x50
 1856 020b 0C000000 		.4byte	.LVL59
 1857 020f 40000000 		.4byte	.LFE67
 1858 0213 0400     		.2byte	0x4
 1859 0215 F3       		.byte	0xf3
 1860 0216 01       		.uleb128 0x1
 1861 0217 50       		.byte	0x50
 1862 0218 9F       		.byte	0x9f
 1863 0219 00000000 		.4byte	0
 1864 021d 00000000 		.4byte	0
 1865              	.LLST15:
 1866 0221 10000000 		.4byte	.LVL60
 1867 0225 16000000 		.4byte	.LVL61
 1868 0229 0100     		.2byte	0x1
 1869 022b 50       		.byte	0x50
 1870 022c 00000000 		.4byte	0
 1871 0230 00000000 		.4byte	0
 1872              	.LLST16:
 1873 0234 04000000 		.4byte	.LVL58
 1874 0238 28000000 		.4byte	.LVL63
 1875 023c 0200     		.2byte	0x2
 1876 023e 30       		.byte	0x30
 1877 023f 9F       		.byte	0x9f
 1878 0240 00000000 		.4byte	0
 1879 0244 00000000 		.4byte	0
 1880              		.section	.debug_aranges,"",%progbits
 1881 0000 34000000 		.4byte	0x34
 1882 0004 0200     		.2byte	0x2
 1883 0006 00000000 		.4byte	.Ldebug_info0
 1884 000a 04       		.byte	0x4
 1885 000b 00       		.byte	0
 1886 000c 0000     		.2byte	0
 1887 000e 0000     		.2byte	0
 1888 0010 00000000 		.4byte	.LFB64
 1889 0014 42000000 		.4byte	.LFE64-.LFB64
 1890 0018 00000000 		.4byte	.LFB65
 1891 001c 36000000 		.4byte	.LFE65-.LFB65
 1892 0020 00000000 		.4byte	.LFB66
 1893 0024 30010000 		.4byte	.LFE66-.LFB66
 1894 0028 00000000 		.4byte	.LFB67
 1895 002c 40000000 		.4byte	.LFE67-.LFB67
 1896 0030 00000000 		.4byte	0
 1897 0034 00000000 		.4byte	0
 1898              		.section	.debug_ranges,"",%progbits
 1899              	.Ldebug_ranges0:
 1900 0000 00000000 		.4byte	.LFB64
 1901 0004 42000000 		.4byte	.LFE64
ARM GAS  C:\Users\lucac\AppData\Local\Temp\ccjf6WYp.s 			page 38


 1902 0008 00000000 		.4byte	.LFB65
 1903 000c 36000000 		.4byte	.LFE65
 1904 0010 00000000 		.4byte	.LFB66
 1905 0014 30010000 		.4byte	.LFE66
 1906 0018 00000000 		.4byte	.LFB67
 1907 001c 40000000 		.4byte	.LFE67
 1908 0020 00000000 		.4byte	0
 1909 0024 00000000 		.4byte	0
 1910              		.section	.debug_line,"",%progbits
 1911              	.Ldebug_line0:
 1912 0000 7A020000 		.section	.debug_str,"MS",%progbits,1
 1912      0200FE01 
 1912      00000201 
 1912      FB0E0D00 
 1912      01010101 
 1913              	.LASF42:
 1914 0000 4932434D 		.ascii	"I2CMASTER_MasterSendRestart\000"
 1914      41535445 
 1914      525F4D61 
 1914      73746572 
 1914      53656E64 
 1915              	.LASF3:
 1916 001c 5F5F7569 		.ascii	"__uint8_t\000"
 1916      6E74385F 
 1916      7400
 1917              	.LASF33:
 1918 0026 73746174 		.ascii	"state\000"
 1918      6500
 1919              	.LASF45:
 1920 002c 4932434D 		.ascii	"I2CMASTER_MasterSendStop\000"
 1920      41535445 
 1920      525F4D61 
 1920      73746572 
 1920      53656E64 
 1921              	.LASF44:
 1922 0045 4932434D 		.ascii	"I2CMASTER_MasterSendStart\000"
 1922      41535445 
 1922      525F4D61 
 1922      73746572 
 1922      53656E64 
 1923              	.LASF6:
 1924 005f 5F5F696E 		.ascii	"__int32_t\000"
 1924      7433325F 
 1924      7400
 1925              	.LASF29:
 1926 0069 676C7563 		.ascii	"glucose_concentration\000"
 1926      6F73655F 
 1926      636F6E63 
 1926      656E7472 
 1926      6174696F 
 1927              	.LASF7:
 1928 007f 6C6F6E67 		.ascii	"long int\000"
 1928      20696E74 
 1928      00
 1929              	.LASF48:
 1930 0088 736E7072 		.ascii	"snprintf\000"
 1930      696E7466 
ARM GAS  C:\Users\lucac\AppData\Local\Temp\ccjf6WYp.s 			page 39


 1930      00
 1931              	.LASF50:
 1932 0091 45455052 		.ascii	"EEPROM_Driver.c\000"
 1932      4F4D5F44 
 1932      72697665 
 1932      722E6300 
 1933              	.LASF22:
 1934 00a1 4572726F 		.ascii	"ErrorCode\000"
 1934      72436F64 
 1934      6500
 1935              	.LASF16:
 1936 00ab 646F7562 		.ascii	"double\000"
 1936      6C6500
 1937              	.LASF40:
 1938 00b2 65657072 		.ascii	"eeprom_current_address\000"
 1938      6F6D5F63 
 1938      75727265 
 1938      6E745F61 
 1938      64647265 
 1939              	.LASF30:
 1940 00c9 6765745F 		.ascii	"get_measurement_from_memory\000"
 1940      6D656173 
 1940      7572656D 
 1940      656E745F 
 1940      66726F6D 
 1941              	.LASF15:
 1942 00e5 666C6F61 		.ascii	"float\000"
 1942      7400
 1943              	.LASF25:
 1944 00eb 64617461 		.ascii	"data\000"
 1944      00
 1945              	.LASF1:
 1946 00f0 756E7369 		.ascii	"unsigned char\000"
 1946      676E6564 
 1946      20636861 
 1946      7200
 1947              	.LASF49:
 1948 00fe 474E5520 		.ascii	"GNU C11 5.4.1 20160609 (release) [ARM/embedded-5-br"
 1948      43313120 
 1948      352E342E 
 1948      31203230 
 1948      31363036 
 1949 0131 616E6368 		.ascii	"anch revision 237715] -mcpu=cortex-m3 -mthumb -g -O"
 1949      20726576 
 1949      6973696F 
 1949      6E203233 
 1949      37373135 
 1950 0164 67202D66 		.ascii	"g -ffunction-sections -ffat-lto-objects\000"
 1950      66756E63 
 1950      74696F6E 
 1950      2D736563 
 1950      74696F6E 
 1951              	.LASF31:
 1952 018c 65657072 		.ascii	"eeprom_address\000"
 1952      6F6D5F61 
 1952      64647265 
 1952      737300
ARM GAS  C:\Users\lucac\AppData\Local\Temp\ccjf6WYp.s 			page 40


 1953              	.LASF52:
 1954 019b 73617665 		.ascii	"save_current_measurement\000"
 1954      5F637572 
 1954      72656E74 
 1954      5F6D6561 
 1954      73757265 
 1955              	.LASF51:
 1956 01b4 433A5C55 		.ascii	"C:\\Users\\lucac\\Desktop\\Luca\\PoliMi\\Magistrale"
 1956      73657273 
 1956      5C6C7563 
 1956      61635C44 
 1956      65736B74 
 1957 01e1 5C494920 		.ascii	"\\II anno\\Electronic technologies and biosensors l"
 1957      616E6E6F 
 1957      5C456C65 
 1957      6374726F 
 1957      6E696320 
 1958 0212 61626F72 		.ascii	"aboratory\\Projects\\Project_ETBL\\Project_design.c"
 1958      61746F72 
 1958      795C5072 
 1958      6F6A6563 
 1958      74735C50 
 1959 0242 7964736E 		.ascii	"ydsn\000"
 1959      00
 1960              	.LASF5:
 1961 0247 73686F72 		.ascii	"short unsigned int\000"
 1961      7420756E 
 1961      7369676E 
 1961      65642069 
 1961      6E7400
 1962              	.LASF24:
 1963 025a 72656769 		.ascii	"register_address\000"
 1963      73746572 
 1963      5F616464 
 1963      72657373 
 1963      00
 1964              	.LASF32:
 1965 026b 49544D5F 		.ascii	"ITM_RxBuffer\000"
 1965      52784275 
 1965      66666572 
 1965      00
 1966              	.LASF4:
 1967 0278 5F5F7569 		.ascii	"__uint16_t\000"
 1967      6E743136 
 1967      5F7400
 1968              	.LASF8:
 1969 0283 6C6F6E67 		.ascii	"long unsigned int\000"
 1969      20756E73 
 1969      69676E65 
 1969      6420696E 
 1969      7400
 1970              	.LASF28:
 1971 0295 45455052 		.ascii	"EEPROM_WriteRegister\000"
 1971      4F4D5F57 
 1971      72697465 
 1971      52656769 
 1971      73746572 
ARM GAS  C:\Users\lucac\AppData\Local\Temp\ccjf6WYp.s 			page 41


 1972              	.LASF38:
 1973 02aa 63757272 		.ascii	"current_month\000"
 1973      656E745F 
 1973      6D6F6E74 
 1973      6800
 1974              	.LASF27:
 1975 02b8 45455052 		.ascii	"EEPROM_ReadRegister\000"
 1975      4F4D5F52 
 1975      65616452 
 1975      65676973 
 1975      74657200 
 1976              	.LASF39:
 1977 02cc 63757272 		.ascii	"current_year\000"
 1977      656E745F 
 1977      79656172 
 1977      00
 1978              	.LASF11:
 1979 02d9 756E7369 		.ascii	"unsigned int\000"
 1979      676E6564 
 1979      20696E74 
 1979      00
 1980              	.LASF34:
 1981 02e6 63757272 		.ascii	"current_seconds\000"
 1981      656E745F 
 1981      7365636F 
 1981      6E647300 
 1982              	.LASF37:
 1983 02f6 63757272 		.ascii	"current_date\000"
 1983      656E745F 
 1983      64617465 
 1983      00
 1984              	.LASF10:
 1985 0303 6C6F6E67 		.ascii	"long long unsigned int\000"
 1985      206C6F6E 
 1985      6720756E 
 1985      7369676E 
 1985      65642069 
 1986              	.LASF12:
 1987 031a 75696E74 		.ascii	"uint8_t\000"
 1987      385F7400 
 1988              	.LASF41:
 1989 0322 4932434D 		.ascii	"I2CMASTER_MasterWriteByte\000"
 1989      41535445 
 1989      525F4D61 
 1989      73746572 
 1989      57726974 
 1990              	.LASF14:
 1991 033c 696E7433 		.ascii	"int32_t\000"
 1991      325F7400 
 1992              	.LASF19:
 1993 0344 73697A65 		.ascii	"sizetype\000"
 1993      74797065 
 1993      00
 1994              	.LASF26:
 1995 034d 6572726F 		.ascii	"error\000"
 1995      7200
 1996              	.LASF9:
ARM GAS  C:\Users\lucac\AppData\Local\Temp\ccjf6WYp.s 			page 42


 1997 0353 6C6F6E67 		.ascii	"long long int\000"
 1997      206C6F6E 
 1997      6720696E 
 1997      7400
 1998              	.LASF36:
 1999 0361 63757272 		.ascii	"current_hours\000"
 1999      656E745F 
 1999      686F7572 
 1999      7300
 2000              	.LASF17:
 2001 036f 63686172 		.ascii	"char\000"
 2001      00
 2002              	.LASF13:
 2003 0374 75696E74 		.ascii	"uint16_t\000"
 2003      31365F74 
 2003      00
 2004              	.LASF2:
 2005 037d 73686F72 		.ascii	"short int\000"
 2005      7420696E 
 2005      7400
 2006              	.LASF23:
 2007 0387 64657669 		.ascii	"device_address\000"
 2007      63655F61 
 2007      64647265 
 2007      737300
 2008              	.LASF43:
 2009 0396 4932434D 		.ascii	"I2CMASTER_MasterReadByte\000"
 2009      41535445 
 2009      525F4D61 
 2009      73746572 
 2009      52656164 
 2010              	.LASF20:
 2011 03af 4E4F5F45 		.ascii	"NO_ERROR\000"
 2011      52524F52 
 2011      00
 2012              	.LASF21:
 2013 03b8 4552524F 		.ascii	"ERROR\000"
 2013      5200
 2014              	.LASF18:
 2015 03be 6C6F6E67 		.ascii	"long double\000"
 2015      20646F75 
 2015      626C6500 
 2016              	.LASF0:
 2017 03ca 7369676E 		.ascii	"signed char\000"
 2017      65642063 
 2017      68617200 
 2018              	.LASF46:
 2019 03d6 55415254 		.ascii	"UART_1_PutString\000"
 2019      5F315F50 
 2019      75745374 
 2019      72696E67 
 2019      00
 2020              	.LASF35:
 2021 03e7 63757272 		.ascii	"current_minutes\000"
 2021      656E745F 
 2021      6D696E75 
 2021      74657300 
ARM GAS  C:\Users\lucac\AppData\Local\Temp\ccjf6WYp.s 			page 43


 2022              	.LASF47:
 2023 03f7 43794465 		.ascii	"CyDelay\000"
 2023      6C617900 
 2024              		.ident	"GCC: (GNU Tools for ARM Embedded Processors) 5.4.1 20160609 (release) [ARM/embedded-5-bran
