ARM GAS  C:\Users\lucac\AppData\Local\Temp\ccBBqF4V.s 			page 1


   1              		.syntax unified
   2              		.cpu cortex-m3
   3              		.fpu softvfp
   4              		.eabi_attribute 20, 1
   5              		.eabi_attribute 21, 1
   6              		.eabi_attribute 23, 3
   7              		.eabi_attribute 24, 1
   8              		.eabi_attribute 25, 1
   9              		.eabi_attribute 26, 1
  10              		.eabi_attribute 30, 1
  11              		.eabi_attribute 34, 1
  12              		.eabi_attribute 18, 4
  13              		.thumb
  14              		.syntax unified
  15              		.file	"main.c"
  16              		.text
  17              	.Ltext0:
  18              		.cfi_sections	.debug_frame
  19              		.section	.text.main,"ax",%progbits
  20              		.align	2
  21              		.global	main
  22              		.thumb
  23              		.thumb_func
  24              		.type	main, %function
  25              	main:
  26              	.LFB64:
  27              		.file 1 "main.c"
   1:main.c        **** /* ========================================================================
   2:main.c        ****  *
   3:main.c        ****  * ELECTRONIC TECHNOLOGIES AND BIOSENSORS LABORATORY
   4:main.c        ****  * Academic year 2021/22, II Semester
   5:main.c        ****  * Final Project
   6:main.c        ****  *
   7:main.c        ****  * Authors: Group 2
   8:main.c        ****  *
   9:main.c        ****  * --------------------------------- MAIN ---------------------------------
  10:main.c        ****  * Main file.
  11:main.c        ****  * ------------------------------------------------------------------------
  12:main.c        ****  * 
  13:main.c        ****  * ========================================================================
  14:main.c        **** */
  15:main.c        **** #include <project.h>
  16:main.c        **** #include <string.h>
  17:main.c        **** #include <stdio.h>
  18:main.c        **** 
  19:main.c        **** #include "OLED_Driver.h"
  20:main.c        **** #include "RTC_Driver.h"
  21:main.c        **** #include "EEPROM_Driver.h"
  22:main.c        **** #include "ErrorCodes.h"
  23:main.c        **** #include "time.h"
  24:main.c        **** 
  25:main.c        **** #define INITIALIZATION 0
  26:main.c        **** #define IDLE 1
  27:main.c        **** #define MEASUREMENT 2
  28:main.c        **** 
  29:main.c        **** 
  30:main.c        **** uint8_t seconds = 0;
ARM GAS  C:\Users\lucac\AppData\Local\Temp\ccBBqF4V.s 			page 2


  31:main.c        **** 
  32:main.c        **** char rtc_content[64] = {};
  33:main.c        **** uint8_t rtc_data_register;
  34:main.c        **** 
  35:main.c        **** int main(void)
  36:main.c        **** {
  28              		.loc 1 36 0
  29              		.cfi_startproc
  30              		@ args = 0, pretend = 0, frame = 104
  31              		@ frame_needed = 0, uses_anonymous_args = 0
  32 0000 2DE9F04F 		push	{r4, r5, r6, r7, r8, r9, r10, fp, lr}
  33              		.cfi_def_cfa_offset 36
  34              		.cfi_offset 4, -36
  35              		.cfi_offset 5, -32
  36              		.cfi_offset 6, -28
  37              		.cfi_offset 7, -24
  38              		.cfi_offset 8, -20
  39              		.cfi_offset 9, -16
  40              		.cfi_offset 10, -12
  41              		.cfi_offset 11, -8
  42              		.cfi_offset 14, -4
  43 0004 A1B0     		sub	sp, sp, #132
  44              		.cfi_def_cfa_offset 168
  37:main.c        ****     state = 0;
  45              		.loc 1 37 0
  46 0006 0024     		movs	r4, #0
  47 0008 724B     		ldr	r3, .L14
  48 000a 1C70     		strb	r4, [r3]
  38:main.c        ****     CyGlobalIntEnable;
  49              		.loc 1 38 0
  50              		.syntax unified
  51              	@ 38 "main.c" 1
  52 000c 62B6     		CPSIE   i
  53              	@ 0 "" 2
  39:main.c        ****         
  40:main.c        ****     I2CMASTER_Start();
  54              		.loc 1 40 0
  55              		.thumb
  56              		.syntax unified
  57 000e FFF7FEFF 		bl	I2CMASTER_Start
  58              	.LVL0:
  41:main.c        ****     UART_1_Start();
  59              		.loc 1 41 0
  60 0012 FFF7FEFF 		bl	UART_1_Start
  61              	.LVL1:
  42:main.c        ****     
  43:main.c        ****     CyDelay(5);
  62              		.loc 1 43 0
  63 0016 0520     		movs	r0, #5
  64 0018 FFF7FEFF 		bl	CyDelay
  65              	.LVL2:
  44:main.c        **** 
  45:main.c        ****     display_init(DISPLAY_ADDRESS);
  66              		.loc 1 45 0
  67 001c 3D20     		movs	r0, #61
  68 001e FFF7FEFF 		bl	display_init
  69              	.LVL3:
ARM GAS  C:\Users\lucac\AppData\Local\Temp\ccBBqF4V.s 			page 3


  46:main.c        ****     rtc_init(RTC_ADDRESS);
  70              		.loc 1 46 0
  71 0022 6820     		movs	r0, #104
  72 0024 FFF7FEFF 		bl	rtc_init
  73              	.LVL4:
  47:main.c        ****     eeprom_current_address = 0x0000;
  74              		.loc 1 47 0
  75 0028 6B4B     		ldr	r3, .L14+4
  76 002a 1C80     		strh	r4, [r3]	@ movhi
  77              	.LVL5:
  48:main.c        ****     
  49:main.c        ****     /*If you want to setup the RTC, uncomment the following line and insert the needed informations
  50:main.c        ****       Seconds, Minutes, Hours, Date, Month, Year
  51:main.c        ****       Then run the program, re-comment the line and re-run the program
  52:main.c        ****     */
  53:main.c        ****     //set_RTC(0x10,0x59,0x09,0x12,MAY,Y_2022);
  54:main.c        ****     
  55:main.c        ****     uint8_t glucose_concentration = 100;
  56:main.c        ****     uint8_t glucose_concentration_from_memory = 0;
  57:main.c        ****     char flag = 0;
  58:main.c        ****     char unit[] = "mg/dl";
  59:main.c        ****     
  60:main.c        ****     int len = 0;
  61:main.c        ****     
  62:main.c        ****     uint32_t rval;
  63:main.c        ****     char message[100] = {'\0'};
  78              		.loc 1 63 0
  79 002c 6422     		movs	r2, #100
  80 002e 2146     		mov	r1, r4
  81 0030 07A8     		add	r0, sp, #28
  82 0032 FFF7FEFF 		bl	memset
  83              	.LVL6:
  64:main.c        ****     
  65:main.c        ****     //display_clear();
  66:main.c        ****     UART_1_PutString("\r\n**************\r\n");
  84              		.loc 1 66 0
  85 0036 6948     		ldr	r0, .L14+8
  86 0038 FFF7FEFF 		bl	UART_1_PutString
  87              	.LVL7:
  67:main.c        ****     UART_1_PutString("** I2C Scan **\r\n");
  88              		.loc 1 67 0
  89 003c 6848     		ldr	r0, .L14+12
  90 003e FFF7FEFF 		bl	UART_1_PutString
  91              	.LVL8:
  68:main.c        ****     UART_1_PutString("**************\r\n");
  92              		.loc 1 68 0
  93 0042 6848     		ldr	r0, .L14+16
  94 0044 FFF7FEFF 		bl	UART_1_PutString
  95              	.LVL9:
  69:main.c        ****     
  70:main.c        ****     CyDelay(10);
  96              		.loc 1 70 0
  97 0048 0A20     		movs	r0, #10
  98 004a FFF7FEFF 		bl	CyDelay
  99              	.LVL10:
  71:main.c        ****     
  72:main.c        ****     UART_1_PutString("\n\n   ");
ARM GAS  C:\Users\lucac\AppData\Local\Temp\ccBBqF4V.s 			page 4


 100              		.loc 1 72 0
 101 004e 6648     		ldr	r0, .L14+20
 102 0050 FFF7FEFF 		bl	UART_1_PutString
 103              	.LVL11:
 104              	.LBB2:
  73:main.c        **** 	for(uint8_t i = 0; i<0x10; i++)
 105              		.loc 1 73 0
 106 0054 09E0     		b	.L2
 107              	.LVL12:
 108              	.L3:
  74:main.c        **** 	{
  75:main.c        ****         sprintf(message, "%02X ", i);
 109              		.loc 1 75 0 discriminator 3
 110 0056 2246     		mov	r2, r4
 111 0058 6449     		ldr	r1, .L14+24
 112 005a 07A8     		add	r0, sp, #28
 113 005c FFF7FEFF 		bl	sprintf
 114              	.LVL13:
  76:main.c        **** 		UART_1_PutString(message);
 115              		.loc 1 76 0 discriminator 3
 116 0060 07A8     		add	r0, sp, #28
 117 0062 FFF7FEFF 		bl	UART_1_PutString
 118              	.LVL14:
  73:main.c        **** 	for(uint8_t i = 0; i<0x10; i++)
 119              		.loc 1 73 0 discriminator 3
 120 0066 0134     		adds	r4, r4, #1
 121              	.LVL15:
 122 0068 E4B2     		uxtb	r4, r4
 123              	.LVL16:
 124              	.L2:
  73:main.c        **** 	for(uint8_t i = 0; i<0x10; i++)
 125              		.loc 1 73 0 is_stmt 0 discriminator 1
 126 006a 0F2C     		cmp	r4, #15
 127 006c F3D9     		bls	.L3
 128 006e 0024     		movs	r4, #0
 129              	.LVL17:
 130 0070 1FE0     		b	.L4
 131              	.LVL18:
 132              	.L8:
 133              	.LBE2:
 134              	.LBB3:
  77:main.c        **** 	}
  78:main.c        ****  
  79:main.c        ****     
  80:main.c        ****     // SCAN the I2C BUS for slaves
  81:main.c        **** 	for( uint8_t i2caddress = 0; i2caddress < 0x80; i2caddress++ ) {
  82:main.c        ****         
  83:main.c        **** 		if(i2caddress % 0x10 == 0 ) {
 135              		.loc 1 83 0 is_stmt 1
 136 0072 14F00F0F 		tst	r4, #15
 137 0076 07D1     		bne	.L5
  84:main.c        ****             sprintf(message, "\n%02X ", i2caddress);
 138              		.loc 1 84 0
 139 0078 2246     		mov	r2, r4
 140 007a 5D49     		ldr	r1, .L14+28
 141 007c 07A8     		add	r0, sp, #28
 142 007e FFF7FEFF 		bl	sprintf
ARM GAS  C:\Users\lucac\AppData\Local\Temp\ccBBqF4V.s 			page 5


 143              	.LVL19:
  85:main.c        **** 		    UART_1_PutString(message);
 144              		.loc 1 85 0
 145 0082 07A8     		add	r0, sp, #28
 146 0084 FFF7FEFF 		bl	UART_1_PutString
 147              	.LVL20:
 148              	.L5:
  86:main.c        ****         }
  87:main.c        ****  
  88:main.c        **** 		rval = I2CMASTER_MasterSendStart(i2caddress, I2CMASTER_WRITE_XFER_MODE);
 149              		.loc 1 88 0
 150 0088 0021     		movs	r1, #0
 151 008a 2046     		mov	r0, r4
 152 008c FFF7FEFF 		bl	I2CMASTER_MasterSendStart
 153              	.LVL21:
  89:main.c        ****         
  90:main.c        ****         if( rval == I2CMASTER_MSTR_NO_ERROR ) // If you get ACK then print the address
 154              		.loc 1 90 0
 155 0090 40B9     		cbnz	r0, .L6
  91:main.c        **** 		{
  92:main.c        ****             sprintf(message, "%02X ", i2caddress);
 156              		.loc 1 92 0
 157 0092 2246     		mov	r2, r4
 158 0094 5549     		ldr	r1, .L14+24
 159 0096 07A8     		add	r0, sp, #28
 160              	.LVL22:
 161 0098 FFF7FEFF 		bl	sprintf
 162              	.LVL23:
  93:main.c        **** 		    UART_1_PutString(message);
 163              		.loc 1 93 0
 164 009c 07A8     		add	r0, sp, #28
 165 009e FFF7FEFF 		bl	UART_1_PutString
 166              	.LVL24:
 167 00a2 02E0     		b	.L7
 168              	.LVL25:
 169              	.L6:
  94:main.c        **** 		}
  95:main.c        **** 		else //  Otherwise print a --
  96:main.c        **** 		{
  97:main.c        **** 		    UART_1_PutString("-- ");
 170              		.loc 1 97 0
 171 00a4 5348     		ldr	r0, .L14+32
 172              	.LVL26:
 173 00a6 FFF7FEFF 		bl	UART_1_PutString
 174              	.LVL27:
 175              	.L7:
  98:main.c        **** 		}
  99:main.c        ****         I2CMASTER_MasterSendStop();
 176              		.loc 1 99 0 discriminator 2
 177 00aa FFF7FEFF 		bl	I2CMASTER_MasterSendStop
 178              	.LVL28:
  81:main.c        ****         
 179              		.loc 1 81 0 discriminator 2
 180 00ae 0134     		adds	r4, r4, #1
 181              	.LVL29:
 182 00b0 E4B2     		uxtb	r4, r4
 183              	.LVL30:
ARM GAS  C:\Users\lucac\AppData\Local\Temp\ccBBqF4V.s 			page 6


 184              	.L4:
  81:main.c        ****         
 185              		.loc 1 81 0 is_stmt 0 discriminator 1
 186 00b2 14F0800F 		tst	r4, #128
 187 00b6 DCD0     		beq	.L8
 188              	.LBE3:
 100:main.c        **** 	}
 101:main.c        **** 	UART_1_PutString("\n\n");
 189              		.loc 1 101 0 is_stmt 1
 190 00b8 4F48     		ldr	r0, .L14+36
 191 00ba FFF7FEFF 		bl	UART_1_PutString
 192              	.LVL31:
  57:main.c        ****     char unit[] = "mg/dl";
 193              		.loc 1 57 0
 194 00be 4FF00009 		mov	r9, #0
 195              	.LVL32:
 196              	.L9:
 102:main.c        **** 
 103:main.c        ****     for(;;)
 104:main.c        ****     {
 105:main.c        ****         switch(state) {
 197              		.loc 1 105 0
 198 00c2 444B     		ldr	r3, .L14
 199 00c4 1B78     		ldrb	r3, [r3]	@ zero_extendqisi2
 200 00c6 002B     		cmp	r3, #0
 201 00c8 FBD1     		bne	.L9
 106:main.c        ****             case INITIALIZATION:
 107:main.c        ****                 OLED_welcome_screen();
 202              		.loc 1 107 0
 203 00ca FFF7FEFF 		bl	OLED_welcome_screen
 204              	.LVL33:
 108:main.c        ****                 
 109:main.c        ****                 rtc_read_time(RTC_ADDRESS);
 205              		.loc 1 109 0
 206 00ce 6820     		movs	r0, #104
 207 00d0 FFF7FEFF 		bl	rtc_read_time
 208              	.LVL34:
 110:main.c        ****                 len = snprintf(rtc_content, sizeof(rtc_content), "Secondi: %d\r\n", current_seconds
 209              		.loc 1 110 0
 210 00d4 494D     		ldr	r5, .L14+40
 211 00d6 4A4C     		ldr	r4, .L14+44
 212 00d8 2B78     		ldrb	r3, [r5]	@ zero_extendqisi2
 213 00da 4A4A     		ldr	r2, .L14+48
 214 00dc 4021     		movs	r1, #64
 215 00de 2046     		mov	r0, r4
 216 00e0 FFF7FEFF 		bl	snprintf
 217              	.LVL35:
 111:main.c        ****                 UART_1_PutString(rtc_content);
 218              		.loc 1 111 0
 219 00e4 2046     		mov	r0, r4
 220 00e6 FFF7FEFF 		bl	UART_1_PutString
 221              	.LVL36:
 112:main.c        ****                 len = snprintf(rtc_content, sizeof(rtc_content), "Minuti: %d\r\n", current_minutes)
 222              		.loc 1 112 0
 223 00ea 474E     		ldr	r6, .L14+52
 224 00ec 3378     		ldrb	r3, [r6]	@ zero_extendqisi2
 225 00ee 474A     		ldr	r2, .L14+56
ARM GAS  C:\Users\lucac\AppData\Local\Temp\ccBBqF4V.s 			page 7


 226 00f0 4021     		movs	r1, #64
 227 00f2 2046     		mov	r0, r4
 228 00f4 FFF7FEFF 		bl	snprintf
 229              	.LVL37:
 113:main.c        ****                 UART_1_PutString(rtc_content);
 230              		.loc 1 113 0
 231 00f8 2046     		mov	r0, r4
 232 00fa FFF7FEFF 		bl	UART_1_PutString
 233              	.LVL38:
 114:main.c        ****                 len = snprintf(rtc_content, sizeof(rtc_content), "Ore: %d\r\n", current_hours);
 234              		.loc 1 114 0
 235 00fe 444F     		ldr	r7, .L14+60
 236 0100 3B78     		ldrb	r3, [r7]	@ zero_extendqisi2
 237 0102 444A     		ldr	r2, .L14+64
 238 0104 4021     		movs	r1, #64
 239 0106 2046     		mov	r0, r4
 240 0108 FFF7FEFF 		bl	snprintf
 241              	.LVL39:
 115:main.c        ****                 UART_1_PutString(rtc_content);
 242              		.loc 1 115 0
 243 010c 2046     		mov	r0, r4
 244 010e FFF7FEFF 		bl	UART_1_PutString
 245              	.LVL40:
 116:main.c        ****                 len = snprintf(rtc_content, sizeof(rtc_content), "Giorno: %d\r\n", current_date);
 246              		.loc 1 116 0
 247 0112 DFF814B1 		ldr	fp, .L14+84
 248 0116 9BF80030 		ldrb	r3, [fp]	@ zero_extendqisi2
 249 011a 3F4A     		ldr	r2, .L14+68
 250 011c 4021     		movs	r1, #64
 251 011e 2046     		mov	r0, r4
 252 0120 FFF7FEFF 		bl	snprintf
 253              	.LVL41:
 117:main.c        ****                 UART_1_PutString(rtc_content);
 254              		.loc 1 117 0
 255 0124 2046     		mov	r0, r4
 256 0126 FFF7FEFF 		bl	UART_1_PutString
 257              	.LVL42:
 118:main.c        ****                 len = snprintf(rtc_content, sizeof(rtc_content), "Mese: %d\r\n", current_month);
 258              		.loc 1 118 0
 259 012a DFF800A1 		ldr	r10, .L14+88
 260 012e 9AF80030 		ldrb	r3, [r10]	@ zero_extendqisi2
 261 0132 3A4A     		ldr	r2, .L14+72
 262 0134 4021     		movs	r1, #64
 263 0136 2046     		mov	r0, r4
 264 0138 FFF7FEFF 		bl	snprintf
 265              	.LVL43:
 119:main.c        ****                 UART_1_PutString(rtc_content);
 266              		.loc 1 119 0
 267 013c 2046     		mov	r0, r4
 268 013e FFF7FEFF 		bl	UART_1_PutString
 269              	.LVL44:
 120:main.c        ****                 len = snprintf(rtc_content, sizeof(rtc_content), "Anno: %d\r\n\n", current_year);
 270              		.loc 1 120 0
 271 0142 DFF8EC80 		ldr	r8, .L14+92
 272 0146 B8F80030 		ldrh	r3, [r8]
 273 014a 354A     		ldr	r2, .L14+76
 274 014c 4021     		movs	r1, #64
ARM GAS  C:\Users\lucac\AppData\Local\Temp\ccBBqF4V.s 			page 8


 275 014e 2046     		mov	r0, r4
 276 0150 FFF7FEFF 		bl	snprintf
 277              	.LVL45:
 121:main.c        ****                 UART_1_PutString(rtc_content);
 278              		.loc 1 121 0
 279 0154 2046     		mov	r0, r4
 280 0156 FFF7FEFF 		bl	UART_1_PutString
 281              	.LVL46:
 122:main.c        ****                 
 123:main.c        ****                 len = snprintf(rtc_content, sizeof(rtc_content), "%d-%d-%d %02d:%02d:%02d\n", curre
 282              		.loc 1 123 0
 283 015a 9BF80030 		ldrb	r3, [fp]	@ zero_extendqisi2
 284 015e 9AF80020 		ldrb	r2, [r10]	@ zero_extendqisi2
 285 0162 B8F80010 		ldrh	r1, [r8]
 286 0166 3878     		ldrb	r0, [r7]	@ zero_extendqisi2
 287 0168 3678     		ldrb	r6, [r6]	@ zero_extendqisi2
 288 016a 2D78     		ldrb	r5, [r5]	@ zero_extendqisi2
 289 016c 0495     		str	r5, [sp, #16]
 290 016e 0396     		str	r6, [sp, #12]
 291 0170 0290     		str	r0, [sp, #8]
 292 0172 0191     		str	r1, [sp, #4]
 293 0174 0092     		str	r2, [sp]
 294 0176 2B4A     		ldr	r2, .L14+80
 295 0178 4021     		movs	r1, #64
 296 017a 2046     		mov	r0, r4
 297 017c FFF7FEFF 		bl	snprintf
 298              	.LVL47:
 124:main.c        ****                                current_month, current_year, current_hours, current_minutes, current
 125:main.c        ****                 UART_1_PutString(rtc_content);
 299              		.loc 1 125 0
 300 0180 2046     		mov	r0, r4
 301 0182 FFF7FEFF 		bl	UART_1_PutString
 302              	.LVL48:
 126:main.c        ****                 
 127:main.c        ****                 if(flag == 0) {
 303              		.loc 1 127 0
 304 0186 B9F1000F 		cmp	r9, #0
 305 018a 0AD1     		bne	.L11
 306              	.LVL49:
 128:main.c        ****                     flag = 1;
 129:main.c        ****                     save_current_measurement(glucose_concentration);
 307              		.loc 1 129 0
 308 018c 6420     		movs	r0, #100
 309 018e FFF7FEFF 		bl	save_current_measurement
 310              	.LVL50:
 130:main.c        ****                     glucose_concentration_from_memory = get_measurement_from_memory(eeprom_current_
 311              		.loc 1 130 0
 312 0192 114B     		ldr	r3, .L14+4
 313 0194 1888     		ldrh	r0, [r3]
 314 0196 0738     		subs	r0, r0, #7
 315 0198 80B2     		uxth	r0, r0
 316 019a FFF7FEFF 		bl	get_measurement_from_memory
 317              	.LVL51:
 128:main.c        ****                     flag = 1;
 318              		.loc 1 128 0
 319 019e 4FF00109 		mov	r9, #1
 320              	.LVL52:
ARM GAS  C:\Users\lucac\AppData\Local\Temp\ccBBqF4V.s 			page 9


 321              	.L11:
 131:main.c        ****                 }
 132:main.c        **** 
 133:main.c        ****                 
 134:main.c        ****                 display_clear();
 322              		.loc 1 134 0
 323 01a2 FFF7FEFF 		bl	display_clear
 324              	.LVL53:
 135:main.c        ****                 display_update();
 325              		.loc 1 135 0
 326 01a6 FFF7FEFF 		bl	display_update
 327              	.LVL54:
 136:main.c        ****                 rtx_setTextSize(1);
 328              		.loc 1 136 0
 329 01aa 0120     		movs	r0, #1
 330 01ac FFF7FEFF 		bl	rtx_setTextSize
 331              	.LVL55:
 137:main.c        ****                 rtx_setTextColor(WHITE);
 332              		.loc 1 137 0
 333 01b0 0120     		movs	r0, #1
 334 01b2 FFF7FEFF 		bl	rtx_setTextColor
 335              	.LVL56:
 138:main.c        ****                 rtx_setCursor(0,0);
 336              		.loc 1 138 0
 337 01b6 0021     		movs	r1, #0
 338 01b8 0846     		mov	r0, r1
 339 01ba FFF7FEFF 		bl	rtx_setCursor
 340              	.LVL57:
 139:main.c        ****                 rtx_println(rtc_content);
 341              		.loc 1 139 0
 342 01be 1048     		ldr	r0, .L14+44
 343 01c0 FFF7FEFF 		bl	rtx_println
 344              	.LVL58:
 140:main.c        ****                 display_update();
 345              		.loc 1 140 0
 346 01c4 FFF7FEFF 		bl	display_update
 347              	.LVL59:
 141:main.c        ****                 
 142:main.c        ****                 CyDelay(2000);
 348              		.loc 1 142 0
 349 01c8 4FF4FA60 		mov	r0, #2000
 350 01cc FFF7FEFF 		bl	CyDelay
 351              	.LVL60:
 143:main.c        ****                 
 144:main.c        ****                 //state = IDLE;
 145:main.c        ****             
 146:main.c        ****             break;
 352              		.loc 1 146 0
 353 01d0 77E7     		b	.L9
 354              	.L15:
 355 01d2 00BF     		.align	2
 356              	.L14:
 357 01d4 00000000 		.word	state
 358 01d8 00000000 		.word	eeprom_current_address
 359 01dc 00000000 		.word	.LC0
 360 01e0 14000000 		.word	.LC1
 361 01e4 28000000 		.word	.LC2
ARM GAS  C:\Users\lucac\AppData\Local\Temp\ccBBqF4V.s 			page 10


 362 01e8 3C000000 		.word	.LC3
 363 01ec 44000000 		.word	.LC4
 364 01f0 4C000000 		.word	.LC5
 365 01f4 54000000 		.word	.LC6
 366 01f8 58000000 		.word	.LC7
 367 01fc 00000000 		.word	current_seconds
 368 0200 00000000 		.word	.LANCHOR0
 369 0204 5C000000 		.word	.LC8
 370 0208 00000000 		.word	current_minutes
 371 020c 6C000000 		.word	.LC9
 372 0210 00000000 		.word	current_hours
 373 0214 7C000000 		.word	.LC10
 374 0218 88000000 		.word	.LC11
 375 021c 98000000 		.word	.LC12
 376 0220 A4000000 		.word	.LC13
 377 0224 B0000000 		.word	.LC14
 378 0228 00000000 		.word	current_date
 379 022c 00000000 		.word	current_month
 380 0230 00000000 		.word	current_year
 381              		.cfi_endproc
 382              	.LFE64:
 383              		.size	main, .-main
 384              		.comm	rtc_data_register,1,1
 385              		.global	rtc_content
 386              		.global	seconds
 387              		.comm	Current_time,8,4
 388              		.comm	textbgcolor,2,2
 389              		.comm	textcolor,2,2
 390              		.comm	rotation,1,1
 391              		.comm	wrap,1,1
 392              		.comm	textsize,1,1
 393              		.comm	cursor_y,2,2
 394              		.comm	cursor_x,2,2
 395              		.comm	eeprom_current_address,2,2
 396              		.comm	current_year,2,2
 397              		.comm	current_month,1,1
 398              		.comm	current_date,1,1
 399              		.comm	current_hours,1,1
 400              		.comm	current_minutes,1,1
 401              		.comm	current_seconds,1,1
 402              		.comm	state,1,1
 403              		.section	.rodata.str1.4,"aMS",%progbits,1
 404              		.align	2
 405              	.LC0:
 406 0000 0D0A2A2A 		.ascii	"\015\012**************\015\012\000"
 406      2A2A2A2A 
 406      2A2A2A2A 
 406      2A2A2A2A 
 406      0D0A00
 407 0013 00       		.space	1
 408              	.LC1:
 409 0014 2A2A2049 		.ascii	"** I2C Scan **\015\012\000"
 409      32432053 
 409      63616E20 
 409      2A2A0D0A 
 409      00
 410 0025 000000   		.space	3
ARM GAS  C:\Users\lucac\AppData\Local\Temp\ccBBqF4V.s 			page 11


 411              	.LC2:
 412 0028 2A2A2A2A 		.ascii	"**************\015\012\000"
 412      2A2A2A2A 
 412      2A2A2A2A 
 412      2A2A0D0A 
 412      00
 413 0039 000000   		.space	3
 414              	.LC3:
 415 003c 0A0A2020 		.ascii	"\012\012   \000"
 415      2000
 416 0042 0000     		.space	2
 417              	.LC4:
 418 0044 25303258 		.ascii	"%02X \000"
 418      2000
 419 004a 0000     		.space	2
 420              	.LC5:
 421 004c 0A253032 		.ascii	"\012%02X \000"
 421      582000
 422 0053 00       		.space	1
 423              	.LC6:
 424 0054 2D2D2000 		.ascii	"-- \000"
 425              	.LC7:
 426 0058 0A0A00   		.ascii	"\012\012\000"
 427 005b 00       		.space	1
 428              	.LC8:
 429 005c 5365636F 		.ascii	"Secondi: %d\015\012\000"
 429      6E64693A 
 429      2025640D 
 429      0A00
 430 006a 0000     		.space	2
 431              	.LC9:
 432 006c 4D696E75 		.ascii	"Minuti: %d\015\012\000"
 432      74693A20 
 432      25640D0A 
 432      00
 433 0079 000000   		.space	3
 434              	.LC10:
 435 007c 4F72653A 		.ascii	"Ore: %d\015\012\000"
 435      2025640D 
 435      0A00
 436 0086 0000     		.space	2
 437              	.LC11:
 438 0088 47696F72 		.ascii	"Giorno: %d\015\012\000"
 438      6E6F3A20 
 438      25640D0A 
 438      00
 439 0095 000000   		.space	3
 440              	.LC12:
 441 0098 4D657365 		.ascii	"Mese: %d\015\012\000"
 441      3A202564 
 441      0D0A00
 442 00a3 00       		.space	1
 443              	.LC13:
 444 00a4 416E6E6F 		.ascii	"Anno: %d\015\012\012\000"
 444      3A202564 
 444      0D0A0A00 
 445              	.LC14:
ARM GAS  C:\Users\lucac\AppData\Local\Temp\ccBBqF4V.s 			page 12


 446 00b0 25642D25 		.ascii	"%d-%d-%d %02d:%02d:%02d\012\000"
 446      642D2564 
 446      20253032 
 446      643A2530 
 446      32643A25 
 447              		.bss
 448              		.align	2
 449              		.set	.LANCHOR0,. + 0
 450              		.type	rtc_content, %object
 451              		.size	rtc_content, 64
 452              	rtc_content:
 453 0000 00000000 		.space	64
 453      00000000 
 453      00000000 
 453      00000000 
 453      00000000 
 454              		.type	seconds, %object
 455              		.size	seconds, 1
 456              	seconds:
 457 0040 00       		.space	1
 458              		.text
 459              	.Letext0:
 460              		.file 2 "c:\\program files (x86)\\cypress\\psoc creator\\4.4\\psoc creator\\import\\gnu\\arm\\5.4.
 461              		.file 3 "c:\\program files (x86)\\cypress\\psoc creator\\4.4\\psoc creator\\import\\gnu\\arm\\5.4.
 462              		.file 4 "Generated_Source\\PSoC5/cytypes.h"
 463              		.file 5 "Generated_Source\\PSoC5/core_cm3.h"
 464              		.file 6 "Globals.h"
 465              		.file 7 "OLED_Driver.h"
 466              		.file 8 "RTC_Driver.h"
 467              		.file 9 "c:\\program files (x86)\\cypress\\psoc creator\\4.4\\psoc creator\\import\\gnu\\arm\\5.4.
 468              		.file 10 "Generated_Source\\PSoC5/UART_1.h"
 469              		.file 11 "Generated_Source\\PSoC5/I2CMASTER.h"
 470              		.file 12 "Generated_Source\\PSoC5/CyLib.h"
 471              		.file 13 "EEPROM_Driver.h"
 472              		.section	.debug_info,"",%progbits
 473              	.Ldebug_info0:
 474 0000 4D080000 		.4byte	0x84d
 475 0004 0400     		.2byte	0x4
 476 0006 00000000 		.4byte	.Ldebug_abbrev0
 477 000a 04       		.byte	0x4
 478 000b 01       		.uleb128 0x1
 479 000c 0E040000 		.4byte	.LASF71
 480 0010 0C       		.byte	0xc
 481 0011 BF030000 		.4byte	.LASF72
 482 0015 B9020000 		.4byte	.LASF73
 483 0019 00000000 		.4byte	.Ldebug_ranges0+0
 484 001d 00000000 		.4byte	0
 485 0021 00000000 		.4byte	.Ldebug_line0
 486 0025 02       		.uleb128 0x2
 487 0026 01       		.byte	0x1
 488 0027 06       		.byte	0x6
 489 0028 EB010000 		.4byte	.LASF0
 490 002c 03       		.uleb128 0x3
 491 002d 82010000 		.4byte	.LASF2
 492 0031 02       		.byte	0x2
 493 0032 1D       		.byte	0x1d
 494 0033 37000000 		.4byte	0x37
ARM GAS  C:\Users\lucac\AppData\Local\Temp\ccBBqF4V.s 			page 13


 495 0037 02       		.uleb128 0x2
 496 0038 01       		.byte	0x1
 497 0039 08       		.byte	0x8
 498 003a BB010000 		.4byte	.LASF1
 499 003e 03       		.uleb128 0x3
 500 003f 00000000 		.4byte	.LASF3
 501 0043 02       		.byte	0x2
 502 0044 29       		.byte	0x29
 503 0045 49000000 		.4byte	0x49
 504 0049 02       		.uleb128 0x2
 505 004a 02       		.byte	0x2
 506 004b 05       		.byte	0x5
 507 004c 10000000 		.4byte	.LASF4
 508 0050 03       		.uleb128 0x3
 509 0051 77000000 		.4byte	.LASF5
 510 0055 02       		.byte	0x2
 511 0056 2B       		.byte	0x2b
 512 0057 5B000000 		.4byte	0x5b
 513 005b 02       		.uleb128 0x2
 514 005c 02       		.byte	0x2
 515 005d 07       		.byte	0x7
 516 005e 79020000 		.4byte	.LASF6
 517 0062 03       		.uleb128 0x3
 518 0063 E6030000 		.4byte	.LASF7
 519 0067 02       		.byte	0x2
 520 0068 3F       		.byte	0x3f
 521 0069 6D000000 		.4byte	0x6d
 522 006d 02       		.uleb128 0x2
 523 006e 04       		.byte	0x4
 524 006f 05       		.byte	0x5
 525 0070 5C010000 		.4byte	.LASF8
 526 0074 03       		.uleb128 0x3
 527 0075 51000000 		.4byte	.LASF9
 528 0079 02       		.byte	0x2
 529 007a 41       		.byte	0x41
 530 007b 7F000000 		.4byte	0x7f
 531 007f 02       		.uleb128 0x2
 532 0080 04       		.byte	0x4
 533 0081 07       		.byte	0x7
 534 0082 49020000 		.4byte	.LASF10
 535 0086 02       		.uleb128 0x2
 536 0087 08       		.byte	0x8
 537 0088 05       		.byte	0x5
 538 0089 39010000 		.4byte	.LASF11
 539 008d 02       		.uleb128 0x2
 540 008e 08       		.byte	0x8
 541 008f 07       		.byte	0x7
 542 0090 F7010000 		.4byte	.LASF12
 543 0094 04       		.uleb128 0x4
 544 0095 04       		.byte	0x4
 545 0096 05       		.byte	0x5
 546 0097 696E7400 		.ascii	"int\000"
 547 009b 02       		.uleb128 0x2
 548 009c 04       		.byte	0x4
 549 009d 07       		.byte	0x7
 550 009e 21020000 		.4byte	.LASF13
 551 00a2 03       		.uleb128 0x3
ARM GAS  C:\Users\lucac\AppData\Local\Temp\ccBBqF4V.s 			page 14


 552 00a3 BC000000 		.4byte	.LASF14
 553 00a7 03       		.byte	0x3
 554 00a8 18       		.byte	0x18
 555 00a9 2C000000 		.4byte	0x2c
 556 00ad 03       		.uleb128 0x3
 557 00ae 76030000 		.4byte	.LASF15
 558 00b2 03       		.byte	0x3
 559 00b3 20       		.byte	0x20
 560 00b4 3E000000 		.4byte	0x3e
 561 00b8 03       		.uleb128 0x3
 562 00b9 2E020000 		.4byte	.LASF16
 563 00bd 03       		.byte	0x3
 564 00be 24       		.byte	0x24
 565 00bf 50000000 		.4byte	0x50
 566 00c3 03       		.uleb128 0x3
 567 00c4 4C030000 		.4byte	.LASF17
 568 00c8 03       		.byte	0x3
 569 00c9 2C       		.byte	0x2c
 570 00ca 62000000 		.4byte	0x62
 571 00ce 03       		.uleb128 0x3
 572 00cf 0E020000 		.4byte	.LASF18
 573 00d3 03       		.byte	0x3
 574 00d4 30       		.byte	0x30
 575 00d5 74000000 		.4byte	0x74
 576 00d9 05       		.uleb128 0x5
 577 00da DD000000 		.4byte	.LASF19
 578 00de 04       		.byte	0x4
 579 00df E901     		.2byte	0x1e9
 580 00e1 37000000 		.4byte	0x37
 581 00e5 02       		.uleb128 0x2
 582 00e6 04       		.byte	0x4
 583 00e7 04       		.byte	0x4
 584 00e8 2A010000 		.4byte	.LASF20
 585 00ec 02       		.uleb128 0x2
 586 00ed 08       		.byte	0x8
 587 00ee 04       		.byte	0x4
 588 00ef CE030000 		.4byte	.LASF21
 589 00f3 02       		.uleb128 0x2
 590 00f4 01       		.byte	0x1
 591 00f5 08       		.byte	0x8
 592 00f6 A4020000 		.4byte	.LASF22
 593 00fa 02       		.uleb128 0x2
 594 00fb 08       		.byte	0x8
 595 00fc 04       		.byte	0x4
 596 00fd A2010000 		.4byte	.LASF23
 597 0101 02       		.uleb128 0x2
 598 0102 04       		.byte	0x4
 599 0103 07       		.byte	0x7
 600 0104 25000000 		.4byte	.LASF24
 601 0108 06       		.uleb128 0x6
 602 0109 40000000 		.4byte	.LASF74
 603 010d 01       		.byte	0x1
 604 010e 23       		.byte	0x23
 605 010f 94000000 		.4byte	0x94
 606 0113 00000000 		.4byte	.LFB64
 607 0117 34020000 		.4byte	.LFE64-.LFB64
 608 011b 01       		.uleb128 0x1
ARM GAS  C:\Users\lucac\AppData\Local\Temp\ccBBqF4V.s 			page 15


 609 011c 9C       		.byte	0x9c
 610 011d D7050000 		.4byte	0x5d7
 611 0121 07       		.uleb128 0x7
 612 0122 61000000 		.4byte	.LASF25
 613 0126 01       		.byte	0x1
 614 0127 37       		.byte	0x37
 615 0128 A2000000 		.4byte	0xa2
 616 012c 64       		.byte	0x64
 617 012d 08       		.uleb128 0x8
 618 012e 54030000 		.4byte	.LASF26
 619 0132 01       		.byte	0x1
 620 0133 38       		.byte	0x38
 621 0134 A2000000 		.4byte	0xa2
 622 0138 00000000 		.4byte	.LLST0
 623 013c 08       		.uleb128 0x8
 624 013d FC030000 		.4byte	.LASF27
 625 0141 01       		.byte	0x1
 626 0142 39       		.byte	0x39
 627 0143 F3000000 		.4byte	0xf3
 628 0147 14000000 		.4byte	.LLST1
 629 014b 09       		.uleb128 0x9
 630 014c F1000000 		.4byte	.LASF75
 631 0150 01       		.byte	0x1
 632 0151 3A       		.byte	0x3a
 633 0152 D7050000 		.4byte	0x5d7
 634 0156 0A       		.uleb128 0xa
 635 0157 6C656E00 		.ascii	"len\000"
 636 015b 01       		.byte	0x1
 637 015c 3C       		.byte	0x3c
 638 015d 94000000 		.4byte	0x94
 639 0161 00000000 		.4byte	.LLST0
 640 0165 08       		.uleb128 0x8
 641 0166 74010000 		.4byte	.LASF28
 642 016a 01       		.byte	0x1
 643 016b 3E       		.byte	0x3e
 644 016c CE000000 		.4byte	0xce
 645 0170 4A000000 		.4byte	.LLST3
 646 0174 0B       		.uleb128 0xb
 647 0175 C6030000 		.4byte	.LASF29
 648 0179 01       		.byte	0x1
 649 017a 3F       		.byte	0x3f
 650 017b E7050000 		.4byte	0x5e7
 651 017f 03       		.uleb128 0x3
 652 0180 91       		.byte	0x91
 653 0181 F47E     		.sleb128 -140
 654 0183 0C       		.uleb128 0xc
 655 0184 54000000 		.4byte	.LBB2
 656 0188 1E000000 		.4byte	.LBE2-.LBB2
 657 018c D3010000 		.4byte	0x1d3
 658 0190 0A       		.uleb128 0xa
 659 0191 6900     		.ascii	"i\000"
 660 0193 01       		.byte	0x1
 661 0194 49       		.byte	0x49
 662 0195 A2000000 		.4byte	0xa2
 663 0199 72000000 		.4byte	.LLST4
 664 019d 0D       		.uleb128 0xd
 665 019e 60000000 		.4byte	.LVL13
ARM GAS  C:\Users\lucac\AppData\Local\Temp\ccBBqF4V.s 			page 16


 666 01a2 6B070000 		.4byte	0x76b
 667 01a6 C1010000 		.4byte	0x1c1
 668 01aa 0E       		.uleb128 0xe
 669 01ab 01       		.uleb128 0x1
 670 01ac 50       		.byte	0x50
 671 01ad 03       		.uleb128 0x3
 672 01ae 91       		.byte	0x91
 673 01af F47E     		.sleb128 -140
 674 01b1 0E       		.uleb128 0xe
 675 01b2 01       		.uleb128 0x1
 676 01b3 51       		.byte	0x51
 677 01b4 05       		.uleb128 0x5
 678 01b5 03       		.byte	0x3
 679 01b6 44000000 		.4byte	.LC4
 680 01ba 0E       		.uleb128 0xe
 681 01bb 01       		.uleb128 0x1
 682 01bc 52       		.byte	0x52
 683 01bd 02       		.uleb128 0x2
 684 01be 74       		.byte	0x74
 685 01bf 00       		.sleb128 0
 686 01c0 00       		.byte	0
 687 01c1 0F       		.uleb128 0xf
 688 01c2 66000000 		.4byte	.LVL14
 689 01c6 76070000 		.4byte	0x776
 690 01ca 0E       		.uleb128 0xe
 691 01cb 01       		.uleb128 0x1
 692 01cc 50       		.byte	0x50
 693 01cd 03       		.uleb128 0x3
 694 01ce 91       		.byte	0x91
 695 01cf F47E     		.sleb128 -140
 696 01d1 00       		.byte	0
 697 01d2 00       		.byte	0
 698 01d3 0C       		.uleb128 0xc
 699 01d4 72000000 		.4byte	.LBB3
 700 01d8 46000000 		.4byte	.LBE3-.LBB3
 701 01dc 9B020000 		.4byte	0x29b
 702 01e0 08       		.uleb128 0x8
 703 01e1 1A000000 		.4byte	.LASF30
 704 01e5 01       		.byte	0x1
 705 01e6 51       		.byte	0x51
 706 01e7 A2000000 		.4byte	0xa2
 707 01eb 9C000000 		.4byte	.LLST5
 708 01ef 0D       		.uleb128 0xd
 709 01f0 82000000 		.4byte	.LVL19
 710 01f4 6B070000 		.4byte	0x76b
 711 01f8 13020000 		.4byte	0x213
 712 01fc 0E       		.uleb128 0xe
 713 01fd 01       		.uleb128 0x1
 714 01fe 50       		.byte	0x50
 715 01ff 03       		.uleb128 0x3
 716 0200 91       		.byte	0x91
 717 0201 F47E     		.sleb128 -140
 718 0203 0E       		.uleb128 0xe
 719 0204 01       		.uleb128 0x1
 720 0205 51       		.byte	0x51
 721 0206 05       		.uleb128 0x5
 722 0207 03       		.byte	0x3
ARM GAS  C:\Users\lucac\AppData\Local\Temp\ccBBqF4V.s 			page 17


 723 0208 4C000000 		.4byte	.LC5
 724 020c 0E       		.uleb128 0xe
 725 020d 01       		.uleb128 0x1
 726 020e 52       		.byte	0x52
 727 020f 02       		.uleb128 0x2
 728 0210 74       		.byte	0x74
 729 0211 00       		.sleb128 0
 730 0212 00       		.byte	0
 731 0213 0D       		.uleb128 0xd
 732 0214 88000000 		.4byte	.LVL20
 733 0218 76070000 		.4byte	0x776
 734 021c 28020000 		.4byte	0x228
 735 0220 0E       		.uleb128 0xe
 736 0221 01       		.uleb128 0x1
 737 0222 50       		.byte	0x50
 738 0223 03       		.uleb128 0x3
 739 0224 91       		.byte	0x91
 740 0225 F47E     		.sleb128 -140
 741 0227 00       		.byte	0
 742 0228 0D       		.uleb128 0xd
 743 0229 90000000 		.4byte	.LVL21
 744 022d 81070000 		.4byte	0x781
 745 0231 41020000 		.4byte	0x241
 746 0235 0E       		.uleb128 0xe
 747 0236 01       		.uleb128 0x1
 748 0237 50       		.byte	0x50
 749 0238 02       		.uleb128 0x2
 750 0239 74       		.byte	0x74
 751 023a 00       		.sleb128 0
 752 023b 0E       		.uleb128 0xe
 753 023c 01       		.uleb128 0x1
 754 023d 51       		.byte	0x51
 755 023e 01       		.uleb128 0x1
 756 023f 30       		.byte	0x30
 757 0240 00       		.byte	0
 758 0241 0D       		.uleb128 0xd
 759 0242 9C000000 		.4byte	.LVL23
 760 0246 6B070000 		.4byte	0x76b
 761 024a 65020000 		.4byte	0x265
 762 024e 0E       		.uleb128 0xe
 763 024f 01       		.uleb128 0x1
 764 0250 50       		.byte	0x50
 765 0251 03       		.uleb128 0x3
 766 0252 91       		.byte	0x91
 767 0253 F47E     		.sleb128 -140
 768 0255 0E       		.uleb128 0xe
 769 0256 01       		.uleb128 0x1
 770 0257 51       		.byte	0x51
 771 0258 05       		.uleb128 0x5
 772 0259 03       		.byte	0x3
 773 025a 44000000 		.4byte	.LC4
 774 025e 0E       		.uleb128 0xe
 775 025f 01       		.uleb128 0x1
 776 0260 52       		.byte	0x52
 777 0261 02       		.uleb128 0x2
 778 0262 74       		.byte	0x74
 779 0263 00       		.sleb128 0
ARM GAS  C:\Users\lucac\AppData\Local\Temp\ccBBqF4V.s 			page 18


 780 0264 00       		.byte	0
 781 0265 0D       		.uleb128 0xd
 782 0266 A2000000 		.4byte	.LVL24
 783 026a 76070000 		.4byte	0x776
 784 026e 7A020000 		.4byte	0x27a
 785 0272 0E       		.uleb128 0xe
 786 0273 01       		.uleb128 0x1
 787 0274 50       		.byte	0x50
 788 0275 03       		.uleb128 0x3
 789 0276 91       		.byte	0x91
 790 0277 F47E     		.sleb128 -140
 791 0279 00       		.byte	0
 792 027a 0D       		.uleb128 0xd
 793 027b AA000000 		.4byte	.LVL27
 794 027f 76070000 		.4byte	0x776
 795 0283 91020000 		.4byte	0x291
 796 0287 0E       		.uleb128 0xe
 797 0288 01       		.uleb128 0x1
 798 0289 50       		.byte	0x50
 799 028a 05       		.uleb128 0x5
 800 028b 03       		.byte	0x3
 801 028c 54000000 		.4byte	.LC6
 802 0290 00       		.byte	0
 803 0291 10       		.uleb128 0x10
 804 0292 AE000000 		.4byte	.LVL28
 805 0296 8C070000 		.4byte	0x78c
 806 029a 00       		.byte	0
 807 029b 10       		.uleb128 0x10
 808 029c 12000000 		.4byte	.LVL0
 809 02a0 97070000 		.4byte	0x797
 810 02a4 10       		.uleb128 0x10
 811 02a5 16000000 		.4byte	.LVL1
 812 02a9 A2070000 		.4byte	0x7a2
 813 02ad 0D       		.uleb128 0xd
 814 02ae 1C000000 		.4byte	.LVL2
 815 02b2 AD070000 		.4byte	0x7ad
 816 02b6 C0020000 		.4byte	0x2c0
 817 02ba 0E       		.uleb128 0xe
 818 02bb 01       		.uleb128 0x1
 819 02bc 50       		.byte	0x50
 820 02bd 01       		.uleb128 0x1
 821 02be 35       		.byte	0x35
 822 02bf 00       		.byte	0
 823 02c0 0D       		.uleb128 0xd
 824 02c1 22000000 		.4byte	.LVL3
 825 02c5 B8070000 		.4byte	0x7b8
 826 02c9 D4020000 		.4byte	0x2d4
 827 02cd 0E       		.uleb128 0xe
 828 02ce 01       		.uleb128 0x1
 829 02cf 50       		.byte	0x50
 830 02d0 02       		.uleb128 0x2
 831 02d1 08       		.byte	0x8
 832 02d2 3D       		.byte	0x3d
 833 02d3 00       		.byte	0
 834 02d4 0D       		.uleb128 0xd
 835 02d5 28000000 		.4byte	.LVL4
 836 02d9 C3070000 		.4byte	0x7c3
ARM GAS  C:\Users\lucac\AppData\Local\Temp\ccBBqF4V.s 			page 19


 837 02dd E8020000 		.4byte	0x2e8
 838 02e1 0E       		.uleb128 0xe
 839 02e2 01       		.uleb128 0x1
 840 02e3 50       		.byte	0x50
 841 02e4 02       		.uleb128 0x2
 842 02e5 08       		.byte	0x8
 843 02e6 68       		.byte	0x68
 844 02e7 00       		.byte	0
 845 02e8 0D       		.uleb128 0xd
 846 02e9 36000000 		.4byte	.LVL6
 847 02ed CE070000 		.4byte	0x7ce
 848 02f1 09030000 		.4byte	0x309
 849 02f5 0E       		.uleb128 0xe
 850 02f6 01       		.uleb128 0x1
 851 02f7 50       		.byte	0x50
 852 02f8 03       		.uleb128 0x3
 853 02f9 91       		.byte	0x91
 854 02fa F47E     		.sleb128 -140
 855 02fc 0E       		.uleb128 0xe
 856 02fd 01       		.uleb128 0x1
 857 02fe 51       		.byte	0x51
 858 02ff 02       		.uleb128 0x2
 859 0300 74       		.byte	0x74
 860 0301 00       		.sleb128 0
 861 0302 0E       		.uleb128 0xe
 862 0303 01       		.uleb128 0x1
 863 0304 52       		.byte	0x52
 864 0305 02       		.uleb128 0x2
 865 0306 08       		.byte	0x8
 866 0307 64       		.byte	0x64
 867 0308 00       		.byte	0
 868 0309 0D       		.uleb128 0xd
 869 030a 3C000000 		.4byte	.LVL7
 870 030e 76070000 		.4byte	0x776
 871 0312 20030000 		.4byte	0x320
 872 0316 0E       		.uleb128 0xe
 873 0317 01       		.uleb128 0x1
 874 0318 50       		.byte	0x50
 875 0319 05       		.uleb128 0x5
 876 031a 03       		.byte	0x3
 877 031b 00000000 		.4byte	.LC0
 878 031f 00       		.byte	0
 879 0320 0D       		.uleb128 0xd
 880 0321 42000000 		.4byte	.LVL8
 881 0325 76070000 		.4byte	0x776
 882 0329 37030000 		.4byte	0x337
 883 032d 0E       		.uleb128 0xe
 884 032e 01       		.uleb128 0x1
 885 032f 50       		.byte	0x50
 886 0330 05       		.uleb128 0x5
 887 0331 03       		.byte	0x3
 888 0332 14000000 		.4byte	.LC1
 889 0336 00       		.byte	0
 890 0337 0D       		.uleb128 0xd
 891 0338 48000000 		.4byte	.LVL9
 892 033c 76070000 		.4byte	0x776
 893 0340 4E030000 		.4byte	0x34e
ARM GAS  C:\Users\lucac\AppData\Local\Temp\ccBBqF4V.s 			page 20


 894 0344 0E       		.uleb128 0xe
 895 0345 01       		.uleb128 0x1
 896 0346 50       		.byte	0x50
 897 0347 05       		.uleb128 0x5
 898 0348 03       		.byte	0x3
 899 0349 28000000 		.4byte	.LC2
 900 034d 00       		.byte	0
 901 034e 0D       		.uleb128 0xd
 902 034f 4E000000 		.4byte	.LVL10
 903 0353 AD070000 		.4byte	0x7ad
 904 0357 61030000 		.4byte	0x361
 905 035b 0E       		.uleb128 0xe
 906 035c 01       		.uleb128 0x1
 907 035d 50       		.byte	0x50
 908 035e 01       		.uleb128 0x1
 909 035f 3A       		.byte	0x3a
 910 0360 00       		.byte	0
 911 0361 0D       		.uleb128 0xd
 912 0362 54000000 		.4byte	.LVL11
 913 0366 76070000 		.4byte	0x776
 914 036a 78030000 		.4byte	0x378
 915 036e 0E       		.uleb128 0xe
 916 036f 01       		.uleb128 0x1
 917 0370 50       		.byte	0x50
 918 0371 05       		.uleb128 0x5
 919 0372 03       		.byte	0x3
 920 0373 3C000000 		.4byte	.LC3
 921 0377 00       		.byte	0
 922 0378 0D       		.uleb128 0xd
 923 0379 BE000000 		.4byte	.LVL31
 924 037d 76070000 		.4byte	0x776
 925 0381 8F030000 		.4byte	0x38f
 926 0385 0E       		.uleb128 0xe
 927 0386 01       		.uleb128 0x1
 928 0387 50       		.byte	0x50
 929 0388 05       		.uleb128 0x5
 930 0389 03       		.byte	0x3
 931 038a 58000000 		.4byte	.LC7
 932 038e 00       		.byte	0
 933 038f 10       		.uleb128 0x10
 934 0390 CE000000 		.4byte	.LVL33
 935 0394 D7070000 		.4byte	0x7d7
 936 0398 0D       		.uleb128 0xd
 937 0399 D4000000 		.4byte	.LVL34
 938 039d E2070000 		.4byte	0x7e2
 939 03a1 AC030000 		.4byte	0x3ac
 940 03a5 0E       		.uleb128 0xe
 941 03a6 01       		.uleb128 0x1
 942 03a7 50       		.byte	0x50
 943 03a8 02       		.uleb128 0x2
 944 03a9 08       		.byte	0x8
 945 03aa 68       		.byte	0x68
 946 03ab 00       		.byte	0
 947 03ac 0D       		.uleb128 0xd
 948 03ad E4000000 		.4byte	.LVL35
 949 03b1 ED070000 		.4byte	0x7ed
 950 03b5 CF030000 		.4byte	0x3cf
ARM GAS  C:\Users\lucac\AppData\Local\Temp\ccBBqF4V.s 			page 21


 951 03b9 0E       		.uleb128 0xe
 952 03ba 01       		.uleb128 0x1
 953 03bb 50       		.byte	0x50
 954 03bc 02       		.uleb128 0x2
 955 03bd 74       		.byte	0x74
 956 03be 00       		.sleb128 0
 957 03bf 0E       		.uleb128 0xe
 958 03c0 01       		.uleb128 0x1
 959 03c1 51       		.byte	0x51
 960 03c2 02       		.uleb128 0x2
 961 03c3 08       		.byte	0x8
 962 03c4 40       		.byte	0x40
 963 03c5 0E       		.uleb128 0xe
 964 03c6 01       		.uleb128 0x1
 965 03c7 52       		.byte	0x52
 966 03c8 05       		.uleb128 0x5
 967 03c9 03       		.byte	0x3
 968 03ca 5C000000 		.4byte	.LC8
 969 03ce 00       		.byte	0
 970 03cf 0D       		.uleb128 0xd
 971 03d0 EA000000 		.4byte	.LVL36
 972 03d4 76070000 		.4byte	0x776
 973 03d8 E3030000 		.4byte	0x3e3
 974 03dc 0E       		.uleb128 0xe
 975 03dd 01       		.uleb128 0x1
 976 03de 50       		.byte	0x50
 977 03df 02       		.uleb128 0x2
 978 03e0 74       		.byte	0x74
 979 03e1 00       		.sleb128 0
 980 03e2 00       		.byte	0
 981 03e3 0D       		.uleb128 0xd
 982 03e4 F8000000 		.4byte	.LVL37
 983 03e8 ED070000 		.4byte	0x7ed
 984 03ec 06040000 		.4byte	0x406
 985 03f0 0E       		.uleb128 0xe
 986 03f1 01       		.uleb128 0x1
 987 03f2 50       		.byte	0x50
 988 03f3 02       		.uleb128 0x2
 989 03f4 74       		.byte	0x74
 990 03f5 00       		.sleb128 0
 991 03f6 0E       		.uleb128 0xe
 992 03f7 01       		.uleb128 0x1
 993 03f8 51       		.byte	0x51
 994 03f9 02       		.uleb128 0x2
 995 03fa 08       		.byte	0x8
 996 03fb 40       		.byte	0x40
 997 03fc 0E       		.uleb128 0xe
 998 03fd 01       		.uleb128 0x1
 999 03fe 52       		.byte	0x52
 1000 03ff 05       		.uleb128 0x5
 1001 0400 03       		.byte	0x3
 1002 0401 6C000000 		.4byte	.LC9
 1003 0405 00       		.byte	0
 1004 0406 0D       		.uleb128 0xd
 1005 0407 FE000000 		.4byte	.LVL38
 1006 040b 76070000 		.4byte	0x776
 1007 040f 1A040000 		.4byte	0x41a
ARM GAS  C:\Users\lucac\AppData\Local\Temp\ccBBqF4V.s 			page 22


 1008 0413 0E       		.uleb128 0xe
 1009 0414 01       		.uleb128 0x1
 1010 0415 50       		.byte	0x50
 1011 0416 02       		.uleb128 0x2
 1012 0417 74       		.byte	0x74
 1013 0418 00       		.sleb128 0
 1014 0419 00       		.byte	0
 1015 041a 0D       		.uleb128 0xd
 1016 041b 0C010000 		.4byte	.LVL39
 1017 041f ED070000 		.4byte	0x7ed
 1018 0423 3D040000 		.4byte	0x43d
 1019 0427 0E       		.uleb128 0xe
 1020 0428 01       		.uleb128 0x1
 1021 0429 50       		.byte	0x50
 1022 042a 02       		.uleb128 0x2
 1023 042b 74       		.byte	0x74
 1024 042c 00       		.sleb128 0
 1025 042d 0E       		.uleb128 0xe
 1026 042e 01       		.uleb128 0x1
 1027 042f 51       		.byte	0x51
 1028 0430 02       		.uleb128 0x2
 1029 0431 08       		.byte	0x8
 1030 0432 40       		.byte	0x40
 1031 0433 0E       		.uleb128 0xe
 1032 0434 01       		.uleb128 0x1
 1033 0435 52       		.byte	0x52
 1034 0436 05       		.uleb128 0x5
 1035 0437 03       		.byte	0x3
 1036 0438 7C000000 		.4byte	.LC10
 1037 043c 00       		.byte	0
 1038 043d 0D       		.uleb128 0xd
 1039 043e 12010000 		.4byte	.LVL40
 1040 0442 76070000 		.4byte	0x776
 1041 0446 51040000 		.4byte	0x451
 1042 044a 0E       		.uleb128 0xe
 1043 044b 01       		.uleb128 0x1
 1044 044c 50       		.byte	0x50
 1045 044d 02       		.uleb128 0x2
 1046 044e 74       		.byte	0x74
 1047 044f 00       		.sleb128 0
 1048 0450 00       		.byte	0
 1049 0451 0D       		.uleb128 0xd
 1050 0452 24010000 		.4byte	.LVL41
 1051 0456 ED070000 		.4byte	0x7ed
 1052 045a 74040000 		.4byte	0x474
 1053 045e 0E       		.uleb128 0xe
 1054 045f 01       		.uleb128 0x1
 1055 0460 50       		.byte	0x50
 1056 0461 02       		.uleb128 0x2
 1057 0462 74       		.byte	0x74
 1058 0463 00       		.sleb128 0
 1059 0464 0E       		.uleb128 0xe
 1060 0465 01       		.uleb128 0x1
 1061 0466 51       		.byte	0x51
 1062 0467 02       		.uleb128 0x2
 1063 0468 08       		.byte	0x8
 1064 0469 40       		.byte	0x40
ARM GAS  C:\Users\lucac\AppData\Local\Temp\ccBBqF4V.s 			page 23


 1065 046a 0E       		.uleb128 0xe
 1066 046b 01       		.uleb128 0x1
 1067 046c 52       		.byte	0x52
 1068 046d 05       		.uleb128 0x5
 1069 046e 03       		.byte	0x3
 1070 046f 88000000 		.4byte	.LC11
 1071 0473 00       		.byte	0
 1072 0474 0D       		.uleb128 0xd
 1073 0475 2A010000 		.4byte	.LVL42
 1074 0479 76070000 		.4byte	0x776
 1075 047d 88040000 		.4byte	0x488
 1076 0481 0E       		.uleb128 0xe
 1077 0482 01       		.uleb128 0x1
 1078 0483 50       		.byte	0x50
 1079 0484 02       		.uleb128 0x2
 1080 0485 74       		.byte	0x74
 1081 0486 00       		.sleb128 0
 1082 0487 00       		.byte	0
 1083 0488 0D       		.uleb128 0xd
 1084 0489 3C010000 		.4byte	.LVL43
 1085 048d ED070000 		.4byte	0x7ed
 1086 0491 AB040000 		.4byte	0x4ab
 1087 0495 0E       		.uleb128 0xe
 1088 0496 01       		.uleb128 0x1
 1089 0497 50       		.byte	0x50
 1090 0498 02       		.uleb128 0x2
 1091 0499 74       		.byte	0x74
 1092 049a 00       		.sleb128 0
 1093 049b 0E       		.uleb128 0xe
 1094 049c 01       		.uleb128 0x1
 1095 049d 51       		.byte	0x51
 1096 049e 02       		.uleb128 0x2
 1097 049f 08       		.byte	0x8
 1098 04a0 40       		.byte	0x40
 1099 04a1 0E       		.uleb128 0xe
 1100 04a2 01       		.uleb128 0x1
 1101 04a3 52       		.byte	0x52
 1102 04a4 05       		.uleb128 0x5
 1103 04a5 03       		.byte	0x3
 1104 04a6 98000000 		.4byte	.LC12
 1105 04aa 00       		.byte	0
 1106 04ab 0D       		.uleb128 0xd
 1107 04ac 42010000 		.4byte	.LVL44
 1108 04b0 76070000 		.4byte	0x776
 1109 04b4 BF040000 		.4byte	0x4bf
 1110 04b8 0E       		.uleb128 0xe
 1111 04b9 01       		.uleb128 0x1
 1112 04ba 50       		.byte	0x50
 1113 04bb 02       		.uleb128 0x2
 1114 04bc 74       		.byte	0x74
 1115 04bd 00       		.sleb128 0
 1116 04be 00       		.byte	0
 1117 04bf 0D       		.uleb128 0xd
 1118 04c0 54010000 		.4byte	.LVL45
 1119 04c4 ED070000 		.4byte	0x7ed
 1120 04c8 E2040000 		.4byte	0x4e2
 1121 04cc 0E       		.uleb128 0xe
ARM GAS  C:\Users\lucac\AppData\Local\Temp\ccBBqF4V.s 			page 24


 1122 04cd 01       		.uleb128 0x1
 1123 04ce 50       		.byte	0x50
 1124 04cf 02       		.uleb128 0x2
 1125 04d0 74       		.byte	0x74
 1126 04d1 00       		.sleb128 0
 1127 04d2 0E       		.uleb128 0xe
 1128 04d3 01       		.uleb128 0x1
 1129 04d4 51       		.byte	0x51
 1130 04d5 02       		.uleb128 0x2
 1131 04d6 08       		.byte	0x8
 1132 04d7 40       		.byte	0x40
 1133 04d8 0E       		.uleb128 0xe
 1134 04d9 01       		.uleb128 0x1
 1135 04da 52       		.byte	0x52
 1136 04db 05       		.uleb128 0x5
 1137 04dc 03       		.byte	0x3
 1138 04dd A4000000 		.4byte	.LC13
 1139 04e1 00       		.byte	0
 1140 04e2 0D       		.uleb128 0xd
 1141 04e3 5A010000 		.4byte	.LVL46
 1142 04e7 76070000 		.4byte	0x776
 1143 04eb F6040000 		.4byte	0x4f6
 1144 04ef 0E       		.uleb128 0xe
 1145 04f0 01       		.uleb128 0x1
 1146 04f1 50       		.byte	0x50
 1147 04f2 02       		.uleb128 0x2
 1148 04f3 74       		.byte	0x74
 1149 04f4 00       		.sleb128 0
 1150 04f5 00       		.byte	0
 1151 04f6 0D       		.uleb128 0xd
 1152 04f7 80010000 		.4byte	.LVL47
 1153 04fb ED070000 		.4byte	0x7ed
 1154 04ff 27050000 		.4byte	0x527
 1155 0503 0E       		.uleb128 0xe
 1156 0504 01       		.uleb128 0x1
 1157 0505 50       		.byte	0x50
 1158 0506 02       		.uleb128 0x2
 1159 0507 74       		.byte	0x74
 1160 0508 00       		.sleb128 0
 1161 0509 0E       		.uleb128 0xe
 1162 050a 01       		.uleb128 0x1
 1163 050b 51       		.byte	0x51
 1164 050c 02       		.uleb128 0x2
 1165 050d 08       		.byte	0x8
 1166 050e 40       		.byte	0x40
 1167 050f 0E       		.uleb128 0xe
 1168 0510 01       		.uleb128 0x1
 1169 0511 52       		.byte	0x52
 1170 0512 05       		.uleb128 0x5
 1171 0513 03       		.byte	0x3
 1172 0514 B0000000 		.4byte	.LC14
 1173 0518 0E       		.uleb128 0xe
 1174 0519 02       		.uleb128 0x2
 1175 051a 7D       		.byte	0x7d
 1176 051b 0C       		.sleb128 12
 1177 051c 02       		.uleb128 0x2
 1178 051d 76       		.byte	0x76
ARM GAS  C:\Users\lucac\AppData\Local\Temp\ccBBqF4V.s 			page 25


 1179 051e 00       		.sleb128 0
 1180 051f 0E       		.uleb128 0xe
 1181 0520 02       		.uleb128 0x2
 1182 0521 7D       		.byte	0x7d
 1183 0522 10       		.sleb128 16
 1184 0523 02       		.uleb128 0x2
 1185 0524 75       		.byte	0x75
 1186 0525 00       		.sleb128 0
 1187 0526 00       		.byte	0
 1188 0527 0D       		.uleb128 0xd
 1189 0528 86010000 		.4byte	.LVL48
 1190 052c 76070000 		.4byte	0x776
 1191 0530 3B050000 		.4byte	0x53b
 1192 0534 0E       		.uleb128 0xe
 1193 0535 01       		.uleb128 0x1
 1194 0536 50       		.byte	0x50
 1195 0537 02       		.uleb128 0x2
 1196 0538 74       		.byte	0x74
 1197 0539 00       		.sleb128 0
 1198 053a 00       		.byte	0
 1199 053b 0D       		.uleb128 0xd
 1200 053c 92010000 		.4byte	.LVL50
 1201 0540 F8070000 		.4byte	0x7f8
 1202 0544 4F050000 		.4byte	0x54f
 1203 0548 0E       		.uleb128 0xe
 1204 0549 01       		.uleb128 0x1
 1205 054a 50       		.byte	0x50
 1206 054b 02       		.uleb128 0x2
 1207 054c 08       		.byte	0x8
 1208 054d 64       		.byte	0x64
 1209 054e 00       		.byte	0
 1210 054f 10       		.uleb128 0x10
 1211 0550 9E010000 		.4byte	.LVL51
 1212 0554 03080000 		.4byte	0x803
 1213 0558 10       		.uleb128 0x10
 1214 0559 A6010000 		.4byte	.LVL53
 1215 055d 0E080000 		.4byte	0x80e
 1216 0561 10       		.uleb128 0x10
 1217 0562 AA010000 		.4byte	.LVL54
 1218 0566 19080000 		.4byte	0x819
 1219 056a 0D       		.uleb128 0xd
 1220 056b B0010000 		.4byte	.LVL55
 1221 056f 24080000 		.4byte	0x824
 1222 0573 7D050000 		.4byte	0x57d
 1223 0577 0E       		.uleb128 0xe
 1224 0578 01       		.uleb128 0x1
 1225 0579 50       		.byte	0x50
 1226 057a 01       		.uleb128 0x1
 1227 057b 31       		.byte	0x31
 1228 057c 00       		.byte	0
 1229 057d 0D       		.uleb128 0xd
 1230 057e B6010000 		.4byte	.LVL56
 1231 0582 2F080000 		.4byte	0x82f
 1232 0586 90050000 		.4byte	0x590
 1233 058a 0E       		.uleb128 0xe
 1234 058b 01       		.uleb128 0x1
 1235 058c 50       		.byte	0x50
ARM GAS  C:\Users\lucac\AppData\Local\Temp\ccBBqF4V.s 			page 26


 1236 058d 01       		.uleb128 0x1
 1237 058e 31       		.byte	0x31
 1238 058f 00       		.byte	0
 1239 0590 0D       		.uleb128 0xd
 1240 0591 BE010000 		.4byte	.LVL57
 1241 0595 3A080000 		.4byte	0x83a
 1242 0599 A8050000 		.4byte	0x5a8
 1243 059d 0E       		.uleb128 0xe
 1244 059e 01       		.uleb128 0x1
 1245 059f 50       		.byte	0x50
 1246 05a0 01       		.uleb128 0x1
 1247 05a1 30       		.byte	0x30
 1248 05a2 0E       		.uleb128 0xe
 1249 05a3 01       		.uleb128 0x1
 1250 05a4 51       		.byte	0x51
 1251 05a5 01       		.uleb128 0x1
 1252 05a6 30       		.byte	0x30
 1253 05a7 00       		.byte	0
 1254 05a8 0D       		.uleb128 0xd
 1255 05a9 C4010000 		.4byte	.LVL58
 1256 05ad 45080000 		.4byte	0x845
 1257 05b1 BC050000 		.4byte	0x5bc
 1258 05b5 0E       		.uleb128 0xe
 1259 05b6 01       		.uleb128 0x1
 1260 05b7 50       		.byte	0x50
 1261 05b8 02       		.uleb128 0x2
 1262 05b9 74       		.byte	0x74
 1263 05ba 00       		.sleb128 0
 1264 05bb 00       		.byte	0
 1265 05bc 10       		.uleb128 0x10
 1266 05bd C8010000 		.4byte	.LVL59
 1267 05c1 19080000 		.4byte	0x819
 1268 05c5 0F       		.uleb128 0xf
 1269 05c6 D0010000 		.4byte	.LVL60
 1270 05ca AD070000 		.4byte	0x7ad
 1271 05ce 0E       		.uleb128 0xe
 1272 05cf 01       		.uleb128 0x1
 1273 05d0 50       		.byte	0x50
 1274 05d1 03       		.uleb128 0x3
 1275 05d2 0A       		.byte	0xa
 1276 05d3 D007     		.2byte	0x7d0
 1277 05d5 00       		.byte	0
 1278 05d6 00       		.byte	0
 1279 05d7 11       		.uleb128 0x11
 1280 05d8 F3000000 		.4byte	0xf3
 1281 05dc E7050000 		.4byte	0x5e7
 1282 05e0 12       		.uleb128 0x12
 1283 05e1 01010000 		.4byte	0x101
 1284 05e5 05       		.byte	0x5
 1285 05e6 00       		.byte	0
 1286 05e7 11       		.uleb128 0x11
 1287 05e8 F3000000 		.4byte	0xf3
 1288 05ec F7050000 		.4byte	0x5f7
 1289 05f0 12       		.uleb128 0x12
 1290 05f1 01010000 		.4byte	0x101
 1291 05f5 63       		.byte	0x63
 1292 05f6 00       		.byte	0
ARM GAS  C:\Users\lucac\AppData\Local\Temp\ccBBqF4V.s 			page 27


 1293 05f7 13       		.uleb128 0x13
 1294 05f8 01040000 		.4byte	.LASF31
 1295 05fc 05       		.byte	0x5
 1296 05fd 1207     		.2byte	0x712
 1297 05ff 03060000 		.4byte	0x603
 1298 0603 14       		.uleb128 0x14
 1299 0604 C3000000 		.4byte	0xc3
 1300 0608 15       		.uleb128 0x15
 1301 0609 0A000000 		.4byte	.LASF32
 1302 060d 06       		.byte	0x6
 1303 060e 19       		.byte	0x19
 1304 060f F3000000 		.4byte	0xf3
 1305 0613 05       		.uleb128 0x5
 1306 0614 03       		.byte	0x3
 1307 0615 00000000 		.4byte	state
 1308 0619 15       		.uleb128 0x15
 1309 061a A9020000 		.4byte	.LASF33
 1310 061e 06       		.byte	0x6
 1311 061f 1C       		.byte	0x1c
 1312 0620 A2000000 		.4byte	0xa2
 1313 0624 05       		.uleb128 0x5
 1314 0625 03       		.byte	0x3
 1315 0626 00000000 		.4byte	current_seconds
 1316 062a 15       		.uleb128 0x15
 1317 062b 8C020000 		.4byte	.LASF34
 1318 062f 06       		.byte	0x6
 1319 0630 1D       		.byte	0x1d
 1320 0631 A2000000 		.4byte	0xa2
 1321 0635 05       		.uleb128 0x5
 1322 0636 03       		.byte	0x3
 1323 0637 00000000 		.4byte	current_minutes
 1324 063b 15       		.uleb128 0x15
 1325 063c E3000000 		.4byte	.LASF35
 1326 0640 06       		.byte	0x6
 1327 0641 1E       		.byte	0x1e
 1328 0642 A2000000 		.4byte	0xa2
 1329 0646 05       		.uleb128 0x5
 1330 0647 03       		.byte	0x3
 1331 0648 00000000 		.4byte	current_hours
 1332 064c 15       		.uleb128 0x15
 1333 064d B2030000 		.4byte	.LASF36
 1334 0651 06       		.byte	0x6
 1335 0652 1F       		.byte	0x1f
 1336 0653 A2000000 		.4byte	0xa2
 1337 0657 05       		.uleb128 0x5
 1338 0658 03       		.byte	0x3
 1339 0659 00000000 		.4byte	current_date
 1340 065d 15       		.uleb128 0x15
 1341 065e 82000000 		.4byte	.LASF37
 1342 0662 06       		.byte	0x6
 1343 0663 20       		.byte	0x20
 1344 0664 A2000000 		.4byte	0xa2
 1345 0668 05       		.uleb128 0x5
 1346 0669 03       		.byte	0x3
 1347 066a 00000000 		.4byte	current_month
 1348 066e 15       		.uleb128 0x15
 1349 066f 7E030000 		.4byte	.LASF38
ARM GAS  C:\Users\lucac\AppData\Local\Temp\ccBBqF4V.s 			page 28


 1350 0673 06       		.byte	0x6
 1351 0674 21       		.byte	0x21
 1352 0675 B8000000 		.4byte	0xb8
 1353 0679 05       		.uleb128 0x5
 1354 067a 03       		.byte	0x3
 1355 067b 00000000 		.4byte	current_year
 1356 067f 15       		.uleb128 0x15
 1357 0680 FF000000 		.4byte	.LASF39
 1358 0684 06       		.byte	0x6
 1359 0685 24       		.byte	0x24
 1360 0686 B8000000 		.4byte	0xb8
 1361 068a 05       		.uleb128 0x5
 1362 068b 03       		.byte	0x3
 1363 068c 00000000 		.4byte	eeprom_current_address
 1364 0690 15       		.uleb128 0x15
 1365 0691 2E000000 		.4byte	.LASF40
 1366 0695 07       		.byte	0x7
 1367 0696 1C       		.byte	0x1c
 1368 0697 AD000000 		.4byte	0xad
 1369 069b 05       		.uleb128 0x5
 1370 069c 03       		.byte	0x3
 1371 069d 00000000 		.4byte	cursor_x
 1372 06a1 15       		.uleb128 0x15
 1373 06a2 37000000 		.4byte	.LASF41
 1374 06a6 07       		.byte	0x7
 1375 06a7 1C       		.byte	0x1c
 1376 06a8 AD000000 		.4byte	0xad
 1377 06ac 05       		.uleb128 0x5
 1378 06ad 03       		.byte	0x3
 1379 06ae 00000000 		.4byte	cursor_y
 1380 06b2 15       		.uleb128 0x15
 1381 06b3 30010000 		.4byte	.LASF42
 1382 06b7 07       		.byte	0x7
 1383 06b8 1D       		.byte	0x1d
 1384 06b9 A2000000 		.4byte	0xa2
 1385 06bd 05       		.uleb128 0x5
 1386 06be 03       		.byte	0x3
 1387 06bf 00000000 		.4byte	textsize
 1388 06c3 15       		.uleb128 0x15
 1389 06c4 5C000000 		.4byte	.LASF43
 1390 06c8 07       		.byte	0x7
 1391 06c9 1E       		.byte	0x1e
 1392 06ca A2000000 		.4byte	0xa2
 1393 06ce 05       		.uleb128 0x5
 1394 06cf 03       		.byte	0x3
 1395 06d0 00000000 		.4byte	wrap
 1396 06d4 15       		.uleb128 0x15
 1397 06d5 F6000000 		.4byte	.LASF44
 1398 06d9 07       		.byte	0x7
 1399 06da 1F       		.byte	0x1f
 1400 06db A2000000 		.4byte	0xa2
 1401 06df 05       		.uleb128 0x5
 1402 06e0 03       		.byte	0x3
 1403 06e1 00000000 		.4byte	rotation
 1404 06e5 15       		.uleb128 0x15
 1405 06e6 17020000 		.4byte	.LASF45
 1406 06ea 07       		.byte	0x7
ARM GAS  C:\Users\lucac\AppData\Local\Temp\ccBBqF4V.s 			page 29


 1407 06eb 20       		.byte	0x20
 1408 06ec B8000000 		.4byte	0xb8
 1409 06f0 05       		.uleb128 0x5
 1410 06f1 03       		.byte	0x3
 1411 06f2 00000000 		.4byte	textcolor
 1412 06f6 15       		.uleb128 0x15
 1413 06f7 9C040000 		.4byte	.LASF46
 1414 06fb 07       		.byte	0x7
 1415 06fc 20       		.byte	0x20
 1416 06fd B8000000 		.4byte	0xb8
 1417 0701 05       		.uleb128 0x5
 1418 0702 03       		.byte	0x3
 1419 0703 00000000 		.4byte	textbgcolor
 1420 0707 11       		.uleb128 0x11
 1421 0708 D9000000 		.4byte	0xd9
 1422 070c 17070000 		.4byte	0x717
 1423 0710 12       		.uleb128 0x12
 1424 0711 01010000 		.4byte	0x101
 1425 0715 07       		.byte	0x7
 1426 0716 00       		.byte	0
 1427 0717 15       		.uleb128 0x15
 1428 0718 C1040000 		.4byte	.LASF47
 1429 071c 08       		.byte	0x8
 1430 071d 52       		.byte	0x52
 1431 071e 07070000 		.4byte	0x707
 1432 0722 05       		.uleb128 0x5
 1433 0723 03       		.byte	0x3
 1434 0724 00000000 		.4byte	Current_time
 1435 0728 15       		.uleb128 0x15
 1436 0729 9C020000 		.4byte	.LASF48
 1437 072d 01       		.byte	0x1
 1438 072e 1E       		.byte	0x1e
 1439 072f A2000000 		.4byte	0xa2
 1440 0733 05       		.uleb128 0x5
 1441 0734 03       		.byte	0x3
 1442 0735 00000000 		.4byte	seconds
 1443 0739 11       		.uleb128 0x11
 1444 073a F3000000 		.4byte	0xf3
 1445 073e 49070000 		.4byte	0x749
 1446 0742 12       		.uleb128 0x12
 1447 0743 01010000 		.4byte	0x101
 1448 0747 3F       		.byte	0x3f
 1449 0748 00       		.byte	0
 1450 0749 15       		.uleb128 0x15
 1451 074a 45000000 		.4byte	.LASF49
 1452 074e 01       		.byte	0x1
 1453 074f 20       		.byte	0x20
 1454 0750 39070000 		.4byte	0x739
 1455 0754 05       		.uleb128 0x5
 1456 0755 03       		.byte	0x3
 1457 0756 00000000 		.4byte	rtc_content
 1458 075a 15       		.uleb128 0x15
 1459 075b 37020000 		.4byte	.LASF50
 1460 075f 01       		.byte	0x1
 1461 0760 21       		.byte	0x21
 1462 0761 A2000000 		.4byte	0xa2
 1463 0765 05       		.uleb128 0x5
ARM GAS  C:\Users\lucac\AppData\Local\Temp\ccBBqF4V.s 			page 30


 1464 0766 03       		.byte	0x3
 1465 0767 00000000 		.4byte	rtc_data_register
 1466 076b 16       		.uleb128 0x16
 1467 076c E3010000 		.4byte	.LASF51
 1468 0770 E3010000 		.4byte	.LASF51
 1469 0774 09       		.byte	0x9
 1470 0775 E7       		.byte	0xe7
 1471 0776 16       		.uleb128 0x16
 1472 0777 D5030000 		.4byte	.LASF52
 1473 077b D5030000 		.4byte	.LASF52
 1474 077f 0A       		.byte	0xa
 1475 0780 8B       		.byte	0x8b
 1476 0781 16       		.uleb128 0x16
 1477 0782 C9010000 		.4byte	.LASF53
 1478 0786 C9010000 		.4byte	.LASF53
 1479 078a 0B       		.byte	0xb
 1480 078b B1       		.byte	0xb1
 1481 078c 16       		.uleb128 0x16
 1482 078d C4000000 		.4byte	.LASF54
 1483 0791 C4000000 		.4byte	.LASF54
 1484 0795 0B       		.byte	0xb
 1485 0796 B5       		.byte	0xb5
 1486 0797 16       		.uleb128 0x16
 1487 0798 69020000 		.4byte	.LASF55
 1488 079c 69020000 		.4byte	.LASF55
 1489 07a0 0B       		.byte	0xb
 1490 07a1 93       		.byte	0x93
 1491 07a2 16       		.uleb128 0x16
 1492 07a3 8C010000 		.4byte	.LASF56
 1493 07a7 8C010000 		.4byte	.LASF56
 1494 07ab 0A       		.byte	0xa
 1495 07ac 54       		.byte	0x54
 1496 07ad 16       		.uleb128 0x16
 1497 07ae A8040000 		.4byte	.LASF57
 1498 07b2 A8040000 		.4byte	.LASF57
 1499 07b6 0C       		.byte	0xc
 1500 07b7 76       		.byte	0x76
 1501 07b8 16       		.uleb128 0x16
 1502 07b9 AE010000 		.4byte	.LASF58
 1503 07bd AE010000 		.4byte	.LASF58
 1504 07c1 07       		.byte	0x7
 1505 07c2 23       		.byte	0x23
 1506 07c3 16       		.uleb128 0x16
 1507 07c4 79010000 		.4byte	.LASF59
 1508 07c8 79010000 		.4byte	.LASF59
 1509 07cc 08       		.byte	0x8
 1510 07cd 57       		.byte	0x57
 1511 07ce 17       		.uleb128 0x17
 1512 07cf 47010000 		.4byte	.LASF76
 1513 07d3 47010000 		.4byte	.LASF76
 1514 07d7 16       		.uleb128 0x16
 1515 07d8 16010000 		.4byte	.LASF60
 1516 07dc 16010000 		.4byte	.LASF60
 1517 07e0 07       		.byte	0x7
 1518 07e1 39       		.byte	0x39
 1519 07e2 16       		.uleb128 0x16
 1520 07e3 5B020000 		.4byte	.LASF61
ARM GAS  C:\Users\lucac\AppData\Local\Temp\ccBBqF4V.s 			page 31


 1521 07e7 5B020000 		.4byte	.LASF61
 1522 07eb 08       		.byte	0x8
 1523 07ec 58       		.byte	0x58
 1524 07ed 16       		.uleb128 0x16
 1525 07ee 99010000 		.4byte	.LASF62
 1526 07f2 99010000 		.4byte	.LASF62
 1527 07f6 09       		.byte	0x9
 1528 07f7 FD       		.byte	0xfd
 1529 07f8 16       		.uleb128 0x16
 1530 07f9 99030000 		.4byte	.LASF63
 1531 07fd 99030000 		.4byte	.LASF63
 1532 0801 0D       		.byte	0xd
 1533 0802 25       		.byte	0x25
 1534 0803 16       		.uleb128 0x16
 1535 0804 A0000000 		.4byte	.LASF64
 1536 0808 A0000000 		.4byte	.LASF64
 1537 080c 0D       		.byte	0xd
 1538 080d 26       		.byte	0x26
 1539 080e 16       		.uleb128 0x16
 1540 080f 4E010000 		.4byte	.LASF65
 1541 0813 4E010000 		.4byte	.LASF65
 1542 0817 07       		.byte	0x7
 1543 0818 24       		.byte	0x24
 1544 0819 16       		.uleb128 0x16
 1545 081a 65010000 		.4byte	.LASF66
 1546 081e 65010000 		.4byte	.LASF66
 1547 0822 07       		.byte	0x7
 1548 0823 26       		.byte	0x26
 1549 0824 16       		.uleb128 0x16
 1550 0825 90000000 		.4byte	.LASF67
 1551 0829 90000000 		.4byte	.LASF67
 1552 082d 07       		.byte	0x7
 1553 082e 2F       		.byte	0x2f
 1554 082f 16       		.uleb128 0x16
 1555 0830 B0040000 		.4byte	.LASF68
 1556 0834 B0040000 		.4byte	.LASF68
 1557 0838 07       		.byte	0x7
 1558 0839 2E       		.byte	0x2e
 1559 083a 16       		.uleb128 0x16
 1560 083b 8B030000 		.4byte	.LASF69
 1561 083f 8B030000 		.4byte	.LASF69
 1562 0843 07       		.byte	0x7
 1563 0844 2D       		.byte	0x2d
 1564 0845 16       		.uleb128 0x16
 1565 0846 F0030000 		.4byte	.LASF70
 1566 084a F0030000 		.4byte	.LASF70
 1567 084e 07       		.byte	0x7
 1568 084f 30       		.byte	0x30
 1569 0850 00       		.byte	0
 1570              		.section	.debug_abbrev,"",%progbits
 1571              	.Ldebug_abbrev0:
 1572 0000 01       		.uleb128 0x1
 1573 0001 11       		.uleb128 0x11
 1574 0002 01       		.byte	0x1
 1575 0003 25       		.uleb128 0x25
 1576 0004 0E       		.uleb128 0xe
 1577 0005 13       		.uleb128 0x13
ARM GAS  C:\Users\lucac\AppData\Local\Temp\ccBBqF4V.s 			page 32


 1578 0006 0B       		.uleb128 0xb
 1579 0007 03       		.uleb128 0x3
 1580 0008 0E       		.uleb128 0xe
 1581 0009 1B       		.uleb128 0x1b
 1582 000a 0E       		.uleb128 0xe
 1583 000b 55       		.uleb128 0x55
 1584 000c 17       		.uleb128 0x17
 1585 000d 11       		.uleb128 0x11
 1586 000e 01       		.uleb128 0x1
 1587 000f 10       		.uleb128 0x10
 1588 0010 17       		.uleb128 0x17
 1589 0011 00       		.byte	0
 1590 0012 00       		.byte	0
 1591 0013 02       		.uleb128 0x2
 1592 0014 24       		.uleb128 0x24
 1593 0015 00       		.byte	0
 1594 0016 0B       		.uleb128 0xb
 1595 0017 0B       		.uleb128 0xb
 1596 0018 3E       		.uleb128 0x3e
 1597 0019 0B       		.uleb128 0xb
 1598 001a 03       		.uleb128 0x3
 1599 001b 0E       		.uleb128 0xe
 1600 001c 00       		.byte	0
 1601 001d 00       		.byte	0
 1602 001e 03       		.uleb128 0x3
 1603 001f 16       		.uleb128 0x16
 1604 0020 00       		.byte	0
 1605 0021 03       		.uleb128 0x3
 1606 0022 0E       		.uleb128 0xe
 1607 0023 3A       		.uleb128 0x3a
 1608 0024 0B       		.uleb128 0xb
 1609 0025 3B       		.uleb128 0x3b
 1610 0026 0B       		.uleb128 0xb
 1611 0027 49       		.uleb128 0x49
 1612 0028 13       		.uleb128 0x13
 1613 0029 00       		.byte	0
 1614 002a 00       		.byte	0
 1615 002b 04       		.uleb128 0x4
 1616 002c 24       		.uleb128 0x24
 1617 002d 00       		.byte	0
 1618 002e 0B       		.uleb128 0xb
 1619 002f 0B       		.uleb128 0xb
 1620 0030 3E       		.uleb128 0x3e
 1621 0031 0B       		.uleb128 0xb
 1622 0032 03       		.uleb128 0x3
 1623 0033 08       		.uleb128 0x8
 1624 0034 00       		.byte	0
 1625 0035 00       		.byte	0
 1626 0036 05       		.uleb128 0x5
 1627 0037 16       		.uleb128 0x16
 1628 0038 00       		.byte	0
 1629 0039 03       		.uleb128 0x3
 1630 003a 0E       		.uleb128 0xe
 1631 003b 3A       		.uleb128 0x3a
 1632 003c 0B       		.uleb128 0xb
 1633 003d 3B       		.uleb128 0x3b
 1634 003e 05       		.uleb128 0x5
ARM GAS  C:\Users\lucac\AppData\Local\Temp\ccBBqF4V.s 			page 33


 1635 003f 49       		.uleb128 0x49
 1636 0040 13       		.uleb128 0x13
 1637 0041 00       		.byte	0
 1638 0042 00       		.byte	0
 1639 0043 06       		.uleb128 0x6
 1640 0044 2E       		.uleb128 0x2e
 1641 0045 01       		.byte	0x1
 1642 0046 3F       		.uleb128 0x3f
 1643 0047 19       		.uleb128 0x19
 1644 0048 03       		.uleb128 0x3
 1645 0049 0E       		.uleb128 0xe
 1646 004a 3A       		.uleb128 0x3a
 1647 004b 0B       		.uleb128 0xb
 1648 004c 3B       		.uleb128 0x3b
 1649 004d 0B       		.uleb128 0xb
 1650 004e 27       		.uleb128 0x27
 1651 004f 19       		.uleb128 0x19
 1652 0050 49       		.uleb128 0x49
 1653 0051 13       		.uleb128 0x13
 1654 0052 8701     		.uleb128 0x87
 1655 0054 19       		.uleb128 0x19
 1656 0055 11       		.uleb128 0x11
 1657 0056 01       		.uleb128 0x1
 1658 0057 12       		.uleb128 0x12
 1659 0058 06       		.uleb128 0x6
 1660 0059 40       		.uleb128 0x40
 1661 005a 18       		.uleb128 0x18
 1662 005b 9742     		.uleb128 0x2117
 1663 005d 19       		.uleb128 0x19
 1664 005e 01       		.uleb128 0x1
 1665 005f 13       		.uleb128 0x13
 1666 0060 00       		.byte	0
 1667 0061 00       		.byte	0
 1668 0062 07       		.uleb128 0x7
 1669 0063 34       		.uleb128 0x34
 1670 0064 00       		.byte	0
 1671 0065 03       		.uleb128 0x3
 1672 0066 0E       		.uleb128 0xe
 1673 0067 3A       		.uleb128 0x3a
 1674 0068 0B       		.uleb128 0xb
 1675 0069 3B       		.uleb128 0x3b
 1676 006a 0B       		.uleb128 0xb
 1677 006b 49       		.uleb128 0x49
 1678 006c 13       		.uleb128 0x13
 1679 006d 1C       		.uleb128 0x1c
 1680 006e 0B       		.uleb128 0xb
 1681 006f 00       		.byte	0
 1682 0070 00       		.byte	0
 1683 0071 08       		.uleb128 0x8
 1684 0072 34       		.uleb128 0x34
 1685 0073 00       		.byte	0
 1686 0074 03       		.uleb128 0x3
 1687 0075 0E       		.uleb128 0xe
 1688 0076 3A       		.uleb128 0x3a
 1689 0077 0B       		.uleb128 0xb
 1690 0078 3B       		.uleb128 0x3b
 1691 0079 0B       		.uleb128 0xb
ARM GAS  C:\Users\lucac\AppData\Local\Temp\ccBBqF4V.s 			page 34


 1692 007a 49       		.uleb128 0x49
 1693 007b 13       		.uleb128 0x13
 1694 007c 02       		.uleb128 0x2
 1695 007d 17       		.uleb128 0x17
 1696 007e 00       		.byte	0
 1697 007f 00       		.byte	0
 1698 0080 09       		.uleb128 0x9
 1699 0081 34       		.uleb128 0x34
 1700 0082 00       		.byte	0
 1701 0083 03       		.uleb128 0x3
 1702 0084 0E       		.uleb128 0xe
 1703 0085 3A       		.uleb128 0x3a
 1704 0086 0B       		.uleb128 0xb
 1705 0087 3B       		.uleb128 0x3b
 1706 0088 0B       		.uleb128 0xb
 1707 0089 49       		.uleb128 0x49
 1708 008a 13       		.uleb128 0x13
 1709 008b 00       		.byte	0
 1710 008c 00       		.byte	0
 1711 008d 0A       		.uleb128 0xa
 1712 008e 34       		.uleb128 0x34
 1713 008f 00       		.byte	0
 1714 0090 03       		.uleb128 0x3
 1715 0091 08       		.uleb128 0x8
 1716 0092 3A       		.uleb128 0x3a
 1717 0093 0B       		.uleb128 0xb
 1718 0094 3B       		.uleb128 0x3b
 1719 0095 0B       		.uleb128 0xb
 1720 0096 49       		.uleb128 0x49
 1721 0097 13       		.uleb128 0x13
 1722 0098 02       		.uleb128 0x2
 1723 0099 17       		.uleb128 0x17
 1724 009a 00       		.byte	0
 1725 009b 00       		.byte	0
 1726 009c 0B       		.uleb128 0xb
 1727 009d 34       		.uleb128 0x34
 1728 009e 00       		.byte	0
 1729 009f 03       		.uleb128 0x3
 1730 00a0 0E       		.uleb128 0xe
 1731 00a1 3A       		.uleb128 0x3a
 1732 00a2 0B       		.uleb128 0xb
 1733 00a3 3B       		.uleb128 0x3b
 1734 00a4 0B       		.uleb128 0xb
 1735 00a5 49       		.uleb128 0x49
 1736 00a6 13       		.uleb128 0x13
 1737 00a7 02       		.uleb128 0x2
 1738 00a8 18       		.uleb128 0x18
 1739 00a9 00       		.byte	0
 1740 00aa 00       		.byte	0
 1741 00ab 0C       		.uleb128 0xc
 1742 00ac 0B       		.uleb128 0xb
 1743 00ad 01       		.byte	0x1
 1744 00ae 11       		.uleb128 0x11
 1745 00af 01       		.uleb128 0x1
 1746 00b0 12       		.uleb128 0x12
 1747 00b1 06       		.uleb128 0x6
 1748 00b2 01       		.uleb128 0x1
ARM GAS  C:\Users\lucac\AppData\Local\Temp\ccBBqF4V.s 			page 35


 1749 00b3 13       		.uleb128 0x13
 1750 00b4 00       		.byte	0
 1751 00b5 00       		.byte	0
 1752 00b6 0D       		.uleb128 0xd
 1753 00b7 898201   		.uleb128 0x4109
 1754 00ba 01       		.byte	0x1
 1755 00bb 11       		.uleb128 0x11
 1756 00bc 01       		.uleb128 0x1
 1757 00bd 31       		.uleb128 0x31
 1758 00be 13       		.uleb128 0x13
 1759 00bf 01       		.uleb128 0x1
 1760 00c0 13       		.uleb128 0x13
 1761 00c1 00       		.byte	0
 1762 00c2 00       		.byte	0
 1763 00c3 0E       		.uleb128 0xe
 1764 00c4 8A8201   		.uleb128 0x410a
 1765 00c7 00       		.byte	0
 1766 00c8 02       		.uleb128 0x2
 1767 00c9 18       		.uleb128 0x18
 1768 00ca 9142     		.uleb128 0x2111
 1769 00cc 18       		.uleb128 0x18
 1770 00cd 00       		.byte	0
 1771 00ce 00       		.byte	0
 1772 00cf 0F       		.uleb128 0xf
 1773 00d0 898201   		.uleb128 0x4109
 1774 00d3 01       		.byte	0x1
 1775 00d4 11       		.uleb128 0x11
 1776 00d5 01       		.uleb128 0x1
 1777 00d6 31       		.uleb128 0x31
 1778 00d7 13       		.uleb128 0x13
 1779 00d8 00       		.byte	0
 1780 00d9 00       		.byte	0
 1781 00da 10       		.uleb128 0x10
 1782 00db 898201   		.uleb128 0x4109
 1783 00de 00       		.byte	0
 1784 00df 11       		.uleb128 0x11
 1785 00e0 01       		.uleb128 0x1
 1786 00e1 31       		.uleb128 0x31
 1787 00e2 13       		.uleb128 0x13
 1788 00e3 00       		.byte	0
 1789 00e4 00       		.byte	0
 1790 00e5 11       		.uleb128 0x11
 1791 00e6 01       		.uleb128 0x1
 1792 00e7 01       		.byte	0x1
 1793 00e8 49       		.uleb128 0x49
 1794 00e9 13       		.uleb128 0x13
 1795 00ea 01       		.uleb128 0x1
 1796 00eb 13       		.uleb128 0x13
 1797 00ec 00       		.byte	0
 1798 00ed 00       		.byte	0
 1799 00ee 12       		.uleb128 0x12
 1800 00ef 21       		.uleb128 0x21
 1801 00f0 00       		.byte	0
 1802 00f1 49       		.uleb128 0x49
 1803 00f2 13       		.uleb128 0x13
 1804 00f3 2F       		.uleb128 0x2f
 1805 00f4 0B       		.uleb128 0xb
ARM GAS  C:\Users\lucac\AppData\Local\Temp\ccBBqF4V.s 			page 36


 1806 00f5 00       		.byte	0
 1807 00f6 00       		.byte	0
 1808 00f7 13       		.uleb128 0x13
 1809 00f8 34       		.uleb128 0x34
 1810 00f9 00       		.byte	0
 1811 00fa 03       		.uleb128 0x3
 1812 00fb 0E       		.uleb128 0xe
 1813 00fc 3A       		.uleb128 0x3a
 1814 00fd 0B       		.uleb128 0xb
 1815 00fe 3B       		.uleb128 0x3b
 1816 00ff 05       		.uleb128 0x5
 1817 0100 49       		.uleb128 0x49
 1818 0101 13       		.uleb128 0x13
 1819 0102 3F       		.uleb128 0x3f
 1820 0103 19       		.uleb128 0x19
 1821 0104 3C       		.uleb128 0x3c
 1822 0105 19       		.uleb128 0x19
 1823 0106 00       		.byte	0
 1824 0107 00       		.byte	0
 1825 0108 14       		.uleb128 0x14
 1826 0109 35       		.uleb128 0x35
 1827 010a 00       		.byte	0
 1828 010b 49       		.uleb128 0x49
 1829 010c 13       		.uleb128 0x13
 1830 010d 00       		.byte	0
 1831 010e 00       		.byte	0
 1832 010f 15       		.uleb128 0x15
 1833 0110 34       		.uleb128 0x34
 1834 0111 00       		.byte	0
 1835 0112 03       		.uleb128 0x3
 1836 0113 0E       		.uleb128 0xe
 1837 0114 3A       		.uleb128 0x3a
 1838 0115 0B       		.uleb128 0xb
 1839 0116 3B       		.uleb128 0x3b
 1840 0117 0B       		.uleb128 0xb
 1841 0118 49       		.uleb128 0x49
 1842 0119 13       		.uleb128 0x13
 1843 011a 3F       		.uleb128 0x3f
 1844 011b 19       		.uleb128 0x19
 1845 011c 02       		.uleb128 0x2
 1846 011d 18       		.uleb128 0x18
 1847 011e 00       		.byte	0
 1848 011f 00       		.byte	0
 1849 0120 16       		.uleb128 0x16
 1850 0121 2E       		.uleb128 0x2e
 1851 0122 00       		.byte	0
 1852 0123 3F       		.uleb128 0x3f
 1853 0124 19       		.uleb128 0x19
 1854 0125 3C       		.uleb128 0x3c
 1855 0126 19       		.uleb128 0x19
 1856 0127 6E       		.uleb128 0x6e
 1857 0128 0E       		.uleb128 0xe
 1858 0129 03       		.uleb128 0x3
 1859 012a 0E       		.uleb128 0xe
 1860 012b 3A       		.uleb128 0x3a
 1861 012c 0B       		.uleb128 0xb
 1862 012d 3B       		.uleb128 0x3b
ARM GAS  C:\Users\lucac\AppData\Local\Temp\ccBBqF4V.s 			page 37


 1863 012e 0B       		.uleb128 0xb
 1864 012f 00       		.byte	0
 1865 0130 00       		.byte	0
 1866 0131 17       		.uleb128 0x17
 1867 0132 2E       		.uleb128 0x2e
 1868 0133 00       		.byte	0
 1869 0134 3F       		.uleb128 0x3f
 1870 0135 19       		.uleb128 0x19
 1871 0136 3C       		.uleb128 0x3c
 1872 0137 19       		.uleb128 0x19
 1873 0138 6E       		.uleb128 0x6e
 1874 0139 0E       		.uleb128 0xe
 1875 013a 03       		.uleb128 0x3
 1876 013b 0E       		.uleb128 0xe
 1877 013c 00       		.byte	0
 1878 013d 00       		.byte	0
 1879 013e 00       		.byte	0
 1880              		.section	.debug_loc,"",%progbits
 1881              	.Ldebug_loc0:
 1882              	.LLST0:
 1883 0000 2C000000 		.4byte	.LVL5
 1884 0004 C2000000 		.4byte	.LVL32
 1885 0008 0200     		.2byte	0x2
 1886 000a 30       		.byte	0x30
 1887 000b 9F       		.byte	0x9f
 1888 000c 00000000 		.4byte	0
 1889 0010 00000000 		.4byte	0
 1890              	.LLST1:
 1891 0014 2C000000 		.4byte	.LVL5
 1892 0018 C2000000 		.4byte	.LVL32
 1893 001c 0200     		.2byte	0x2
 1894 001e 30       		.byte	0x30
 1895 001f 9F       		.byte	0x9f
 1896 0020 C2000000 		.4byte	.LVL32
 1897 0024 8C010000 		.4byte	.LVL49
 1898 0028 0100     		.2byte	0x1
 1899 002a 59       		.byte	0x59
 1900 002b 8C010000 		.4byte	.LVL49
 1901 002f A2010000 		.4byte	.LVL52
 1902 0033 0200     		.2byte	0x2
 1903 0035 31       		.byte	0x31
 1904 0036 9F       		.byte	0x9f
 1905 0037 A2010000 		.4byte	.LVL52
 1906 003b 34020000 		.4byte	.LFE64
 1907 003f 0100     		.2byte	0x1
 1908 0041 59       		.byte	0x59
 1909 0042 00000000 		.4byte	0
 1910 0046 00000000 		.4byte	0
 1911              	.LLST3:
 1912 004a 90000000 		.4byte	.LVL21
 1913 004e 98000000 		.4byte	.LVL22
 1914 0052 0600     		.2byte	0x6
 1915 0054 70       		.byte	0x70
 1916 0055 00       		.sleb128 0
 1917 0056 08       		.byte	0x8
 1918 0057 FF       		.byte	0xff
 1919 0058 1A       		.byte	0x1a
ARM GAS  C:\Users\lucac\AppData\Local\Temp\ccBBqF4V.s 			page 38


 1920 0059 9F       		.byte	0x9f
 1921 005a A4000000 		.4byte	.LVL25
 1922 005e A6000000 		.4byte	.LVL26
 1923 0062 0600     		.2byte	0x6
 1924 0064 70       		.byte	0x70
 1925 0065 00       		.sleb128 0
 1926 0066 08       		.byte	0x8
 1927 0067 FF       		.byte	0xff
 1928 0068 1A       		.byte	0x1a
 1929 0069 9F       		.byte	0x9f
 1930 006a 00000000 		.4byte	0
 1931 006e 00000000 		.4byte	0
 1932              	.LLST4:
 1933 0072 54000000 		.4byte	.LVL11
 1934 0076 56000000 		.4byte	.LVL12
 1935 007a 0200     		.2byte	0x2
 1936 007c 30       		.byte	0x30
 1937 007d 9F       		.byte	0x9f
 1938 007e 56000000 		.4byte	.LVL12
 1939 0082 68000000 		.4byte	.LVL15
 1940 0086 0100     		.2byte	0x1
 1941 0088 54       		.byte	0x54
 1942 0089 6A000000 		.4byte	.LVL16
 1943 008d 70000000 		.4byte	.LVL17
 1944 0091 0100     		.2byte	0x1
 1945 0093 54       		.byte	0x54
 1946 0094 00000000 		.4byte	0
 1947 0098 00000000 		.4byte	0
 1948              	.LLST5:
 1949 009c 72000000 		.4byte	.LVL18
 1950 00a0 B0000000 		.4byte	.LVL29
 1951 00a4 0100     		.2byte	0x1
 1952 00a6 54       		.byte	0x54
 1953 00a7 B2000000 		.4byte	.LVL30
 1954 00ab C2000000 		.4byte	.LVL32
 1955 00af 0100     		.2byte	0x1
 1956 00b1 54       		.byte	0x54
 1957 00b2 00000000 		.4byte	0
 1958 00b6 00000000 		.4byte	0
 1959              		.section	.debug_aranges,"",%progbits
 1960 0000 1C000000 		.4byte	0x1c
 1961 0004 0200     		.2byte	0x2
 1962 0006 00000000 		.4byte	.Ldebug_info0
 1963 000a 04       		.byte	0x4
 1964 000b 00       		.byte	0
 1965 000c 0000     		.2byte	0
 1966 000e 0000     		.2byte	0
 1967 0010 00000000 		.4byte	.LFB64
 1968 0014 34020000 		.4byte	.LFE64-.LFB64
 1969 0018 00000000 		.4byte	0
 1970 001c 00000000 		.4byte	0
 1971              		.section	.debug_ranges,"",%progbits
 1972              	.Ldebug_ranges0:
 1973 0000 00000000 		.4byte	.LFB64
 1974 0004 34020000 		.4byte	.LFE64
 1975 0008 00000000 		.4byte	0
 1976 000c 00000000 		.4byte	0
ARM GAS  C:\Users\lucac\AppData\Local\Temp\ccBBqF4V.s 			page 39


 1977              		.section	.debug_line,"",%progbits
 1978              	.Ldebug_line0:
 1979 0000 A6020000 		.section	.debug_str,"MS",%progbits,1
 1979      02002602 
 1979      00000201 
 1979      FB0E0D00 
 1979      01010101 
 1980              	.LASF3:
 1981 0000 5F5F696E 		.ascii	"__int16_t\000"
 1981      7431365F 
 1981      7400
 1982              	.LASF32:
 1983 000a 73746174 		.ascii	"state\000"
 1983      6500
 1984              	.LASF4:
 1985 0010 73686F72 		.ascii	"short int\000"
 1985      7420696E 
 1985      7400
 1986              	.LASF30:
 1987 001a 69326361 		.ascii	"i2caddress\000"
 1987      64647265 
 1987      737300
 1988              	.LASF24:
 1989 0025 73697A65 		.ascii	"sizetype\000"
 1989      74797065 
 1989      00
 1990              	.LASF40:
 1991 002e 63757273 		.ascii	"cursor_x\000"
 1991      6F725F78 
 1991      00
 1992              	.LASF41:
 1993 0037 63757273 		.ascii	"cursor_y\000"
 1993      6F725F79 
 1993      00
 1994              	.LASF74:
 1995 0040 6D61696E 		.ascii	"main\000"
 1995      00
 1996              	.LASF49:
 1997 0045 7274635F 		.ascii	"rtc_content\000"
 1997      636F6E74 
 1997      656E7400 
 1998              	.LASF9:
 1999 0051 5F5F7569 		.ascii	"__uint32_t\000"
 1999      6E743332 
 1999      5F7400
 2000              	.LASF43:
 2001 005c 77726170 		.ascii	"wrap\000"
 2001      00
 2002              	.LASF25:
 2003 0061 676C7563 		.ascii	"glucose_concentration\000"
 2003      6F73655F 
 2003      636F6E63 
 2003      656E7472 
 2003      6174696F 
 2004              	.LASF5:
 2005 0077 5F5F7569 		.ascii	"__uint16_t\000"
 2005      6E743136 
ARM GAS  C:\Users\lucac\AppData\Local\Temp\ccBBqF4V.s 			page 40


 2005      5F7400
 2006              	.LASF37:
 2007 0082 63757272 		.ascii	"current_month\000"
 2007      656E745F 
 2007      6D6F6E74 
 2007      6800
 2008              	.LASF67:
 2009 0090 7274785F 		.ascii	"rtx_setTextSize\000"
 2009      73657454 
 2009      65787453 
 2009      697A6500 
 2010              	.LASF64:
 2011 00a0 6765745F 		.ascii	"get_measurement_from_memory\000"
 2011      6D656173 
 2011      7572656D 
 2011      656E745F 
 2011      66726F6D 
 2012              	.LASF14:
 2013 00bc 75696E74 		.ascii	"uint8_t\000"
 2013      385F7400 
 2014              	.LASF54:
 2015 00c4 4932434D 		.ascii	"I2CMASTER_MasterSendStop\000"
 2015      41535445 
 2015      525F4D61 
 2015      73746572 
 2015      53656E64 
 2016              	.LASF19:
 2017 00dd 75696E74 		.ascii	"uint8\000"
 2017      3800
 2018              	.LASF35:
 2019 00e3 63757272 		.ascii	"current_hours\000"
 2019      656E745F 
 2019      686F7572 
 2019      7300
 2020              	.LASF75:
 2021 00f1 756E6974 		.ascii	"unit\000"
 2021      00
 2022              	.LASF44:
 2023 00f6 726F7461 		.ascii	"rotation\000"
 2023      74696F6E 
 2023      00
 2024              	.LASF39:
 2025 00ff 65657072 		.ascii	"eeprom_current_address\000"
 2025      6F6D5F63 
 2025      75727265 
 2025      6E745F61 
 2025      64647265 
 2026              	.LASF60:
 2027 0116 4F4C4544 		.ascii	"OLED_welcome_screen\000"
 2027      5F77656C 
 2027      636F6D65 
 2027      5F736372 
 2027      65656E00 
 2028              	.LASF20:
 2029 012a 666C6F61 		.ascii	"float\000"
 2029      7400
 2030              	.LASF42:
ARM GAS  C:\Users\lucac\AppData\Local\Temp\ccBBqF4V.s 			page 41


 2031 0130 74657874 		.ascii	"textsize\000"
 2031      73697A65 
 2031      00
 2032              	.LASF11:
 2033 0139 6C6F6E67 		.ascii	"long long int\000"
 2033      206C6F6E 
 2033      6720696E 
 2033      7400
 2034              	.LASF76:
 2035 0147 6D656D73 		.ascii	"memset\000"
 2035      657400
 2036              	.LASF65:
 2037 014e 64697370 		.ascii	"display_clear\000"
 2037      6C61795F 
 2037      636C6561 
 2037      7200
 2038              	.LASF8:
 2039 015c 6C6F6E67 		.ascii	"long int\000"
 2039      20696E74 
 2039      00
 2040              	.LASF66:
 2041 0165 64697370 		.ascii	"display_update\000"
 2041      6C61795F 
 2041      75706461 
 2041      746500
 2042              	.LASF28:
 2043 0174 7276616C 		.ascii	"rval\000"
 2043      00
 2044              	.LASF59:
 2045 0179 7274635F 		.ascii	"rtc_init\000"
 2045      696E6974 
 2045      00
 2046              	.LASF2:
 2047 0182 5F5F7569 		.ascii	"__uint8_t\000"
 2047      6E74385F 
 2047      7400
 2048              	.LASF56:
 2049 018c 55415254 		.ascii	"UART_1_Start\000"
 2049      5F315F53 
 2049      74617274 
 2049      00
 2050              	.LASF62:
 2051 0199 736E7072 		.ascii	"snprintf\000"
 2051      696E7466 
 2051      00
 2052              	.LASF23:
 2053 01a2 6C6F6E67 		.ascii	"long double\000"
 2053      20646F75 
 2053      626C6500 
 2054              	.LASF58:
 2055 01ae 64697370 		.ascii	"display_init\000"
 2055      6C61795F 
 2055      696E6974 
 2055      00
 2056              	.LASF1:
 2057 01bb 756E7369 		.ascii	"unsigned char\000"
 2057      676E6564 
ARM GAS  C:\Users\lucac\AppData\Local\Temp\ccBBqF4V.s 			page 42


 2057      20636861 
 2057      7200
 2058              	.LASF53:
 2059 01c9 4932434D 		.ascii	"I2CMASTER_MasterSendStart\000"
 2059      41535445 
 2059      525F4D61 
 2059      73746572 
 2059      53656E64 
 2060              	.LASF51:
 2061 01e3 73707269 		.ascii	"sprintf\000"
 2061      6E746600 
 2062              	.LASF0:
 2063 01eb 7369676E 		.ascii	"signed char\000"
 2063      65642063 
 2063      68617200 
 2064              	.LASF12:
 2065 01f7 6C6F6E67 		.ascii	"long long unsigned int\000"
 2065      206C6F6E 
 2065      6720756E 
 2065      7369676E 
 2065      65642069 
 2066              	.LASF18:
 2067 020e 75696E74 		.ascii	"uint32_t\000"
 2067      33325F74 
 2067      00
 2068              	.LASF45:
 2069 0217 74657874 		.ascii	"textcolor\000"
 2069      636F6C6F 
 2069      7200
 2070              	.LASF13:
 2071 0221 756E7369 		.ascii	"unsigned int\000"
 2071      676E6564 
 2071      20696E74 
 2071      00
 2072              	.LASF16:
 2073 022e 75696E74 		.ascii	"uint16_t\000"
 2073      31365F74 
 2073      00
 2074              	.LASF50:
 2075 0237 7274635F 		.ascii	"rtc_data_register\000"
 2075      64617461 
 2075      5F726567 
 2075      69737465 
 2075      7200
 2076              	.LASF10:
 2077 0249 6C6F6E67 		.ascii	"long unsigned int\000"
 2077      20756E73 
 2077      69676E65 
 2077      6420696E 
 2077      7400
 2078              	.LASF61:
 2079 025b 7274635F 		.ascii	"rtc_read_time\000"
 2079      72656164 
 2079      5F74696D 
 2079      6500
 2080              	.LASF55:
 2081 0269 4932434D 		.ascii	"I2CMASTER_Start\000"
ARM GAS  C:\Users\lucac\AppData\Local\Temp\ccBBqF4V.s 			page 43


 2081      41535445 
 2081      525F5374 
 2081      61727400 
 2082              	.LASF6:
 2083 0279 73686F72 		.ascii	"short unsigned int\000"
 2083      7420756E 
 2083      7369676E 
 2083      65642069 
 2083      6E7400
 2084              	.LASF34:
 2085 028c 63757272 		.ascii	"current_minutes\000"
 2085      656E745F 
 2085      6D696E75 
 2085      74657300 
 2086              	.LASF48:
 2087 029c 7365636F 		.ascii	"seconds\000"
 2087      6E647300 
 2088              	.LASF22:
 2089 02a4 63686172 		.ascii	"char\000"
 2089      00
 2090              	.LASF33:
 2091 02a9 63757272 		.ascii	"current_seconds\000"
 2091      656E745F 
 2091      7365636F 
 2091      6E647300 
 2092              	.LASF73:
 2093 02b9 433A5C55 		.ascii	"C:\\Users\\lucac\\Desktop\\Luca\\PoliMi\\Magistrale"
 2093      73657273 
 2093      5C6C7563 
 2093      61635C44 
 2093      65736B74 
 2094 02e6 5C494920 		.ascii	"\\II anno\\Electronic technologies and biosensors l"
 2094      616E6E6F 
 2094      5C456C65 
 2094      6374726F 
 2094      6E696320 
 2095 0317 61626F72 		.ascii	"aboratory\\Projects\\Project_ETBL\\Project_design.c"
 2095      61746F72 
 2095      795C5072 
 2095      6F6A6563 
 2095      74735C50 
 2096 0347 7964736E 		.ascii	"ydsn\000"
 2096      00
 2097              	.LASF17:
 2098 034c 696E7433 		.ascii	"int32_t\000"
 2098      325F7400 
 2099              	.LASF26:
 2100 0354 676C7563 		.ascii	"glucose_concentration_from_memory\000"
 2100      6F73655F 
 2100      636F6E63 
 2100      656E7472 
 2100      6174696F 
 2101              	.LASF15:
 2102 0376 696E7431 		.ascii	"int16_t\000"
 2102      365F7400 
 2103              	.LASF38:
 2104 037e 63757272 		.ascii	"current_year\000"
ARM GAS  C:\Users\lucac\AppData\Local\Temp\ccBBqF4V.s 			page 44


 2104      656E745F 
 2104      79656172 
 2104      00
 2105              	.LASF69:
 2106 038b 7274785F 		.ascii	"rtx_setCursor\000"
 2106      73657443 
 2106      7572736F 
 2106      7200
 2107              	.LASF63:
 2108 0399 73617665 		.ascii	"save_current_measurement\000"
 2108      5F637572 
 2108      72656E74 
 2108      5F6D6561 
 2108      73757265 
 2109              	.LASF36:
 2110 03b2 63757272 		.ascii	"current_date\000"
 2110      656E745F 
 2110      64617465 
 2110      00
 2111              	.LASF72:
 2112 03bf 6D61696E 		.ascii	"main.c\000"
 2112      2E6300
 2113              	.LASF29:
 2114 03c6 6D657373 		.ascii	"message\000"
 2114      61676500 
 2115              	.LASF21:
 2116 03ce 646F7562 		.ascii	"double\000"
 2116      6C6500
 2117              	.LASF52:
 2118 03d5 55415254 		.ascii	"UART_1_PutString\000"
 2118      5F315F50 
 2118      75745374 
 2118      72696E67 
 2118      00
 2119              	.LASF7:
 2120 03e6 5F5F696E 		.ascii	"__int32_t\000"
 2120      7433325F 
 2120      7400
 2121              	.LASF70:
 2122 03f0 7274785F 		.ascii	"rtx_println\000"
 2122      7072696E 
 2122      746C6E00 
 2123              	.LASF27:
 2124 03fc 666C6167 		.ascii	"flag\000"
 2124      00
 2125              	.LASF31:
 2126 0401 49544D5F 		.ascii	"ITM_RxBuffer\000"
 2126      52784275 
 2126      66666572 
 2126      00
 2127              	.LASF71:
 2128 040e 474E5520 		.ascii	"GNU C11 5.4.1 20160609 (release) [ARM/embedded-5-br"
 2128      43313120 
 2128      352E342E 
 2128      31203230 
 2128      31363036 
 2129 0441 616E6368 		.ascii	"anch revision 237715] -mcpu=cortex-m3 -mthumb -g -O"
ARM GAS  C:\Users\lucac\AppData\Local\Temp\ccBBqF4V.s 			page 45


 2129      20726576 
 2129      6973696F 
 2129      6E203233 
 2129      37373135 
 2130 0474 67202D66 		.ascii	"g -ffunction-sections -ffat-lto-objects\000"
 2130      66756E63 
 2130      74696F6E 
 2130      2D736563 
 2130      74696F6E 
 2131              	.LASF46:
 2132 049c 74657874 		.ascii	"textbgcolor\000"
 2132      6267636F 
 2132      6C6F7200 
 2133              	.LASF57:
 2134 04a8 43794465 		.ascii	"CyDelay\000"
 2134      6C617900 
 2135              	.LASF68:
 2136 04b0 7274785F 		.ascii	"rtx_setTextColor\000"
 2136      73657454 
 2136      65787443 
 2136      6F6C6F72 
 2136      00
 2137              	.LASF47:
 2138 04c1 43757272 		.ascii	"Current_time\000"
 2138      656E745F 
 2138      74696D65 
 2138      00
 2139              		.ident	"GCC: (GNU Tools for ARM Embedded Processors) 5.4.1 20160609 (release) [ARM/embedded-5-bran
