--------------- Build Started: 05/05/2022 17:34:28 Project: Project_design, Configuration: ARM GCC 5.4-2016-q2-update Debug ---------------
The code generation step is up to date.
arm-none-eabi-gcc.exe -mcpu=cortex-m3 -mthumb -I. -IGenerated_Source\PSoC5 -Wa,-alh=.\CortexM3\ARM_GCC_541\Debug/main.lst -g -D DEBUG -D CY_CORE_ID=0 -Wall -ffunction-sections -ffat-lto-objects -Og -c main.c -o .\CortexM3\ARM_GCC_541\Debug\main.o
main.c: In function 'main':
main.c:349:10: warning: unused variable 'str2' [-Wunused-variable]
     char str2[9];
          ^
main.c:348:11: warning: unused variable 'index' [-Wunused-variable]
     uint8 index=0;
           ^
main.c:346:9: warning: variable 'len' set but not used [-Wunused-but-set-variable]
     int len = 0;
         ^
main.c:345:9: warning: unused variable 'j' [-Wunused-variable]
     int j=0;
         ^
main.c:344:9: warning: unused variable 'i' [-Wunused-variable]
     int i=0;
         ^
main.c:339:10: warning: unused variable 'unit' [-Wunused-variable]
     char unit[] = "mg/dl";
          ^
main.c:338:9: warning: unused variable 'glucose_concentration' [-Wunused-variable]
     int glucose_concentration = 100;
         ^
arm-none-eabi-ar.exe -rs .\CortexM3\ARM_GCC_541\Debug\Project_design.a .\CortexM3\ARM_GCC_541\Debug\CyDmac.o .\CortexM3\ARM_GCC_541\Debug\CyFlash.o .\CortexM3\ARM_GCC_541\Debug\CyLib.o .\CortexM3\ARM_GCC_541\Debug\cyPm.o .\CortexM3\ARM_GCC_541\Debug\CySpc.o .\CortexM3\ARM_GCC_541\Debug\cyutils.o .\CortexM3\ARM_GCC_541\Debug\cy_em_eeprom.o .\CortexM3\ARM_GCC_541\Debug\I2COLED.o .\CortexM3\ARM_GCC_541\Debug\I2COLED_BOOT.o .\CortexM3\ARM_GCC_541\Debug\I2COLED_INT.o .\CortexM3\ARM_GCC_541\Debug\I2COLED_PM.o .\CortexM3\ARM_GCC_541\Debug\I2COLED_SLAVE.o .\CortexM3\ARM_GCC_541\Debug\I2COLED_MASTER.o .\CortexM3\ARM_GCC_541\Debug\Sda.o .\CortexM3\ARM_GCC_541\Debug\Scl.o .\CortexM3\ARM_GCC_541\Debug\UART_1.o .\CortexM3\ARM_GCC_541\Debug\UART_1_PM.o .\CortexM3\ARM_GCC_541\Debug\UART_1_INT.o .\CortexM3\ARM_GCC_541\Debug\UART_1_BOOT.o .\CortexM3\ARM_GCC_541\Debug\UART_1_IntClock.o .\CortexM3\ARM_GCC_541\Debug\CyBootAsmGnu.o
arm-none-eabi-ar.exe: creating .\CortexM3\ARM_GCC_541\Debug\Project_design.a
arm-none-eabi-gcc.exe -Wl,--start-group -o "C:\Users\lucac\Desktop\Luca\PoliMi\Magistrale\II anno\Electronic technologies and biosensors laboratory\Projects\Project_ETBL\Project_design.cydsn\CortexM3\ARM_GCC_541\Debug\Project_design.elf" .\CortexM3\ARM_GCC_541\Debug\main.o .\CortexM3\ARM_GCC_541\Debug\OLED_Driver.o .\CortexM3\ARM_GCC_541\Debug\RTC_Driver.o .\CortexM3\ARM_GCC_541\Debug\cyfitter_cfg.o .\CortexM3\ARM_GCC_541\Debug\cymetadata.o .\CortexM3\ARM_GCC_541\Debug\Cm3Start.o .\CortexM3\ARM_GCC_541\Debug\Project_design.a "C:\Program Files (x86)\Cypress\PSoC Creator\4.4\PSoC Creator\psoc\content\cycomponentlibrary\CyComponentLibrary.cylib\CortexM3\ARM_GCC_541\Debug\CyComponentLibrary.a" -mcpu=cortex-m3 -mthumb -l m -L Generated_Source\PSoC5 -Wl,-Map,.\CortexM3\ARM_GCC_541\Debug/Project_design.map -T Generated_Source\PSoC5\cm3gcc.ld -specs=nano.specs -Wl,--gc-sections -g -ffunction-sections -Og -ffat-lto-objects -Wl,--end-group
cyelftool.exe -C "C:\Users\lucac\Desktop\Luca\PoliMi\Magistrale\II anno\Electronic technologies and biosensors laboratory\Projects\Project_ETBL\Project_design.cydsn\CortexM3\ARM_GCC_541\Debug\Project_design.elf" --flash_row_size 256 --flash_size 262144 --flash_offset 0x00000000
No ELF section .cychecksum found, creating one
Application checksum calculated and stored in ELF section .cychecksum
Checksum calculated and stored in ELF section .cymeta
cyelftool.exe -S "C:\Users\lucac\Desktop\Luca\PoliMi\Magistrale\II anno\Electronic technologies and biosensors laboratory\Projects\Project_ETBL\Project_design.cydsn\CortexM3\ARM_GCC_541\Debug\Project_design.elf"
Flash used: 17546 of 262144 bytes (6,7%).
SRAM used: 3625 of 65536 bytes (5,5%). Stack: 2048 bytes. Heap: 128 bytes.
--------------- Build Succeeded: 05/05/2022 17:34:29 ---------------
